
 /----------------------------------------------------------------------------\
 |  yosys -- Yosys Open SYnthesis Suite                                       |
 |  Copyright (C) 2012 - 2026  Claire Xenia Wolf <claire@yosyshq.com>         |
 |  Distributed under an ISC-like license, type "license" to see terms        |
 \----------------------------------------------------------------------------/
 Yosys 0.65 (git sha1 aec814bdf3071f7e0fd0fbe43f7f711e99d01e24, g++ 14.3.0-19 -fvisibility-inlines-hidden -fmessage-length=0 -march=nocona -mtune=haswell -ftree-vectorize -fPIC -fstack-protector-strong -fno-plt -O2 -ffunction-sections -fdebug-prefix-map=/home/conda/feedstock_root/build_artifacts/yosys_1778591527500/work=/usr/local/src/conda/yosys-0.65 -fdebug-prefix-map=/home/lordegypt/miniconda3/envs/eda=/usr/local/src/conda-prefix -fPIC -O3) [conda-forge/yosys-feedstock]

-- Running command `
    read_verilog -sv ../../hapicore/rtl/hapi_bf16_mul.sv ../../hapicore/rtl/hapi_fp32_add.sv ../rtl/bast_mac.sv;
    synth -top bast_mac;
    select -assert-none t:$_DLATCH_* t:$dlatch;
    tee -o reports/bast_mac.stat stat
' --

1. Executing Verilog-2005 frontend: ../../hapicore/rtl/hapi_bf16_mul.sv
Parsing SystemVerilog input from `../../hapicore/rtl/hapi_bf16_mul.sv' to AST representation.
Generating RTLIL representation for module `\hapi_bf16_mul'.
Successfully finished Verilog frontend.

2. Executing Verilog-2005 frontend: ../../hapicore/rtl/hapi_fp32_add.sv
Parsing SystemVerilog input from `../../hapicore/rtl/hapi_fp32_add.sv' to AST representation.
Generating RTLIL representation for module `\hapi_fp32_add'.
Successfully finished Verilog frontend.

3. Executing Verilog-2005 frontend: ../rtl/bast_mac.sv
Parsing SystemVerilog input from `../rtl/bast_mac.sv' to AST representation.
Generating RTLIL representation for module `\bast_mac'.
Successfully finished Verilog frontend.

4. Executing SYNTH pass.

4.1. Executing HIERARCHY pass (managing design hierarchy).

4.1.1. Analyzing design hierarchy..
Top module:  \bast_mac
Used module:     \hapi_fp32_add
Used module:     \hapi_bf16_mul

4.1.2. Analyzing design hierarchy..
Top module:  \bast_mac
Used module:     \hapi_fp32_add
Used module:     \hapi_bf16_mul
Removed 0 unused modules.

4.2. Executing PROC pass (convert processes to netlists).

4.2.1. Executing PROC_CLEAN pass (remove empty switches from decision trees).
Cleaned up 0 empty switches.

4.2.2. Executing PROC_RMDEAD pass (remove dead branches from decision trees).
Marked 1 switch rules as full_case in process $proc$../rtl/bast_mac.sv:38$210 in module bast_mac.
Marked 1 switch rules as full_case in process $proc$../../hapicore/rtl/hapi_fp32_add.sv:157$203 in module hapi_fp32_add.
Marked 4 switch rules as full_case in process $proc$../../hapicore/rtl/hapi_fp32_add.sv:216$195 in module hapi_fp32_add.
Marked 5 switch rules as full_case in process $proc$../../hapicore/rtl/hapi_fp32_add.sv:171$151 in module hapi_fp32_add.
Marked 1 switch rules as full_case in process $proc$../../hapicore/rtl/hapi_fp32_add.sv:78$132 in module hapi_fp32_add.
Marked 1 switch rules as full_case in process $proc$../../hapicore/rtl/hapi_fp32_add.sv:46$123 in module hapi_fp32_add.
Marked 2 switch rules as full_case in process $proc$../../hapicore/rtl/hapi_bf16_mul.sv:92$92 in module hapi_bf16_mul.
Marked 3 switch rules as full_case in process $proc$../../hapicore/rtl/hapi_bf16_mul.sv:161$84 in module hapi_bf16_mul.
Marked 5 switch rules as full_case in process $proc$../../hapicore/rtl/hapi_bf16_mul.sv:111$41 in module hapi_bf16_mul.
Removed a total of 0 dead cases.

4.2.3. Executing PROC_PRUNE pass (remove redundant assignments in processes).
Removed 0 redundant assignments.
Promoted 45 assignments to connections.

4.2.4. Executing PROC_INIT pass (extract init attributes).

4.2.5. Executing PROC_ARST pass (detect async resets in processes).
Found async reset \rst_n in `\bast_mac.$proc$../rtl/bast_mac.sv:38$210'.

4.2.6. Executing PROC_ROM pass (convert switches to ROMs).
Converted 0 switches.

4.2.7. Executing PROC_MUX pass (convert decision trees to multiplexers).
Creating decoders for process `\bast_mac.$proc$../rtl/bast_mac.sv:38$210'.
     1/1: $0\acc[31:0]
Creating decoders for process `\hapi_fp32_add.$proc$../../hapicore/rtl/hapi_fp32_add.sv:157$203'.
     1/1: $1\clz49$func$../../hapicore/rtl/hapi_fp32_add.sv:157$103.n[5:0]$208
Creating decoders for process `\hapi_fp32_add.$proc$../../hapicore/rtl/hapi_fp32_add.sv:216$195'.
     1/4: $4\y[31:0]
     2/4: $3\y[31:0]
     3/4: $2\y[31:0]
     4/4: $1\y[31:0]
Creating decoders for process `\hapi_fp32_add.$proc$../../hapicore/rtl/hapi_fp32_add.sv:171$151'.
     1/17: $4\arith_bits[31:0]
     2/17: $3$unnamed_block$101.exp_final[9:0]$192
     3/17: $3\arith_bits[31:0]
     4/17: $2\arith_bits[31:0]
     5/17: $2$unnamed_block$101.exp_final[9:0]$189
     6/17: $1\arith_bits[31:0]
     7/17: $1$unnamed_block$101.lost_mask[95:0]$176
     8/17: $1$unnamed_block$101.shifted[95:0]$175
     9/17: $1$unnamed_block$101.ext[95:0]$174
    10/17: $1$unnamed_block$101.exp_final[9:0]$173
    11/17: $1$unnamed_block$101.rounded[24:0]$172
    12/17: $1$unnamed_block$101.round_up[0:0]$171
    13/17: $1$unnamed_block$101.lsb[0:0]$170
    14/17: $1$unnamed_block$101.sticky[0:0]$169
    15/17: $1$unnamed_block$101.round_b[0:0]$168
    16/17: $1$unnamed_block$101.guard[0:0]$167
    17/17: $1$unnamed_block$101.keep[23:0]$166
Creating decoders for process `\hapi_fp32_add.$proc$../../hapicore/rtl/hapi_fp32_add.sv:78$132'.
     1/2: $1\align_sticky[0:0]
     2/2: $1\sml_aligned[48:0]
Creating decoders for process `\hapi_fp32_add.$proc$../../hapicore/rtl/hapi_fp32_add.sv:46$123'.
     1/6: $1\msml[22:0]
     2/6: $1\esml[7:0]
     3/6: $1\ssml[0:0]
     4/6: $1\mbig[22:0]
     5/6: $1\ebig[7:0]
     6/6: $1\sbig[0:0]
Creating decoders for process `\hapi_bf16_mul.$proc$../../hapicore/rtl/hapi_bf16_mul.sv:92$92'.
     1/2: $2\clz16$func$../../hapicore/rtl/hapi_bf16_mul.sv:92$3.n[4:0]$99
     2/2: $1\clz16$func$../../hapicore/rtl/hapi_bf16_mul.sv:92$3.n[4:0]$98
Creating decoders for process `\hapi_bf16_mul.$proc$../../hapicore/rtl/hapi_bf16_mul.sv:161$84'.
     1/3: $3\y[15:0]
     2/3: $2\y[15:0]
     3/3: $1\y[15:0]
Creating decoders for process `\hapi_bf16_mul.$proc$../../hapicore/rtl/hapi_bf16_mul.sv:111$41'.
     1/17: $4\result_bits[15:0]
     2/17: $3$unnamed_block$1.exp_final[9:0]$81
     3/17: $3\result_bits[15:0]
     4/17: $2\result_bits[15:0]
     5/17: $2$unnamed_block$1.exp_final[9:0]$78
     6/17: $1\result_bits[15:0]
     7/17: $1$unnamed_block$1.lost_mask[31:0]$64
     8/17: $1$unnamed_block$1.shifted[31:0]$63
     9/17: $1$unnamed_block$1.ext[31:0]$62
    10/17: $1$unnamed_block$1.exp_final[9:0]$61
    11/17: $1$unnamed_block$1.rounded[8:0]$60
    12/17: $1$unnamed_block$1.round_up[0:0]$59
    13/17: $1$unnamed_block$1.lsb[0:0]$58
    14/17: $1$unnamed_block$1.sticky[0:0]$57
    15/17: $1$unnamed_block$1.round_b[0:0]$56
    16/17: $1$unnamed_block$1.guard[0:0]$55
    17/17: $1$unnamed_block$1.keep[7:0]$54

4.2.8. Executing PROC_DLATCH pass (convert process syncs to latches).
No latch inferred for signal `\hapi_fp32_add.\clz49$func$../../hapicore/rtl/hapi_fp32_add.sv:157$102.$result' from process `\hapi_fp32_add.$proc$../../hapicore/rtl/hapi_fp32_add.sv:157$203'.
No latch inferred for signal `\hapi_fp32_add.\clz49$func$../../hapicore/rtl/hapi_fp32_add.sv:157$103.$result' from process `\hapi_fp32_add.$proc$../../hapicore/rtl/hapi_fp32_add.sv:157$203'.
No latch inferred for signal `\hapi_fp32_add.\clz49$func$../../hapicore/rtl/hapi_fp32_add.sv:157$103.x' from process `\hapi_fp32_add.$proc$../../hapicore/rtl/hapi_fp32_add.sv:157$203'.
No latch inferred for signal `\hapi_fp32_add.\clz49$func$../../hapicore/rtl/hapi_fp32_add.sv:157$103.n' from process `\hapi_fp32_add.$proc$../../hapicore/rtl/hapi_fp32_add.sv:157$203'.
No latch inferred for signal `\hapi_fp32_add.\y' from process `\hapi_fp32_add.$proc$../../hapicore/rtl/hapi_fp32_add.sv:216$195'.
No latch inferred for signal `\hapi_fp32_add.\arith_bits' from process `\hapi_fp32_add.$proc$../../hapicore/rtl/hapi_fp32_add.sv:171$151'.
No latch inferred for signal `\hapi_fp32_add.$unnamed_block$101.keep' from process `\hapi_fp32_add.$proc$../../hapicore/rtl/hapi_fp32_add.sv:171$151'.
No latch inferred for signal `\hapi_fp32_add.$unnamed_block$101.guard' from process `\hapi_fp32_add.$proc$../../hapicore/rtl/hapi_fp32_add.sv:171$151'.
No latch inferred for signal `\hapi_fp32_add.$unnamed_block$101.round_b' from process `\hapi_fp32_add.$proc$../../hapicore/rtl/hapi_fp32_add.sv:171$151'.
No latch inferred for signal `\hapi_fp32_add.$unnamed_block$101.sticky' from process `\hapi_fp32_add.$proc$../../hapicore/rtl/hapi_fp32_add.sv:171$151'.
No latch inferred for signal `\hapi_fp32_add.$unnamed_block$101.lsb' from process `\hapi_fp32_add.$proc$../../hapicore/rtl/hapi_fp32_add.sv:171$151'.
No latch inferred for signal `\hapi_fp32_add.$unnamed_block$101.round_up' from process `\hapi_fp32_add.$proc$../../hapicore/rtl/hapi_fp32_add.sv:171$151'.
No latch inferred for signal `\hapi_fp32_add.$unnamed_block$101.rounded' from process `\hapi_fp32_add.$proc$../../hapicore/rtl/hapi_fp32_add.sv:171$151'.
No latch inferred for signal `\hapi_fp32_add.$unnamed_block$101.exp_final' from process `\hapi_fp32_add.$proc$../../hapicore/rtl/hapi_fp32_add.sv:171$151'.
No latch inferred for signal `\hapi_fp32_add.$unnamed_block$101.ext' from process `\hapi_fp32_add.$proc$../../hapicore/rtl/hapi_fp32_add.sv:171$151'.
No latch inferred for signal `\hapi_fp32_add.$unnamed_block$101.shifted' from process `\hapi_fp32_add.$proc$../../hapicore/rtl/hapi_fp32_add.sv:171$151'.
No latch inferred for signal `\hapi_fp32_add.$unnamed_block$101.lost_mask' from process `\hapi_fp32_add.$proc$../../hapicore/rtl/hapi_fp32_add.sv:171$151'.
No latch inferred for signal `\hapi_fp32_add.$unnamed_block$101.totalshift' from process `\hapi_fp32_add.$proc$../../hapicore/rtl/hapi_fp32_add.sv:171$151'.
No latch inferred for signal `\hapi_fp32_add.\sml_aligned' from process `\hapi_fp32_add.$proc$../../hapicore/rtl/hapi_fp32_add.sv:78$132'.
No latch inferred for signal `\hapi_fp32_add.\align_sticky' from process `\hapi_fp32_add.$proc$../../hapicore/rtl/hapi_fp32_add.sv:78$132'.
No latch inferred for signal `\hapi_fp32_add.$unnamed_block$100.sh' from process `\hapi_fp32_add.$proc$../../hapicore/rtl/hapi_fp32_add.sv:78$132'.
No latch inferred for signal `\hapi_fp32_add.$unnamed_block$100.lost_mask' from process `\hapi_fp32_add.$proc$../../hapicore/rtl/hapi_fp32_add.sv:78$132'.
No latch inferred for signal `\hapi_fp32_add.\sbig' from process `\hapi_fp32_add.$proc$../../hapicore/rtl/hapi_fp32_add.sv:46$123'.
No latch inferred for signal `\hapi_fp32_add.\ssml' from process `\hapi_fp32_add.$proc$../../hapicore/rtl/hapi_fp32_add.sv:46$123'.
No latch inferred for signal `\hapi_fp32_add.\ebig' from process `\hapi_fp32_add.$proc$../../hapicore/rtl/hapi_fp32_add.sv:46$123'.
No latch inferred for signal `\hapi_fp32_add.\esml' from process `\hapi_fp32_add.$proc$../../hapicore/rtl/hapi_fp32_add.sv:46$123'.
No latch inferred for signal `\hapi_fp32_add.\mbig' from process `\hapi_fp32_add.$proc$../../hapicore/rtl/hapi_fp32_add.sv:46$123'.
No latch inferred for signal `\hapi_fp32_add.\msml' from process `\hapi_fp32_add.$proc$../../hapicore/rtl/hapi_fp32_add.sv:46$123'.
No latch inferred for signal `\hapi_bf16_mul.\clz16$func$../../hapicore/rtl/hapi_bf16_mul.sv:92$2.$result' from process `\hapi_bf16_mul.$proc$../../hapicore/rtl/hapi_bf16_mul.sv:92$92'.
No latch inferred for signal `\hapi_bf16_mul.\clz16$func$../../hapicore/rtl/hapi_bf16_mul.sv:92$3.$result' from process `\hapi_bf16_mul.$proc$../../hapicore/rtl/hapi_bf16_mul.sv:92$92'.
No latch inferred for signal `\hapi_bf16_mul.\clz16$func$../../hapicore/rtl/hapi_bf16_mul.sv:92$3.x' from process `\hapi_bf16_mul.$proc$../../hapicore/rtl/hapi_bf16_mul.sv:92$92'.
No latch inferred for signal `\hapi_bf16_mul.\clz16$func$../../hapicore/rtl/hapi_bf16_mul.sv:92$3.n' from process `\hapi_bf16_mul.$proc$../../hapicore/rtl/hapi_bf16_mul.sv:92$92'.
No latch inferred for signal `\hapi_bf16_mul.\y' from process `\hapi_bf16_mul.$proc$../../hapicore/rtl/hapi_bf16_mul.sv:161$84'.
No latch inferred for signal `\hapi_bf16_mul.\result_bits' from process `\hapi_bf16_mul.$proc$../../hapicore/rtl/hapi_bf16_mul.sv:111$41'.
No latch inferred for signal `\hapi_bf16_mul.$unnamed_block$1.keep' from process `\hapi_bf16_mul.$proc$../../hapicore/rtl/hapi_bf16_mul.sv:111$41'.
No latch inferred for signal `\hapi_bf16_mul.$unnamed_block$1.guard' from process `\hapi_bf16_mul.$proc$../../hapicore/rtl/hapi_bf16_mul.sv:111$41'.
No latch inferred for signal `\hapi_bf16_mul.$unnamed_block$1.round_b' from process `\hapi_bf16_mul.$proc$../../hapicore/rtl/hapi_bf16_mul.sv:111$41'.
No latch inferred for signal `\hapi_bf16_mul.$unnamed_block$1.sticky' from process `\hapi_bf16_mul.$proc$../../hapicore/rtl/hapi_bf16_mul.sv:111$41'.
No latch inferred for signal `\hapi_bf16_mul.$unnamed_block$1.lsb' from process `\hapi_bf16_mul.$proc$../../hapicore/rtl/hapi_bf16_mul.sv:111$41'.
No latch inferred for signal `\hapi_bf16_mul.$unnamed_block$1.round_up' from process `\hapi_bf16_mul.$proc$../../hapicore/rtl/hapi_bf16_mul.sv:111$41'.
No latch inferred for signal `\hapi_bf16_mul.$unnamed_block$1.rounded' from process `\hapi_bf16_mul.$proc$../../hapicore/rtl/hapi_bf16_mul.sv:111$41'.
No latch inferred for signal `\hapi_bf16_mul.$unnamed_block$1.exp_final' from process `\hapi_bf16_mul.$proc$../../hapicore/rtl/hapi_bf16_mul.sv:111$41'.
No latch inferred for signal `\hapi_bf16_mul.$unnamed_block$1.ext' from process `\hapi_bf16_mul.$proc$../../hapicore/rtl/hapi_bf16_mul.sv:111$41'.
No latch inferred for signal `\hapi_bf16_mul.$unnamed_block$1.shifted' from process `\hapi_bf16_mul.$proc$../../hapicore/rtl/hapi_bf16_mul.sv:111$41'.
No latch inferred for signal `\hapi_bf16_mul.$unnamed_block$1.lost_mask' from process `\hapi_bf16_mul.$proc$../../hapicore/rtl/hapi_bf16_mul.sv:111$41'.

4.2.9. Executing PROC_DFF pass (convert process syncs to FFs).
Creating register for signal `\bast_mac.\acc' using process `\bast_mac.$proc$../rtl/bast_mac.sv:38$210'.
  created $adff cell `$procdff$515' with positive edge clock and positive level reset.

4.2.10. Executing PROC_MEMWR pass (convert process memory writes to cells).

4.2.11. Executing PROC_CLEAN pass (remove empty switches from decision trees).
Found and cleaned up 1 empty switch in `\bast_mac.$proc$../rtl/bast_mac.sv:38$210'.
Removing empty process `bast_mac.$proc$../rtl/bast_mac.sv:38$210'.
Found and cleaned up 1 empty switch in `\hapi_fp32_add.$proc$../../hapicore/rtl/hapi_fp32_add.sv:157$203'.
Removing empty process `hapi_fp32_add.$proc$../../hapicore/rtl/hapi_fp32_add.sv:157$203'.
Found and cleaned up 4 empty switches in `\hapi_fp32_add.$proc$../../hapicore/rtl/hapi_fp32_add.sv:216$195'.
Removing empty process `hapi_fp32_add.$proc$../../hapicore/rtl/hapi_fp32_add.sv:216$195'.
Found and cleaned up 5 empty switches in `\hapi_fp32_add.$proc$../../hapicore/rtl/hapi_fp32_add.sv:171$151'.
Removing empty process `hapi_fp32_add.$proc$../../hapicore/rtl/hapi_fp32_add.sv:171$151'.
Found and cleaned up 1 empty switch in `\hapi_fp32_add.$proc$../../hapicore/rtl/hapi_fp32_add.sv:78$132'.
Removing empty process `hapi_fp32_add.$proc$../../hapicore/rtl/hapi_fp32_add.sv:78$132'.
Found and cleaned up 1 empty switch in `\hapi_fp32_add.$proc$../../hapicore/rtl/hapi_fp32_add.sv:46$123'.
Removing empty process `hapi_fp32_add.$proc$../../hapicore/rtl/hapi_fp32_add.sv:46$123'.
Found and cleaned up 2 empty switches in `\hapi_bf16_mul.$proc$../../hapicore/rtl/hapi_bf16_mul.sv:92$92'.
Removing empty process `hapi_bf16_mul.$proc$../../hapicore/rtl/hapi_bf16_mul.sv:92$92'.
Found and cleaned up 3 empty switches in `\hapi_bf16_mul.$proc$../../hapicore/rtl/hapi_bf16_mul.sv:161$84'.
Removing empty process `hapi_bf16_mul.$proc$../../hapicore/rtl/hapi_bf16_mul.sv:161$84'.
Found and cleaned up 5 empty switches in `\hapi_bf16_mul.$proc$../../hapicore/rtl/hapi_bf16_mul.sv:111$41'.
Removing empty process `hapi_bf16_mul.$proc$../../hapicore/rtl/hapi_bf16_mul.sv:111$41'.
Cleaned up 23 empty switches.

4.2.12. Executing OPT_EXPR pass (perform const folding).
Optimizing module bast_mac.
Optimizing module hapi_fp32_add.
Optimizing module hapi_bf16_mul.

4.3. Executing OPT_EXPR pass (perform const folding).
Optimizing module bast_mac.
Optimizing module hapi_fp32_add.
Optimizing module hapi_bf16_mul.

4.4. Executing OPT_CLEAN pass (remove unused cells and wires).
Finding unused cells or wires in module \bast_mac..
Finding unused cells or wires in module \hapi_fp32_add..
Finding unused cells or wires in module \hapi_bf16_mul..
Removed 30 unused cells and 294 unused wires.

4.5. Executing CHECK pass (checking for obvious problems).
Checking module bast_mac...
Checking module hapi_fp32_add...
Checking module hapi_bf16_mul...
Found and reported 0 problems.

4.6. Executing OPT pass (performing simple optimizations).

4.6.1. Executing OPT_EXPR pass (perform const folding).
Optimizing module bast_mac.
Optimizing module hapi_fp32_add.
Optimizing module hapi_bf16_mul.

4.6.2. Executing OPT_MERGE pass (detect identical cells).
Finding identical cells in module `\bast_mac'.
Computing hashes of 5 cells of `\bast_mac'.
Finding duplicate cells in `\bast_mac'.
Finding identical cells in module `\hapi_fp32_add'.
Computing hashes of 144 cells of `\hapi_fp32_add'.
Finding duplicate cells in `\hapi_fp32_add'.
Computing hashes of 140 cells of `\hapi_fp32_add'.
Finding duplicate cells in `\hapi_fp32_add'.
Finding identical cells in module `\hapi_bf16_mul'.
Computing hashes of 96 cells of `\hapi_bf16_mul'.
Finding duplicate cells in `\hapi_bf16_mul'.
Computing hashes of 88 cells of `\hapi_bf16_mul'.
Finding duplicate cells in `\hapi_bf16_mul'.
Removed a total of 12 cells.

4.6.3. Executing OPT_MUXTREE pass (detect dead branches in mux trees).
Running muxtree optimizer on module \bast_mac..
  Creating internal representation of mux trees.
  Evaluating internal representation of mux trees.
  Analyzing evaluation results.
Running muxtree optimizer on module \hapi_fp32_add..
  Creating internal representation of mux trees.
  Evaluating internal representation of mux trees.
  Analyzing evaluation results.
    dead port 1/2 on $mux $procmux$326.
    dead port 1/2 on $mux $procmux$320.
    dead port 2/2 on $mux $procmux$317.
    dead port 1/2 on $mux $procmux$302.
    dead port 1/2 on $mux $procmux$299.
    dead port 1/2 on $mux $procmux$290.
    dead port 1/2 on $mux $procmux$284.
    dead port 1/2 on $mux $procmux$281.
    dead port 1/2 on $mux $procmux$275.
    dead port 1/2 on $mux $procmux$272.
    dead port 1/2 on $mux $procmux$269.
Running muxtree optimizer on module \hapi_bf16_mul..
  Creating internal representation of mux trees.
  Evaluating internal representation of mux trees.
  Analyzing evaluation results.
    dead port 1/2 on $mux $procmux$431.
    dead port 1/2 on $mux $procmux$425.
    dead port 1/2 on $mux $procmux$422.
    dead port 1/2 on $mux $procmux$413.
    dead port 16/17 on $pmux $procmux$396.
    dead port 1/2 on $mux $procmux$467.
    dead port 1/2 on $mux $procmux$461.
    dead port 2/2 on $mux $procmux$458.
    dead port 1/2 on $mux $procmux$443.
    dead port 1/2 on $mux $procmux$440.
Removed 21 multiplexer ports.

4.6.4. Executing OPT_REDUCE pass (consolidate $*mux and $reduce_* inputs).
  Optimizing cells in module \bast_mac.
  Optimizing cells in module \hapi_fp32_add.
  Optimizing cells in module \hapi_bf16_mul.
Performed a total of 0 changes.

4.6.5. Executing OPT_MERGE pass (detect identical cells).
Finding identical cells in module `\bast_mac'.
Computing hashes of 5 cells of `\bast_mac'.
Finding duplicate cells in `\bast_mac'.
Finding identical cells in module `\hapi_fp32_add'.
Computing hashes of 129 cells of `\hapi_fp32_add'.
Finding duplicate cells in `\hapi_fp32_add'.
Finding identical cells in module `\hapi_bf16_mul'.
Computing hashes of 79 cells of `\hapi_bf16_mul'.
Finding duplicate cells in `\hapi_bf16_mul'.
Removed a total of 0 cells.

4.6.6. Executing OPT_DFF pass (perform DFF optimizations).

4.6.7. Executing OPT_CLEAN pass (remove unused cells and wires).
Finding unused cells or wires in module \bast_mac..
Finding unused cells or wires in module \hapi_fp32_add..
Finding unused cells or wires in module \hapi_bf16_mul..
Removed 0 unused cells and 32 unused wires.

4.6.8. Executing OPT_EXPR pass (perform const folding).
Optimizing module bast_mac.
Optimizing module hapi_fp32_add.
Optimizing module hapi_bf16_mul.

4.6.9. Rerunning OPT passes. (Maybe there is more to do..)

4.6.10. Executing OPT_MUXTREE pass (detect dead branches in mux trees).
Running muxtree optimizer on module \bast_mac..
  Creating internal representation of mux trees.
  Evaluating internal representation of mux trees.
  Analyzing evaluation results.
Running muxtree optimizer on module \hapi_fp32_add..
  Creating internal representation of mux trees.
  Evaluating internal representation of mux trees.
  Analyzing evaluation results.
Running muxtree optimizer on module \hapi_bf16_mul..
  Creating internal representation of mux trees.
  Evaluating internal representation of mux trees.
  Analyzing evaluation results.
Removed 0 multiplexer ports.

4.6.11. Executing OPT_REDUCE pass (consolidate $*mux and $reduce_* inputs).
  Optimizing cells in module \bast_mac.
  Optimizing cells in module \hapi_fp32_add.
  Optimizing cells in module \hapi_bf16_mul.
Performed a total of 0 changes.

4.6.12. Executing OPT_MERGE pass (detect identical cells).
Finding identical cells in module `\bast_mac'.
Computing hashes of 5 cells of `\bast_mac'.
Finding duplicate cells in `\bast_mac'.
Finding identical cells in module `\hapi_fp32_add'.
Computing hashes of 129 cells of `\hapi_fp32_add'.
Finding duplicate cells in `\hapi_fp32_add'.
Finding identical cells in module `\hapi_bf16_mul'.
Computing hashes of 79 cells of `\hapi_bf16_mul'.
Finding duplicate cells in `\hapi_bf16_mul'.
Removed a total of 0 cells.

4.6.13. Executing OPT_DFF pass (perform DFF optimizations).

4.6.14. Executing OPT_CLEAN pass (remove unused cells and wires).
Finding unused cells or wires in module \bast_mac..
Finding unused cells or wires in module \hapi_fp32_add..
Finding unused cells or wires in module \hapi_bf16_mul..

4.6.15. Executing OPT_EXPR pass (perform const folding).
Optimizing module bast_mac.
Optimizing module hapi_fp32_add.
Optimizing module hapi_bf16_mul.

4.6.16. Finished fast OPT passes. (There is nothing left to do.)

4.7. Executing FSM pass (extract and optimize FSM).

4.7.1. Executing FSM_DETECT pass (finding FSMs in design).

4.7.2. Executing FSM_EXTRACT pass (extracting FSM from design).

4.7.3. Executing FSM_OPT pass (simple optimizations of FSMs).

4.7.4. Executing OPT_CLEAN pass (remove unused cells and wires).
Finding unused cells or wires in module \bast_mac..
Finding unused cells or wires in module \hapi_fp32_add..
Finding unused cells or wires in module \hapi_bf16_mul..

4.7.5. Executing FSM_OPT pass (simple optimizations of FSMs).

4.7.6. Executing FSM_RECODE pass (re-assigning FSM state encoding).

4.7.7. Executing FSM_INFO pass (dumping all available information on FSM cells).

4.7.8. Executing FSM_MAP pass (mapping FSMs to basic logic).

4.8. Executing OPT pass (performing simple optimizations).

4.8.1. Executing OPT_EXPR pass (perform const folding).
Optimizing module bast_mac.
Optimizing module hapi_fp32_add.
Optimizing module hapi_bf16_mul.

4.8.2. Executing OPT_MERGE pass (detect identical cells).
Finding identical cells in module `\bast_mac'.
Computing hashes of 5 cells of `\bast_mac'.
Finding duplicate cells in `\bast_mac'.
Finding identical cells in module `\hapi_fp32_add'.
Computing hashes of 129 cells of `\hapi_fp32_add'.
Finding duplicate cells in `\hapi_fp32_add'.
Finding identical cells in module `\hapi_bf16_mul'.
Computing hashes of 79 cells of `\hapi_bf16_mul'.
Finding duplicate cells in `\hapi_bf16_mul'.
Removed a total of 0 cells.

4.8.3. Executing OPT_MUXTREE pass (detect dead branches in mux trees).
Running muxtree optimizer on module \bast_mac..
  Creating internal representation of mux trees.
  Evaluating internal representation of mux trees.
  Analyzing evaluation results.
Running muxtree optimizer on module \hapi_fp32_add..
  Creating internal representation of mux trees.
  Evaluating internal representation of mux trees.
  Analyzing evaluation results.
Running muxtree optimizer on module \hapi_bf16_mul..
  Creating internal representation of mux trees.
  Evaluating internal representation of mux trees.
  Analyzing evaluation results.
Removed 0 multiplexer ports.

4.8.4. Executing OPT_REDUCE pass (consolidate $*mux and $reduce_* inputs).
  Optimizing cells in module \bast_mac.
  Optimizing cells in module \hapi_fp32_add.
  Optimizing cells in module \hapi_bf16_mul.
Performed a total of 0 changes.

4.8.5. Executing OPT_MERGE pass (detect identical cells).
Finding identical cells in module `\bast_mac'.
Computing hashes of 5 cells of `\bast_mac'.
Finding duplicate cells in `\bast_mac'.
Finding identical cells in module `\hapi_fp32_add'.
Computing hashes of 129 cells of `\hapi_fp32_add'.
Finding duplicate cells in `\hapi_fp32_add'.
Finding identical cells in module `\hapi_bf16_mul'.
Computing hashes of 79 cells of `\hapi_bf16_mul'.
Finding duplicate cells in `\hapi_bf16_mul'.
Removed a total of 0 cells.

4.8.6. Executing OPT_DFF pass (perform DFF optimizations).
Adding EN signal on $procdff$515 ($adff) from module bast_mac (D = \sum, Q = \acc).

4.8.7. Executing OPT_CLEAN pass (remove unused cells and wires).
Finding unused cells or wires in module \bast_mac..
Finding unused cells or wires in module \hapi_fp32_add..
Finding unused cells or wires in module \hapi_bf16_mul..
Removed 1 unused cells and 1 unused wires.

4.8.8. Executing OPT_EXPR pass (perform const folding).
Optimizing module bast_mac.
Optimizing module hapi_fp32_add.
Optimizing module hapi_bf16_mul.

4.8.9. Rerunning OPT passes. (Maybe there is more to do..)

4.8.10. Executing OPT_MUXTREE pass (detect dead branches in mux trees).
Running muxtree optimizer on module \bast_mac..
  Creating internal representation of mux trees.
  Evaluating internal representation of mux trees.
  Analyzing evaluation results.
Running muxtree optimizer on module \hapi_fp32_add..
  Creating internal representation of mux trees.
  Evaluating internal representation of mux trees.
  Analyzing evaluation results.
Running muxtree optimizer on module \hapi_bf16_mul..
  Creating internal representation of mux trees.
  Evaluating internal representation of mux trees.
  Analyzing evaluation results.
Removed 0 multiplexer ports.

4.8.11. Executing OPT_REDUCE pass (consolidate $*mux and $reduce_* inputs).
  Optimizing cells in module \bast_mac.
  Optimizing cells in module \hapi_fp32_add.
  Optimizing cells in module \hapi_bf16_mul.
Performed a total of 0 changes.

4.8.12. Executing OPT_MERGE pass (detect identical cells).
Finding identical cells in module `\bast_mac'.
Computing hashes of 4 cells of `\bast_mac'.
Finding duplicate cells in `\bast_mac'.
Finding identical cells in module `\hapi_fp32_add'.
Computing hashes of 129 cells of `\hapi_fp32_add'.
Finding duplicate cells in `\hapi_fp32_add'.
Finding identical cells in module `\hapi_bf16_mul'.
Computing hashes of 79 cells of `\hapi_bf16_mul'.
Finding duplicate cells in `\hapi_bf16_mul'.
Removed a total of 0 cells.

4.8.13. Executing OPT_DFF pass (perform DFF optimizations).

4.8.14. Executing OPT_CLEAN pass (remove unused cells and wires).
Finding unused cells or wires in module \bast_mac..
Finding unused cells or wires in module \hapi_fp32_add..
Finding unused cells or wires in module \hapi_bf16_mul..

4.8.15. Executing OPT_EXPR pass (perform const folding).
Optimizing module bast_mac.
Optimizing module hapi_fp32_add.
Optimizing module hapi_bf16_mul.

4.8.16. Finished fast OPT passes. (There is nothing left to do.)

4.9. Executing WREDUCE pass (reducing word size of cells).
Removed top 1 bits (of 9) from mux cell hapi_fp32_add.$ternary$../../hapicore/rtl/hapi_fp32_add.sv:63$128 ($mux).
Removed top 1 bits (of 9) from mux cell hapi_fp32_add.$ternary$../../hapicore/rtl/hapi_fp32_add.sv:64$129 ($mux).
Removed top 1 bits (of 9) from port A of cell hapi_fp32_add.$sub$../../hapicore/rtl/hapi_fp32_add.sv:69$131 ($sub).
Removed top 1 bits (of 9) from port B of cell hapi_fp32_add.$sub$../../hapicore/rtl/hapi_fp32_add.sv:69$131 ($sub).
Removed top 48 bits (of 49) from port A of cell hapi_fp32_add.$shl$../../hapicore/rtl/hapi_fp32_add.sv:82$135 ($shl).
Removed top 48 bits (of 49) from port B of cell hapi_fp32_add.$sub$../../hapicore/rtl/hapi_fp32_add.sv:82$136 ($sub).
Removed top 3 bits (of 9) from port B of cell hapi_fp32_add.$ge$../../hapicore/rtl/hapi_fp32_add.sv:83$137 ($ge).
Removed top 1 bits (of 49) from port A of cell hapi_fp32_add.$shr$../../hapicore/rtl/hapi_fp32_add.sv:87$139 ($shr).
Removed top 1 bits (of 49) from port A of cell hapi_fp32_add.$and$../../hapicore/rtl/hapi_fp32_add.sv:88$140 ($and).
Removed top 1 bits (of 49) from port A of cell hapi_fp32_add.$sub$../../hapicore/rtl/hapi_fp32_add.sv:93$142 ($sub).
Removed top 1 bits (of 49) from port A of cell hapi_fp32_add.$add$../../hapicore/rtl/hapi_fp32_add.sv:93$143 ($add).
Removed top 3 bits (of 12) from port A of cell hapi_fp32_add.$sub$../../hapicore/rtl/hapi_fp32_add.sv:162$146 ($sub).
Removed top 5 bits (of 12) from port B of cell hapi_fp32_add.$sub$../../hapicore/rtl/hapi_fp32_add.sv:162$146 ($sub).
Converting cell hapi_fp32_add.$sub$../../hapicore/rtl/hapi_fp32_add.sv:162$146 ($sub) from signed to unsigned.
Removed top 2 bits (of 12) from port Y of cell hapi_fp32_add.$sub$../../hapicore/rtl/hapi_fp32_add.sv:162$146 ($sub).
Removed top 1 bits (of 9) from port A of cell hapi_fp32_add.$sub$../../hapicore/rtl/hapi_fp32_add.sv:162$146 ($sub).
Removed top 1 bits (of 7) from port B of cell hapi_fp32_add.$sub$../../hapicore/rtl/hapi_fp32_add.sv:162$146 ($sub).
Removed top 1 bits (of 10) from port Y of cell hapi_fp32_add.$sub$../../hapicore/rtl/hapi_fp32_add.sv:162$146 ($sub).
Converting cell hapi_fp32_add.$add$../../hapicore/rtl/hapi_fp32_add.sv:162$147 ($add) from unsigned to signed.
Removed top 3 bits (of 12) from port A of cell hapi_fp32_add.$add$../../hapicore/rtl/hapi_fp32_add.sv:162$147 ($add).
Removed top 10 bits (of 12) from port B of cell hapi_fp32_add.$add$../../hapicore/rtl/hapi_fp32_add.sv:162$147 ($add).
Removed top 2 bits (of 12) from port Y of cell hapi_fp32_add.$add$../../hapicore/rtl/hapi_fp32_add.sv:162$147 ($add).
Removed top 2 bits (of 12) from port A of cell hapi_fp32_add.$le$../../hapicore/rtl/hapi_fp32_add.sv:166$148 ($le).
Removed top 11 bits (of 12) from port B of cell hapi_fp32_add.$le$../../hapicore/rtl/hapi_fp32_add.sv:166$148 ($le).
Converting cell hapi_fp32_add.$sub$../../hapicore/rtl/hapi_fp32_add.sv:167$149 ($sub) from unsigned to signed.
Removed top 10 bits (of 12) from port A of cell hapi_fp32_add.$sub$../../hapicore/rtl/hapi_fp32_add.sv:167$149 ($sub).
Removed top 2 bits (of 12) from port B of cell hapi_fp32_add.$sub$../../hapicore/rtl/hapi_fp32_add.sv:167$149 ($sub).
Removed top 1 bits (of 12) from port Y of cell hapi_fp32_add.$sub$../../hapicore/rtl/hapi_fp32_add.sv:167$149 ($sub).
Removed top 11 bits (of 12) from port A of cell hapi_fp32_add.$add$../../hapicore/rtl/hapi_fp32_add.sv:182$164 ($add).
Removed top 5 bits (of 12) from port Y of cell hapi_fp32_add.$add$../../hapicore/rtl/hapi_fp32_add.sv:182$164 ($add).
Removed top 5 bits (of 12) from port B of cell hapi_fp32_add.$add$../../hapicore/rtl/hapi_fp32_add.sv:182$164 ($add).
Removed top 47 bits (of 96) from port A of cell hapi_fp32_add.$shr$../../hapicore/rtl/hapi_fp32_add.sv:188$177 ($shr).
Removed top 48 bits (of 96) from port Y of cell hapi_fp32_add.$shr$../../hapicore/rtl/hapi_fp32_add.sv:188$177 ($shr).
Removed top 95 bits (of 96) from port A of cell hapi_fp32_add.$shl$../../hapicore/rtl/hapi_fp32_add.sv:192$178 ($shl).
Removed top 95 bits (of 96) from port B of cell hapi_fp32_add.$sub$../../hapicore/rtl/hapi_fp32_add.sv:192$179 ($sub).
Removed top 47 bits (of 96) from port A of cell hapi_fp32_add.$and$../../hapicore/rtl/hapi_fp32_add.sv:193$181 ($and).
Removed top 1 bits (of 25) from port A of cell hapi_fp32_add.$add$../../hapicore/rtl/hapi_fp32_add.sv:196$188 ($add).
Removed top 24 bits (of 25) from port B of cell hapi_fp32_add.$add$../../hapicore/rtl/hapi_fp32_add.sv:196$188 ($add).
Removed top 9 bits (of 10) from port B of cell hapi_fp32_add.$add$../../hapicore/rtl/hapi_fp32_add.sv:206$193 ($add).
Removed top 2 bits (of 10) from port B of cell hapi_fp32_add.$ge$../../hapicore/rtl/hapi_fp32_add.sv:207$194 ($ge).
Removed top 48 bits (of 49) from port B of cell hapi_fp32_add.$procmux$216_CMP0 ($eq).
Removed top 47 bits (of 48) from port B of cell hapi_fp32_add.$procmux$217_CMP0 ($eq).
Removed top 46 bits (of 47) from port B of cell hapi_fp32_add.$procmux$218_CMP0 ($eq).
Removed top 45 bits (of 46) from port B of cell hapi_fp32_add.$procmux$219_CMP0 ($eq).
Removed top 44 bits (of 45) from port B of cell hapi_fp32_add.$procmux$220_CMP0 ($eq).
Removed top 43 bits (of 44) from port B of cell hapi_fp32_add.$procmux$221_CMP0 ($eq).
Removed top 42 bits (of 43) from port B of cell hapi_fp32_add.$procmux$222_CMP0 ($eq).
Removed top 41 bits (of 42) from port B of cell hapi_fp32_add.$procmux$223_CMP0 ($eq).
Removed top 40 bits (of 41) from port B of cell hapi_fp32_add.$procmux$224_CMP0 ($eq).
Removed top 39 bits (of 40) from port B of cell hapi_fp32_add.$procmux$225_CMP0 ($eq).
Removed top 38 bits (of 39) from port B of cell hapi_fp32_add.$procmux$226_CMP0 ($eq).
Removed top 37 bits (of 38) from port B of cell hapi_fp32_add.$procmux$227_CMP0 ($eq).
Removed top 36 bits (of 37) from port B of cell hapi_fp32_add.$procmux$228_CMP0 ($eq).
Removed top 35 bits (of 36) from port B of cell hapi_fp32_add.$procmux$229_CMP0 ($eq).
Removed top 34 bits (of 35) from port B of cell hapi_fp32_add.$procmux$230_CMP0 ($eq).
Removed top 33 bits (of 34) from port B of cell hapi_fp32_add.$procmux$231_CMP0 ($eq).
Removed top 32 bits (of 33) from port B of cell hapi_fp32_add.$procmux$232_CMP0 ($eq).
Removed top 31 bits (of 32) from port B of cell hapi_fp32_add.$procmux$233_CMP0 ($eq).
Removed top 30 bits (of 31) from port B of cell hapi_fp32_add.$procmux$234_CMP0 ($eq).
Removed top 29 bits (of 30) from port B of cell hapi_fp32_add.$procmux$235_CMP0 ($eq).
Removed top 28 bits (of 29) from port B of cell hapi_fp32_add.$procmux$236_CMP0 ($eq).
Removed top 27 bits (of 28) from port B of cell hapi_fp32_add.$procmux$237_CMP0 ($eq).
Removed top 26 bits (of 27) from port B of cell hapi_fp32_add.$procmux$238_CMP0 ($eq).
Removed top 25 bits (of 26) from port B of cell hapi_fp32_add.$procmux$239_CMP0 ($eq).
Removed top 24 bits (of 25) from port B of cell hapi_fp32_add.$procmux$240_CMP0 ($eq).
Removed top 23 bits (of 24) from port B of cell hapi_fp32_add.$procmux$241_CMP0 ($eq).
Removed top 22 bits (of 23) from port B of cell hapi_fp32_add.$procmux$242_CMP0 ($eq).
Removed top 21 bits (of 22) from port B of cell hapi_fp32_add.$procmux$243_CMP0 ($eq).
Removed top 20 bits (of 21) from port B of cell hapi_fp32_add.$procmux$244_CMP0 ($eq).
Removed top 19 bits (of 20) from port B of cell hapi_fp32_add.$procmux$245_CMP0 ($eq).
Removed top 18 bits (of 19) from port B of cell hapi_fp32_add.$procmux$246_CMP0 ($eq).
Removed top 17 bits (of 18) from port B of cell hapi_fp32_add.$procmux$247_CMP0 ($eq).
Removed top 16 bits (of 17) from port B of cell hapi_fp32_add.$procmux$248_CMP0 ($eq).
Removed top 15 bits (of 16) from port B of cell hapi_fp32_add.$procmux$249_CMP0 ($eq).
Removed top 14 bits (of 15) from port B of cell hapi_fp32_add.$procmux$250_CMP0 ($eq).
Removed top 13 bits (of 14) from port B of cell hapi_fp32_add.$procmux$251_CMP0 ($eq).
Removed top 12 bits (of 13) from port B of cell hapi_fp32_add.$procmux$252_CMP0 ($eq).
Removed top 11 bits (of 12) from port B of cell hapi_fp32_add.$procmux$253_CMP0 ($eq).
Removed top 10 bits (of 11) from port B of cell hapi_fp32_add.$procmux$254_CMP0 ($eq).
Removed top 9 bits (of 10) from port B of cell hapi_fp32_add.$procmux$255_CMP0 ($eq).
Removed top 8 bits (of 9) from port B of cell hapi_fp32_add.$procmux$256_CMP0 ($eq).
Removed top 7 bits (of 8) from port B of cell hapi_fp32_add.$procmux$257_CMP0 ($eq).
Removed top 6 bits (of 7) from port B of cell hapi_fp32_add.$procmux$258_CMP0 ($eq).
Removed top 5 bits (of 6) from port B of cell hapi_fp32_add.$procmux$259_CMP0 ($eq).
Removed top 4 bits (of 5) from port B of cell hapi_fp32_add.$procmux$260_CMP0 ($eq).
Removed top 3 bits (of 4) from port B of cell hapi_fp32_add.$procmux$261_CMP0 ($eq).
Removed top 2 bits (of 3) from port B of cell hapi_fp32_add.$procmux$262_CMP0 ($eq).
Removed top 1 bits (of 2) from port B of cell hapi_fp32_add.$procmux$263_CMP0 ($eq).
Removed top 1 bits (of 32) from mux cell hapi_fp32_add.$procmux$296 ($mux).
Removed top 8 bits (of 32) from mux cell hapi_fp32_add.$procmux$315 ($mux).
Removed top 1 bits (of 32) from mux cell hapi_fp32_add.$procmux$323 ($mux).
Removed top 5 bits (of 12) from mux cell hapi_fp32_add.$ternary$../../hapicore/rtl/hapi_fp32_add.sv:167$150 ($mux).
Removed top 4 bits (of 11) from port Y of cell hapi_fp32_add.$sub$../../hapicore/rtl/hapi_fp32_add.sv:167$149 ($sub).
Removed top 3 bits (of 10) from port B of cell hapi_fp32_add.$sub$../../hapicore/rtl/hapi_fp32_add.sv:167$149 ($sub).
Removed top 5 bits (of 12) from wire hapi_fp32_add.$0$unnamed_block$101.totalshift[11:0]$163.
Removed top 5 bits (of 12) from wire hapi_fp32_add.$sub$../../hapicore/rtl/hapi_fp32_add.sv:167$149_Y.
Removed top 48 bits (of 96) from wire hapi_fp32_add.$shr$../../hapicore/rtl/hapi_fp32_add.sv:188$177_Y.
Removed top 5 bits (of 12) from wire hapi_fp32_add.rshift.
Removed top 1 bits (of 49) from wire hapi_fp32_add.sml_full.
Removed top 1 bits (of 49) from wire hapi_fp32_add.big_f.
Removed top 1 bits (of 9) from wire hapi_fp32_add.exp_sml.
Removed top 1 bits (of 9) from wire hapi_fp32_add.exp_big.
Removed top 1 bits (of 9) from mux cell hapi_bf16_mul.$ternary$../../hapicore/rtl/hapi_bf16_mul.sv:49$31 ($mux).
Removed top 1 bits (of 9) from mux cell hapi_bf16_mul.$ternary$../../hapicore/rtl/hapi_bf16_mul.sv:50$32 ($mux).
Removed top 3 bits (of 12) from port A of cell hapi_bf16_mul.$add$../../hapicore/rtl/hapi_bf16_mul.sv:98$35 ($add).
Removed top 3 bits (of 12) from port B of cell hapi_bf16_mul.$add$../../hapicore/rtl/hapi_bf16_mul.sv:98$35 ($add).
Converting cell hapi_bf16_mul.$add$../../hapicore/rtl/hapi_bf16_mul.sv:98$35 ($add) from signed to unsigned.
Removed top 2 bits (of 12) from port Y of cell hapi_bf16_mul.$add$../../hapicore/rtl/hapi_bf16_mul.sv:98$35 ($add).
Removed top 1 bits (of 9) from port A of cell hapi_bf16_mul.$add$../../hapicore/rtl/hapi_bf16_mul.sv:98$35 ($add).
Removed top 1 bits (of 9) from port B of cell hapi_bf16_mul.$add$../../hapicore/rtl/hapi_bf16_mul.sv:98$35 ($add).
Removed top 1 bits (of 10) from port Y of cell hapi_bf16_mul.$add$../../hapicore/rtl/hapi_bf16_mul.sv:98$35 ($add).
Removed top 2 bits (of 12) from port A of cell hapi_bf16_mul.$sub$../../hapicore/rtl/hapi_bf16_mul.sv:98$36 ($sub).
Removed top 4 bits (of 12) from port B of cell hapi_bf16_mul.$sub$../../hapicore/rtl/hapi_bf16_mul.sv:98$36 ($sub).
Converting cell hapi_bf16_mul.$sub$../../hapicore/rtl/hapi_bf16_mul.sv:98$36 ($sub) from signed to unsigned.
Removed top 1 bits (of 12) from port Y of cell hapi_bf16_mul.$sub$../../hapicore/rtl/hapi_bf16_mul.sv:98$36 ($sub).
Removed top 1 bits (of 10) from port A of cell hapi_bf16_mul.$sub$../../hapicore/rtl/hapi_bf16_mul.sv:98$36 ($sub).
Removed top 1 bits (of 8) from port B of cell hapi_bf16_mul.$sub$../../hapicore/rtl/hapi_bf16_mul.sv:98$36 ($sub).
Removed top 1 bits (of 11) from port Y of cell hapi_bf16_mul.$sub$../../hapicore/rtl/hapi_bf16_mul.sv:98$36 ($sub).
Converting cell hapi_bf16_mul.$sub$../../hapicore/rtl/hapi_bf16_mul.sv:98$37 ($sub) from unsigned to signed.
Removed top 2 bits (of 12) from port A of cell hapi_bf16_mul.$sub$../../hapicore/rtl/hapi_bf16_mul.sv:98$37 ($sub).
Removed top 6 bits (of 12) from port B of cell hapi_bf16_mul.$sub$../../hapicore/rtl/hapi_bf16_mul.sv:98$37 ($sub).
Removed top 1 bits (of 12) from port Y of cell hapi_bf16_mul.$sub$../../hapicore/rtl/hapi_bf16_mul.sv:98$37 ($sub).
Removed top 1 bits (of 12) from port A of cell hapi_bf16_mul.$le$../../hapicore/rtl/hapi_bf16_mul.sv:107$38 ($le).
Removed top 11 bits (of 12) from port B of cell hapi_bf16_mul.$le$../../hapicore/rtl/hapi_bf16_mul.sv:107$38 ($le).
Converting cell hapi_bf16_mul.$sub$../../hapicore/rtl/hapi_bf16_mul.sv:108$39 ($sub) from unsigned to signed.
Removed top 10 bits (of 12) from port A of cell hapi_bf16_mul.$sub$../../hapicore/rtl/hapi_bf16_mul.sv:108$39 ($sub).
Removed top 1 bits (of 12) from port B of cell hapi_bf16_mul.$sub$../../hapicore/rtl/hapi_bf16_mul.sv:108$39 ($sub).
Removed top 7 bits (of 12) from port B of cell hapi_bf16_mul.$ge$../../hapicore/rtl/hapi_bf16_mul.sv:124$53 ($ge).
Removed top 16 bits (of 32) from port A of cell hapi_bf16_mul.$shr$../../hapicore/rtl/hapi_bf16_mul.sv:130$65 ($shr).
Removed top 16 bits (of 32) from port Y of cell hapi_bf16_mul.$shr$../../hapicore/rtl/hapi_bf16_mul.sv:130$65 ($shr).
Removed top 31 bits (of 32) from port A of cell hapi_bf16_mul.$shl$../../hapicore/rtl/hapi_bf16_mul.sv:135$67 ($shl).
Removed top 31 bits (of 32) from port B of cell hapi_bf16_mul.$sub$../../hapicore/rtl/hapi_bf16_mul.sv:135$68 ($sub).
Removed top 16 bits (of 32) from port A of cell hapi_bf16_mul.$and$../../hapicore/rtl/hapi_bf16_mul.sv:136$71 ($and).
Removed top 1 bits (of 9) from port A of cell hapi_bf16_mul.$add$../../hapicore/rtl/hapi_bf16_mul.sv:139$77 ($add).
Removed top 8 bits (of 9) from port B of cell hapi_bf16_mul.$add$../../hapicore/rtl/hapi_bf16_mul.sv:139$77 ($add).
Removed top 9 bits (of 10) from port B of cell hapi_bf16_mul.$add$../../hapicore/rtl/hapi_bf16_mul.sv:151$82 ($add).
Removed top 2 bits (of 10) from port B of cell hapi_bf16_mul.$ge$../../hapicore/rtl/hapi_bf16_mul.sv:152$83 ($ge).
Removed top 15 bits (of 16) from port B of cell hapi_bf16_mul.$procmux$397_CMP0 ($eq).
Removed top 14 bits (of 15) from port B of cell hapi_bf16_mul.$procmux$398_CMP0 ($eq).
Removed top 13 bits (of 14) from port B of cell hapi_bf16_mul.$procmux$399_CMP0 ($eq).
Removed top 12 bits (of 13) from port B of cell hapi_bf16_mul.$procmux$400_CMP0 ($eq).
Removed top 11 bits (of 12) from port B of cell hapi_bf16_mul.$procmux$401_CMP0 ($eq).
Removed top 10 bits (of 11) from port B of cell hapi_bf16_mul.$procmux$402_CMP0 ($eq).
Removed top 9 bits (of 10) from port B of cell hapi_bf16_mul.$procmux$403_CMP0 ($eq).
Removed top 8 bits (of 9) from port B of cell hapi_bf16_mul.$procmux$404_CMP0 ($eq).
Removed top 7 bits (of 8) from port B of cell hapi_bf16_mul.$procmux$405_CMP0 ($eq).
Removed top 6 bits (of 7) from port B of cell hapi_bf16_mul.$procmux$406_CMP0 ($eq).
Removed top 5 bits (of 6) from port B of cell hapi_bf16_mul.$procmux$407_CMP0 ($eq).
Removed top 4 bits (of 5) from port B of cell hapi_bf16_mul.$procmux$408_CMP0 ($eq).
Removed top 3 bits (of 4) from port B of cell hapi_bf16_mul.$procmux$409_CMP0 ($eq).
Removed top 2 bits (of 3) from port B of cell hapi_bf16_mul.$procmux$410_CMP0 ($eq).
Removed top 1 bits (of 2) from port B of cell hapi_bf16_mul.$procmux$411_CMP0 ($eq).
Removed top 1 bits (of 16) from mux cell hapi_bf16_mul.$procmux$437 ($mux).
Removed top 8 bits (of 16) from mux cell hapi_bf16_mul.$procmux$456 ($mux).
Removed top 1 bits (of 16) from mux cell hapi_bf16_mul.$procmux$464 ($mux).
Removed top 1 bits (of 16) from mux cell hapi_bf16_mul.$procmux$476 ($mux).
Removed top 1 bits (of 16) from mux cell hapi_bf16_mul.$procmux$419 ($mux).
Removed top 1 bits (of 16) from mux cell hapi_bf16_mul.$procmux$428 ($mux).
Removed top 3 bits (of 12) from wire hapi_bf16_mul.$add$../../hapicore/rtl/hapi_bf16_mul.sv:98$35_Y.
Removed top 16 bits (of 32) from wire hapi_bf16_mul.$shr$../../hapicore/rtl/hapi_bf16_mul.sv:130$65_Y.
Removed top 1 bits (of 9) from wire hapi_bf16_mul.expb.
Removed top 1 bits (of 9) from wire hapi_bf16_mul.expa.

4.10. Executing PEEPOPT pass (run peephole optimizers).

4.11. Executing OPT_CLEAN pass (remove unused cells and wires).
Finding unused cells or wires in module \bast_mac..
Finding unused cells or wires in module \hapi_fp32_add..
Finding unused cells or wires in module \hapi_bf16_mul..
Removed 0 unused cells and 12 unused wires.

4.12. Executing ALUMACC pass (create $alu and $macc cells).
Extracting $alu and $macc cells in module bast_mac:
  created 0 $alu and 0 $macc cells.
Extracting $alu and $macc cells in module hapi_fp32_add:
  creating $macc model for $add$../../hapicore/rtl/hapi_fp32_add.sv:206$193 ($add).
  creating $macc model for $add$../../hapicore/rtl/hapi_fp32_add.sv:196$188 ($add).
  creating $macc model for $sub$../../hapicore/rtl/hapi_fp32_add.sv:192$179 ($sub).
  creating $macc model for $add$../../hapicore/rtl/hapi_fp32_add.sv:182$164 ($add).
  creating $macc model for $sub$../../hapicore/rtl/hapi_fp32_add.sv:167$149 ($sub).
  creating $macc model for $add$../../hapicore/rtl/hapi_fp32_add.sv:162$147 ($add).
  creating $macc model for $sub$../../hapicore/rtl/hapi_fp32_add.sv:162$146 ($sub).
  creating $macc model for $add$../../hapicore/rtl/hapi_fp32_add.sv:93$143 ($add).
  creating $macc model for $sub$../../hapicore/rtl/hapi_fp32_add.sv:93$142 ($sub).
  creating $macc model for $sub$../../hapicore/rtl/hapi_fp32_add.sv:82$136 ($sub).
  creating $macc model for $sub$../../hapicore/rtl/hapi_fp32_add.sv:69$131 ($sub).
  creating $alu model for $macc $sub$../../hapicore/rtl/hapi_fp32_add.sv:69$131.
  creating $alu model for $macc $sub$../../hapicore/rtl/hapi_fp32_add.sv:82$136.
  creating $alu model for $macc $sub$../../hapicore/rtl/hapi_fp32_add.sv:93$142.
  creating $alu model for $macc $add$../../hapicore/rtl/hapi_fp32_add.sv:93$143.
  creating $alu model for $macc $sub$../../hapicore/rtl/hapi_fp32_add.sv:162$146.
  creating $alu model for $macc $add$../../hapicore/rtl/hapi_fp32_add.sv:162$147.
  creating $alu model for $macc $sub$../../hapicore/rtl/hapi_fp32_add.sv:167$149.
  creating $alu model for $macc $add$../../hapicore/rtl/hapi_fp32_add.sv:182$164.
  creating $alu model for $macc $sub$../../hapicore/rtl/hapi_fp32_add.sv:192$179.
  creating $alu model for $macc $add$../../hapicore/rtl/hapi_fp32_add.sv:196$188.
  creating $alu model for $macc $add$../../hapicore/rtl/hapi_fp32_add.sv:206$193.
  creating $alu model for $ge$../../hapicore/rtl/hapi_fp32_add.sv:207$194 ($ge): new $alu
  creating $alu model for $le$../../hapicore/rtl/hapi_fp32_add.sv:166$148 ($le): new $alu
  creating $alu model for $ge$../../hapicore/rtl/hapi_fp32_add.sv:83$137 ($ge): new $alu
  creating $alu model for $ge$../../hapicore/rtl/hapi_fp32_add.sv:41$122 ($ge): new $alu
  creating $alu cell for $ge$../../hapicore/rtl/hapi_fp32_add.sv:41$122: $auto$alumacc.cc:512:replace_alu$533
  creating $alu cell for $ge$../../hapicore/rtl/hapi_fp32_add.sv:83$137: $auto$alumacc.cc:512:replace_alu$546
  creating $alu cell for $le$../../hapicore/rtl/hapi_fp32_add.sv:166$148: $auto$alumacc.cc:512:replace_alu$559
  creating $alu cell for $ge$../../hapicore/rtl/hapi_fp32_add.sv:207$194: $auto$alumacc.cc:512:replace_alu$570
  creating $alu cell for $add$../../hapicore/rtl/hapi_fp32_add.sv:206$193: $auto$alumacc.cc:512:replace_alu$583
  creating $alu cell for $add$../../hapicore/rtl/hapi_fp32_add.sv:196$188: $auto$alumacc.cc:512:replace_alu$586
  creating $alu cell for $sub$../../hapicore/rtl/hapi_fp32_add.sv:192$179: $auto$alumacc.cc:512:replace_alu$589
  creating $alu cell for $add$../../hapicore/rtl/hapi_fp32_add.sv:182$164: $auto$alumacc.cc:512:replace_alu$592
  creating $alu cell for $sub$../../hapicore/rtl/hapi_fp32_add.sv:167$149: $auto$alumacc.cc:512:replace_alu$595
  creating $alu cell for $add$../../hapicore/rtl/hapi_fp32_add.sv:162$147: $auto$alumacc.cc:512:replace_alu$598
  creating $alu cell for $sub$../../hapicore/rtl/hapi_fp32_add.sv:162$146: $auto$alumacc.cc:512:replace_alu$601
  creating $alu cell for $add$../../hapicore/rtl/hapi_fp32_add.sv:93$143: $auto$alumacc.cc:512:replace_alu$604
  creating $alu cell for $sub$../../hapicore/rtl/hapi_fp32_add.sv:93$142: $auto$alumacc.cc:512:replace_alu$607
  creating $alu cell for $sub$../../hapicore/rtl/hapi_fp32_add.sv:82$136: $auto$alumacc.cc:512:replace_alu$610
  creating $alu cell for $sub$../../hapicore/rtl/hapi_fp32_add.sv:69$131: $auto$alumacc.cc:512:replace_alu$613
  created 15 $alu and 0 $macc cells.
Extracting $alu and $macc cells in module hapi_bf16_mul:
  creating $macc model for $add$../../hapicore/rtl/hapi_bf16_mul.sv:151$82 ($add).
  creating $macc model for $add$../../hapicore/rtl/hapi_bf16_mul.sv:139$77 ($add).
  creating $macc model for $sub$../../hapicore/rtl/hapi_bf16_mul.sv:135$68 ($sub).
  creating $macc model for $sub$../../hapicore/rtl/hapi_bf16_mul.sv:108$39 ($sub).
  creating $macc model for $sub$../../hapicore/rtl/hapi_bf16_mul.sv:98$37 ($sub).
  creating $macc model for $sub$../../hapicore/rtl/hapi_bf16_mul.sv:98$36 ($sub).
  creating $macc model for $add$../../hapicore/rtl/hapi_bf16_mul.sv:98$35 ($add).
  creating $macc model for $mul$../../hapicore/rtl/hapi_bf16_mul.sv:54$33 ($mul).
  merging $macc model for $add$../../hapicore/rtl/hapi_bf16_mul.sv:98$35 into $sub$../../hapicore/rtl/hapi_bf16_mul.sv:98$36.
  creating $alu model for $macc $sub$../../hapicore/rtl/hapi_bf16_mul.sv:98$37.
  creating $alu model for $macc $sub$../../hapicore/rtl/hapi_bf16_mul.sv:108$39.
  creating $alu model for $macc $sub$../../hapicore/rtl/hapi_bf16_mul.sv:135$68.
  creating $alu model for $macc $add$../../hapicore/rtl/hapi_bf16_mul.sv:139$77.
  creating $alu model for $macc $add$../../hapicore/rtl/hapi_bf16_mul.sv:151$82.
  creating $macc cell for $sub$../../hapicore/rtl/hapi_bf16_mul.sv:98$36: $auto$alumacc.cc:382:replace_macc$616
  creating $macc cell for $mul$../../hapicore/rtl/hapi_bf16_mul.sv:54$33: $auto$alumacc.cc:382:replace_macc$617
  creating $alu model for $ge$../../hapicore/rtl/hapi_bf16_mul.sv:152$83 ($ge): new $alu
  creating $alu model for $ge$../../hapicore/rtl/hapi_bf16_mul.sv:124$53 ($ge): new $alu
  creating $alu model for $le$../../hapicore/rtl/hapi_bf16_mul.sv:107$38 ($le): new $alu
  creating $alu cell for $le$../../hapicore/rtl/hapi_bf16_mul.sv:107$38: $auto$alumacc.cc:512:replace_alu$621
  creating $alu cell for $ge$../../hapicore/rtl/hapi_bf16_mul.sv:124$53: $auto$alumacc.cc:512:replace_alu$632
  creating $alu cell for $ge$../../hapicore/rtl/hapi_bf16_mul.sv:152$83: $auto$alumacc.cc:512:replace_alu$645
  creating $alu cell for $add$../../hapicore/rtl/hapi_bf16_mul.sv:151$82: $auto$alumacc.cc:512:replace_alu$658
  creating $alu cell for $add$../../hapicore/rtl/hapi_bf16_mul.sv:139$77: $auto$alumacc.cc:512:replace_alu$661
  creating $alu cell for $sub$../../hapicore/rtl/hapi_bf16_mul.sv:135$68: $auto$alumacc.cc:512:replace_alu$664
  creating $alu cell for $sub$../../hapicore/rtl/hapi_bf16_mul.sv:108$39: $auto$alumacc.cc:512:replace_alu$667
  creating $alu cell for $sub$../../hapicore/rtl/hapi_bf16_mul.sv:98$37: $auto$alumacc.cc:512:replace_alu$670
  created 8 $alu and 2 $macc cells.

4.13. Executing SHARE pass (SAT-based resource sharing).
Found 5 cells in module hapi_fp32_add that may be considered for resource sharing.
  Analyzing resource sharing options for $shl$../../hapicore/rtl/hapi_fp32_add.sv:82$135 ($shl):
    Found 3 activation_patterns using ctrl signal { $logic_and$../../hapicore/rtl/hapi_fp32_add.sv:223$201_Y $logic_or$../../hapicore/rtl/hapi_fp32_add.sv:217$200_Y $eq$../../hapicore/rtl/hapi_fp32_add.sv:184$165_Y \b_inf \a_inf $auto$rtlil.cc:3259:ReduceOr$558 $auto$rtlil.cc:3259:ReduceOr$569 $auto$rtlil.cc:3259:ReduceOr$582 }.
    Found 1 candidates: $shl$../../hapicore/rtl/hapi_fp32_add.sv:192$178
    Analyzing resource sharing with $shl$../../hapicore/rtl/hapi_fp32_add.sv:192$178 ($shl):
      Found 3 activation_patterns using ctrl signal { $logic_and$../../hapicore/rtl/hapi_fp32_add.sv:223$201_Y $logic_or$../../hapicore/rtl/hapi_fp32_add.sv:217$200_Y $eq$../../hapicore/rtl/hapi_fp32_add.sv:184$165_Y \b_inf \a_inf $auto$rtlil.cc:3259:ReduceOr$569 $auto$rtlil.cc:3259:ReduceOr$582 }.
      Forbidden control signals for this pair of cells: { $ge$../../hapicore/rtl/hapi_fp32_add.sv:207$194_Y $add$../../hapicore/rtl/hapi_fp32_add.sv:196$188_Y [24:23] }
      Activation pattern for cell $shl$../../hapicore/rtl/hapi_fp32_add.sv:82$135: { $logic_and$../../hapicore/rtl/hapi_fp32_add.sv:223$201_Y $logic_or$../../hapicore/rtl/hapi_fp32_add.sv:217$200_Y $eq$../../hapicore/rtl/hapi_fp32_add.sv:184$165_Y \b_inf \a_inf $auto$rtlil.cc:3259:ReduceOr$558 $auto$rtlil.cc:3259:ReduceOr$569 } = 7'0000001
      Activation pattern for cell $shl$../../hapicore/rtl/hapi_fp32_add.sv:82$135: { $logic_and$../../hapicore/rtl/hapi_fp32_add.sv:223$201_Y $logic_or$../../hapicore/rtl/hapi_fp32_add.sv:217$200_Y $eq$../../hapicore/rtl/hapi_fp32_add.sv:184$165_Y \b_inf \a_inf $auto$rtlil.cc:3259:ReduceOr$558 } = 6'000000
      Activation pattern for cell $shl$../../hapicore/rtl/hapi_fp32_add.sv:82$135: { $logic_and$../../hapicore/rtl/hapi_fp32_add.sv:223$201_Y $logic_or$../../hapicore/rtl/hapi_fp32_add.sv:217$200_Y $eq$../../hapicore/rtl/hapi_fp32_add.sv:184$165_Y \b_inf \a_inf $auto$rtlil.cc:3259:ReduceOr$558 $auto$rtlil.cc:3259:ReduceOr$569 $auto$rtlil.cc:3259:ReduceOr$582 } = 8'00000000
      Activation pattern for cell $shl$../../hapicore/rtl/hapi_fp32_add.sv:192$178: { $logic_and$../../hapicore/rtl/hapi_fp32_add.sv:223$201_Y $logic_or$../../hapicore/rtl/hapi_fp32_add.sv:217$200_Y $eq$../../hapicore/rtl/hapi_fp32_add.sv:184$165_Y \b_inf \a_inf $auto$rtlil.cc:3259:ReduceOr$569 } = 6'000001
      Activation pattern for cell $shl$../../hapicore/rtl/hapi_fp32_add.sv:192$178: { $logic_and$../../hapicore/rtl/hapi_fp32_add.sv:223$201_Y $logic_or$../../hapicore/rtl/hapi_fp32_add.sv:217$200_Y $eq$../../hapicore/rtl/hapi_fp32_add.sv:184$165_Y \b_inf \a_inf } = 5'00000
      Activation pattern for cell $shl$../../hapicore/rtl/hapi_fp32_add.sv:192$178: { $logic_and$../../hapicore/rtl/hapi_fp32_add.sv:223$201_Y $logic_or$../../hapicore/rtl/hapi_fp32_add.sv:217$200_Y $eq$../../hapicore/rtl/hapi_fp32_add.sv:184$165_Y \b_inf \a_inf $auto$rtlil.cc:3259:ReduceOr$569 $auto$rtlil.cc:3259:ReduceOr$582 } = 7'0000000
      Size of SAT problem: 130 cells, 11006 variables, 30642 clauses
      According to the SAT solver this pair of cells can not be shared.
      Model from SAT solver: { $logic_and$../../hapicore/rtl/hapi_fp32_add.sv:223$201_Y $logic_or$../../hapicore/rtl/hapi_fp32_add.sv:217$200_Y $eq$../../hapicore/rtl/hapi_fp32_add.sv:184$165_Y \b_inf \a_inf $auto$rtlil.cc:3259:ReduceOr$558 $auto$rtlil.cc:3259:ReduceOr$569 $auto$rtlil.cc:3259:ReduceOr$582 } = 8'00000000
  Analyzing resource sharing options for $shr$../../hapicore/rtl/hapi_fp32_add.sv:87$139 ($shr):
    Found 3 activation_patterns using ctrl signal { $logic_and$../../hapicore/rtl/hapi_fp32_add.sv:223$201_Y $logic_or$../../hapicore/rtl/hapi_fp32_add.sv:217$200_Y $eq$../../hapicore/rtl/hapi_fp32_add.sv:184$165_Y \b_inf \a_inf $auto$rtlil.cc:3259:ReduceOr$558 $auto$rtlil.cc:3259:ReduceOr$569 $auto$rtlil.cc:3259:ReduceOr$582 }.
    Found 1 candidates: $shr$../../hapicore/rtl/hapi_fp32_add.sv:188$177
    Analyzing resource sharing with $shr$../../hapicore/rtl/hapi_fp32_add.sv:188$177 ($shr):
      Found 3 activation_patterns using ctrl signal { $logic_and$../../hapicore/rtl/hapi_fp32_add.sv:223$201_Y $logic_or$../../hapicore/rtl/hapi_fp32_add.sv:217$200_Y $eq$../../hapicore/rtl/hapi_fp32_add.sv:184$165_Y \b_inf \a_inf $auto$rtlil.cc:3259:ReduceOr$569 $auto$rtlil.cc:3259:ReduceOr$582 }.
      Forbidden control signals for this pair of cells: { $procmux$263_CMP $procmux$262_CMP $procmux$261_CMP $procmux$260_CMP $procmux$259_CMP $procmux$258_CMP $procmux$257_CMP $procmux$256_CMP $procmux$255_CMP $procmux$254_CMP $procmux$253_CMP $procmux$252_CMP $procmux$251_CMP $procmux$250_CMP $procmux$249_CMP $procmux$248_CMP $procmux$247_CMP $procmux$246_CMP $procmux$245_CMP $procmux$244_CMP $procmux$243_CMP $procmux$242_CMP $procmux$241_CMP $procmux$240_CMP $procmux$239_CMP $procmux$238_CMP $procmux$237_CMP $procmux$236_CMP $procmux$235_CMP $procmux$234_CMP $procmux$233_CMP $procmux$232_CMP $procmux$231_CMP $procmux$230_CMP $procmux$229_CMP $procmux$228_CMP $procmux$227_CMP $procmux$226_CMP $procmux$225_CMP $procmux$224_CMP $procmux$223_CMP $procmux$222_CMP $procmux$221_CMP $procmux$220_CMP $procmux$219_CMP $procmux$218_CMP $procmux$217_CMP $procmux$216_CMP $ge$../../hapicore/rtl/hapi_fp32_add.sv:207$194_Y $add$../../hapicore/rtl/hapi_fp32_add.sv:196$188_Y [24:23] $eq$../../hapicore/rtl/hapi_fp32_add.sv:184$165_Y \summ [48] \result_sub }
      Activation pattern for cell $shr$../../hapicore/rtl/hapi_fp32_add.sv:87$139: { $logic_and$../../hapicore/rtl/hapi_fp32_add.sv:223$201_Y $logic_or$../../hapicore/rtl/hapi_fp32_add.sv:217$200_Y \b_inf \a_inf $auto$rtlil.cc:3259:ReduceOr$558 } = 5'00000
      Activation pattern for cell $shr$../../hapicore/rtl/hapi_fp32_add.sv:87$139: { $logic_and$../../hapicore/rtl/hapi_fp32_add.sv:223$201_Y $logic_or$../../hapicore/rtl/hapi_fp32_add.sv:217$200_Y \b_inf \a_inf $auto$rtlil.cc:3259:ReduceOr$558 $auto$rtlil.cc:3259:ReduceOr$569 $auto$rtlil.cc:3259:ReduceOr$582 } = 7'0000000
      Activation pattern for cell $shr$../../hapicore/rtl/hapi_fp32_add.sv:188$177: { $logic_and$../../hapicore/rtl/hapi_fp32_add.sv:223$201_Y $logic_or$../../hapicore/rtl/hapi_fp32_add.sv:217$200_Y \b_inf \a_inf $auto$rtlil.cc:3259:ReduceOr$569 } = 5'00001
      Activation pattern for cell $shr$../../hapicore/rtl/hapi_fp32_add.sv:188$177: { $logic_and$../../hapicore/rtl/hapi_fp32_add.sv:223$201_Y $logic_or$../../hapicore/rtl/hapi_fp32_add.sv:217$200_Y \b_inf \a_inf } = 4'0000
      Activation pattern for cell $shr$../../hapicore/rtl/hapi_fp32_add.sv:188$177: { $logic_and$../../hapicore/rtl/hapi_fp32_add.sv:223$201_Y $logic_or$../../hapicore/rtl/hapi_fp32_add.sv:217$200_Y \b_inf \a_inf $auto$rtlil.cc:3259:ReduceOr$569 $auto$rtlil.cc:3259:ReduceOr$582 } = 6'000000
      Size of SAT problem: 130 cells, 11000 variables, 30602 clauses
      According to the SAT solver this pair of cells can not be shared.
      Model from SAT solver: { $logic_and$../../hapicore/rtl/hapi_fp32_add.sv:223$201_Y $logic_or$../../hapicore/rtl/hapi_fp32_add.sv:217$200_Y \b_inf \a_inf $auto$rtlil.cc:3259:ReduceOr$558 $auto$rtlil.cc:3259:ReduceOr$569 $auto$rtlil.cc:3259:ReduceOr$582 } = 7'0000010
  Analyzing resource sharing options for $shl$../../hapicore/rtl/hapi_fp32_add.sv:158$145 ($shl):
    Found 3 activation_patterns using ctrl signal { $logic_and$../../hapicore/rtl/hapi_fp32_add.sv:223$201_Y $logic_or$../../hapicore/rtl/hapi_fp32_add.sv:217$200_Y $eq$../../hapicore/rtl/hapi_fp32_add.sv:184$165_Y \b_inf \a_inf $auto$rtlil.cc:3259:ReduceOr$569 $auto$rtlil.cc:3259:ReduceOr$582 }.
    No candidates found.
  Analyzing resource sharing options for $shr$../../hapicore/rtl/hapi_fp32_add.sv:188$177 ($shr):
    Found 3 activation_patterns using ctrl signal { $logic_and$../../hapicore/rtl/hapi_fp32_add.sv:223$201_Y $logic_or$../../hapicore/rtl/hapi_fp32_add.sv:217$200_Y $eq$../../hapicore/rtl/hapi_fp32_add.sv:184$165_Y \b_inf \a_inf $auto$rtlil.cc:3259:ReduceOr$569 $auto$rtlil.cc:3259:ReduceOr$582 }.
    No candidates found.
  Analyzing resource sharing options for $shl$../../hapicore/rtl/hapi_fp32_add.sv:192$178 ($shl):
    Found 3 activation_patterns using ctrl signal { $logic_and$../../hapicore/rtl/hapi_fp32_add.sv:223$201_Y $logic_or$../../hapicore/rtl/hapi_fp32_add.sv:217$200_Y $eq$../../hapicore/rtl/hapi_fp32_add.sv:184$165_Y \b_inf \a_inf $auto$rtlil.cc:3259:ReduceOr$569 $auto$rtlil.cc:3259:ReduceOr$582 }.
    No candidates found.
Found 3 cells in module hapi_bf16_mul that may be considered for resource sharing.
  Analyzing resource sharing options for $shl$../../hapicore/rtl/hapi_bf16_mul.sv:93$34 ($shl):
    Found 3 activation_patterns using ctrl signal { $logic_or$../../hapicore/rtl/hapi_bf16_mul.sv:166$91_Y $logic_or$../../hapicore/rtl/hapi_bf16_mul.sv:164$90_Y $logic_or$../../hapicore/rtl/hapi_bf16_mul.sv:162$89_Y $auto$rtlil.cc:3259:ReduceOr$631 $auto$rtlil.cc:3259:ReduceOr$644 $auto$rtlil.cc:3259:ReduceOr$657 }.
    No candidates found.
  Analyzing resource sharing options for $shr$../../hapicore/rtl/hapi_bf16_mul.sv:130$65 ($shr):
    Found 3 activation_patterns using ctrl signal { $logic_or$../../hapicore/rtl/hapi_bf16_mul.sv:166$91_Y $logic_or$../../hapicore/rtl/hapi_bf16_mul.sv:164$90_Y $logic_or$../../hapicore/rtl/hapi_bf16_mul.sv:162$89_Y $auto$rtlil.cc:3259:ReduceOr$631 $auto$rtlil.cc:3259:ReduceOr$644 $auto$rtlil.cc:3259:ReduceOr$657 }.
    No candidates found.
  Analyzing resource sharing options for $shl$../../hapicore/rtl/hapi_bf16_mul.sv:135$67 ($shl):
    Found 3 activation_patterns using ctrl signal { $logic_or$../../hapicore/rtl/hapi_bf16_mul.sv:166$91_Y $logic_or$../../hapicore/rtl/hapi_bf16_mul.sv:164$90_Y $logic_or$../../hapicore/rtl/hapi_bf16_mul.sv:162$89_Y $eq$../../hapicore/rtl/hapi_bf16_mul.sv:135$66_Y $auto$rtlil.cc:3259:ReduceOr$631 $auto$rtlil.cc:3259:ReduceOr$644 $auto$rtlil.cc:3259:ReduceOr$657 }.
    No candidates found.

4.14. Executing OPT pass (performing simple optimizations).

4.14.1. Executing OPT_EXPR pass (perform const folding).
Optimizing module bast_mac.
Optimizing module hapi_fp32_add.
Optimizing module hapi_bf16_mul.

4.14.2. Executing OPT_MERGE pass (detect identical cells).
Finding identical cells in module `\bast_mac'.
Computing hashes of 4 cells of `\bast_mac'.
Finding duplicate cells in `\bast_mac'.
Finding identical cells in module `\hapi_fp32_add'.
Computing hashes of 147 cells of `\hapi_fp32_add'.
Finding duplicate cells in `\hapi_fp32_add'.
Finding identical cells in module `\hapi_bf16_mul'.
Computing hashes of 92 cells of `\hapi_bf16_mul'.
Finding duplicate cells in `\hapi_bf16_mul'.
Removed a total of 0 cells.

4.14.3. Executing OPT_MUXTREE pass (detect dead branches in mux trees).
Running muxtree optimizer on module \bast_mac..
  Creating internal representation of mux trees.
  Evaluating internal representation of mux trees.
  Analyzing evaluation results.
Running muxtree optimizer on module \hapi_fp32_add..
  Creating internal representation of mux trees.
  Evaluating internal representation of mux trees.
  Analyzing evaluation results.
Running muxtree optimizer on module \hapi_bf16_mul..
  Creating internal representation of mux trees.
  Evaluating internal representation of mux trees.
  Analyzing evaluation results.
Removed 0 multiplexer ports.

4.14.4. Executing OPT_REDUCE pass (consolidate $*mux and $reduce_* inputs).
  Optimizing cells in module \bast_mac.
  Optimizing cells in module \hapi_fp32_add.
  Optimizing cells in module \hapi_bf16_mul.
Performed a total of 0 changes.

4.14.5. Executing OPT_MERGE pass (detect identical cells).
Finding identical cells in module `\bast_mac'.
Computing hashes of 4 cells of `\bast_mac'.
Finding duplicate cells in `\bast_mac'.
Finding identical cells in module `\hapi_fp32_add'.
Computing hashes of 147 cells of `\hapi_fp32_add'.
Finding duplicate cells in `\hapi_fp32_add'.
Finding identical cells in module `\hapi_bf16_mul'.
Computing hashes of 92 cells of `\hapi_bf16_mul'.
Finding duplicate cells in `\hapi_bf16_mul'.
Removed a total of 0 cells.

4.14.6. Executing OPT_DFF pass (perform DFF optimizations).

4.14.7. Executing OPT_CLEAN pass (remove unused cells and wires).
Finding unused cells or wires in module \bast_mac..
Finding unused cells or wires in module \hapi_fp32_add..
Finding unused cells or wires in module \hapi_bf16_mul..
Removed 1 unused cells and 18 unused wires.

4.14.8. Executing OPT_EXPR pass (perform const folding).
Optimizing module bast_mac.
Optimizing module hapi_fp32_add.
Optimizing module hapi_bf16_mul.

4.14.9. Rerunning OPT passes. (Maybe there is more to do..)

4.14.10. Executing OPT_MUXTREE pass (detect dead branches in mux trees).
Running muxtree optimizer on module \bast_mac..
  Creating internal representation of mux trees.
  Evaluating internal representation of mux trees.
  Analyzing evaluation results.
Running muxtree optimizer on module \hapi_fp32_add..
  Creating internal representation of mux trees.
  Evaluating internal representation of mux trees.
  Analyzing evaluation results.
Running muxtree optimizer on module \hapi_bf16_mul..
  Creating internal representation of mux trees.
  Evaluating internal representation of mux trees.
  Analyzing evaluation results.
Removed 0 multiplexer ports.

4.14.11. Executing OPT_REDUCE pass (consolidate $*mux and $reduce_* inputs).
  Optimizing cells in module \bast_mac.
  Optimizing cells in module \hapi_fp32_add.
  Optimizing cells in module \hapi_bf16_mul.
Performed a total of 0 changes.

4.14.12. Executing OPT_MERGE pass (detect identical cells).
Finding identical cells in module `\bast_mac'.
Computing hashes of 4 cells of `\bast_mac'.
Finding duplicate cells in `\bast_mac'.
Finding identical cells in module `\hapi_fp32_add'.
Computing hashes of 146 cells of `\hapi_fp32_add'.
Finding duplicate cells in `\hapi_fp32_add'.
Finding identical cells in module `\hapi_bf16_mul'.
Computing hashes of 90 cells of `\hapi_bf16_mul'.
Finding duplicate cells in `\hapi_bf16_mul'.
Removed a total of 0 cells.

4.14.13. Executing OPT_DFF pass (perform DFF optimizations).

4.14.14. Executing OPT_CLEAN pass (remove unused cells and wires).
Finding unused cells or wires in module \bast_mac..
Finding unused cells or wires in module \hapi_fp32_add..
Finding unused cells or wires in module \hapi_bf16_mul..

4.14.15. Executing OPT_EXPR pass (perform const folding).
Optimizing module bast_mac.
Optimizing module hapi_fp32_add.
Optimizing module hapi_bf16_mul.

4.14.16. Finished fast OPT passes. (There is nothing left to do.)

4.15. Executing MEMORY pass.

4.15.1. Executing OPT_MEM pass (optimize memories).
Performed a total of 0 transformations.

4.15.2. Executing OPT_MEM_PRIORITY pass (removing unnecessary memory write priority relations).
Performed a total of 0 transformations.

4.15.3. Executing OPT_MEM_FEEDBACK pass (finding memory read-to-write feedback paths).

4.15.4. Executing MEMORY_BMUX2ROM pass (converting muxes to ROMs).

4.15.5. Executing MEMORY_DFF pass (merging $dff cells to $memrd).

4.15.6. Executing OPT_CLEAN pass (remove unused cells and wires).
Finding unused cells or wires in module \bast_mac..
Finding unused cells or wires in module \hapi_fp32_add..
Finding unused cells or wires in module \hapi_bf16_mul..

4.15.7. Executing MEMORY_SHARE pass (consolidating $memrd/$memwr cells).

4.15.8. Executing OPT_MEM_WIDEN pass (optimize memories where all ports are wide).
Performed a total of 0 transformations.

4.15.9. Executing OPT_CLEAN pass (remove unused cells and wires).
Finding unused cells or wires in module \bast_mac..
Finding unused cells or wires in module \hapi_fp32_add..
Finding unused cells or wires in module \hapi_bf16_mul..

4.15.10. Executing MEMORY_COLLECT pass (generating $mem cells).

4.16. Executing OPT_CLEAN pass (remove unused cells and wires).
Finding unused cells or wires in module \bast_mac..
Finding unused cells or wires in module \hapi_fp32_add..
Finding unused cells or wires in module \hapi_bf16_mul..

4.17. Executing OPT pass (performing simple optimizations).

4.17.1. Executing OPT_EXPR pass (perform const folding).
Optimizing module bast_mac.
Optimizing module hapi_fp32_add.
Optimizing module hapi_bf16_mul.

4.17.2. Executing OPT_MERGE pass (detect identical cells).
Finding identical cells in module `\bast_mac'.
Computing hashes of 4 cells of `\bast_mac'.
Finding duplicate cells in `\bast_mac'.
Finding identical cells in module `\hapi_fp32_add'.
Computing hashes of 145 cells of `\hapi_fp32_add'.
Finding duplicate cells in `\hapi_fp32_add'.
Finding identical cells in module `\hapi_bf16_mul'.
Computing hashes of 92 cells of `\hapi_bf16_mul'.
Finding duplicate cells in `\hapi_bf16_mul'.
Removed a total of 0 cells.

4.17.3. Executing OPT_DFF pass (perform DFF optimizations).

4.17.4. Executing OPT_CLEAN pass (remove unused cells and wires).
Finding unused cells or wires in module \bast_mac..
Finding unused cells or wires in module \hapi_fp32_add..
Finding unused cells or wires in module \hapi_bf16_mul..
Removed 0 unused cells and 13 unused wires.

4.17.5. Finished fast OPT passes.

4.18. Executing MEMORY_MAP pass (converting memories to logic and flip-flops).

4.19. Executing OPT pass (performing simple optimizations).

4.19.1. Executing OPT_EXPR pass (perform const folding).
Optimizing module bast_mac.
Optimizing module hapi_fp32_add.
Optimizing module hapi_bf16_mul.

4.19.2. Executing OPT_MERGE pass (detect identical cells).
Finding identical cells in module `\bast_mac'.
Computing hashes of 4 cells of `\bast_mac'.
Finding duplicate cells in `\bast_mac'.
Finding identical cells in module `\hapi_fp32_add'.
Computing hashes of 145 cells of `\hapi_fp32_add'.
Finding duplicate cells in `\hapi_fp32_add'.
Finding identical cells in module `\hapi_bf16_mul'.
Computing hashes of 92 cells of `\hapi_bf16_mul'.
Finding duplicate cells in `\hapi_bf16_mul'.
Removed a total of 0 cells.

4.19.3. Executing OPT_MUXTREE pass (detect dead branches in mux trees).
Running muxtree optimizer on module \bast_mac..
  Creating internal representation of mux trees.
  Evaluating internal representation of mux trees.
  Analyzing evaluation results.
Running muxtree optimizer on module \hapi_fp32_add..
  Creating internal representation of mux trees.
  Evaluating internal representation of mux trees.
  Analyzing evaluation results.
Running muxtree optimizer on module \hapi_bf16_mul..
  Creating internal representation of mux trees.
  Evaluating internal representation of mux trees.
  Analyzing evaluation results.
Removed 0 multiplexer ports.

4.19.4. Executing OPT_REDUCE pass (consolidate $*mux and $reduce_* inputs).
  Optimizing cells in module \bast_mac.
  Optimizing cells in module \hapi_fp32_add.
    Consolidated identical input bits for $mux cell $procmux$315:
      Old ports: A={ 1'0 $add$../../hapicore/rtl/hapi_fp32_add.sv:196$188_Y [22:0] }, B={ 1'1 $add$../../hapicore/rtl/hapi_fp32_add.sv:196$188_Y [22:0] }, Y=$3\arith_bits[31:0] [23:0]
      New ports: A=1'0, B=1'1, Y=$3\arith_bits[31:0] [23]
      New connections: $3\arith_bits[31:0] [22:0] = $add$../../hapicore/rtl/hapi_fp32_add.sv:196$188_Y [22:0]
    Consolidated identical input bits for $mux cell $ternary$../../hapicore/rtl/hapi_fp32_add.sv:62$127:
      Old ports: A={ 1'1 \msml }, B={ 1'0 \msml }, Y=\sig_sml
      New ports: A=1'1, B=1'0, Y=\sig_sml [23]
      New connections: \sig_sml [22:0] = \msml
    Consolidated identical input bits for $mux cell $ternary$../../hapicore/rtl/hapi_fp32_add.sv:61$126:
      Old ports: A={ 1'1 \mbig }, B={ 1'0 \mbig }, Y=\sig_big
      New ports: A=1'1, B=1'0, Y=\sig_big [23]
      New connections: \sig_big [22:0] = \mbig
  Optimizing cells in module \hapi_fp32_add.
  Optimizing cells in module \hapi_bf16_mul.
    Consolidated identical input bits for $mux cell $ternary$../../hapicore/rtl/hapi_bf16_mul.sv:48$30:
      Old ports: A={ 1'1 \b [6:0] }, B={ 1'0 \b [6:0] }, Y=\sigb
      New ports: A=1'1, B=1'0, Y=\sigb [7]
      New connections: \sigb [6:0] = \b [6:0]
    Consolidated identical input bits for $mux cell $ternary$../../hapicore/rtl/hapi_bf16_mul.sv:47$29:
      Old ports: A={ 1'1 \a [6:0] }, B={ 1'0 \a [6:0] }, Y=\siga
      New ports: A=1'1, B=1'0, Y=\siga [7]
      New connections: \siga [6:0] = \a [6:0]
    Consolidated identical input bits for $mux cell $procmux$456:
      Old ports: A={ 1'0 $add$../../hapicore/rtl/hapi_bf16_mul.sv:139$77_Y [6:0] }, B={ 1'1 $add$../../hapicore/rtl/hapi_bf16_mul.sv:139$77_Y [6:0] }, Y=$3\result_bits[15:0] [7:0]
      New ports: A=1'0, B=1'1, Y=$3\result_bits[15:0] [7]
      New connections: $3\result_bits[15:0] [6:0] = $add$../../hapicore/rtl/hapi_bf16_mul.sv:139$77_Y [6:0]
  Optimizing cells in module \hapi_bf16_mul.
Performed a total of 6 changes.

4.19.5. Executing OPT_MERGE pass (detect identical cells).
Finding identical cells in module `\bast_mac'.
Computing hashes of 4 cells of `\bast_mac'.
Finding duplicate cells in `\bast_mac'.
Finding identical cells in module `\hapi_fp32_add'.
Computing hashes of 145 cells of `\hapi_fp32_add'.
Finding duplicate cells in `\hapi_fp32_add'.
Finding identical cells in module `\hapi_bf16_mul'.
Computing hashes of 92 cells of `\hapi_bf16_mul'.
Finding duplicate cells in `\hapi_bf16_mul'.
Removed a total of 0 cells.

4.19.6. Executing OPT_SHARE pass.

4.19.7. Executing OPT_DFF pass (perform DFF optimizations).

4.19.8. Executing OPT_CLEAN pass (remove unused cells and wires).
Finding unused cells or wires in module \bast_mac..
Finding unused cells or wires in module \hapi_fp32_add..
Finding unused cells or wires in module \hapi_bf16_mul..

4.19.9. Executing OPT_EXPR pass (perform const folding).
Optimizing module bast_mac.
Optimizing module hapi_fp32_add.
Optimizing module hapi_bf16_mul.

4.19.10. Rerunning OPT passes. (Maybe there is more to do..)

4.19.11. Executing OPT_MUXTREE pass (detect dead branches in mux trees).
Running muxtree optimizer on module \bast_mac..
  Creating internal representation of mux trees.
  Evaluating internal representation of mux trees.
  Analyzing evaluation results.
Running muxtree optimizer on module \hapi_fp32_add..
  Creating internal representation of mux trees.
  Evaluating internal representation of mux trees.
  Analyzing evaluation results.
Running muxtree optimizer on module \hapi_bf16_mul..
  Creating internal representation of mux trees.
  Evaluating internal representation of mux trees.
  Analyzing evaluation results.
Removed 0 multiplexer ports.

4.19.12. Executing OPT_REDUCE pass (consolidate $*mux and $reduce_* inputs).
  Optimizing cells in module \bast_mac.
  Optimizing cells in module \hapi_fp32_add.
  Optimizing cells in module \hapi_bf16_mul.
Performed a total of 0 changes.

4.19.13. Executing OPT_MERGE pass (detect identical cells).
Finding identical cells in module `\bast_mac'.
Computing hashes of 4 cells of `\bast_mac'.
Finding duplicate cells in `\bast_mac'.
Finding identical cells in module `\hapi_fp32_add'.
Computing hashes of 144 cells of `\hapi_fp32_add'.
Finding duplicate cells in `\hapi_fp32_add'.
Finding identical cells in module `\hapi_bf16_mul'.
Computing hashes of 91 cells of `\hapi_bf16_mul'.
Finding duplicate cells in `\hapi_bf16_mul'.
Removed a total of 0 cells.

4.19.14. Executing OPT_SHARE pass.

4.19.15. Executing OPT_DFF pass (perform DFF optimizations).

4.19.16. Executing OPT_CLEAN pass (remove unused cells and wires).
Finding unused cells or wires in module \bast_mac..
Finding unused cells or wires in module \hapi_fp32_add..
Finding unused cells or wires in module \hapi_bf16_mul..

4.19.17. Executing OPT_EXPR pass (perform const folding).
Optimizing module bast_mac.
Optimizing module hapi_fp32_add.
Optimizing module hapi_bf16_mul.

4.19.18. Finished fast OPT passes. (There is nothing left to do.)

4.20. Executing TECHMAP pass (map to technology primitives).

4.20.1. Executing Verilog-2005 frontend: /home/lordegypt/miniconda3/envs/eda/bin/../share/yosys/techmap.v
Parsing Verilog input from `/home/lordegypt/miniconda3/envs/eda/bin/../share/yosys/techmap.v' to AST representation.
Generating RTLIL representation for module `\_90_simplemap_bool_ops'.
Generating RTLIL representation for module `\_90_simplemap_reduce_ops'.
Generating RTLIL representation for module `\_90_simplemap_logic_ops'.
Generating RTLIL representation for module `\_90_simplemap_compare_ops'.
Generating RTLIL representation for module `\_90_simplemap_various'.
Generating RTLIL representation for module `\_90_simplemap_registers'.
Generating RTLIL representation for module `\_90_shift_ops_shr_shl_sshl_sshr'.
Generating RTLIL representation for module `\_90_shift_shiftx'.
Generating RTLIL representation for module `\_90_fa'.
Generating RTLIL representation for module `\_90_lcu_brent_kung'.
Generating RTLIL representation for module `\_90_alu'.
Generating RTLIL representation for module `\_90_macc'.
Generating RTLIL representation for module `\_90_alumacc'.
Generating RTLIL representation for module `$__div_mod_u'.
Generating RTLIL representation for module `$__div_mod_trunc'.
Generating RTLIL representation for module `\_90_div'.
Generating RTLIL representation for module `\_90_mod'.
Generating RTLIL representation for module `$__div_mod_floor'.
Generating RTLIL representation for module `\_90_divfloor'.
Generating RTLIL representation for module `\_90_modfloor'.
Generating RTLIL representation for module `\_90_pow'.
Generating RTLIL representation for module `\_90_demux'.
Generating RTLIL representation for module `\_90_lut'.
Generating RTLIL representation for module `$connect'.
Generating RTLIL representation for module `$input_port'.
Successfully finished Verilog frontend.

4.20.2. Continuing TECHMAP pass.
Using extmapper simplemap for cells of type $not.
Using extmapper simplemap for cells of type $and.
Using template $paramod$f6b150f99cedb4600d58783d72c448748bc1d18b\_90_alu for cells of type $alu.
Using template $paramod$d397c0c70d101de41e717eb2706cb4780269823b\_90_alu for cells of type $alu.
Using template $paramod$constmap:a41b8f4040b87ae5d920b3d7ca07fea41b6d39cd$paramod$3bf4391c2edcd7fdc564361d03ba2cf3a33c67d4\_90_shift_ops_shr_shl_sshl_sshr for cells of type $shl.
Using template $paramod$c04af8dbf0e5d1d69bbccb2c7bd8a93fc9ef54dc\_90_alu for cells of type $alu.
Using template $paramod$constmap:c3f9db2ed086131a46ea635902d682d06f2a96c0$paramod$7354c247b305eda7a69b0d7d9e3b06c015b65190\_90_shift_ops_shr_shl_sshl_sshr for cells of type $shl.
Using template $paramod$constmap:c3f9db2ed086131a46ea635902d682d06f2a96c0$paramod$f32fe74d2f8ab5a9d1f90720afb1f17fabd90573\_90_shift_ops_shr_shl_sshl_sshr for cells of type $shr.
Using template $paramod$a2af9b43308e3114c3b5dd3f4dc3329b2387395d\_90_alu for cells of type $alu.
Using template $paramod$754650b284649a026620fc6856e5b6886cbfe794\_90_alu for cells of type $alu.
Using extmapper simplemap for cells of type $reduce_or.
Using extmapper simplemap for cells of type $or.
Using extmapper simplemap for cells of type $reduce_and.
Using template $paramod$0bf21d6ba6357507623b189abbc1d6f284d75c81\_90_alu for cells of type $alu.
Using template $paramod$694f8aada8e1d2b9d9b778ffe851c169b50bc07c\_90_alu for cells of type $alu.
Using extmapper maccmap for cells of type $macc_v2.
  add { \siga [7] \a [6:0] } * { \sigb [7] \b [6:0] } (8x8 bits, unsigned)
  add \expa (8 bits, unsigned)
  add \expb (8 bits, unsigned)
  add 10'1110000010 (10 bits, unsigned)
Using extmapper simplemap for cells of type $xor.
Using extmapper simplemap for cells of type $logic_and.
Using extmapper simplemap for cells of type $logic_not.
Using extmapper simplemap for cells of type $eq.
Using extmapper simplemap for cells of type $reduce_bool.
Using extmapper simplemap for cells of type $logic_or.
Using extmapper simplemap for cells of type $pmux.
Using template $paramod\_90_fa\WIDTH=32'00000000000000000000000000001010 for cells of type $fa.
Using template $paramod$484d51534650924b7ed4c69e46eed3a56904771f\_90_alu for cells of type $alu.
Using template $paramod\_90_fa\WIDTH=32'00000000000000000000000000010000 for cells of type $fa.
Using template $paramod$6df0329addda9228fcc2546de2aaf14ad26c98e1\_90_alu for cells of type $alu.
Using extmapper simplemap for cells of type $pos.
Using template $paramod\_90_fa\WIDTH=32'00000000000000000000000000100000 for cells of type $fa.
Using template $paramod\_90_lcu_brent_kung\WIDTH=32'00000000000000000000000000100000 for cells of type $lcu.
Using template $paramod\_90_fa\WIDTH=32'00000000000000000000000000001011 for cells of type $fa.
Using template $paramod\_90_lcu_brent_kung\WIDTH=32'00000000000000000000000000001011 for cells of type $lcu.
Using template $paramod\_90_fa\WIDTH=32'00000000000000000000000000001001 for cells of type $fa.
Using template $paramod\_90_lcu_brent_kung\WIDTH=32'00000000000000000000000000001001 for cells of type $lcu.
Using template $paramod\_90_lcu_brent_kung\WIDTH=32'00000000000000000000000000001010 for cells of type $lcu.
Using template $paramod\_90_lcu_brent_kung\WIDTH=32'00000000000000000000000000010000 for cells of type $lcu.
Using template $paramod$4ccbe221165818e15f326ddee3d1183c7924e12f\_90_alu for cells of type $alu.
Using template $paramod$constmap:7a7ad822da818f34e065e86a96d68fc56765f3d7$paramod$92b7a8b86165856748e4c1ee3b647c7065a21211\_90_shift_ops_shr_shl_sshl_sshr for cells of type $shl.
Using template $paramod$aafe872697394e3fa34516abd8efe9fcd929ccf5\_90_alu for cells of type $alu.
Using template $paramod$214d13a4e04a6a3f2cf55e8768b9af287a91473e\_90_alu for cells of type $alu.
Using template $paramod$65216b304e0e600b68271885889e654586c4a1b6\_90_alu for cells of type $alu.
Using template $paramod$78442a4931486f0e57f68961ac105d7345d17183\_90_alu for cells of type $alu.
Using template $paramod$4cf780badb2a133d592416f5810032e7b676d9f1\_90_alu for cells of type $alu.
Using template $paramod$6f78f06913b17543b88acaa0968bdd56337a4e9b\_90_alu for cells of type $alu.
Using template $paramod$103b4016182df467cceab67bcf3e18e6361ec0fd\_90_alu for cells of type $alu.
Using template $paramod$constmap:04ff28ce6181b97a77208d34a54ecfcb55b09258$paramod$53fefac6dbb163b8dacf664a7a0b7c7205f793e7\_90_shift_ops_shr_shl_sshl_sshr for cells of type $shl.
Using template $paramod$67c3d0d7a14ba7d93dc1ba35ef549aaa658214e5\_90_alu for cells of type $alu.
Using template $paramod$constmap:7a96dd490932ca516ed68a1a07bb54b2b722f550$paramod$4b6654d47640c0efad2844afd6389851b967e800\_90_shift_ops_shr_shl_sshl_sshr for cells of type $shl.
Using template $paramod$constmap:0a8244ead82cdf1d1da47b421a3cb8cd47c11d02$paramod$d3a83f57a6691ae50834357342ed55c152bc885b\_90_shift_ops_shr_shl_sshl_sshr for cells of type $shr.
Using template $paramod$f137a8bfbd1456d75171dc760be33d0c1f0b83ab\_90_alu for cells of type $alu.
Using template $paramod$5d7bf89bead63599a0c4fbe7617ae2af1a7c16a5\_90_alu for cells of type $alu.
Using template $paramod$ebf89ea36a793f0f77858f212141d47c833068ad\_90_alu for cells of type $alu.
Using template $paramod$constmap:8f34f9454edb835086a359098dd8fa1921db47fe$paramod$616bbca148fa8929ec93c3bb2f0e22f248efe513\_90_shift_ops_shr_shl_sshl_sshr for cells of type $shr.
Using extmapper simplemap for cells of type $ne.
Using template $paramod\_90_fa\WIDTH=32'00000000000000000000000000110001 for cells of type $fa.
Using template $paramod\_90_lcu_brent_kung\WIDTH=32'00000000000000000000000000110001 for cells of type $lcu.
Using template $paramod\_90_fa\WIDTH=32'00000000000000000000000000011001 for cells of type $fa.
Using template $paramod\_90_lcu_brent_kung\WIDTH=32'00000000000000000000000000011001 for cells of type $lcu.
Using template $paramod\_90_fa\WIDTH=32'00000000000000000000000000000110 for cells of type $fa.
Using template $paramod\_90_lcu_brent_kung\WIDTH=32'00000000000000000000000000000110 for cells of type $lcu.
Using template $paramod\_90_fa\WIDTH=32'00000000000000000000000000000111 for cells of type $fa.
Using template $paramod\_90_lcu_brent_kung\WIDTH=32'00000000000000000000000000000111 for cells of type $lcu.
Using template $paramod\_90_fa\WIDTH=32'00000000000000000000000001100000 for cells of type $fa.
Using template $paramod\_90_lcu_brent_kung\WIDTH=32'00000000000000000000000001100000 for cells of type $lcu.
Using template $paramod\_90_fa\WIDTH=32'00000000000000000000000000011111 for cells of type $fa.
Using template $paramod\_90_lcu_brent_kung\WIDTH=32'00000000000000000000000000011111 for cells of type $lcu.
Using extmapper simplemap for cells of type $adffe.
No more expansions possible.

4.21. Executing OPT pass (performing simple optimizations).

4.21.1. Executing OPT_EXPR pass (perform const folding).
Optimizing module bast_mac.
Optimizing module hapi_fp32_add.
Optimizing module hapi_bf16_mul.

4.21.2. Executing OPT_MERGE pass (detect identical cells).
Finding identical cells in module `\bast_mac'.
Computing hashes of 66 cells of `\bast_mac'.
Finding duplicate cells in `\bast_mac'.
Finding identical cells in module `\hapi_fp32_add'.
Computing hashes of 5618 cells of `\hapi_fp32_add'.
Finding duplicate cells in `\hapi_fp32_add'.
Computing hashes of 4959 cells of `\hapi_fp32_add'.
Finding duplicate cells in `\hapi_fp32_add'.
Computing hashes of 4703 cells of `\hapi_fp32_add'.
Finding duplicate cells in `\hapi_fp32_add'.
Computing hashes of 4617 cells of `\hapi_fp32_add'.
Finding duplicate cells in `\hapi_fp32_add'.
Computing hashes of 4602 cells of `\hapi_fp32_add'.
Finding duplicate cells in `\hapi_fp32_add'.
Computing hashes of 4599 cells of `\hapi_fp32_add'.
Finding duplicate cells in `\hapi_fp32_add'.
Finding identical cells in module `\hapi_bf16_mul'.
Computing hashes of 1691 cells of `\hapi_bf16_mul'.
Finding duplicate cells in `\hapi_bf16_mul'.
Computing hashes of 1609 cells of `\hapi_bf16_mul'.
Finding duplicate cells in `\hapi_bf16_mul'.
Computing hashes of 1590 cells of `\hapi_bf16_mul'.
Finding duplicate cells in `\hapi_bf16_mul'.
Computing hashes of 1586 cells of `\hapi_bf16_mul'.
Finding duplicate cells in `\hapi_bf16_mul'.
Computing hashes of 1585 cells of `\hapi_bf16_mul'.
Finding duplicate cells in `\hapi_bf16_mul'.
Removed a total of 1125 cells.

4.21.3. Executing OPT_DFF pass (perform DFF optimizations).

4.21.4. Executing OPT_CLEAN pass (remove unused cells and wires).
Finding unused cells or wires in module \bast_mac..
Finding unused cells or wires in module \hapi_fp32_add..
Finding unused cells or wires in module \hapi_bf16_mul..
Removed 855 unused cells and 2557 unused wires.

4.21.5. Finished fast OPT passes.

4.22. Executing ABC pass (technology mapping using ABC).

4.22.1. Extracting gate netlist of module `\bast_mac' to `<abc-temp-dir>/input.blif'..

4.22.1.1. Executed ABC.
Extracted 32 gates and 66 wires to a netlist network with 33 inputs and 32 outputs.
Running ABC script: <abc-temp-dir>/abc.script
ABC: UC Berkeley, ABC 1.01 (compiled May 12 2026 13:26:50)
ABC: abc 01> empty
ABC: abc 01> source <abc-temp-dir>/abc.script
ABC: + read_blif <abc-temp-dir>/input.blif 
ABC: + read_library <abc-temp-dir>/stdcells.genlib 
ABC: + strash 
ABC: + &get -n 
ABC: + &fraig -x 
ABC: + &put 
ABC: + scorr 
ABC: Warning: The network is combinational (run "fraig" or "fraig_sweep").
ABC: + dc2 
ABC: + dretime 
ABC: + strash 
ABC: + &get -n 
ABC: + &dch -f 
ABC: + &nf 
ABC: + &put 
ABC: + write_blif <abc-temp-dir>/output.blif 
ABC: 
ABC: YOSYS_ABC_DONE 

4.22.1.2. Re-integrating ABC results.
ABC RESULTS:            ANDNOT cells:       32
ABC RESULTS:        internal signals:        1
ABC RESULTS:           input signals:       33
ABC RESULTS:          output signals:       32
Removing temp directory.

4.22.2. Extracting gate netlist of module `\hapi_fp32_add' to `<abc-temp-dir>/input.blif'..

4.22.2.1. Executed ABC.
Extracted 3977 gates and 4043 wires to a netlist network with 64 inputs and 32 outputs.
Running ABC script: <abc-temp-dir>/abc.script
ABC: UC Berkeley, ABC 1.01 (compiled May 12 2026 13:26:50)
ABC: abc 01> empty
ABC: abc 01> source <abc-temp-dir>/abc.script
ABC: + read_blif <abc-temp-dir>/input.blif 
ABC: + read_library <abc-temp-dir>/stdcells.genlib 
ABC: + strash 
ABC: + &get -n 
ABC: + &fraig -x 
ABC: + &put 
ABC: + scorr 
ABC: Warning: The network is combinational (run "fraig" or "fraig_sweep").
ABC: + dc2 
ABC: + dretime 
ABC: + strash 
ABC: + &get -n 
ABC: + &dch -f 
ABC: + &nf 
ABC: + &put 
ABC: + write_blif <abc-temp-dir>/output.blif 
ABC: 
ABC: YOSYS_ABC_DONE 

4.22.2.2. Re-integrating ABC results.
ABC RESULTS:               AND cells:      486
ABC RESULTS:            ANDNOT cells:       97
ABC RESULTS:               MUX cells:      342
ABC RESULTS:              NAND cells:      415
ABC RESULTS:               NOR cells:       68
ABC RESULTS:               NOT cells:       43
ABC RESULTS:                OR cells:      114
ABC RESULTS:             ORNOT cells:      156
ABC RESULTS:              XNOR cells:       49
ABC RESULTS:               XOR cells:       22
ABC RESULTS:        internal signals:     3947
ABC RESULTS:           input signals:       64
ABC RESULTS:          output signals:       32
Removing temp directory.

4.22.3. Extracting gate netlist of module `\hapi_bf16_mul' to `<abc-temp-dir>/input.blif'..

4.22.3.1. Executed ABC.
Extracted 1352 gates and 1386 wires to a netlist network with 32 inputs and 16 outputs.
Running ABC script: <abc-temp-dir>/abc.script
ABC: UC Berkeley, ABC 1.01 (compiled May 12 2026 13:26:50)
ABC: abc 01> empty
ABC: abc 01> source <abc-temp-dir>/abc.script
ABC: + read_blif <abc-temp-dir>/input.blif 
ABC: + read_library <abc-temp-dir>/stdcells.genlib 
ABC: + strash 
ABC: + &get -n 
ABC: + &fraig -x 
ABC: + &put 
ABC: + scorr 
ABC: Warning: The network is combinational (run "fraig" or "fraig_sweep").
ABC: + dc2 
ABC: + dretime 
ABC: + strash 
ABC: + &get -n 
ABC: + &dch -f 
ABC: + &nf 
ABC: + &put 
ABC: + write_blif <abc-temp-dir>/output.blif 
ABC: 
ABC: YOSYS_ABC_DONE 

4.22.3.2. Re-integrating ABC results.
ABC RESULTS:               AND cells:      238
ABC RESULTS:            ANDNOT cells:       22
ABC RESULTS:               MUX cells:       56
ABC RESULTS:              NAND cells:      291
ABC RESULTS:               NOR cells:       31
ABC RESULTS:               NOT cells:       20
ABC RESULTS:                OR cells:       32
ABC RESULTS:             ORNOT cells:       23
ABC RESULTS:              XNOR cells:       37
ABC RESULTS:               XOR cells:      123
ABC RESULTS:        internal signals:     1338
ABC RESULTS:           input signals:       32
ABC RESULTS:          output signals:       16
Removing temp directory.
Removing global temp directory.

4.23. Executing OPT pass (performing simple optimizations).

4.23.1. Executing OPT_EXPR pass (perform const folding).
Optimizing module bast_mac.
Optimizing module hapi_fp32_add.
Optimizing module hapi_bf16_mul.

4.23.2. Executing OPT_MERGE pass (detect identical cells).
Finding identical cells in module `\bast_mac'.
Computing hashes of 66 cells of `\bast_mac'.
Finding duplicate cells in `\bast_mac'.
Finding identical cells in module `\hapi_fp32_add'.
Computing hashes of 1792 cells of `\hapi_fp32_add'.
Finding duplicate cells in `\hapi_fp32_add'.
Finding identical cells in module `\hapi_bf16_mul'.
Computing hashes of 873 cells of `\hapi_bf16_mul'.
Finding duplicate cells in `\hapi_bf16_mul'.
Removed a total of 0 cells.

4.23.3. Executing OPT_DFF pass (perform DFF optimizations).

4.23.4. Executing OPT_CLEAN pass (remove unused cells and wires).
Finding unused cells or wires in module \bast_mac..
Finding unused cells or wires in module \hapi_fp32_add..
Finding unused cells or wires in module \hapi_bf16_mul..
Removed 0 unused cells and 1778 unused wires.

4.23.5. Finished fast OPT passes.

4.24. Executing HIERARCHY pass (managing design hierarchy).
Attribute `top' found on module `bast_mac'. Setting top module to bast_mac.

4.24.1. Analyzing design hierarchy..
Top module:  \bast_mac
Used module:     \hapi_fp32_add
Used module:     \hapi_bf16_mul

4.24.2. Analyzing design hierarchy..
Top module:  \bast_mac
Used module:     \hapi_fp32_add
Used module:     \hapi_bf16_mul
Removed 0 unused modules.

4.25. Printing statistics.

=== bast_mac ===

        +----------Local Count, excluding submodules.
        | 
       11 wires
      180 wire bits
       11 public wires
      180 public wire bits
        7 ports
       68 port bits
       64 cells
       32   $_ANDNOT_
       32   $_DFFE_PN0P_
        2 submodules
        1   hapi_bf16_mul
        1   hapi_fp32_add

=== hapi_fp32_add ===

        +----------Local Count, excluding submodules.
        | 
     1778 wires
     2228 wire bits
       18 public wires
      468 public wire bits
        3 ports
       96 port bits
     1792 cells
       97   $_ANDNOT_
      486   $_AND_
      342   $_MUX_
      415   $_NAND_
       68   $_NOR_
       43   $_NOT_
      156   $_ORNOT_
      114   $_OR_
       49   $_XNOR_
       22   $_XOR_

=== hapi_bf16_mul ===

        +----------Local Count, excluding submodules.
        | 
      871 wires
      986 wire bits
       14 public wires
      129 public wire bits
        3 ports
       48 port bits
      873 cells
       22   $_ANDNOT_
      238   $_AND_
       56   $_MUX_
      291   $_NAND_
       31   $_NOR_
       20   $_NOT_
       23   $_ORNOT_
       32   $_OR_
       37   $_XNOR_
      123   $_XOR_

=== design hierarchy ===

        +----------Count including submodules.
        | 
     2729 bast_mac
      873 hapi_bf16_mul
     1792 hapi_fp32_add

        +----------Count including submodules.
        | 
     2660 wires
     3394 wire bits
       43 public wires
      777 public wire bits
       13 ports
      212 port bits
        - memories
        - memory bits
        - processes
     2729 cells
      151   $_ANDNOT_
      724   $_AND_
       32   $_DFFE_PN0P_
      398   $_MUX_
      706   $_NAND_
       99   $_NOR_
       63   $_NOT_
      179   $_ORNOT_
      146   $_OR_
       86   $_XNOR_
      145   $_XOR_
        2 submodules
        1   hapi_bf16_mul
        1   hapi_fp32_add

4.26. Executing CHECK pass (checking for obvious problems).
Checking module bast_mac...
Checking module hapi_fp32_add...
Checking module hapi_bf16_mul...
Found and reported 0 problems.

5. Printing statistics.

=== bast_mac ===

        +----------Local Count, excluding submodules.
        | 
       11 wires
      180 wire bits
       11 public wires
      180 public wire bits
        7 ports
       68 port bits
       64 cells
       32   $_ANDNOT_
       32   $_DFFE_PN0P_
        2 submodules
        1   hapi_bf16_mul
        1   hapi_fp32_add

=== hapi_fp32_add ===

        +----------Local Count, excluding submodules.
        | 
     1778 wires
     2228 wire bits
       18 public wires
      468 public wire bits
        3 ports
       96 port bits
     1792 cells
       97   $_ANDNOT_
      486   $_AND_
      342   $_MUX_
      415   $_NAND_
       68   $_NOR_
       43   $_NOT_
      156   $_ORNOT_
      114   $_OR_
       49   $_XNOR_
       22   $_XOR_

=== hapi_bf16_mul ===

        +----------Local Count, excluding submodules.
        | 
      871 wires
      986 wire bits
       14 public wires
      129 public wire bits
        3 ports
       48 port bits
      873 cells
       22   $_ANDNOT_
      238   $_AND_
       56   $_MUX_
      291   $_NAND_
       31   $_NOR_
       20   $_NOT_
       23   $_ORNOT_
       32   $_OR_
       37   $_XNOR_
      123   $_XOR_

=== design hierarchy ===

        +----------Count including submodules.
        | 
     2729 bast_mac
      873 hapi_bf16_mul
     1792 hapi_fp32_add

        +----------Count including submodules.
        | 
     2660 wires
     3394 wire bits
       43 public wires
      777 public wire bits
       13 ports
      212 port bits
        - memories
        - memory bits
        - processes
     2729 cells
      151   $_ANDNOT_
      724   $_AND_
       32   $_DFFE_PN0P_
      398   $_MUX_
      706   $_NAND_
       99   $_NOR_
       63   $_NOT_
      179   $_ORNOT_
      146   $_OR_
       86   $_XNOR_
      145   $_XOR_
        2 submodules
        1   hapi_bf16_mul
        1   hapi_fp32_add

End of script. Logfile hash: ec2ec6a2cd, time: 2.29s, user: 1.07s, system: 0.07s, MEM: 62.75 MB peak
Yosys 0.65 (git sha1 aec814bdf3071f7e0fd0fbe43f7f711e99d01e24, g++ 14.3.0-19 -fvisibility-inlines-hidden -fmessage-length=0 -march=nocona -mtune=haswell -ftree-vectorize -fPIC -fstack-protector-strong -fno-plt -O2 -ffunction-sections -fdebug-prefix-map=/home/conda/feedstock_root/build_artifacts/yosys_1778591527500/work=/usr/local/src/conda/yosys-0.65 -fdebug-prefix-map=/home/lordegypt/miniconda3/envs/eda=/usr/local/src/conda-prefix -fPIC -O3) [conda-forge/yosys-feedstock]
Time spent: 52% 1x abc (1 sec), 10% 55x opt_expr (0 sec), ...
