
 /----------------------------------------------------------------------------\
 |  yosys -- Yosys Open SYnthesis Suite                                       |
 |  Copyright (C) 2012 - 2026  Claire Xenia Wolf <claire@yosyshq.com>         |
 |  Distributed under an ISC-like license, type "license" to see terms        |
 \----------------------------------------------------------------------------/
 Yosys 0.65 (git sha1 aec814bdf3071f7e0fd0fbe43f7f711e99d01e24, g++ 14.3.0-19 -fvisibility-inlines-hidden -fmessage-length=0 -march=nocona -mtune=haswell -ftree-vectorize -fPIC -fstack-protector-strong -fno-plt -O2 -ffunction-sections -fdebug-prefix-map=/home/conda/feedstock_root/build_artifacts/yosys_1778591527500/work=/usr/local/src/conda/yosys-0.65 -fdebug-prefix-map=/home/lordegypt/miniconda3/envs/eda=/usr/local/src/conda-prefix -fPIC -O3) [conda-forge/yosys-feedstock]

-- Running command `
    read_verilog -sv ../rtl/neith_modmul.sv;
    synth -top neith_modmul;
    select -assert-none t:$_DLATCH_* t:$dlatch;
    tee -o reports/neith_modmul.stat stat
' --

1. Executing Verilog-2005 frontend: ../rtl/neith_modmul.sv
Parsing SystemVerilog input from `../rtl/neith_modmul.sv' to AST representation.
Generating RTLIL representation for module `\neith_modmul'.
Successfully finished Verilog frontend.

2. Executing SYNTH pass.

2.1. Executing HIERARCHY pass (managing design hierarchy).

2.1.1. Analyzing design hierarchy..
Top module:  \neith_modmul

2.1.2. Analyzing design hierarchy..
Top module:  \neith_modmul
Removed 0 unused modules.

2.2. Executing PROC pass (convert processes to netlists).

2.2.1. Executing PROC_CLEAN pass (remove empty switches from decision trees).
Cleaned up 0 empty switches.

2.2.2. Executing PROC_RMDEAD pass (remove dead branches from decision trees).
Removed a total of 0 dead cases.

2.2.3. Executing PROC_PRUNE pass (remove redundant assignments in processes).
Removed 0 redundant assignments.
Promoted 0 assignments to connections.

2.2.4. Executing PROC_INIT pass (extract init attributes).

2.2.5. Executing PROC_ARST pass (detect async resets in processes).

2.2.6. Executing PROC_ROM pass (convert switches to ROMs).
Converted 0 switches.

2.2.7. Executing PROC_MUX pass (convert decision trees to multiplexers).

2.2.8. Executing PROC_DLATCH pass (convert process syncs to latches).

2.2.9. Executing PROC_DFF pass (convert process syncs to FFs).

2.2.10. Executing PROC_MEMWR pass (convert process memory writes to cells).

2.2.11. Executing PROC_CLEAN pass (remove empty switches from decision trees).
Cleaned up 0 empty switches.

2.2.12. Executing OPT_EXPR pass (perform const folding).
Optimizing module neith_modmul.

2.3. Executing OPT_EXPR pass (perform const folding).
Optimizing module neith_modmul.

2.4. Executing OPT_CLEAN pass (remove unused cells and wires).
Finding unused cells or wires in module \neith_modmul..
Removed 0 unused cells and 7 unused wires.

2.5. Executing CHECK pass (checking for obvious problems).
Checking module neith_modmul...
Found and reported 0 problems.

2.6. Executing OPT pass (performing simple optimizations).

2.6.1. Executing OPT_EXPR pass (perform const folding).
Optimizing module neith_modmul.

2.6.2. Executing OPT_MERGE pass (detect identical cells).
Finding identical cells in module `\neith_modmul'.
Computing hashes of 13 cells of `\neith_modmul'.
Finding duplicate cells in `\neith_modmul'.
Removed a total of 0 cells.

2.6.3. Executing OPT_MUXTREE pass (detect dead branches in mux trees).
Running muxtree optimizer on module \neith_modmul..
  Creating internal representation of mux trees.
  Evaluating internal representation of mux trees.
  Analyzing evaluation results.
Removed 0 multiplexer ports.

2.6.4. Executing OPT_REDUCE pass (consolidate $*mux and $reduce_* inputs).
  Optimizing cells in module \neith_modmul.
Performed a total of 0 changes.

2.6.5. Executing OPT_MERGE pass (detect identical cells).
Finding identical cells in module `\neith_modmul'.
Computing hashes of 13 cells of `\neith_modmul'.
Finding duplicate cells in `\neith_modmul'.
Removed a total of 0 cells.

2.6.6. Executing OPT_DFF pass (perform DFF optimizations).

2.6.7. Executing OPT_CLEAN pass (remove unused cells and wires).
Finding unused cells or wires in module \neith_modmul..

2.6.8. Executing OPT_EXPR pass (perform const folding).
Optimizing module neith_modmul.

2.6.9. Finished fast OPT passes. (There is nothing left to do.)

2.7. Executing FSM pass (extract and optimize FSM).

2.7.1. Executing FSM_DETECT pass (finding FSMs in design).

2.7.2. Executing FSM_EXTRACT pass (extracting FSM from design).

2.7.3. Executing FSM_OPT pass (simple optimizations of FSMs).

2.7.4. Executing OPT_CLEAN pass (remove unused cells and wires).
Finding unused cells or wires in module \neith_modmul..

2.7.5. Executing FSM_OPT pass (simple optimizations of FSMs).

2.7.6. Executing FSM_RECODE pass (re-assigning FSM state encoding).

2.7.7. Executing FSM_INFO pass (dumping all available information on FSM cells).

2.7.8. Executing FSM_MAP pass (mapping FSMs to basic logic).

2.8. Executing OPT pass (performing simple optimizations).

2.8.1. Executing OPT_EXPR pass (perform const folding).
Optimizing module neith_modmul.

2.8.2. Executing OPT_MERGE pass (detect identical cells).
Finding identical cells in module `\neith_modmul'.
Computing hashes of 13 cells of `\neith_modmul'.
Finding duplicate cells in `\neith_modmul'.
Removed a total of 0 cells.

2.8.3. Executing OPT_MUXTREE pass (detect dead branches in mux trees).
Running muxtree optimizer on module \neith_modmul..
  Creating internal representation of mux trees.
  Evaluating internal representation of mux trees.
  Analyzing evaluation results.
Removed 0 multiplexer ports.

2.8.4. Executing OPT_REDUCE pass (consolidate $*mux and $reduce_* inputs).
  Optimizing cells in module \neith_modmul.
Performed a total of 0 changes.

2.8.5. Executing OPT_MERGE pass (detect identical cells).
Finding identical cells in module `\neith_modmul'.
Computing hashes of 13 cells of `\neith_modmul'.
Finding duplicate cells in `\neith_modmul'.
Removed a total of 0 cells.

2.8.6. Executing OPT_DFF pass (perform DFF optimizations).

2.8.7. Executing OPT_CLEAN pass (remove unused cells and wires).
Finding unused cells or wires in module \neith_modmul..

2.8.8. Executing OPT_EXPR pass (perform const folding).
Optimizing module neith_modmul.

2.8.9. Finished fast OPT passes. (There is nothing left to do.)

2.9. Executing WREDUCE pass (reducing word size of cells).
Removed top 13 bits (of 26) from port A of cell neith_modmul.$mul$../rtl/neith_modmul.sv:30$1 ($mul).
Removed top 13 bits (of 26) from port B of cell neith_modmul.$mul$../rtl/neith_modmul.sv:30$1 ($mul).
Removed top 14 bits (of 40) from port A of cell neith_modmul.$mul$../rtl/neith_modmul.sv:31$2 ($mul).
Removed top 26 bits (of 35) from port B of cell neith_modmul.$mul$../rtl/neith_modmul.sv:31$2 ($mul).
Removed top 13 bits (of 27) from port A of cell neith_modmul.$mul$../rtl/neith_modmul.sv:33$3 ($mul).
Removed top 14 bits (of 27) from port B of cell neith_modmul.$mul$../rtl/neith_modmul.sv:33$3 ($mul).
Removed top 1 bits (of 27) from port A of cell neith_modmul.$sub$../rtl/neith_modmul.sv:34$4 ($sub).
Removed top 14 bits (of 27) from port B of cell neith_modmul.$ge$../rtl/neith_modmul.sv:36$5 ($ge).
Removed top 14 bits (of 27) from port B of cell neith_modmul.$sub$../rtl/neith_modmul.sv:36$6 ($sub).
Removed top 14 bits (of 27) from port B of cell neith_modmul.$ge$../rtl/neith_modmul.sv:37$8 ($ge).
Removed top 14 bits (of 27) from port B of cell neith_modmul.$sub$../rtl/neith_modmul.sv:37$9 ($sub).
Removed top 14 bits (of 27) from port B of cell neith_modmul.$ge$../rtl/neith_modmul.sv:38$11 ($ge).
Removed top 14 bits (of 27) from port B of cell neith_modmul.$sub$../rtl/neith_modmul.sv:38$12 ($sub).
Removed top 14 bits (of 27) from mux cell neith_modmul.$ternary$../rtl/neith_modmul.sv:38$13 ($mux).
Removed top 14 bits (of 27) from port Y of cell neith_modmul.$sub$../rtl/neith_modmul.sv:38$12 ($sub).
Removed top 14 bits (of 27) from port A of cell neith_modmul.$sub$../rtl/neith_modmul.sv:38$12 ($sub).
Removed top 14 bits (of 27) from wire neith_modmul.$sub$../rtl/neith_modmul.sv:38$12_Y.

2.10. Executing PEEPOPT pass (run peephole optimizers).

2.11. Executing OPT_CLEAN pass (remove unused cells and wires).
Finding unused cells or wires in module \neith_modmul..
Removed 0 unused cells and 1 unused wires.

2.12. Executing ALUMACC pass (create $alu and $macc cells).
Extracting $alu and $macc cells in module neith_modmul:
  creating $macc model for $sub$../rtl/neith_modmul.sv:38$12 ($sub).
  creating $macc model for $sub$../rtl/neith_modmul.sv:37$9 ($sub).
  creating $macc model for $sub$../rtl/neith_modmul.sv:36$6 ($sub).
  creating $macc model for $sub$../rtl/neith_modmul.sv:34$4 ($sub).
  creating $macc model for $mul$../rtl/neith_modmul.sv:33$3 ($mul).
  creating $macc model for $mul$../rtl/neith_modmul.sv:31$2 ($mul).
  creating $macc model for $mul$../rtl/neith_modmul.sv:30$1 ($mul).
  merging $macc model for $mul$../rtl/neith_modmul.sv:33$3 into $sub$../rtl/neith_modmul.sv:34$4.
  creating $alu model for $macc $sub$../rtl/neith_modmul.sv:36$6.
  creating $alu model for $macc $sub$../rtl/neith_modmul.sv:37$9.
  creating $alu model for $macc $sub$../rtl/neith_modmul.sv:38$12.
  creating $macc cell for $sub$../rtl/neith_modmul.sv:34$4: $auto$alumacc.cc:382:replace_macc$15
  creating $macc cell for $mul$../rtl/neith_modmul.sv:30$1: $auto$alumacc.cc:382:replace_macc$16
  creating $macc cell for $mul$../rtl/neith_modmul.sv:31$2: $auto$alumacc.cc:382:replace_macc$17
  creating $alu model for $ge$../rtl/neith_modmul.sv:38$11 ($ge): new $alu
  creating $alu model for $ge$../rtl/neith_modmul.sv:37$8 ($ge): merged with $sub$../rtl/neith_modmul.sv:37$9.
  creating $alu model for $ge$../rtl/neith_modmul.sv:36$5 ($ge): merged with $sub$../rtl/neith_modmul.sv:36$6.
  creating $alu cell for $ge$../rtl/neith_modmul.sv:38$11: $auto$alumacc.cc:512:replace_alu$19
  creating $alu cell for $sub$../rtl/neith_modmul.sv:38$12: $auto$alumacc.cc:512:replace_alu$32
  creating $alu cell for $sub$../rtl/neith_modmul.sv:37$9, $ge$../rtl/neith_modmul.sv:37$8: $auto$alumacc.cc:512:replace_alu$35
  creating $alu cell for $sub$../rtl/neith_modmul.sv:36$6, $ge$../rtl/neith_modmul.sv:36$5: $auto$alumacc.cc:512:replace_alu$48
  created 4 $alu and 3 $macc cells.

2.13. Executing SHARE pass (SAT-based resource sharing).

2.14. Executing OPT pass (performing simple optimizations).

2.14.1. Executing OPT_EXPR pass (perform const folding).
Optimizing module neith_modmul.

2.14.2. Executing OPT_MERGE pass (detect identical cells).
Finding identical cells in module `\neith_modmul'.
Computing hashes of 26 cells of `\neith_modmul'.
Finding duplicate cells in `\neith_modmul'.
Removed a total of 0 cells.

2.14.3. Executing OPT_MUXTREE pass (detect dead branches in mux trees).
Running muxtree optimizer on module \neith_modmul..
  Creating internal representation of mux trees.
  Evaluating internal representation of mux trees.
  Analyzing evaluation results.
Removed 0 multiplexer ports.

2.14.4. Executing OPT_REDUCE pass (consolidate $*mux and $reduce_* inputs).
  Optimizing cells in module \neith_modmul.
Performed a total of 0 changes.

2.14.5. Executing OPT_MERGE pass (detect identical cells).
Finding identical cells in module `\neith_modmul'.
Computing hashes of 26 cells of `\neith_modmul'.
Finding duplicate cells in `\neith_modmul'.
Removed a total of 0 cells.

2.14.6. Executing OPT_DFF pass (perform DFF optimizations).

2.14.7. Executing OPT_CLEAN pass (remove unused cells and wires).
Finding unused cells or wires in module \neith_modmul..
Removed 1 unused cells and 4 unused wires.

2.14.8. Executing OPT_EXPR pass (perform const folding).
Optimizing module neith_modmul.

2.14.9. Rerunning OPT passes. (Maybe there is more to do..)

2.14.10. Executing OPT_MUXTREE pass (detect dead branches in mux trees).
Running muxtree optimizer on module \neith_modmul..
  Creating internal representation of mux trees.
  Evaluating internal representation of mux trees.
  Analyzing evaluation results.
Removed 0 multiplexer ports.

2.14.11. Executing OPT_REDUCE pass (consolidate $*mux and $reduce_* inputs).
  Optimizing cells in module \neith_modmul.
Performed a total of 0 changes.

2.14.12. Executing OPT_MERGE pass (detect identical cells).
Finding identical cells in module `\neith_modmul'.
Computing hashes of 25 cells of `\neith_modmul'.
Finding duplicate cells in `\neith_modmul'.
Removed a total of 0 cells.

2.14.13. Executing OPT_DFF pass (perform DFF optimizations).

2.14.14. Executing OPT_CLEAN pass (remove unused cells and wires).
Finding unused cells or wires in module \neith_modmul..

2.14.15. Executing OPT_EXPR pass (perform const folding).
Optimizing module neith_modmul.

2.14.16. Finished fast OPT passes. (There is nothing left to do.)

2.15. Executing MEMORY pass.

2.15.1. Executing OPT_MEM pass (optimize memories).
Performed a total of 0 transformations.

2.15.2. Executing OPT_MEM_PRIORITY pass (removing unnecessary memory write priority relations).
Performed a total of 0 transformations.

2.15.3. Executing OPT_MEM_FEEDBACK pass (finding memory read-to-write feedback paths).

2.15.4. Executing MEMORY_BMUX2ROM pass (converting muxes to ROMs).

2.15.5. Executing MEMORY_DFF pass (merging $dff cells to $memrd).

2.15.6. Executing OPT_CLEAN pass (remove unused cells and wires).
Finding unused cells or wires in module \neith_modmul..

2.15.7. Executing MEMORY_SHARE pass (consolidating $memrd/$memwr cells).

2.15.8. Executing OPT_MEM_WIDEN pass (optimize memories where all ports are wide).
Performed a total of 0 transformations.

2.15.9. Executing OPT_CLEAN pass (remove unused cells and wires).
Finding unused cells or wires in module \neith_modmul..

2.15.10. Executing MEMORY_COLLECT pass (generating $mem cells).

2.16. Executing OPT_CLEAN pass (remove unused cells and wires).
Finding unused cells or wires in module \neith_modmul..

2.17. Executing OPT pass (performing simple optimizations).

2.17.1. Executing OPT_EXPR pass (perform const folding).
Optimizing module neith_modmul.

2.17.2. Executing OPT_MERGE pass (detect identical cells).
Finding identical cells in module `\neith_modmul'.
Computing hashes of 25 cells of `\neith_modmul'.
Finding duplicate cells in `\neith_modmul'.
Removed a total of 0 cells.

2.17.3. Executing OPT_DFF pass (perform DFF optimizations).

2.17.4. Executing OPT_CLEAN pass (remove unused cells and wires).
Finding unused cells or wires in module \neith_modmul..

2.17.5. Finished fast OPT passes.

2.18. Executing MEMORY_MAP pass (converting memories to logic and flip-flops).

2.19. Executing OPT pass (performing simple optimizations).

2.19.1. Executing OPT_EXPR pass (perform const folding).
Optimizing module neith_modmul.

2.19.2. Executing OPT_MERGE pass (detect identical cells).
Finding identical cells in module `\neith_modmul'.
Computing hashes of 25 cells of `\neith_modmul'.
Finding duplicate cells in `\neith_modmul'.
Removed a total of 0 cells.

2.19.3. Executing OPT_MUXTREE pass (detect dead branches in mux trees).
Running muxtree optimizer on module \neith_modmul..
  Creating internal representation of mux trees.
  Evaluating internal representation of mux trees.
  Analyzing evaluation results.
Removed 0 multiplexer ports.

2.19.4. Executing OPT_REDUCE pass (consolidate $*mux and $reduce_* inputs).
  Optimizing cells in module \neith_modmul.
Performed a total of 0 changes.

2.19.5. Executing OPT_MERGE pass (detect identical cells).
Finding identical cells in module `\neith_modmul'.
Computing hashes of 25 cells of `\neith_modmul'.
Finding duplicate cells in `\neith_modmul'.
Removed a total of 0 cells.

2.19.6. Executing OPT_SHARE pass.

2.19.7. Executing OPT_DFF pass (perform DFF optimizations).

2.19.8. Executing OPT_CLEAN pass (remove unused cells and wires).
Finding unused cells or wires in module \neith_modmul..

2.19.9. Executing OPT_EXPR pass (perform const folding).
Optimizing module neith_modmul.

2.19.10. Finished fast OPT passes. (There is nothing left to do.)

2.20. Executing TECHMAP pass (map to technology primitives).

2.20.1. Executing Verilog-2005 frontend: /home/lordegypt/miniconda3/envs/eda/bin/../share/yosys/techmap.v
Parsing Verilog input from `/home/lordegypt/miniconda3/envs/eda/bin/../share/yosys/techmap.v' to AST representation.
Generating RTLIL representation for module `\_90_simplemap_bool_ops'.
Generating RTLIL representation for module `\_90_simplemap_reduce_ops'.
Generating RTLIL representation for module `\_90_simplemap_logic_ops'.
Generating RTLIL representation for module `\_90_simplemap_compare_ops'.
Generating RTLIL representation for module `\_90_simplemap_various'.
Generating RTLIL representation for module `\_90_simplemap_registers'.
Generating RTLIL representation for module `\_90_shift_ops_shr_shl_sshl_sshr'.
Generating RTLIL representation for module `\_90_shift_shiftx'.
Generating RTLIL representation for module `\_90_fa'.
Generating RTLIL representation for module `\_90_lcu_brent_kung'.
Generating RTLIL representation for module `\_90_alu'.
Generating RTLIL representation for module `\_90_macc'.
Generating RTLIL representation for module `\_90_alumacc'.
Generating RTLIL representation for module `$__div_mod_u'.
Generating RTLIL representation for module `$__div_mod_trunc'.
Generating RTLIL representation for module `\_90_div'.
Generating RTLIL representation for module `\_90_mod'.
Generating RTLIL representation for module `$__div_mod_floor'.
Generating RTLIL representation for module `\_90_divfloor'.
Generating RTLIL representation for module `\_90_modfloor'.
Generating RTLIL representation for module `\_90_pow'.
Generating RTLIL representation for module `\_90_demux'.
Generating RTLIL representation for module `\_90_lut'.
Generating RTLIL representation for module `$connect'.
Generating RTLIL representation for module `$input_port'.
Successfully finished Verilog frontend.

2.20.2. Continuing TECHMAP pass.
Using extmapper simplemap for cells of type $reduce_or.
Using extmapper simplemap for cells of type $not.
Using extmapper simplemap for cells of type $or.
Using extmapper simplemap for cells of type $reduce_and.
Using template $paramod$390c39912a595c7073bd9d7fcffc5e4282d35c9a\_90_alu for cells of type $alu.
Using template $paramod$2780480d52179e2db572a6e5133edf36e733d32e\_90_alu for cells of type $alu.
Using extmapper maccmap for cells of type $macc_v2.
  add \p * 9'100010001 (26x9 bits, unsigned)
  add \a * \b (13x13 bits, unsigned)
  sub \qest * 13'1111000000001 (14x13 bits, unsigned)
  add \p (26 bits, unsigned)
  packed 13 (3) bits / 1 words into adder tree
Using extmapper simplemap for cells of type $mux.
Using template $paramod\_90_fa\WIDTH=32'00000000000000000000000000011011 for cells of type $fa.
Using template $paramod\_90_fa\WIDTH=32'00000000000000000000000000011010 for cells of type $fa.
Using template $paramod$7af98a8d3d01ff58dee4212ab52569c379e064a1\_90_alu for cells of type $alu.
Using template $paramod$f02bbbf710bba6238f4bdfa41b3051acfe2064a8\_90_alu for cells of type $alu.
Using extmapper simplemap for cells of type $and.
Using template $paramod\_90_fa\WIDTH=32'00000000000000000000000000100011 for cells of type $fa.
Using template $paramod$46bb7404051772a584cf91a8bfdc4832ffc1d8ba\_90_alu for cells of type $alu.
Using extmapper simplemap for cells of type $xor.
Using template $paramod\_90_lcu_brent_kung\WIDTH=32'00000000000000000000000000011011 for cells of type $lcu.
Using extmapper simplemap for cells of type $pos.
Using template $paramod\_90_fa\WIDTH=32'00000000000000000000000000001101 for cells of type $fa.
Using template $paramod\_90_lcu_brent_kung\WIDTH=32'00000000000000000000000000001101 for cells of type $lcu.
Using template $paramod\_90_lcu_brent_kung\WIDTH=32'00000000000000000000000000011010 for cells of type $lcu.
Using template $paramod\_90_lcu_brent_kung\WIDTH=32'00000000000000000000000000100011 for cells of type $lcu.
No more expansions possible.

2.21. Executing OPT pass (performing simple optimizations).

2.21.1. Executing OPT_EXPR pass (perform const folding).
Optimizing module neith_modmul.

2.21.2. Executing OPT_MERGE pass (detect identical cells).
Finding identical cells in module `\neith_modmul'.
Computing hashes of 2969 cells of `\neith_modmul'.
Finding duplicate cells in `\neith_modmul'.
Computing hashes of 2818 cells of `\neith_modmul'.
Finding duplicate cells in `\neith_modmul'.
Computing hashes of 2785 cells of `\neith_modmul'.
Finding duplicate cells in `\neith_modmul'.
Computing hashes of 2771 cells of `\neith_modmul'.
Finding duplicate cells in `\neith_modmul'.
Computing hashes of 2767 cells of `\neith_modmul'.
Finding duplicate cells in `\neith_modmul'.
Computing hashes of 2764 cells of `\neith_modmul'.
Finding duplicate cells in `\neith_modmul'.
Computing hashes of 2759 cells of `\neith_modmul'.
Finding duplicate cells in `\neith_modmul'.
Computing hashes of 2756 cells of `\neith_modmul'.
Finding duplicate cells in `\neith_modmul'.
Computing hashes of 2749 cells of `\neith_modmul'.
Finding duplicate cells in `\neith_modmul'.
Computing hashes of 2745 cells of `\neith_modmul'.
Finding duplicate cells in `\neith_modmul'.
Computing hashes of 2739 cells of `\neith_modmul'.
Finding duplicate cells in `\neith_modmul'.
Computing hashes of 2738 cells of `\neith_modmul'.
Finding duplicate cells in `\neith_modmul'.
Removed a total of 231 cells.

2.21.3. Executing OPT_DFF pass (perform DFF optimizations).

2.21.4. Executing OPT_CLEAN pass (remove unused cells and wires).
Finding unused cells or wires in module \neith_modmul..
Removed 169 unused cells and 1124 unused wires.

2.21.5. Finished fast OPT passes.

2.22. Executing ABC pass (technology mapping using ABC).

2.22.1. Extracting gate netlist of module `\neith_modmul' to `<abc-temp-dir>/input.blif'..

2.22.1.1. Executed ABC.
Extracted 2569 gates and 2595 wires to a netlist network with 26 inputs and 13 outputs.
Running ABC script: <abc-temp-dir>/abc.script
ABC: UC Berkeley, ABC 1.01 (compiled May 12 2026 13:26:50)
ABC: abc 01> empty
ABC: abc 01> source <abc-temp-dir>/abc.script
ABC: + read_blif <abc-temp-dir>/input.blif 
ABC: + read_library <abc-temp-dir>/stdcells.genlib 
ABC: + strash 
ABC: + &get -n 
ABC: + &fraig -x 
ABC: + &put 
ABC: + scorr 
ABC: Warning: The network is combinational (run "fraig" or "fraig_sweep").
ABC: + dc2 
ABC: + dretime 
ABC: + strash 
ABC: + &get -n 
ABC: + &dch -f 
ABC: + &nf 
ABC: + &put 
ABC: + write_blif <abc-temp-dir>/output.blif 
ABC: 
ABC: YOSYS_ABC_DONE 

2.22.1.2. Re-integrating ABC results.
ABC RESULTS:               AND cells:      309
ABC RESULTS:            ANDNOT cells:        9
ABC RESULTS:               MUX cells:        3
ABC RESULTS:              NAND cells:      564
ABC RESULTS:               NOR cells:        8
ABC RESULTS:               NOT cells:        2
ABC RESULTS:                OR cells:       26
ABC RESULTS:             ORNOT cells:       26
ABC RESULTS:              XNOR cells:       96
ABC RESULTS:               XOR cells:      384
ABC RESULTS:        internal signals:     2556
ABC RESULTS:           input signals:       26
ABC RESULTS:          output signals:       13
Removing temp directory.
Removing global temp directory.

2.23. Executing OPT pass (performing simple optimizations).

2.23.1. Executing OPT_EXPR pass (perform const folding).
Optimizing module neith_modmul.

2.23.2. Executing OPT_MERGE pass (detect identical cells).
Finding identical cells in module `\neith_modmul'.
Computing hashes of 1427 cells of `\neith_modmul'.
Finding duplicate cells in `\neith_modmul'.
Removed a total of 0 cells.

2.23.3. Executing OPT_DFF pass (perform DFF optimizations).

2.23.4. Executing OPT_CLEAN pass (remove unused cells and wires).
Finding unused cells or wires in module \neith_modmul..
Removed 0 unused cells and 588 unused wires.

2.23.5. Finished fast OPT passes.

2.24. Executing HIERARCHY pass (managing design hierarchy).
Attribute `top' found on module `neith_modmul'. Setting top module to neith_modmul.

2.24.1. Analyzing design hierarchy..
Top module:  \neith_modmul

2.24.2. Analyzing design hierarchy..
Top module:  \neith_modmul
Removed 0 unused modules.

2.25. Printing statistics.

=== neith_modmul ===

        +----------Local Count, excluding submodules.
        | 
     1420 wires
     1534 wire bits
        6 public wires
      120 public wire bits
        3 ports
       39 port bits
     1427 cells
        9   $_ANDNOT_
      309   $_AND_
        3   $_MUX_
      564   $_NAND_
        8   $_NOR_
        2   $_NOT_
       26   $_ORNOT_
       26   $_OR_
       96   $_XNOR_
      384   $_XOR_

2.26. Executing CHECK pass (checking for obvious problems).
Checking module neith_modmul...
Found and reported 0 problems.

3. Printing statistics.

=== neith_modmul ===

        +----------Local Count, excluding submodules.
        | 
     1420 wires
     1534 wire bits
        6 public wires
      120 public wire bits
        3 ports
       39 port bits
     1427 cells
        9   $_ANDNOT_
      309   $_AND_
        3   $_MUX_
      564   $_NAND_
        8   $_NOR_
        2   $_NOT_
       26   $_ORNOT_
       26   $_OR_
       96   $_XNOR_
      384   $_XOR_

End of script. Logfile hash: 6709bdbcf5, time: 6.32s, user: 0.29s, system: 0.02s, MEM: 38.75 MB peak
Yosys 0.65 (git sha1 aec814bdf3071f7e0fd0fbe43f7f711e99d01e24, g++ 14.3.0-19 -fvisibility-inlines-hidden -fmessage-length=0 -march=nocona -mtune=haswell -ftree-vectorize -fPIC -fstack-protector-strong -fno-plt -O2 -ffunction-sections -fdebug-prefix-map=/home/conda/feedstock_root/build_artifacts/yosys_1778591527500/work=/usr/local/src/conda/yosys-0.65 -fdebug-prefix-map=/home/lordegypt/miniconda3/envs/eda=/usr/local/src/conda-prefix -fPIC -O3) [conda-forge/yosys-feedstock]
Time spent: 95% 1x abc (6 sec), 1% 22x opt_expr (0 sec), ...
