
 /----------------------------------------------------------------------------\
 |  yosys -- Yosys Open SYnthesis Suite                                       |
 |  Copyright (C) 2012 - 2026  Claire Xenia Wolf <claire@yosyshq.com>         |
 |  Distributed under an ISC-like license, type "license" to see terms        |
 \----------------------------------------------------------------------------/
 Yosys 0.65 (git sha1 aec814bdf3071f7e0fd0fbe43f7f711e99d01e24, g++ 14.3.0-19 -fvisibility-inlines-hidden -fmessage-length=0 -march=nocona -mtune=haswell -ftree-vectorize -fPIC -fstack-protector-strong -fno-plt -O2 -ffunction-sections -fdebug-prefix-map=/home/conda/feedstock_root/build_artifacts/yosys_1778591527500/work=/usr/local/src/conda/yosys-0.65 -fdebug-prefix-map=/home/lordegypt/miniconda3/envs/eda=/usr/local/src/conda-prefix -fPIC -O3) [conda-forge/yosys-feedstock]

-- Running command `read_verilog -sv -formal build/hs_vac.sv /home/lordegypt/KemetCore/projects/sethcore/rtl/seth_muldiv_seq.sv; prep -top hs_vac; async2sync; dffunmap; write_smt2 -wires build/hsv.smt2' --

1. Executing Verilog-2005 frontend: build/hs_vac.sv
Parsing formal SystemVerilog input from `build/hs_vac.sv' to AST representation.
Generating RTLIL representation for module `\hs_vac'.
Successfully finished Verilog frontend.

2. Executing Verilog-2005 frontend: /home/lordegypt/KemetCore/projects/sethcore/rtl/seth_muldiv_seq.sv
Parsing formal SystemVerilog input from `/home/lordegypt/KemetCore/projects/sethcore/rtl/seth_muldiv_seq.sv' to AST representation.
Generating RTLIL representation for module `\seth_muldiv_seq'.
Successfully finished Verilog frontend.

3. Executing PREP pass.

3.1. Executing HIERARCHY pass (managing design hierarchy).

3.1.1. Analyzing design hierarchy..
Top module:  \hs_vac
Used module:     \seth_muldiv_seq

3.1.2. Analyzing design hierarchy..
Top module:  \hs_vac
Used module:     \seth_muldiv_seq
Removed 0 unused modules.
Module hs_vac directly or indirectly contains formal properties -> setting "keep" attribute.

3.2. Executing PROC pass (convert processes to netlists).

3.2.1. Executing PROC_CLEAN pass (remove empty switches from decision trees).
Cleaned up 0 empty switches.

3.2.2. Executing PROC_RMDEAD pass (remove dead branches from decision trees).
Marked 7 switch rules as full_case in process $proc$/home/lordegypt/KemetCore/projects/sethcore/rtl/seth_muldiv_seq.sv:70$41 in module seth_muldiv_seq.
Removed a total of 0 dead cases.

3.2.3. Executing PROC_PRUNE pass (remove redundant assignments in processes).
Removed 1 redundant assignment.
Promoted 4 assignments to connections.

3.2.4. Executing PROC_INIT pass (extract init attributes).
Found init rule in `\hs_vac.$proc$build/hs_vac.sv:20$16'.
  Set init value: \done_q = 1'0
Found init rule in `\hs_vac.$proc$build/hs_vac.sv:11$15'.
  Set init value: \t = 8'00000000

3.2.5. Executing PROC_ARST pass (detect async resets in processes).

3.2.6. Executing PROC_ROM pass (convert switches to ROMs).
Converted 0 switches.

3.2.7. Executing PROC_MUX pass (convert decision trees to multiplexers).
Creating decoders for process `\seth_muldiv_seq.$proc$/home/lordegypt/KemetCore/projects/sethcore/rtl/seth_muldiv_seq.sv:70$41'.
     1/11: $0\done[0:0]
     2/11: $0\result_q[31:0]
     3/11: $0\rq[63:0]
     4/11: $0\divisor[31:0]
     5/11: $0\cnt[5:0]
     6/11: $0\neg_r[0:0]
     7/11: $0\neg_q[0:0]
     8/11: $0\rem_op[0:0]
     9/11: $0\state[1:0]
    10/11: $0\busy[0:0]
    11/11: $0\y[31:0]
Creating decoders for process `\hs_vac.$proc$build/hs_vac.sv:20$16'.
Creating decoders for process `\hs_vac.$proc$build/hs_vac.sv:11$15'.
Creating decoders for process `\hs_vac.$proc$build/hs_vac.sv:23$8'.
     1/2: $assert$build/hs_vac.sv:25$12_EN
     2/2: $assert$build/hs_vac.sv:24$10_EN
Creating decoders for process `\hs_vac.$proc$build/hs_vac.sv:21$7'.
Creating decoders for process `\hs_vac.$proc$build/hs_vac.sv:13$5'.
Creating decoders for process `\hs_vac.$proc$build/hs_vac.sv:12$2'.
     1/1: $0\t[7:0]

3.2.8. Executing PROC_DLATCH pass (convert process syncs to latches).
No latch inferred for signal `\hs_vac.\rst' from process `\hs_vac.$proc$build/hs_vac.sv:13$5'.

3.2.9. Executing PROC_DFF pass (convert process syncs to FFs).
Creating register for signal `\seth_muldiv_seq.\y' using process `\seth_muldiv_seq.$proc$/home/lordegypt/KemetCore/projects/sethcore/rtl/seth_muldiv_seq.sv:70$41'.
  created $dff cell `$procdff$271' with positive edge clock.
Creating register for signal `\seth_muldiv_seq.\busy' using process `\seth_muldiv_seq.$proc$/home/lordegypt/KemetCore/projects/sethcore/rtl/seth_muldiv_seq.sv:70$41'.
  created $dff cell `$procdff$272' with positive edge clock.
Creating register for signal `\seth_muldiv_seq.\done' using process `\seth_muldiv_seq.$proc$/home/lordegypt/KemetCore/projects/sethcore/rtl/seth_muldiv_seq.sv:70$41'.
  created $dff cell `$procdff$273' with positive edge clock.
Creating register for signal `\seth_muldiv_seq.\state' using process `\seth_muldiv_seq.$proc$/home/lordegypt/KemetCore/projects/sethcore/rtl/seth_muldiv_seq.sv:70$41'.
  created $dff cell `$procdff$274' with positive edge clock.
Creating register for signal `\seth_muldiv_seq.\rem_op' using process `\seth_muldiv_seq.$proc$/home/lordegypt/KemetCore/projects/sethcore/rtl/seth_muldiv_seq.sv:70$41'.
  created $dff cell `$procdff$275' with positive edge clock.
Creating register for signal `\seth_muldiv_seq.\neg_q' using process `\seth_muldiv_seq.$proc$/home/lordegypt/KemetCore/projects/sethcore/rtl/seth_muldiv_seq.sv:70$41'.
  created $dff cell `$procdff$276' with positive edge clock.
Creating register for signal `\seth_muldiv_seq.\neg_r' using process `\seth_muldiv_seq.$proc$/home/lordegypt/KemetCore/projects/sethcore/rtl/seth_muldiv_seq.sv:70$41'.
  created $dff cell `$procdff$277' with positive edge clock.
Creating register for signal `\seth_muldiv_seq.\cnt' using process `\seth_muldiv_seq.$proc$/home/lordegypt/KemetCore/projects/sethcore/rtl/seth_muldiv_seq.sv:70$41'.
  created $dff cell `$procdff$278' with positive edge clock.
Creating register for signal `\seth_muldiv_seq.\divisor' using process `\seth_muldiv_seq.$proc$/home/lordegypt/KemetCore/projects/sethcore/rtl/seth_muldiv_seq.sv:70$41'.
  created $dff cell `$procdff$279' with positive edge clock.
Creating register for signal `\seth_muldiv_seq.\rq' using process `\seth_muldiv_seq.$proc$/home/lordegypt/KemetCore/projects/sethcore/rtl/seth_muldiv_seq.sv:70$41'.
  created $dff cell `$procdff$280' with positive edge clock.
Creating register for signal `\seth_muldiv_seq.\result_q' using process `\seth_muldiv_seq.$proc$/home/lordegypt/KemetCore/projects/sethcore/rtl/seth_muldiv_seq.sv:70$41'.
  created $dff cell `$procdff$281' with positive edge clock.
Creating register for signal `\hs_vac.\done_q' using process `\hs_vac.$proc$build/hs_vac.sv:21$7'.
  created $dff cell `$procdff$282' with positive edge clock.
Creating register for signal `\hs_vac.\t' using process `\hs_vac.$proc$build/hs_vac.sv:12$2'.
  created $dff cell `$procdff$283' with positive edge clock.

3.2.10. Executing PROC_MEMWR pass (convert process memory writes to cells).

3.2.11. Executing PROC_CLEAN pass (remove empty switches from decision trees).
Found and cleaned up 9 empty switches in `\seth_muldiv_seq.$proc$/home/lordegypt/KemetCore/projects/sethcore/rtl/seth_muldiv_seq.sv:70$41'.
Removing empty process `seth_muldiv_seq.$proc$/home/lordegypt/KemetCore/projects/sethcore/rtl/seth_muldiv_seq.sv:70$41'.
Removing empty process `hs_vac.$proc$build/hs_vac.sv:20$16'.
Removing empty process `hs_vac.$proc$build/hs_vac.sv:11$15'.
Found and cleaned up 1 empty switch in `\hs_vac.$proc$build/hs_vac.sv:23$8'.
Removing empty process `hs_vac.$proc$build/hs_vac.sv:23$8'.
Removing empty process `hs_vac.$proc$build/hs_vac.sv:21$7'.
Removing empty process `hs_vac.$proc$build/hs_vac.sv:13$5'.
Found and cleaned up 1 empty switch in `\hs_vac.$proc$build/hs_vac.sv:12$2'.
Removing empty process `hs_vac.$proc$build/hs_vac.sv:12$2'.
Cleaned up 11 empty switches.

3.2.12. Executing OPT_EXPR pass (perform const folding).
Optimizing module seth_muldiv_seq.
Optimizing module hs_vac.

3.3. Executing FUTURE pass.

3.4. Executing OPT_EXPR pass (perform const folding).
Optimizing module seth_muldiv_seq.
Optimizing module hs_vac.

3.5. Executing OPT_CLEAN pass (remove unused cells and wires).
Finding unused cells or wires in module \seth_muldiv_seq..
Finding unused cells or wires in module \hs_vac..
Removed 2 unused cells and 89 unused wires.

3.6. Executing CHECK pass (checking for obvious problems).
Checking module seth_muldiv_seq...
Checking module hs_vac...
Warning: Wire hs_vac.\start is used but has no driver.
Warning: Wire hs_vac.\op [2] is used but has no driver.
Warning: Wire hs_vac.\op [1] is used but has no driver.
Warning: Wire hs_vac.\op [0] is used but has no driver.
Warning: Wire hs_vac.\a [31] is used but has no driver.
Warning: Wire hs_vac.\a [30] is used but has no driver.
Warning: Wire hs_vac.\a [29] is used but has no driver.
Warning: Wire hs_vac.\a [28] is used but has no driver.
Warning: Wire hs_vac.\a [27] is used but has no driver.
Warning: Wire hs_vac.\a [26] is used but has no driver.
Warning: Wire hs_vac.\a [25] is used but has no driver.
Warning: Wire hs_vac.\a [24] is used but has no driver.
Warning: Wire hs_vac.\a [23] is used but has no driver.
Warning: Wire hs_vac.\a [22] is used but has no driver.
Warning: Wire hs_vac.\a [21] is used but has no driver.
Warning: Wire hs_vac.\a [20] is used but has no driver.
Warning: Wire hs_vac.\a [19] is used but has no driver.
Warning: Wire hs_vac.\a [18] is used but has no driver.
Warning: Wire hs_vac.\a [17] is used but has no driver.
Warning: Wire hs_vac.\a [16] is used but has no driver.
Warning: Wire hs_vac.\a [15] is used but has no driver.
Warning: Wire hs_vac.\a [14] is used but has no driver.
Warning: Wire hs_vac.\a [13] is used but has no driver.
Warning: Wire hs_vac.\a [12] is used but has no driver.
Warning: Wire hs_vac.\a [11] is used but has no driver.
Warning: Wire hs_vac.\a [10] is used but has no driver.
Warning: Wire hs_vac.\a [9] is used but has no driver.
Warning: Wire hs_vac.\a [8] is used but has no driver.
Warning: Wire hs_vac.\a [7] is used but has no driver.
Warning: Wire hs_vac.\a [6] is used but has no driver.
Warning: Wire hs_vac.\a [5] is used but has no driver.
Warning: Wire hs_vac.\a [4] is used but has no driver.
Warning: Wire hs_vac.\a [3] is used but has no driver.
Warning: Wire hs_vac.\a [2] is used but has no driver.
Warning: Wire hs_vac.\a [1] is used but has no driver.
Warning: Wire hs_vac.\a [0] is used but has no driver.
Warning: Wire hs_vac.\b [31] is used but has no driver.
Warning: Wire hs_vac.\b [30] is used but has no driver.
Warning: Wire hs_vac.\b [29] is used but has no driver.
Warning: Wire hs_vac.\b [28] is used but has no driver.
Warning: Wire hs_vac.\b [27] is used but has no driver.
Warning: Wire hs_vac.\b [26] is used but has no driver.
Warning: Wire hs_vac.\b [25] is used but has no driver.
Warning: Wire hs_vac.\b [24] is used but has no driver.
Warning: Wire hs_vac.\b [23] is used but has no driver.
Warning: Wire hs_vac.\b [22] is used but has no driver.
Warning: Wire hs_vac.\b [21] is used but has no driver.
Warning: Wire hs_vac.\b [20] is used but has no driver.
Warning: Wire hs_vac.\b [19] is used but has no driver.
Warning: Wire hs_vac.\b [18] is used but has no driver.
Warning: Wire hs_vac.\b [17] is used but has no driver.
Warning: Wire hs_vac.\b [16] is used but has no driver.
Warning: Wire hs_vac.\b [15] is used but has no driver.
Warning: Wire hs_vac.\b [14] is used but has no driver.
Warning: Wire hs_vac.\b [13] is used but has no driver.
Warning: Wire hs_vac.\b [12] is used but has no driver.
Warning: Wire hs_vac.\b [11] is used but has no driver.
Warning: Wire hs_vac.\b [10] is used but has no driver.
Warning: Wire hs_vac.\b [9] is used but has no driver.
Warning: Wire hs_vac.\b [8] is used but has no driver.
Warning: Wire hs_vac.\b [7] is used but has no driver.
Warning: Wire hs_vac.\b [6] is used but has no driver.
Warning: Wire hs_vac.\b [5] is used but has no driver.
Warning: Wire hs_vac.\b [4] is used but has no driver.
Warning: Wire hs_vac.\b [3] is used but has no driver.
Warning: Wire hs_vac.\b [2] is used but has no driver.
Warning: Wire hs_vac.\b [1] is used but has no driver.
Warning: Wire hs_vac.\b [0] is used but has no driver.
Found and reported 68 problems.

3.7. Executing OPT pass (performing simple optimizations).

3.7.1. Executing OPT_EXPR pass (perform const folding).
Optimizing module seth_muldiv_seq.
Optimizing module hs_vac.

3.7.2. Executing OPT_MERGE pass (detect identical cells).
Finding identical cells in module `\seth_muldiv_seq'.
Computing hashes of 132 cells of `\seth_muldiv_seq'.
Finding duplicate cells in `\seth_muldiv_seq'.
Computing hashes of 116 cells of `\seth_muldiv_seq'.
Finding duplicate cells in `\seth_muldiv_seq'.
Finding identical cells in module `\hs_vac'.
Computing hashes of 14 cells of `\hs_vac'.
Finding duplicate cells in `\hs_vac'.
Removed a total of 16 cells.

3.7.3. Executing OPT_MUXTREE pass (detect dead branches in mux trees).
Running muxtree optimizer on module \seth_muldiv_seq..
  Creating internal representation of mux trees.
  Evaluating internal representation of mux trees.
  Analyzing evaluation results.
Running muxtree optimizer on module \hs_vac..
  Creating internal representation of mux trees.
  Evaluating internal representation of mux trees.
  Analyzing evaluation results.
Removed 0 multiplexer ports.

3.7.4. Executing OPT_REDUCE pass (consolidate $*mux and $reduce_* inputs).
  Optimizing cells in module \seth_muldiv_seq.
  Optimizing cells in module \hs_vac.
Performed a total of 0 changes.

3.7.5. Executing OPT_MERGE pass (detect identical cells).
Finding identical cells in module `\seth_muldiv_seq'.
Computing hashes of 116 cells of `\seth_muldiv_seq'.
Finding duplicate cells in `\seth_muldiv_seq'.
Finding identical cells in module `\hs_vac'.
Computing hashes of 14 cells of `\hs_vac'.
Finding duplicate cells in `\hs_vac'.
Computing hashes of 13 cells of `\hs_vac'.
Finding duplicate cells in `\hs_vac'.
Removed a total of 1 cells.

3.7.6. Executing OPT_CLEAN pass (remove unused cells and wires).
Finding unused cells or wires in module \seth_muldiv_seq..
Finding unused cells or wires in module \hs_vac..
Removed 0 unused cells and 17 unused wires.

3.7.7. Executing OPT_EXPR pass (perform const folding).
Optimizing module seth_muldiv_seq.
Optimizing module hs_vac.

3.7.8. Rerunning OPT passes. (Maybe there is more to do..)

3.7.9. Executing OPT_MUXTREE pass (detect dead branches in mux trees).
Running muxtree optimizer on module \seth_muldiv_seq..
  Creating internal representation of mux trees.
  Evaluating internal representation of mux trees.
  Analyzing evaluation results.
Running muxtree optimizer on module \hs_vac..
  Creating internal representation of mux trees.
  Evaluating internal representation of mux trees.
  Analyzing evaluation results.
Removed 0 multiplexer ports.

3.7.10. Executing OPT_REDUCE pass (consolidate $*mux and $reduce_* inputs).
  Optimizing cells in module \seth_muldiv_seq.
  Optimizing cells in module \hs_vac.
Performed a total of 0 changes.

3.7.11. Executing OPT_MERGE pass (detect identical cells).
Finding identical cells in module `\seth_muldiv_seq'.
Computing hashes of 116 cells of `\seth_muldiv_seq'.
Finding duplicate cells in `\seth_muldiv_seq'.
Finding identical cells in module `\hs_vac'.
Computing hashes of 13 cells of `\hs_vac'.
Finding duplicate cells in `\hs_vac'.
Removed a total of 0 cells.

3.7.12. Executing OPT_CLEAN pass (remove unused cells and wires).
Finding unused cells or wires in module \seth_muldiv_seq..
Finding unused cells or wires in module \hs_vac..

3.7.13. Executing OPT_EXPR pass (perform const folding).
Optimizing module seth_muldiv_seq.
Optimizing module hs_vac.

3.7.14. Finished fast OPT passes. (There is nothing left to do.)

3.8. Executing WREDUCE pass (reducing word size of cells).
Converting cell seth_muldiv_seq.$mul$/home/lordegypt/KemetCore/projects/sethcore/rtl/seth_muldiv_seq.sv:43$17 ($mul) from unsigned to signed.
Removed top 32 bits (of 64) from port A of cell seth_muldiv_seq.$mul$/home/lordegypt/KemetCore/projects/sethcore/rtl/seth_muldiv_seq.sv:43$17 ($mul).
Removed top 32 bits (of 64) from port B of cell seth_muldiv_seq.$mul$/home/lordegypt/KemetCore/projects/sethcore/rtl/seth_muldiv_seq.sv:43$17 ($mul).
Converting cell seth_muldiv_seq.$mul$/home/lordegypt/KemetCore/projects/sethcore/rtl/seth_muldiv_seq.sv:44$18 ($mul) from unsigned to signed.
Removed top 32 bits (of 64) from port A of cell seth_muldiv_seq.$mul$/home/lordegypt/KemetCore/projects/sethcore/rtl/seth_muldiv_seq.sv:44$18 ($mul).
Removed top 31 bits (of 64) from port B of cell seth_muldiv_seq.$mul$/home/lordegypt/KemetCore/projects/sethcore/rtl/seth_muldiv_seq.sv:44$18 ($mul).
Removed top 31 bits (of 32) from port B of cell seth_muldiv_seq.$add$/home/lordegypt/KemetCore/projects/sethcore/rtl/seth_muldiv_seq.sv:54$29 ($add).
Removed top 31 bits (of 32) from port B of cell seth_muldiv_seq.$add$/home/lordegypt/KemetCore/projects/sethcore/rtl/seth_muldiv_seq.sv:55$32 ($add).
Removed top 31 bits (of 32) from port B of cell seth_muldiv_seq.$add$/home/lordegypt/KemetCore/projects/sethcore/rtl/seth_muldiv_seq.sv:67$36 ($add).
Removed top 31 bits (of 32) from port B of cell seth_muldiv_seq.$add$/home/lordegypt/KemetCore/projects/sethcore/rtl/seth_muldiv_seq.sv:68$39 ($add).
Removed top 1 bits (of 3) from port B of cell seth_muldiv_seq.$le$/home/lordegypt/KemetCore/projects/sethcore/rtl/seth_muldiv_seq.sv:79$42 ($le).
Removed top 5 bits (of 6) from port B of cell seth_muldiv_seq.$sub$/home/lordegypt/KemetCore/projects/sethcore/rtl/seth_muldiv_seq.sv:115$55 ($sub).
Removed top 1 bits (of 3) from port B of cell seth_muldiv_seq.$procmux$79_CMP0 ($eq).
Removed top 2 bits (of 3) from port B of cell seth_muldiv_seq.$procmux$80_CMP0 ($eq).
Removed top 1 bits (of 2) from port B of cell seth_muldiv_seq.$procmux$261_CMP0 ($eq).
Removed top 7 bits (of 8) from port B of cell hs_vac.$add$build/hs_vac.sv:12$4 ($add).

3.9. Executing OPT_CLEAN pass (remove unused cells and wires).
Finding unused cells or wires in module \seth_muldiv_seq..
Finding unused cells or wires in module \hs_vac..

3.10. Executing MEMORY_COLLECT pass (generating $mem cells).

3.11. Executing OPT pass (performing simple optimizations).

3.11.1. Executing OPT_EXPR pass (perform const folding).
Optimizing module seth_muldiv_seq.
Optimizing module hs_vac.

3.11.2. Executing OPT_MERGE pass (detect identical cells).
Finding identical cells in module `\seth_muldiv_seq'.
Computing hashes of 116 cells of `\seth_muldiv_seq'.
Finding duplicate cells in `\seth_muldiv_seq'.
Finding identical cells in module `\hs_vac'.
Computing hashes of 13 cells of `\hs_vac'.
Finding duplicate cells in `\hs_vac'.
Removed a total of 0 cells.

3.11.3. Executing OPT_CLEAN pass (remove unused cells and wires).
Finding unused cells or wires in module \seth_muldiv_seq..
Finding unused cells or wires in module \hs_vac..

3.11.4. Finished fast OPT passes.

3.12. Executing SORT pass.

3.13. Printing statistics.

=== hs_vac ===

        +----------Local Count, excluding submodules.
        | 
       18 wires
      134 wire bits
       11 public wires
      113 public wire bits
        1 ports
        1 port bits
       12 cells
        1   $add
        2   $check
        2   $dff
        1   $logic_and
        3   $logic_not
        2   $mux
        1   $ne
        1 submodules
        1   seth_muldiv_seq

=== seth_muldiv_seq ===

        +----------Local Count, excluding submodules.
        | 
      126 wires
     2240 wire bits
       32 public wires
      727 public wire bits
        9 ports
      104 port bits
      116 cells
        4   $add
       11   $dff
        9   $eq
        1   $ge
        1   $le
        4   $logic_and
        3   $logic_not
        2   $logic_or
        3   $mul
       63   $mux
        4   $not
        7   $pmux
        1   $reduce_bool
        2   $sub
        1   $xor

=== design hierarchy ===

        +----------Count including submodules.
        | 
      128 hs_vac
      116 seth_muldiv_seq

        +----------Count including submodules.
        | 
      144 wires
     2374 wire bits
       43 public wires
      840 public wire bits
       10 ports
      105 port bits
        - memories
        - memory bits
        - processes
      128 cells
        5   $add
        2   $check
       13   $dff
        9   $eq
        1   $ge
        1   $le
        5   $logic_and
        6   $logic_not
        2   $logic_or
        3   $mul
       65   $mux
        1   $ne
        4   $not
        7   $pmux
        1   $reduce_bool
        2   $sub
        1   $xor
        1 submodules
        1   seth_muldiv_seq

3.14. Executing CHECK pass (checking for obvious problems).
Checking module hs_vac...
Warning: Wire hs_vac.\start is used but has no driver.
Warning: Wire hs_vac.\op [2] is used but has no driver.
Warning: Wire hs_vac.\op [1] is used but has no driver.
Warning: Wire hs_vac.\op [0] is used but has no driver.
Warning: Wire hs_vac.\b [31] is used but has no driver.
Warning: Wire hs_vac.\b [30] is used but has no driver.
Warning: Wire hs_vac.\b [29] is used but has no driver.
Warning: Wire hs_vac.\b [28] is used but has no driver.
Warning: Wire hs_vac.\b [27] is used but has no driver.
Warning: Wire hs_vac.\b [26] is used but has no driver.
Warning: Wire hs_vac.\b [25] is used but has no driver.
Warning: Wire hs_vac.\b [24] is used but has no driver.
Warning: Wire hs_vac.\b [23] is used but has no driver.
Warning: Wire hs_vac.\b [22] is used but has no driver.
Warning: Wire hs_vac.\b [21] is used but has no driver.
Warning: Wire hs_vac.\b [20] is used but has no driver.
Warning: Wire hs_vac.\b [19] is used but has no driver.
Warning: Wire hs_vac.\b [18] is used but has no driver.
Warning: Wire hs_vac.\b [17] is used but has no driver.
Warning: Wire hs_vac.\b [16] is used but has no driver.
Warning: Wire hs_vac.\b [15] is used but has no driver.
Warning: Wire hs_vac.\b [14] is used but has no driver.
Warning: Wire hs_vac.\b [13] is used but has no driver.
Warning: Wire hs_vac.\b [12] is used but has no driver.
Warning: Wire hs_vac.\b [11] is used but has no driver.
Warning: Wire hs_vac.\b [10] is used but has no driver.
Warning: Wire hs_vac.\b [9] is used but has no driver.
Warning: Wire hs_vac.\b [8] is used but has no driver.
Warning: Wire hs_vac.\b [7] is used but has no driver.
Warning: Wire hs_vac.\b [6] is used but has no driver.
Warning: Wire hs_vac.\b [5] is used but has no driver.
Warning: Wire hs_vac.\b [4] is used but has no driver.
Warning: Wire hs_vac.\b [3] is used but has no driver.
Warning: Wire hs_vac.\b [2] is used but has no driver.
Warning: Wire hs_vac.\b [1] is used but has no driver.
Warning: Wire hs_vac.\b [0] is used but has no driver.
Warning: Wire hs_vac.\a [31] is used but has no driver.
Warning: Wire hs_vac.\a [30] is used but has no driver.
Warning: Wire hs_vac.\a [29] is used but has no driver.
Warning: Wire hs_vac.\a [28] is used but has no driver.
Warning: Wire hs_vac.\a [27] is used but has no driver.
Warning: Wire hs_vac.\a [26] is used but has no driver.
Warning: Wire hs_vac.\a [25] is used but has no driver.
Warning: Wire hs_vac.\a [24] is used but has no driver.
Warning: Wire hs_vac.\a [23] is used but has no driver.
Warning: Wire hs_vac.\a [22] is used but has no driver.
Warning: Wire hs_vac.\a [21] is used but has no driver.
Warning: Wire hs_vac.\a [20] is used but has no driver.
Warning: Wire hs_vac.\a [19] is used but has no driver.
Warning: Wire hs_vac.\a [18] is used but has no driver.
Warning: Wire hs_vac.\a [17] is used but has no driver.
Warning: Wire hs_vac.\a [16] is used but has no driver.
Warning: Wire hs_vac.\a [15] is used but has no driver.
Warning: Wire hs_vac.\a [14] is used but has no driver.
Warning: Wire hs_vac.\a [13] is used but has no driver.
Warning: Wire hs_vac.\a [12] is used but has no driver.
Warning: Wire hs_vac.\a [11] is used but has no driver.
Warning: Wire hs_vac.\a [10] is used but has no driver.
Warning: Wire hs_vac.\a [9] is used but has no driver.
Warning: Wire hs_vac.\a [8] is used but has no driver.
Warning: Wire hs_vac.\a [7] is used but has no driver.
Warning: Wire hs_vac.\a [6] is used but has no driver.
Warning: Wire hs_vac.\a [5] is used but has no driver.
Warning: Wire hs_vac.\a [4] is used but has no driver.
Warning: Wire hs_vac.\a [3] is used but has no driver.
Warning: Wire hs_vac.\a [2] is used but has no driver.
Warning: Wire hs_vac.\a [1] is used but has no driver.
Warning: Wire hs_vac.\a [0] is used but has no driver.
Checking module seth_muldiv_seq...
Found and reported 68 problems.

4. Executing ASYNC2SYNC pass.

5. Executing DFFUNMAP pass (unmap clock enable and synchronous reset from FFs).

6. Executing SMT2 backend.

6.1. Executing BMUXMAP pass.

6.2. Executing DEMUXMAP pass.
Creating SMT-LIBv2 representation of module seth_muldiv_seq.
Creating SMT-LIBv2 representation of module hs_vac.

Warnings: 68 unique messages, 136 total
End of script. Logfile hash: 614d5484f1, time: 0.07s, user: 0.07s, system: 0.01s, MEM: 23.38 MB peak
Yosys 0.65 (git sha1 aec814bdf3071f7e0fd0fbe43f7f711e99d01e24, g++ 14.3.0-19 -fvisibility-inlines-hidden -fmessage-length=0 -march=nocona -mtune=haswell -ftree-vectorize -fPIC -fstack-protector-strong -fno-plt -O2 -ffunction-sections -fdebug-prefix-map=/home/conda/feedstock_root/build_artifacts/yosys_1778591527500/work=/usr/local/src/conda/yosys-0.65 -fdebug-prefix-map=/home/lordegypt/miniconda3/envs/eda=/usr/local/src/conda-prefix -fPIC -O3) [conda-forge/yosys-feedstock]
Time spent: 32% 2x check (0 sec), 25% 5x opt_clean (0 sec), ...
