
 /----------------------------------------------------------------------------\
 |  yosys -- Yosys Open SYnthesis Suite                                       |
 |  Copyright (C) 2012 - 2026  Claire Xenia Wolf <claire@yosyshq.com>         |
 |  Distributed under an ISC-like license, type "license" to see terms        |
 \----------------------------------------------------------------------------/
 Yosys 0.65 (git sha1 aec814bdf3071f7e0fd0fbe43f7f711e99d01e24, g++ 14.3.0-19 -fvisibility-inlines-hidden -fmessage-length=0 -march=nocona -mtune=haswell -ftree-vectorize -fPIC -fstack-protector-strong -fno-plt -O2 -ffunction-sections -fdebug-prefix-map=/home/conda/feedstock_root/build_artifacts/yosys_1778591527500/work=/usr/local/src/conda/yosys-0.65 -fdebug-prefix-map=/home/lordegypt/miniconda3/envs/eda=/usr/local/src/conda-prefix -fPIC -O3) [conda-forge/yosys-feedstock]

-- Running command `read_verilog -sv -formal formal_muldiv_liveness.sv build/seq_LMUT.sv; chparam -set BOUND 33 formal_muldiv_liveness; prep -top formal_muldiv_liveness; async2sync; dffunmap; write_smt2 -wires build/lvm.smt2' --

1. Executing Verilog-2005 frontend: formal_muldiv_liveness.sv
Parsing formal SystemVerilog input from `formal_muldiv_liveness.sv' to AST representation.
Generating RTLIL representation for module `\formal_muldiv_liveness'.
Successfully finished Verilog frontend.

2. Executing Verilog-2005 frontend: build/seq_LMUT.sv
Parsing formal SystemVerilog input from `build/seq_LMUT.sv' to AST representation.
Generating RTLIL representation for module `\seth_muldiv_seq'.
Successfully finished Verilog frontend.
Parameter \BOUND = 33

3. Executing AST frontend in derive mode using pre-parsed AST for module `\formal_muldiv_liveness'.
Parameter \BOUND = 33
Generating RTLIL representation for module `$paramod\formal_muldiv_liveness\BOUND=32'00000000000000000000000000100001'.

4. Executing PREP pass.

4.1. Executing HIERARCHY pass (managing design hierarchy).

4.1.1. Analyzing design hierarchy..
Top module:  \formal_muldiv_liveness
Used module:     \seth_muldiv_seq

4.1.2. Analyzing design hierarchy..
Top module:  \formal_muldiv_liveness
Used module:     \seth_muldiv_seq
Removed 0 unused modules.
Module formal_muldiv_liveness directly or indirectly contains formal properties -> setting "keep" attribute.

4.2. Executing PROC pass (convert processes to netlists).

4.2.1. Executing PROC_CLEAN pass (remove empty switches from decision trees).
Cleaned up 0 empty switches.

4.2.2. Executing PROC_RMDEAD pass (remove dead branches from decision trees).
Marked 7 switch rules as full_case in process $proc$build/seq_LMUT.sv:70$38 in module seth_muldiv_seq.
Marked 2 switch rules as full_case in process $proc$formal_muldiv_liveness.sv:21$58 in module formal_muldiv_liveness.
Removed a total of 0 dead cases.

4.2.3. Executing PROC_PRUNE pass (remove redundant assignments in processes).
Removed 2 redundant assignments.
Promoted 3 assignments to connections.

4.2.4. Executing PROC_INIT pass (extract init attributes).
Found init rule in `\formal_muldiv_liveness.$proc$formal_muldiv_liveness.sv:11$64'.
  Set init value: \t = 8'00000000
Found init rule in `\formal_muldiv_liveness.$proc$formal_muldiv_liveness.sv:20$65'.
  Set init value: \busy_dur = 8'00000000

4.2.5. Executing PROC_ARST pass (detect async resets in processes).

4.2.6. Executing PROC_ROM pass (convert switches to ROMs).
Converted 0 switches.

4.2.7. Executing PROC_MUX pass (convert decision trees to multiplexers).
Creating decoders for process `\seth_muldiv_seq.$proc$build/seq_LMUT.sv:70$38'.
     1/11: $0\done[0:0]
     2/11: $0\result_q[31:0]
     3/11: $0\rq[63:0]
     4/11: $0\divisor[31:0]
     5/11: $0\cnt[5:0]
     6/11: $0\neg_r[0:0]
     7/11: $0\neg_q[0:0]
     8/11: $0\rem_op[0:0]
     9/11: $0\state[1:0]
    10/11: $0\busy[0:0]
    11/11: $0\y[31:0]
Creating decoders for process `\formal_muldiv_liveness.$proc$formal_muldiv_liveness.sv:12$53'.
     1/1: $0\t[7:0]
Creating decoders for process `\formal_muldiv_liveness.$proc$formal_muldiv_liveness.sv:13$56'.
Creating decoders for process `\formal_muldiv_liveness.$proc$formal_muldiv_liveness.sv:21$58'.
     1/1: $0\busy_dur[7:0]
Creating decoders for process `\formal_muldiv_liveness.$proc$formal_muldiv_liveness.sv:26$60'.
     1/1: $assert$formal_muldiv_liveness.sv:26$62_EN
Creating decoders for process `\formal_muldiv_liveness.$proc$formal_muldiv_liveness.sv:11$64'.
Creating decoders for process `\formal_muldiv_liveness.$proc$formal_muldiv_liveness.sv:20$65'.

4.2.8. Executing PROC_DLATCH pass (convert process syncs to latches).
No latch inferred for signal `\formal_muldiv_liveness.\rst' from process `\formal_muldiv_liveness.$proc$formal_muldiv_liveness.sv:13$56'.

4.2.9. Executing PROC_DFF pass (convert process syncs to FFs).
Creating register for signal `\seth_muldiv_seq.\y' using process `\seth_muldiv_seq.$proc$build/seq_LMUT.sv:70$38'.
  created $dff cell `$procdff$283' with positive edge clock.
Creating register for signal `\seth_muldiv_seq.\busy' using process `\seth_muldiv_seq.$proc$build/seq_LMUT.sv:70$38'.
  created $dff cell `$procdff$284' with positive edge clock.
Creating register for signal `\seth_muldiv_seq.\done' using process `\seth_muldiv_seq.$proc$build/seq_LMUT.sv:70$38'.
  created $dff cell `$procdff$285' with positive edge clock.
Creating register for signal `\seth_muldiv_seq.\state' using process `\seth_muldiv_seq.$proc$build/seq_LMUT.sv:70$38'.
  created $dff cell `$procdff$286' with positive edge clock.
Creating register for signal `\seth_muldiv_seq.\rem_op' using process `\seth_muldiv_seq.$proc$build/seq_LMUT.sv:70$38'.
  created $dff cell `$procdff$287' with positive edge clock.
Creating register for signal `\seth_muldiv_seq.\neg_q' using process `\seth_muldiv_seq.$proc$build/seq_LMUT.sv:70$38'.
  created $dff cell `$procdff$288' with positive edge clock.
Creating register for signal `\seth_muldiv_seq.\neg_r' using process `\seth_muldiv_seq.$proc$build/seq_LMUT.sv:70$38'.
  created $dff cell `$procdff$289' with positive edge clock.
Creating register for signal `\seth_muldiv_seq.\cnt' using process `\seth_muldiv_seq.$proc$build/seq_LMUT.sv:70$38'.
  created $dff cell `$procdff$290' with positive edge clock.
Creating register for signal `\seth_muldiv_seq.\divisor' using process `\seth_muldiv_seq.$proc$build/seq_LMUT.sv:70$38'.
  created $dff cell `$procdff$291' with positive edge clock.
Creating register for signal `\seth_muldiv_seq.\rq' using process `\seth_muldiv_seq.$proc$build/seq_LMUT.sv:70$38'.
  created $dff cell `$procdff$292' with positive edge clock.
Creating register for signal `\seth_muldiv_seq.\result_q' using process `\seth_muldiv_seq.$proc$build/seq_LMUT.sv:70$38'.
  created $dff cell `$procdff$293' with positive edge clock.
Creating register for signal `\formal_muldiv_liveness.\t' using process `\formal_muldiv_liveness.$proc$formal_muldiv_liveness.sv:12$53'.
  created $dff cell `$procdff$294' with positive edge clock.
Creating register for signal `\formal_muldiv_liveness.\busy_dur' using process `\formal_muldiv_liveness.$proc$formal_muldiv_liveness.sv:21$58'.
  created $dff cell `$procdff$295' with positive edge clock.

4.2.10. Executing PROC_MEMWR pass (convert process memory writes to cells).

4.2.11. Executing PROC_CLEAN pass (remove empty switches from decision trees).
Found and cleaned up 9 empty switches in `\seth_muldiv_seq.$proc$build/seq_LMUT.sv:70$38'.
Removing empty process `seth_muldiv_seq.$proc$build/seq_LMUT.sv:70$38'.
Found and cleaned up 1 empty switch in `\formal_muldiv_liveness.$proc$formal_muldiv_liveness.sv:12$53'.
Removing empty process `formal_muldiv_liveness.$proc$formal_muldiv_liveness.sv:12$53'.
Removing empty process `formal_muldiv_liveness.$proc$formal_muldiv_liveness.sv:13$56'.
Found and cleaned up 2 empty switches in `\formal_muldiv_liveness.$proc$formal_muldiv_liveness.sv:21$58'.
Removing empty process `formal_muldiv_liveness.$proc$formal_muldiv_liveness.sv:21$58'.
Found and cleaned up 1 empty switch in `\formal_muldiv_liveness.$proc$formal_muldiv_liveness.sv:26$60'.
Removing empty process `formal_muldiv_liveness.$proc$formal_muldiv_liveness.sv:26$60'.
Removing empty process `formal_muldiv_liveness.$proc$formal_muldiv_liveness.sv:11$64'.
Removing empty process `formal_muldiv_liveness.$proc$formal_muldiv_liveness.sv:20$65'.
Cleaned up 13 empty switches.

4.2.12. Executing OPT_EXPR pass (perform const folding).
Optimizing module seth_muldiv_seq.
Optimizing module formal_muldiv_liveness.

4.3. Executing FUTURE pass.

4.4. Executing OPT_EXPR pass (perform const folding).
Optimizing module seth_muldiv_seq.
Optimizing module formal_muldiv_liveness.

4.5. Executing OPT_CLEAN pass (remove unused cells and wires).
Finding unused cells or wires in module \seth_muldiv_seq..
Finding unused cells or wires in module \formal_muldiv_liveness..
Removed 1 unused cells and 86 unused wires.

4.6. Executing CHECK pass (checking for obvious problems).
Checking module seth_muldiv_seq...
Checking module formal_muldiv_liveness...
Warning: Wire formal_muldiv_liveness.\start is used but has no driver.
Warning: Wire formal_muldiv_liveness.\op [2] is used but has no driver.
Warning: Wire formal_muldiv_liveness.\op [1] is used but has no driver.
Warning: Wire formal_muldiv_liveness.\op [0] is used but has no driver.
Warning: Wire formal_muldiv_liveness.\a [31] is used but has no driver.
Warning: Wire formal_muldiv_liveness.\a [30] is used but has no driver.
Warning: Wire formal_muldiv_liveness.\a [29] is used but has no driver.
Warning: Wire formal_muldiv_liveness.\a [28] is used but has no driver.
Warning: Wire formal_muldiv_liveness.\a [27] is used but has no driver.
Warning: Wire formal_muldiv_liveness.\a [26] is used but has no driver.
Warning: Wire formal_muldiv_liveness.\a [25] is used but has no driver.
Warning: Wire formal_muldiv_liveness.\a [24] is used but has no driver.
Warning: Wire formal_muldiv_liveness.\a [23] is used but has no driver.
Warning: Wire formal_muldiv_liveness.\a [22] is used but has no driver.
Warning: Wire formal_muldiv_liveness.\a [21] is used but has no driver.
Warning: Wire formal_muldiv_liveness.\a [20] is used but has no driver.
Warning: Wire formal_muldiv_liveness.\a [19] is used but has no driver.
Warning: Wire formal_muldiv_liveness.\a [18] is used but has no driver.
Warning: Wire formal_muldiv_liveness.\a [17] is used but has no driver.
Warning: Wire formal_muldiv_liveness.\a [16] is used but has no driver.
Warning: Wire formal_muldiv_liveness.\a [15] is used but has no driver.
Warning: Wire formal_muldiv_liveness.\a [14] is used but has no driver.
Warning: Wire formal_muldiv_liveness.\a [13] is used but has no driver.
Warning: Wire formal_muldiv_liveness.\a [12] is used but has no driver.
Warning: Wire formal_muldiv_liveness.\a [11] is used but has no driver.
Warning: Wire formal_muldiv_liveness.\a [10] is used but has no driver.
Warning: Wire formal_muldiv_liveness.\a [9] is used but has no driver.
Warning: Wire formal_muldiv_liveness.\a [8] is used but has no driver.
Warning: Wire formal_muldiv_liveness.\a [7] is used but has no driver.
Warning: Wire formal_muldiv_liveness.\a [6] is used but has no driver.
Warning: Wire formal_muldiv_liveness.\a [5] is used but has no driver.
Warning: Wire formal_muldiv_liveness.\a [4] is used but has no driver.
Warning: Wire formal_muldiv_liveness.\a [3] is used but has no driver.
Warning: Wire formal_muldiv_liveness.\a [2] is used but has no driver.
Warning: Wire formal_muldiv_liveness.\a [1] is used but has no driver.
Warning: Wire formal_muldiv_liveness.\a [0] is used but has no driver.
Warning: Wire formal_muldiv_liveness.\b [31] is used but has no driver.
Warning: Wire formal_muldiv_liveness.\b [30] is used but has no driver.
Warning: Wire formal_muldiv_liveness.\b [29] is used but has no driver.
Warning: Wire formal_muldiv_liveness.\b [28] is used but has no driver.
Warning: Wire formal_muldiv_liveness.\b [27] is used but has no driver.
Warning: Wire formal_muldiv_liveness.\b [26] is used but has no driver.
Warning: Wire formal_muldiv_liveness.\b [25] is used but has no driver.
Warning: Wire formal_muldiv_liveness.\b [24] is used but has no driver.
Warning: Wire formal_muldiv_liveness.\b [23] is used but has no driver.
Warning: Wire formal_muldiv_liveness.\b [22] is used but has no driver.
Warning: Wire formal_muldiv_liveness.\b [21] is used but has no driver.
Warning: Wire formal_muldiv_liveness.\b [20] is used but has no driver.
Warning: Wire formal_muldiv_liveness.\b [19] is used but has no driver.
Warning: Wire formal_muldiv_liveness.\b [18] is used but has no driver.
Warning: Wire formal_muldiv_liveness.\b [17] is used but has no driver.
Warning: Wire formal_muldiv_liveness.\b [16] is used but has no driver.
Warning: Wire formal_muldiv_liveness.\b [15] is used but has no driver.
Warning: Wire formal_muldiv_liveness.\b [14] is used but has no driver.
Warning: Wire formal_muldiv_liveness.\b [13] is used but has no driver.
Warning: Wire formal_muldiv_liveness.\b [12] is used but has no driver.
Warning: Wire formal_muldiv_liveness.\b [11] is used but has no driver.
Warning: Wire formal_muldiv_liveness.\b [10] is used but has no driver.
Warning: Wire formal_muldiv_liveness.\b [9] is used but has no driver.
Warning: Wire formal_muldiv_liveness.\b [8] is used but has no driver.
Warning: Wire formal_muldiv_liveness.\b [7] is used but has no driver.
Warning: Wire formal_muldiv_liveness.\b [6] is used but has no driver.
Warning: Wire formal_muldiv_liveness.\b [5] is used but has no driver.
Warning: Wire formal_muldiv_liveness.\b [4] is used but has no driver.
Warning: Wire formal_muldiv_liveness.\b [3] is used but has no driver.
Warning: Wire formal_muldiv_liveness.\b [2] is used but has no driver.
Warning: Wire formal_muldiv_liveness.\b [1] is used but has no driver.
Warning: Wire formal_muldiv_liveness.\b [0] is used but has no driver.
Found and reported 68 problems.

4.7. Executing OPT pass (performing simple optimizations).

4.7.1. Executing OPT_EXPR pass (perform const folding).
Optimizing module seth_muldiv_seq.
Optimizing module formal_muldiv_liveness.

4.7.2. Executing OPT_MERGE pass (detect identical cells).
Finding identical cells in module `\seth_muldiv_seq'.
Computing hashes of 129 cells of `\seth_muldiv_seq'.
Finding duplicate cells in `\seth_muldiv_seq'.
Computing hashes of 114 cells of `\seth_muldiv_seq'.
Finding duplicate cells in `\seth_muldiv_seq'.
Finding identical cells in module `\formal_muldiv_liveness'.
Computing hashes of 13 cells of `\formal_muldiv_liveness'.
Finding duplicate cells in `\formal_muldiv_liveness'.
Removed a total of 15 cells.

4.7.3. Executing OPT_MUXTREE pass (detect dead branches in mux trees).
Running muxtree optimizer on module \seth_muldiv_seq..
  Creating internal representation of mux trees.
  Evaluating internal representation of mux trees.
  Analyzing evaluation results.
Running muxtree optimizer on module \formal_muldiv_liveness..
  Creating internal representation of mux trees.
  Evaluating internal representation of mux trees.
  Analyzing evaluation results.
Removed 0 multiplexer ports.

4.7.4. Executing OPT_REDUCE pass (consolidate $*mux and $reduce_* inputs).
  Optimizing cells in module \seth_muldiv_seq.
  Optimizing cells in module \formal_muldiv_liveness.
Performed a total of 0 changes.

4.7.5. Executing OPT_MERGE pass (detect identical cells).
Finding identical cells in module `\seth_muldiv_seq'.
Computing hashes of 114 cells of `\seth_muldiv_seq'.
Finding duplicate cells in `\seth_muldiv_seq'.
Finding identical cells in module `\formal_muldiv_liveness'.
Computing hashes of 13 cells of `\formal_muldiv_liveness'.
Finding duplicate cells in `\formal_muldiv_liveness'.
Removed a total of 0 cells.

4.7.6. Executing OPT_CLEAN pass (remove unused cells and wires).
Finding unused cells or wires in module \seth_muldiv_seq..
Finding unused cells or wires in module \formal_muldiv_liveness..
Removed 0 unused cells and 15 unused wires.

4.7.7. Executing OPT_EXPR pass (perform const folding).
Optimizing module seth_muldiv_seq.
Optimizing module formal_muldiv_liveness.

4.7.8. Rerunning OPT passes. (Maybe there is more to do..)

4.7.9. Executing OPT_MUXTREE pass (detect dead branches in mux trees).
Running muxtree optimizer on module \seth_muldiv_seq..
  Creating internal representation of mux trees.
  Evaluating internal representation of mux trees.
  Analyzing evaluation results.
Running muxtree optimizer on module \formal_muldiv_liveness..
  Creating internal representation of mux trees.
  Evaluating internal representation of mux trees.
  Analyzing evaluation results.
Removed 0 multiplexer ports.

4.7.10. Executing OPT_REDUCE pass (consolidate $*mux and $reduce_* inputs).
  Optimizing cells in module \seth_muldiv_seq.
  Optimizing cells in module \formal_muldiv_liveness.
Performed a total of 0 changes.

4.7.11. Executing OPT_MERGE pass (detect identical cells).
Finding identical cells in module `\seth_muldiv_seq'.
Computing hashes of 114 cells of `\seth_muldiv_seq'.
Finding duplicate cells in `\seth_muldiv_seq'.
Finding identical cells in module `\formal_muldiv_liveness'.
Computing hashes of 13 cells of `\formal_muldiv_liveness'.
Finding duplicate cells in `\formal_muldiv_liveness'.
Removed a total of 0 cells.

4.7.12. Executing OPT_CLEAN pass (remove unused cells and wires).
Finding unused cells or wires in module \seth_muldiv_seq..
Finding unused cells or wires in module \formal_muldiv_liveness..

4.7.13. Executing OPT_EXPR pass (perform const folding).
Optimizing module seth_muldiv_seq.
Optimizing module formal_muldiv_liveness.

4.7.14. Finished fast OPT passes. (There is nothing left to do.)

4.8. Executing WREDUCE pass (reducing word size of cells).
Converting cell seth_muldiv_seq.$mul$build/seq_LMUT.sv:43$14 ($mul) from unsigned to signed.
Removed top 32 bits (of 64) from port A of cell seth_muldiv_seq.$mul$build/seq_LMUT.sv:43$14 ($mul).
Removed top 32 bits (of 64) from port B of cell seth_muldiv_seq.$mul$build/seq_LMUT.sv:43$14 ($mul).
Converting cell seth_muldiv_seq.$mul$build/seq_LMUT.sv:44$15 ($mul) from unsigned to signed.
Removed top 32 bits (of 64) from port A of cell seth_muldiv_seq.$mul$build/seq_LMUT.sv:44$15 ($mul).
Removed top 31 bits (of 64) from port B of cell seth_muldiv_seq.$mul$build/seq_LMUT.sv:44$15 ($mul).
Removed top 31 bits (of 32) from port B of cell seth_muldiv_seq.$add$build/seq_LMUT.sv:54$26 ($add).
Removed top 31 bits (of 32) from port B of cell seth_muldiv_seq.$add$build/seq_LMUT.sv:55$29 ($add).
Removed top 31 bits (of 32) from port B of cell seth_muldiv_seq.$add$build/seq_LMUT.sv:67$33 ($add).
Removed top 31 bits (of 32) from port B of cell seth_muldiv_seq.$add$build/seq_LMUT.sv:68$36 ($add).
Removed top 1 bits (of 3) from port B of cell seth_muldiv_seq.$le$build/seq_LMUT.sv:79$39 ($le).
Removed top 1 bits (of 3) from port B of cell seth_muldiv_seq.$procmux$88_CMP0 ($eq).
Removed top 2 bits (of 3) from port B of cell seth_muldiv_seq.$procmux$89_CMP0 ($eq).
Removed top 1 bits (of 2) from port B of cell seth_muldiv_seq.$procmux$269_CMP0 ($eq).
Removed top 7 bits (of 8) from port B of cell formal_muldiv_liveness.$add$formal_muldiv_liveness.sv:12$55 ($add).
Removed top 7 bits (of 8) from port B of cell formal_muldiv_liveness.$add$formal_muldiv_liveness.sv:23$59 ($add).
Removed top 2 bits (of 8) from port B of cell formal_muldiv_liveness.$le$formal_muldiv_liveness.sv:26$63 ($le).

4.9. Executing OPT_CLEAN pass (remove unused cells and wires).
Finding unused cells or wires in module \seth_muldiv_seq..
Finding unused cells or wires in module \formal_muldiv_liveness..

4.10. Executing MEMORY_COLLECT pass (generating $mem cells).

4.11. Executing OPT pass (performing simple optimizations).

4.11.1. Executing OPT_EXPR pass (perform const folding).
Optimizing module seth_muldiv_seq.
Optimizing module formal_muldiv_liveness.

4.11.2. Executing OPT_MERGE pass (detect identical cells).
Finding identical cells in module `\seth_muldiv_seq'.
Computing hashes of 114 cells of `\seth_muldiv_seq'.
Finding duplicate cells in `\seth_muldiv_seq'.
Finding identical cells in module `\formal_muldiv_liveness'.
Computing hashes of 13 cells of `\formal_muldiv_liveness'.
Finding duplicate cells in `\formal_muldiv_liveness'.
Removed a total of 0 cells.

4.11.3. Executing OPT_CLEAN pass (remove unused cells and wires).
Finding unused cells or wires in module \seth_muldiv_seq..
Finding unused cells or wires in module \formal_muldiv_liveness..

4.11.4. Finished fast OPT passes.

4.12. Executing SORT pass.

4.13. Printing statistics.

=== formal_muldiv_liveness ===

        +----------Local Count, excluding submodules.
        | 
       19 wires
      163 wire bits
       11 public wires
      120 public wire bits
        1 ports
        1 port bits
       12 cells
        2   $add
        1   $check
        2   $dff
        1   $le
        1   $logic_not
        4   $mux
        1   $ne
        1 submodules
        1   seth_muldiv_seq

=== seth_muldiv_seq ===

        +----------Local Count, excluding submodules.
        | 
      124 wires
     2228 wire bits
       32 public wires
      727 public wire bits
        9 ports
      104 port bits
      114 cells
        4   $add
       11   $dff
        9   $eq
        1   $ge
        1   $le
        4   $logic_and
        3   $logic_not
        2   $logic_or
        3   $mul
       63   $mux
        4   $not
        6   $pmux
        1   $reduce_bool
        1   $sub
        1   $xor

=== design hierarchy ===

        +----------Count including submodules.
        | 
      126 formal_muldiv_liveness
      114 seth_muldiv_seq

        +----------Count including submodules.
        | 
      143 wires
     2391 wire bits
       43 public wires
      847 public wire bits
       10 ports
      105 port bits
        - memories
        - memory bits
        - processes
      126 cells
        6   $add
        1   $check
       13   $dff
        9   $eq
        1   $ge
        2   $le
        4   $logic_and
        4   $logic_not
        2   $logic_or
        3   $mul
       67   $mux
        1   $ne
        4   $not
        6   $pmux
        1   $reduce_bool
        1   $sub
        1   $xor
        1 submodules
        1   seth_muldiv_seq

4.14. Executing CHECK pass (checking for obvious problems).
Checking module formal_muldiv_liveness...
Warning: Wire formal_muldiv_liveness.\start is used but has no driver.
Warning: Wire formal_muldiv_liveness.\op [2] is used but has no driver.
Warning: Wire formal_muldiv_liveness.\op [1] is used but has no driver.
Warning: Wire formal_muldiv_liveness.\op [0] is used but has no driver.
Warning: Wire formal_muldiv_liveness.\b [31] is used but has no driver.
Warning: Wire formal_muldiv_liveness.\b [30] is used but has no driver.
Warning: Wire formal_muldiv_liveness.\b [29] is used but has no driver.
Warning: Wire formal_muldiv_liveness.\b [28] is used but has no driver.
Warning: Wire formal_muldiv_liveness.\b [27] is used but has no driver.
Warning: Wire formal_muldiv_liveness.\b [26] is used but has no driver.
Warning: Wire formal_muldiv_liveness.\b [25] is used but has no driver.
Warning: Wire formal_muldiv_liveness.\b [24] is used but has no driver.
Warning: Wire formal_muldiv_liveness.\b [23] is used but has no driver.
Warning: Wire formal_muldiv_liveness.\b [22] is used but has no driver.
Warning: Wire formal_muldiv_liveness.\b [21] is used but has no driver.
Warning: Wire formal_muldiv_liveness.\b [20] is used but has no driver.
Warning: Wire formal_muldiv_liveness.\b [19] is used but has no driver.
Warning: Wire formal_muldiv_liveness.\b [18] is used but has no driver.
Warning: Wire formal_muldiv_liveness.\b [17] is used but has no driver.
Warning: Wire formal_muldiv_liveness.\b [16] is used but has no driver.
Warning: Wire formal_muldiv_liveness.\b [15] is used but has no driver.
Warning: Wire formal_muldiv_liveness.\b [14] is used but has no driver.
Warning: Wire formal_muldiv_liveness.\b [13] is used but has no driver.
Warning: Wire formal_muldiv_liveness.\b [12] is used but has no driver.
Warning: Wire formal_muldiv_liveness.\b [11] is used but has no driver.
Warning: Wire formal_muldiv_liveness.\b [10] is used but has no driver.
Warning: Wire formal_muldiv_liveness.\b [9] is used but has no driver.
Warning: Wire formal_muldiv_liveness.\b [8] is used but has no driver.
Warning: Wire formal_muldiv_liveness.\b [7] is used but has no driver.
Warning: Wire formal_muldiv_liveness.\b [6] is used but has no driver.
Warning: Wire formal_muldiv_liveness.\b [5] is used but has no driver.
Warning: Wire formal_muldiv_liveness.\b [4] is used but has no driver.
Warning: Wire formal_muldiv_liveness.\b [3] is used but has no driver.
Warning: Wire formal_muldiv_liveness.\b [2] is used but has no driver.
Warning: Wire formal_muldiv_liveness.\b [1] is used but has no driver.
Warning: Wire formal_muldiv_liveness.\b [0] is used but has no driver.
Warning: Wire formal_muldiv_liveness.\a [31] is used but has no driver.
Warning: Wire formal_muldiv_liveness.\a [30] is used but has no driver.
Warning: Wire formal_muldiv_liveness.\a [29] is used but has no driver.
Warning: Wire formal_muldiv_liveness.\a [28] is used but has no driver.
Warning: Wire formal_muldiv_liveness.\a [27] is used but has no driver.
Warning: Wire formal_muldiv_liveness.\a [26] is used but has no driver.
Warning: Wire formal_muldiv_liveness.\a [25] is used but has no driver.
Warning: Wire formal_muldiv_liveness.\a [24] is used but has no driver.
Warning: Wire formal_muldiv_liveness.\a [23] is used but has no driver.
Warning: Wire formal_muldiv_liveness.\a [22] is used but has no driver.
Warning: Wire formal_muldiv_liveness.\a [21] is used but has no driver.
Warning: Wire formal_muldiv_liveness.\a [20] is used but has no driver.
Warning: Wire formal_muldiv_liveness.\a [19] is used but has no driver.
Warning: Wire formal_muldiv_liveness.\a [18] is used but has no driver.
Warning: Wire formal_muldiv_liveness.\a [17] is used but has no driver.
Warning: Wire formal_muldiv_liveness.\a [16] is used but has no driver.
Warning: Wire formal_muldiv_liveness.\a [15] is used but has no driver.
Warning: Wire formal_muldiv_liveness.\a [14] is used but has no driver.
Warning: Wire formal_muldiv_liveness.\a [13] is used but has no driver.
Warning: Wire formal_muldiv_liveness.\a [12] is used but has no driver.
Warning: Wire formal_muldiv_liveness.\a [11] is used but has no driver.
Warning: Wire formal_muldiv_liveness.\a [10] is used but has no driver.
Warning: Wire formal_muldiv_liveness.\a [9] is used but has no driver.
Warning: Wire formal_muldiv_liveness.\a [8] is used but has no driver.
Warning: Wire formal_muldiv_liveness.\a [7] is used but has no driver.
Warning: Wire formal_muldiv_liveness.\a [6] is used but has no driver.
Warning: Wire formal_muldiv_liveness.\a [5] is used but has no driver.
Warning: Wire formal_muldiv_liveness.\a [4] is used but has no driver.
Warning: Wire formal_muldiv_liveness.\a [3] is used but has no driver.
Warning: Wire formal_muldiv_liveness.\a [2] is used but has no driver.
Warning: Wire formal_muldiv_liveness.\a [1] is used but has no driver.
Warning: Wire formal_muldiv_liveness.\a [0] is used but has no driver.
Checking module seth_muldiv_seq...
Found and reported 68 problems.

5. Executing ASYNC2SYNC pass.

6. Executing DFFUNMAP pass (unmap clock enable and synchronous reset from FFs).

7. Executing SMT2 backend.

7.1. Executing BMUXMAP pass.

7.2. Executing DEMUXMAP pass.
Creating SMT-LIBv2 representation of module seth_muldiv_seq.
Creating SMT-LIBv2 representation of module formal_muldiv_liveness.

Warnings: 68 unique messages, 136 total
End of script. Logfile hash: 0d14d77d5f, time: 0.07s, user: 0.07s, system: 0.00s, MEM: 23.38 MB peak
Yosys 0.65 (git sha1 aec814bdf3071f7e0fd0fbe43f7f711e99d01e24, g++ 14.3.0-19 -fvisibility-inlines-hidden -fmessage-length=0 -march=nocona -mtune=haswell -ftree-vectorize -fPIC -fstack-protector-strong -fno-plt -O2 -ffunction-sections -fdebug-prefix-map=/home/conda/feedstock_root/build_artifacts/yosys_1778591527500/work=/usr/local/src/conda/yosys-0.65 -fdebug-prefix-map=/home/lordegypt/miniconda3/envs/eda=/usr/local/src/conda-prefix -fPIC -O3) [conda-forge/yosys-feedstock]
Time spent: 27% 5x opt_clean (0 sec), 25% 2x check (0 sec), ...
