
 /----------------------------------------------------------------------------\
 |  yosys -- Yosys Open SYnthesis Suite                                       |
 |  Copyright (C) 2012 - 2026  Claire Xenia Wolf <claire@yosyshq.com>         |
 |  Distributed under an ISC-like license, type "license" to see terms        |
 \----------------------------------------------------------------------------/
 Yosys 0.65 (git sha1 aec814bdf3071f7e0fd0fbe43f7f711e99d01e24, g++ 14.3.0-19 -fvisibility-inlines-hidden -fmessage-length=0 -march=nocona -mtune=haswell -ftree-vectorize -fPIC -fstack-protector-strong -fno-plt -O2 -ffunction-sections -fdebug-prefix-map=/home/conda/feedstock_root/build_artifacts/yosys_1778591527500/work=/usr/local/src/conda/yosys-0.65 -fdebug-prefix-map=/home/lordegypt/miniconda3/envs/eda=/usr/local/src/conda-prefix -fPIC -O3) [conda-forge/yosys-feedstock]

-- Executing script file `design_smt2.ys' --

1. Executing RTLIL frontend.
Input filename: design_prep.il

2. Executing HIERARCHY pass (managing design hierarchy).
Attribute `top' found on module `rvfi_testbench'. Setting top module to rvfi_testbench.

2.1. Analyzing design hierarchy..
Top module:  \rvfi_testbench

2.2. Analyzing design hierarchy..
Top module:  \rvfi_testbench
Removed 0 unused modules.
Module rvfi_testbench directly or indirectly contains formal properties -> setting "keep" attribute.

3. Executing FORMALFF pass.

4. Executing DFFUNMAP pass (unmap clock enable and synchronous reset from FFs).

5. Printing statistics.

=== rvfi_testbench ===

        +----------Local Count, excluding submodules.
        | 
      934 wires
    12240 wire bits
      432 public wires
     6556 public wire bits
        2 ports
        2 port bits
      718 cells
        9   $add
        6   $and
       83   $anyinit
       14   $anyseq
       33   $assert
        3   $assume
        2   $div
       79   $eq
        1   $ff
        2   $ge
        1   $gt
        1   $initstate
       51   $logic_and
       29   $logic_not
       22   $logic_or
        5   $lt
        2   $mem_v2
        2   $mod
        3   $mul
      297   $mux
        3   $ne
        6   $not
        5   $or
       14   $pmux
       14   $reduce_bool
        8   $reduce_or
       11   $scopeinfo
        7   $shl
        2   $shr
        1   $sshr
        1   $sub
        1   $xor

6. Executing SMT2 backend.

6.1. Executing BMUXMAP pass.

6.2. Executing DEMUXMAP pass.
Creating SMT-LIBv2 representation of module rvfi_testbench.

End of script. Logfile hash: 3ced38118c, time: 0.05s, user: 0.05s, system: 0.01s, MEM: 22.36 MB peak
Yosys 0.65 (git sha1 aec814bdf3071f7e0fd0fbe43f7f711e99d01e24, g++ 14.3.0-19 -fvisibility-inlines-hidden -fmessage-length=0 -march=nocona -mtune=haswell -ftree-vectorize -fPIC -fstack-protector-strong -fno-plt -O2 -ffunction-sections -fdebug-prefix-map=/home/conda/feedstock_root/build_artifacts/yosys_1778591527500/work=/usr/local/src/conda/yosys-0.65 -fdebug-prefix-map=/home/lordegypt/miniconda3/envs/eda=/usr/local/src/conda-prefix -fPIC -O3) [conda-forge/yosys-feedstock]
Time spent: 81% 2x write_smt2 (0 sec), 12% 2x read_rtlil (0 sec), ...
