
 /----------------------------------------------------------------------------\
 |  yosys -- Yosys Open SYnthesis Suite                                       |
 |  Copyright (C) 2012 - 2026  Claire Xenia Wolf <claire@yosyshq.com>         |
 |  Distributed under an ISC-like license, type "license" to see terms        |
 \----------------------------------------------------------------------------/
 Yosys 0.65 (git sha1 aec814bdf3071f7e0fd0fbe43f7f711e99d01e24, g++ 14.3.0-19 -fvisibility-inlines-hidden -fmessage-length=0 -march=nocona -mtune=haswell -ftree-vectorize -fPIC -fstack-protector-strong -fno-plt -O2 -ffunction-sections -fdebug-prefix-map=/home/conda/feedstock_root/build_artifacts/yosys_1778591527500/work=/usr/local/src/conda/yosys-0.65 -fdebug-prefix-map=/home/lordegypt/miniconda3/envs/eda=/usr/local/src/conda-prefix -fPIC -O3) [conda-forge/yosys-feedstock]

-- Running command `
        read_verilog -sv ../rtl/hapi_bf16_add.sv;
        synth -top hapi_bf16_add;
        select -assert-none t:$_DLATCH_* t:$dlatch;
        tee -o reports/hapi_bf16_add.stat stat
    ' --

1. Executing Verilog-2005 frontend: ../rtl/hapi_bf16_add.sv
Parsing SystemVerilog input from `../rtl/hapi_bf16_add.sv' to AST representation.
Generating RTLIL representation for module `\hapi_bf16_add'.
Successfully finished Verilog frontend.

2. Executing SYNTH pass.

2.1. Executing HIERARCHY pass (managing design hierarchy).

2.1.1. Analyzing design hierarchy..
Top module:  \hapi_bf16_add

2.1.2. Analyzing design hierarchy..
Top module:  \hapi_bf16_add
Removed 0 unused modules.

2.2. Executing PROC pass (convert processes to netlists).

2.2.1. Executing PROC_CLEAN pass (remove empty switches from decision trees).
Cleaned up 0 empty switches.

2.2.2. Executing PROC_RMDEAD pass (remove dead branches from decision trees).
Marked 1 switch rules as full_case in process $proc$../rtl/hapi_bf16_add.sv:132$122 in module hapi_bf16_add.
Marked 4 switch rules as full_case in process $proc$../rtl/hapi_bf16_add.sv:196$114 in module hapi_bf16_add.
Marked 6 switch rules as full_case in process $proc$../rtl/hapi_bf16_add.sv:148$58 in module hapi_bf16_add.
Marked 1 switch rules as full_case in process $proc$../rtl/hapi_bf16_add.sv:84$39 in module hapi_bf16_add.
Marked 1 switch rules as full_case in process $proc$../rtl/hapi_bf16_add.sv:49$30 in module hapi_bf16_add.
Removed a total of 0 dead cases.

2.2.3. Executing PROC_PRUNE pass (remove redundant assignments in processes).
Removed 0 redundant assignments.
Promoted 28 assignments to connections.

2.2.4. Executing PROC_INIT pass (extract init attributes).

2.2.5. Executing PROC_ARST pass (detect async resets in processes).

2.2.6. Executing PROC_ROM pass (convert switches to ROMs).
Converted 0 switches.

2.2.7. Executing PROC_MUX pass (convert decision trees to multiplexers).
Creating decoders for process `\hapi_bf16_add.$proc$../rtl/hapi_bf16_add.sv:132$122'.
     1/1: $1\clz17$func$../rtl/hapi_bf16_add.sv:132$4.n[4:0]$127
Creating decoders for process `\hapi_bf16_add.$proc$../rtl/hapi_bf16_add.sv:196$114'.
     1/4: $4\y[15:0]
     2/4: $3\y[15:0]
     3/4: $2\y[15:0]
     4/4: $1\y[15:0]
Creating decoders for process `\hapi_bf16_add.$proc$../rtl/hapi_bf16_add.sv:148$58'.
     1/29: $5\arith_bits[15:0]
     2/29: $4$unnamed_block$2.exp_final[9:0]$111
     3/29: $4\arith_bits[15:0]
     4/29: $3\arith_bits[15:0]
     5/29: $3$unnamed_block$2.exp_final[9:0]$108
     6/29: $2\arith_bits[15:0]
     7/29: $2$unnamed_block$2.lost_mask[31:0]$95
     8/29: $2$unnamed_block$2.shifted[31:0]$94
     9/29: $2$unnamed_block$2.ext[31:0]$93
    10/29: $2$unnamed_block$2.exp_final[9:0]$92
    11/29: $2$unnamed_block$2.rounded[8:0]$91
    12/29: $2$unnamed_block$2.round_up[0:0]$90
    13/29: $2$unnamed_block$2.lsb[0:0]$89
    14/29: $2$unnamed_block$2.sticky[0:0]$88
    15/29: $2$unnamed_block$2.round_b[0:0]$87
    16/29: $2$unnamed_block$2.guard[0:0]$86
    17/29: $2$unnamed_block$2.keep[7:0]$85
    18/29: $1\arith_bits[15:0]
    19/29: $1$unnamed_block$2.lost_mask[31:0]$83
    20/29: $1$unnamed_block$2.shifted[31:0]$82
    21/29: $1$unnamed_block$2.ext[31:0]$81
    22/29: $1$unnamed_block$2.exp_final[9:0]$80
    23/29: $1$unnamed_block$2.rounded[8:0]$79
    24/29: $1$unnamed_block$2.round_up[0:0]$78
    25/29: $1$unnamed_block$2.lsb[0:0]$77
    26/29: $1$unnamed_block$2.sticky[0:0]$76
    27/29: $1$unnamed_block$2.round_b[0:0]$75
    28/29: $1$unnamed_block$2.guard[0:0]$74
    29/29: $1$unnamed_block$2.keep[7:0]$73
Creating decoders for process `\hapi_bf16_add.$proc$../rtl/hapi_bf16_add.sv:84$39'.
     1/2: $1\align_sticky[0:0]
     2/2: $1\sml_aligned[16:0]
Creating decoders for process `\hapi_bf16_add.$proc$../rtl/hapi_bf16_add.sv:49$30'.
     1/6: $1\msml[6:0]
     2/6: $1\esml[7:0]
     3/6: $1\ssml[0:0]
     4/6: $1\mbig[6:0]
     5/6: $1\ebig[7:0]
     6/6: $1\sbig[0:0]

2.2.8. Executing PROC_DLATCH pass (convert process syncs to latches).
No latch inferred for signal `\hapi_bf16_add.\clz17$func$../rtl/hapi_bf16_add.sv:132$3.$result' from process `\hapi_bf16_add.$proc$../rtl/hapi_bf16_add.sv:132$122'.
No latch inferred for signal `\hapi_bf16_add.\clz17$func$../rtl/hapi_bf16_add.sv:132$4.$result' from process `\hapi_bf16_add.$proc$../rtl/hapi_bf16_add.sv:132$122'.
No latch inferred for signal `\hapi_bf16_add.\clz17$func$../rtl/hapi_bf16_add.sv:132$4.x' from process `\hapi_bf16_add.$proc$../rtl/hapi_bf16_add.sv:132$122'.
No latch inferred for signal `\hapi_bf16_add.\clz17$func$../rtl/hapi_bf16_add.sv:132$4.n' from process `\hapi_bf16_add.$proc$../rtl/hapi_bf16_add.sv:132$122'.
No latch inferred for signal `\hapi_bf16_add.\y' from process `\hapi_bf16_add.$proc$../rtl/hapi_bf16_add.sv:196$114'.
No latch inferred for signal `\hapi_bf16_add.\arith_bits' from process `\hapi_bf16_add.$proc$../rtl/hapi_bf16_add.sv:148$58'.
No latch inferred for signal `\hapi_bf16_add.$unnamed_block$2.keep' from process `\hapi_bf16_add.$proc$../rtl/hapi_bf16_add.sv:148$58'.
No latch inferred for signal `\hapi_bf16_add.$unnamed_block$2.guard' from process `\hapi_bf16_add.$proc$../rtl/hapi_bf16_add.sv:148$58'.
No latch inferred for signal `\hapi_bf16_add.$unnamed_block$2.round_b' from process `\hapi_bf16_add.$proc$../rtl/hapi_bf16_add.sv:148$58'.
No latch inferred for signal `\hapi_bf16_add.$unnamed_block$2.sticky' from process `\hapi_bf16_add.$proc$../rtl/hapi_bf16_add.sv:148$58'.
No latch inferred for signal `\hapi_bf16_add.$unnamed_block$2.lsb' from process `\hapi_bf16_add.$proc$../rtl/hapi_bf16_add.sv:148$58'.
No latch inferred for signal `\hapi_bf16_add.$unnamed_block$2.round_up' from process `\hapi_bf16_add.$proc$../rtl/hapi_bf16_add.sv:148$58'.
No latch inferred for signal `\hapi_bf16_add.$unnamed_block$2.rounded' from process `\hapi_bf16_add.$proc$../rtl/hapi_bf16_add.sv:148$58'.
No latch inferred for signal `\hapi_bf16_add.$unnamed_block$2.exp_final' from process `\hapi_bf16_add.$proc$../rtl/hapi_bf16_add.sv:148$58'.
No latch inferred for signal `\hapi_bf16_add.$unnamed_block$2.ext' from process `\hapi_bf16_add.$proc$../rtl/hapi_bf16_add.sv:148$58'.
No latch inferred for signal `\hapi_bf16_add.$unnamed_block$2.shifted' from process `\hapi_bf16_add.$proc$../rtl/hapi_bf16_add.sv:148$58'.
No latch inferred for signal `\hapi_bf16_add.$unnamed_block$2.lost_mask' from process `\hapi_bf16_add.$proc$../rtl/hapi_bf16_add.sv:148$58'.
No latch inferred for signal `\hapi_bf16_add.$unnamed_block$2.totalshift' from process `\hapi_bf16_add.$proc$../rtl/hapi_bf16_add.sv:148$58'.
No latch inferred for signal `\hapi_bf16_add.\sml_aligned' from process `\hapi_bf16_add.$proc$../rtl/hapi_bf16_add.sv:84$39'.
No latch inferred for signal `\hapi_bf16_add.\align_sticky' from process `\hapi_bf16_add.$proc$../rtl/hapi_bf16_add.sv:84$39'.
No latch inferred for signal `\hapi_bf16_add.$unnamed_block$1.sh' from process `\hapi_bf16_add.$proc$../rtl/hapi_bf16_add.sv:84$39'.
No latch inferred for signal `\hapi_bf16_add.$unnamed_block$1.lost_mask' from process `\hapi_bf16_add.$proc$../rtl/hapi_bf16_add.sv:84$39'.
No latch inferred for signal `\hapi_bf16_add.\sbig' from process `\hapi_bf16_add.$proc$../rtl/hapi_bf16_add.sv:49$30'.
No latch inferred for signal `\hapi_bf16_add.\ssml' from process `\hapi_bf16_add.$proc$../rtl/hapi_bf16_add.sv:49$30'.
No latch inferred for signal `\hapi_bf16_add.\ebig' from process `\hapi_bf16_add.$proc$../rtl/hapi_bf16_add.sv:49$30'.
No latch inferred for signal `\hapi_bf16_add.\esml' from process `\hapi_bf16_add.$proc$../rtl/hapi_bf16_add.sv:49$30'.
No latch inferred for signal `\hapi_bf16_add.\mbig' from process `\hapi_bf16_add.$proc$../rtl/hapi_bf16_add.sv:49$30'.
No latch inferred for signal `\hapi_bf16_add.\msml' from process `\hapi_bf16_add.$proc$../rtl/hapi_bf16_add.sv:49$30'.

2.2.9. Executing PROC_DFF pass (convert process syncs to FFs).

2.2.10. Executing PROC_MEMWR pass (convert process memory writes to cells).

2.2.11. Executing PROC_CLEAN pass (remove empty switches from decision trees).
Found and cleaned up 1 empty switch in `\hapi_bf16_add.$proc$../rtl/hapi_bf16_add.sv:132$122'.
Removing empty process `hapi_bf16_add.$proc$../rtl/hapi_bf16_add.sv:132$122'.
Found and cleaned up 4 empty switches in `\hapi_bf16_add.$proc$../rtl/hapi_bf16_add.sv:196$114'.
Removing empty process `hapi_bf16_add.$proc$../rtl/hapi_bf16_add.sv:196$114'.
Found and cleaned up 6 empty switches in `\hapi_bf16_add.$proc$../rtl/hapi_bf16_add.sv:148$58'.
Removing empty process `hapi_bf16_add.$proc$../rtl/hapi_bf16_add.sv:148$58'.
Found and cleaned up 1 empty switch in `\hapi_bf16_add.$proc$../rtl/hapi_bf16_add.sv:84$39'.
Removing empty process `hapi_bf16_add.$proc$../rtl/hapi_bf16_add.sv:84$39'.
Found and cleaned up 1 empty switch in `\hapi_bf16_add.$proc$../rtl/hapi_bf16_add.sv:49$30'.
Removing empty process `hapi_bf16_add.$proc$../rtl/hapi_bf16_add.sv:49$30'.
Cleaned up 13 empty switches.

2.2.12. Executing OPT_EXPR pass (perform const folding).
Optimizing module hapi_bf16_add.

2.3. Executing OPT_EXPR pass (perform const folding).
Optimizing module hapi_bf16_add.

2.4. Executing OPT_CLEAN pass (remove unused cells and wires).
Finding unused cells or wires in module \hapi_bf16_add..
Removed 43 unused cells and 237 unused wires.

2.5. Executing CHECK pass (checking for obvious problems).
Checking module hapi_bf16_add...
Found and reported 0 problems.

2.6. Executing OPT pass (performing simple optimizations).

2.6.1. Executing OPT_EXPR pass (perform const folding).
Optimizing module hapi_bf16_add.

2.6.2. Executing OPT_MERGE pass (detect identical cells).
Finding identical cells in module `\hapi_bf16_add'.
Computing hashes of 119 cells of `\hapi_bf16_add'.
Finding duplicate cells in `\hapi_bf16_add'.
Computing hashes of 115 cells of `\hapi_bf16_add'.
Finding duplicate cells in `\hapi_bf16_add'.
Removed a total of 4 cells.

2.6.3. Executing OPT_MUXTREE pass (detect dead branches in mux trees).
Running muxtree optimizer on module \hapi_bf16_add..
  Creating internal representation of mux trees.
  Evaluating internal representation of mux trees.
  Analyzing evaluation results.
    dead port 1/2 on $mux $procmux$211.
    dead port 1/2 on $mux $procmux$208.
    dead port 2/2 on $mux $procmux$205.
    dead port 1/2 on $mux $procmux$187.
    dead port 1/2 on $mux $procmux$184.
    dead port 1/2 on $mux $procmux$181.
    dead port 1/2 on $mux $procmux$172.
    dead port 1/2 on $mux $procmux$166.
    dead port 1/2 on $mux $procmux$163.
    dead port 1/2 on $mux $procmux$157.
    dead port 1/2 on $mux $procmux$154.
    dead port 1/2 on $mux $procmux$151.
    dead port 1/2 on $mux $procmux$235.
    dead port 1/2 on $mux $procmux$220.
    dead port 1/2 on $mux $procmux$217.
Removed 15 multiplexer ports.

2.6.4. Executing OPT_REDUCE pass (consolidate $*mux and $reduce_* inputs).
  Optimizing cells in module \hapi_bf16_add.
Performed a total of 0 changes.

2.6.5. Executing OPT_MERGE pass (detect identical cells).
Finding identical cells in module `\hapi_bf16_add'.
Computing hashes of 100 cells of `\hapi_bf16_add'.
Finding duplicate cells in `\hapi_bf16_add'.
Removed a total of 0 cells.

2.6.6. Executing OPT_DFF pass (perform DFF optimizations).

2.6.7. Executing OPT_CLEAN pass (remove unused cells and wires).
Finding unused cells or wires in module \hapi_bf16_add..
Removed 0 unused cells and 19 unused wires.

2.6.8. Executing OPT_EXPR pass (perform const folding).
Optimizing module hapi_bf16_add.

2.6.9. Rerunning OPT passes. (Maybe there is more to do..)

2.6.10. Executing OPT_MUXTREE pass (detect dead branches in mux trees).
Running muxtree optimizer on module \hapi_bf16_add..
  Creating internal representation of mux trees.
  Evaluating internal representation of mux trees.
  Analyzing evaluation results.
Removed 0 multiplexer ports.

2.6.11. Executing OPT_REDUCE pass (consolidate $*mux and $reduce_* inputs).
  Optimizing cells in module \hapi_bf16_add.
Performed a total of 0 changes.

2.6.12. Executing OPT_MERGE pass (detect identical cells).
Finding identical cells in module `\hapi_bf16_add'.
Computing hashes of 100 cells of `\hapi_bf16_add'.
Finding duplicate cells in `\hapi_bf16_add'.
Removed a total of 0 cells.

2.6.13. Executing OPT_DFF pass (perform DFF optimizations).

2.6.14. Executing OPT_CLEAN pass (remove unused cells and wires).
Finding unused cells or wires in module \hapi_bf16_add..

2.6.15. Executing OPT_EXPR pass (perform const folding).
Optimizing module hapi_bf16_add.

2.6.16. Finished fast OPT passes. (There is nothing left to do.)

2.7. Executing FSM pass (extract and optimize FSM).

2.7.1. Executing FSM_DETECT pass (finding FSMs in design).

2.7.2. Executing FSM_EXTRACT pass (extracting FSM from design).

2.7.3. Executing FSM_OPT pass (simple optimizations of FSMs).

2.7.4. Executing OPT_CLEAN pass (remove unused cells and wires).
Finding unused cells or wires in module \hapi_bf16_add..

2.7.5. Executing FSM_OPT pass (simple optimizations of FSMs).

2.7.6. Executing FSM_RECODE pass (re-assigning FSM state encoding).

2.7.7. Executing FSM_INFO pass (dumping all available information on FSM cells).

2.7.8. Executing FSM_MAP pass (mapping FSMs to basic logic).

2.8. Executing OPT pass (performing simple optimizations).

2.8.1. Executing OPT_EXPR pass (perform const folding).
Optimizing module hapi_bf16_add.

2.8.2. Executing OPT_MERGE pass (detect identical cells).
Finding identical cells in module `\hapi_bf16_add'.
Computing hashes of 100 cells of `\hapi_bf16_add'.
Finding duplicate cells in `\hapi_bf16_add'.
Removed a total of 0 cells.

2.8.3. Executing OPT_MUXTREE pass (detect dead branches in mux trees).
Running muxtree optimizer on module \hapi_bf16_add..
  Creating internal representation of mux trees.
  Evaluating internal representation of mux trees.
  Analyzing evaluation results.
Removed 0 multiplexer ports.

2.8.4. Executing OPT_REDUCE pass (consolidate $*mux and $reduce_* inputs).
  Optimizing cells in module \hapi_bf16_add.
Performed a total of 0 changes.

2.8.5. Executing OPT_MERGE pass (detect identical cells).
Finding identical cells in module `\hapi_bf16_add'.
Computing hashes of 100 cells of `\hapi_bf16_add'.
Finding duplicate cells in `\hapi_bf16_add'.
Removed a total of 0 cells.

2.8.6. Executing OPT_DFF pass (perform DFF optimizations).

2.8.7. Executing OPT_CLEAN pass (remove unused cells and wires).
Finding unused cells or wires in module \hapi_bf16_add..

2.8.8. Executing OPT_EXPR pass (perform const folding).
Optimizing module hapi_bf16_add.

2.8.9. Finished fast OPT passes. (There is nothing left to do.)

2.9. Executing WREDUCE pass (reducing word size of cells).
Removed top 1 bits (of 9) from mux cell hapi_bf16_add.$ternary$../rtl/hapi_bf16_add.sv:69$35 ($mux).
Removed top 1 bits (of 9) from mux cell hapi_bf16_add.$ternary$../rtl/hapi_bf16_add.sv:70$36 ($mux).
Removed top 1 bits (of 9) from port A of cell hapi_bf16_add.$sub$../rtl/hapi_bf16_add.sv:75$38 ($sub).
Removed top 1 bits (of 9) from port B of cell hapi_bf16_add.$sub$../rtl/hapi_bf16_add.sv:75$38 ($sub).
Removed top 16 bits (of 17) from port A of cell hapi_bf16_add.$shl$../rtl/hapi_bf16_add.sv:88$42 ($shl).
Removed top 16 bits (of 17) from port B of cell hapi_bf16_add.$sub$../rtl/hapi_bf16_add.sv:88$43 ($sub).
Removed top 4 bits (of 9) from port B of cell hapi_bf16_add.$ge$../rtl/hapi_bf16_add.sv:89$44 ($ge).
Removed top 1 bits (of 17) from port A of cell hapi_bf16_add.$shr$../rtl/hapi_bf16_add.sv:93$46 ($shr).
Removed top 1 bits (of 17) from port A of cell hapi_bf16_add.$and$../rtl/hapi_bf16_add.sv:94$47 ($and).
Removed top 1 bits (of 17) from port A of cell hapi_bf16_add.$sub$../rtl/hapi_bf16_add.sv:100$49 ($sub).
Removed top 1 bits (of 17) from port A of cell hapi_bf16_add.$add$../rtl/hapi_bf16_add.sv:100$50 ($add).
Removed top 3 bits (of 12) from port A of cell hapi_bf16_add.$sub$../rtl/hapi_bf16_add.sv:139$53 ($sub).
Removed top 6 bits (of 12) from port B of cell hapi_bf16_add.$sub$../rtl/hapi_bf16_add.sv:139$53 ($sub).
Converting cell hapi_bf16_add.$sub$../rtl/hapi_bf16_add.sv:139$53 ($sub) from signed to unsigned.
Removed top 2 bits (of 12) from port Y of cell hapi_bf16_add.$sub$../rtl/hapi_bf16_add.sv:139$53 ($sub).
Removed top 1 bits (of 9) from port A of cell hapi_bf16_add.$sub$../rtl/hapi_bf16_add.sv:139$53 ($sub).
Removed top 1 bits (of 6) from port B of cell hapi_bf16_add.$sub$../rtl/hapi_bf16_add.sv:139$53 ($sub).
Removed top 1 bits (of 10) from port Y of cell hapi_bf16_add.$sub$../rtl/hapi_bf16_add.sv:139$53 ($sub).
Converting cell hapi_bf16_add.$add$../rtl/hapi_bf16_add.sv:139$54 ($add) from unsigned to signed.
Removed top 3 bits (of 12) from port A of cell hapi_bf16_add.$add$../rtl/hapi_bf16_add.sv:139$54 ($add).
Removed top 10 bits (of 12) from port B of cell hapi_bf16_add.$add$../rtl/hapi_bf16_add.sv:139$54 ($add).
Removed top 2 bits (of 12) from port Y of cell hapi_bf16_add.$add$../rtl/hapi_bf16_add.sv:139$54 ($add).
Removed top 2 bits (of 12) from port A of cell hapi_bf16_add.$le$../rtl/hapi_bf16_add.sv:143$55 ($le).
Removed top 11 bits (of 12) from port B of cell hapi_bf16_add.$le$../rtl/hapi_bf16_add.sv:143$55 ($le).
Converting cell hapi_bf16_add.$sub$../rtl/hapi_bf16_add.sv:144$56 ($sub) from unsigned to signed.
Removed top 10 bits (of 12) from port A of cell hapi_bf16_add.$sub$../rtl/hapi_bf16_add.sv:144$56 ($sub).
Removed top 2 bits (of 12) from port B of cell hapi_bf16_add.$sub$../rtl/hapi_bf16_add.sv:144$56 ($sub).
Removed top 1 bits (of 12) from port Y of cell hapi_bf16_add.$sub$../rtl/hapi_bf16_add.sv:144$56 ($sub).
Removed top 11 bits (of 12) from port A of cell hapi_bf16_add.$add$../rtl/hapi_bf16_add.sv:160$71 ($add).
Removed top 7 bits (of 12) from port B of cell hapi_bf16_add.$ge$../rtl/hapi_bf16_add.sv:164$84 ($ge).
Removed top 15 bits (of 32) from port A of cell hapi_bf16_add.$shr$../rtl/hapi_bf16_add.sv:168$96 ($shr).
Removed top 16 bits (of 32) from port Y of cell hapi_bf16_add.$shr$../rtl/hapi_bf16_add.sv:168$96 ($shr).
Removed top 31 bits (of 32) from port A of cell hapi_bf16_add.$shl$../rtl/hapi_bf16_add.sv:172$97 ($shl).
Removed top 31 bits (of 32) from port B of cell hapi_bf16_add.$sub$../rtl/hapi_bf16_add.sv:172$98 ($sub).
Removed top 15 bits (of 32) from port A of cell hapi_bf16_add.$and$../rtl/hapi_bf16_add.sv:173$100 ($and).
Removed top 1 bits (of 9) from port A of cell hapi_bf16_add.$add$../rtl/hapi_bf16_add.sv:176$107 ($add).
Removed top 8 bits (of 9) from port B of cell hapi_bf16_add.$add$../rtl/hapi_bf16_add.sv:176$107 ($add).
Removed top 9 bits (of 10) from port B of cell hapi_bf16_add.$add$../rtl/hapi_bf16_add.sv:186$112 ($add).
Removed top 2 bits (of 10) from port B of cell hapi_bf16_add.$ge$../rtl/hapi_bf16_add.sv:187$113 ($ge).
Removed top 16 bits (of 17) from port B of cell hapi_bf16_add.$procmux$130_CMP0 ($eq).
Removed top 15 bits (of 16) from port B of cell hapi_bf16_add.$procmux$131_CMP0 ($eq).
Removed top 14 bits (of 15) from port B of cell hapi_bf16_add.$procmux$132_CMP0 ($eq).
Removed top 13 bits (of 14) from port B of cell hapi_bf16_add.$procmux$133_CMP0 ($eq).
Removed top 12 bits (of 13) from port B of cell hapi_bf16_add.$procmux$134_CMP0 ($eq).
Removed top 11 bits (of 12) from port B of cell hapi_bf16_add.$procmux$135_CMP0 ($eq).
Removed top 10 bits (of 11) from port B of cell hapi_bf16_add.$procmux$136_CMP0 ($eq).
Removed top 9 bits (of 10) from port B of cell hapi_bf16_add.$procmux$137_CMP0 ($eq).
Removed top 8 bits (of 9) from port B of cell hapi_bf16_add.$procmux$138_CMP0 ($eq).
Removed top 7 bits (of 8) from port B of cell hapi_bf16_add.$procmux$139_CMP0 ($eq).
Removed top 6 bits (of 7) from port B of cell hapi_bf16_add.$procmux$140_CMP0 ($eq).
Removed top 5 bits (of 6) from port B of cell hapi_bf16_add.$procmux$141_CMP0 ($eq).
Removed top 4 bits (of 5) from port B of cell hapi_bf16_add.$procmux$142_CMP0 ($eq).
Removed top 3 bits (of 4) from port B of cell hapi_bf16_add.$procmux$143_CMP0 ($eq).
Removed top 2 bits (of 3) from port B of cell hapi_bf16_add.$procmux$144_CMP0 ($eq).
Removed top 1 bits (of 2) from port B of cell hapi_bf16_add.$procmux$145_CMP0 ($eq).
Removed top 1 bits (of 16) from mux cell hapi_bf16_add.$procmux$178 ($mux).
Removed top 8 bits (of 16) from mux cell hapi_bf16_add.$procmux$203 ($mux).
Removed top 1 bits (of 16) from mux cell hapi_bf16_add.$procmux$214 ($mux).
Removed top 1 bits (of 16) from mux cell hapi_bf16_add.$procmux$232 ($mux).
Removed top 16 bits (of 32) from wire hapi_bf16_add.$shr$../rtl/hapi_bf16_add.sv:168$96_Y.
Removed top 1 bits (of 17) from wire hapi_bf16_add.sml_full.
Removed top 1 bits (of 17) from wire hapi_bf16_add.big_f.
Removed top 1 bits (of 9) from wire hapi_bf16_add.exp_sml.
Removed top 1 bits (of 9) from wire hapi_bf16_add.exp_big.

2.10. Executing PEEPOPT pass (run peephole optimizers).

2.11. Executing OPT_CLEAN pass (remove unused cells and wires).
Finding unused cells or wires in module \hapi_bf16_add..
Removed 0 unused cells and 5 unused wires.

2.12. Executing ALUMACC pass (create $alu and $macc cells).
Extracting $alu and $macc cells in module hapi_bf16_add:
  creating $macc model for $add$../rtl/hapi_bf16_add.sv:186$112 ($add).
  creating $macc model for $add$../rtl/hapi_bf16_add.sv:176$107 ($add).
  creating $macc model for $sub$../rtl/hapi_bf16_add.sv:172$98 ($sub).
  creating $macc model for $add$../rtl/hapi_bf16_add.sv:160$71 ($add).
  creating $macc model for $sub$../rtl/hapi_bf16_add.sv:144$56 ($sub).
  creating $macc model for $add$../rtl/hapi_bf16_add.sv:139$54 ($add).
  creating $macc model for $sub$../rtl/hapi_bf16_add.sv:139$53 ($sub).
  creating $macc model for $add$../rtl/hapi_bf16_add.sv:100$50 ($add).
  creating $macc model for $sub$../rtl/hapi_bf16_add.sv:100$49 ($sub).
  creating $macc model for $sub$../rtl/hapi_bf16_add.sv:88$43 ($sub).
  creating $macc model for $sub$../rtl/hapi_bf16_add.sv:75$38 ($sub).
  creating $alu model for $macc $sub$../rtl/hapi_bf16_add.sv:75$38.
  creating $alu model for $macc $sub$../rtl/hapi_bf16_add.sv:88$43.
  creating $alu model for $macc $sub$../rtl/hapi_bf16_add.sv:100$49.
  creating $alu model for $macc $add$../rtl/hapi_bf16_add.sv:100$50.
  creating $alu model for $macc $sub$../rtl/hapi_bf16_add.sv:139$53.
  creating $alu model for $macc $add$../rtl/hapi_bf16_add.sv:139$54.
  creating $alu model for $macc $sub$../rtl/hapi_bf16_add.sv:144$56.
  creating $alu model for $macc $add$../rtl/hapi_bf16_add.sv:160$71.
  creating $alu model for $macc $sub$../rtl/hapi_bf16_add.sv:172$98.
  creating $alu model for $macc $add$../rtl/hapi_bf16_add.sv:176$107.
  creating $alu model for $macc $add$../rtl/hapi_bf16_add.sv:186$112.
  creating $alu model for $ge$../rtl/hapi_bf16_add.sv:187$113 ($ge): new $alu
  creating $alu model for $ge$../rtl/hapi_bf16_add.sv:164$84 ($ge): new $alu
  creating $alu model for $le$../rtl/hapi_bf16_add.sv:143$55 ($le): new $alu
  creating $alu model for $ge$../rtl/hapi_bf16_add.sv:89$44 ($ge): new $alu
  creating $alu model for $ge$../rtl/hapi_bf16_add.sv:44$29 ($ge): new $alu
  creating $alu cell for $ge$../rtl/hapi_bf16_add.sv:44$29: $auto$alumacc.cc:512:replace_alu$373
  creating $alu cell for $ge$../rtl/hapi_bf16_add.sv:89$44: $auto$alumacc.cc:512:replace_alu$386
  creating $alu cell for $le$../rtl/hapi_bf16_add.sv:143$55: $auto$alumacc.cc:512:replace_alu$399
  creating $alu cell for $ge$../rtl/hapi_bf16_add.sv:164$84: $auto$alumacc.cc:512:replace_alu$410
  creating $alu cell for $ge$../rtl/hapi_bf16_add.sv:187$113: $auto$alumacc.cc:512:replace_alu$423
  creating $alu cell for $add$../rtl/hapi_bf16_add.sv:186$112: $auto$alumacc.cc:512:replace_alu$436
  creating $alu cell for $add$../rtl/hapi_bf16_add.sv:176$107: $auto$alumacc.cc:512:replace_alu$439
  creating $alu cell for $sub$../rtl/hapi_bf16_add.sv:172$98: $auto$alumacc.cc:512:replace_alu$442
  creating $alu cell for $add$../rtl/hapi_bf16_add.sv:160$71: $auto$alumacc.cc:512:replace_alu$445
  creating $alu cell for $sub$../rtl/hapi_bf16_add.sv:144$56: $auto$alumacc.cc:512:replace_alu$448
  creating $alu cell for $add$../rtl/hapi_bf16_add.sv:139$54: $auto$alumacc.cc:512:replace_alu$451
  creating $alu cell for $sub$../rtl/hapi_bf16_add.sv:139$53: $auto$alumacc.cc:512:replace_alu$454
  creating $alu cell for $add$../rtl/hapi_bf16_add.sv:100$50: $auto$alumacc.cc:512:replace_alu$457
  creating $alu cell for $sub$../rtl/hapi_bf16_add.sv:100$49: $auto$alumacc.cc:512:replace_alu$460
  creating $alu cell for $sub$../rtl/hapi_bf16_add.sv:88$43: $auto$alumacc.cc:512:replace_alu$463
  creating $alu cell for $sub$../rtl/hapi_bf16_add.sv:75$38: $auto$alumacc.cc:512:replace_alu$466
  created 16 $alu and 0 $macc cells.

2.13. Executing SHARE pass (SAT-based resource sharing).
Found 5 cells in module hapi_bf16_add that may be considered for resource sharing.
  Analyzing resource sharing options for $shl$../rtl/hapi_bf16_add.sv:88$42 ($shl):
    Found 3 activation_patterns using ctrl signal { $logic_and$../rtl/hapi_bf16_add.sv:203$120_Y $logic_or$../rtl/hapi_bf16_add.sv:197$119_Y $eq$../rtl/hapi_bf16_add.sv:162$72_Y \b_inf \a_inf $auto$rtlil.cc:3259:ReduceOr$398 $auto$rtlil.cc:3259:ReduceOr$409 $auto$rtlil.cc:3259:ReduceOr$422 $auto$rtlil.cc:3259:ReduceOr$435 }.
    Found 1 candidates: $shl$../rtl/hapi_bf16_add.sv:172$97
    Analyzing resource sharing with $shl$../rtl/hapi_bf16_add.sv:172$97 ($shl):
      Found 3 activation_patterns using ctrl signal { $logic_and$../rtl/hapi_bf16_add.sv:203$120_Y $logic_or$../rtl/hapi_bf16_add.sv:197$119_Y $eq$../rtl/hapi_bf16_add.sv:162$72_Y \b_inf \a_inf $auto$rtlil.cc:3259:ReduceOr$409 $auto$rtlil.cc:3259:ReduceOr$422 $auto$rtlil.cc:3259:ReduceOr$435 }.
      Forbidden control signals for this pair of cells: { $ge$../rtl/hapi_bf16_add.sv:187$113_Y $add$../rtl/hapi_bf16_add.sv:176$107_Y [8:7] }
      Activation pattern for cell $shl$../rtl/hapi_bf16_add.sv:88$42: { $logic_and$../rtl/hapi_bf16_add.sv:203$120_Y $logic_or$../rtl/hapi_bf16_add.sv:197$119_Y $eq$../rtl/hapi_bf16_add.sv:162$72_Y \b_inf \a_inf $auto$rtlil.cc:3259:ReduceOr$398 $auto$rtlil.cc:3259:ReduceOr$409 $auto$rtlil.cc:3259:ReduceOr$422 } = 8'00000010
      Activation pattern for cell $shl$../rtl/hapi_bf16_add.sv:88$42: { $logic_and$../rtl/hapi_bf16_add.sv:203$120_Y $logic_or$../rtl/hapi_bf16_add.sv:197$119_Y $eq$../rtl/hapi_bf16_add.sv:162$72_Y \b_inf \a_inf $auto$rtlil.cc:3259:ReduceOr$398 $auto$rtlil.cc:3259:ReduceOr$422 } = 7'0000000
      Activation pattern for cell $shl$../rtl/hapi_bf16_add.sv:88$42: { $logic_and$../rtl/hapi_bf16_add.sv:203$120_Y $logic_or$../rtl/hapi_bf16_add.sv:197$119_Y $eq$../rtl/hapi_bf16_add.sv:162$72_Y \b_inf \a_inf $auto$rtlil.cc:3259:ReduceOr$398 $auto$rtlil.cc:3259:ReduceOr$409 $auto$rtlil.cc:3259:ReduceOr$422 $auto$rtlil.cc:3259:ReduceOr$435 } = 9'000000000
      Activation pattern for cell $shl$../rtl/hapi_bf16_add.sv:172$97: { $logic_and$../rtl/hapi_bf16_add.sv:203$120_Y $logic_or$../rtl/hapi_bf16_add.sv:197$119_Y $eq$../rtl/hapi_bf16_add.sv:162$72_Y \b_inf \a_inf $auto$rtlil.cc:3259:ReduceOr$409 $auto$rtlil.cc:3259:ReduceOr$422 } = 7'0000010
      Activation pattern for cell $shl$../rtl/hapi_bf16_add.sv:172$97: { $logic_and$../rtl/hapi_bf16_add.sv:203$120_Y $logic_or$../rtl/hapi_bf16_add.sv:197$119_Y $eq$../rtl/hapi_bf16_add.sv:162$72_Y \b_inf \a_inf $auto$rtlil.cc:3259:ReduceOr$422 } = 6'000000
      Activation pattern for cell $shl$../rtl/hapi_bf16_add.sv:172$97: { $logic_and$../rtl/hapi_bf16_add.sv:203$120_Y $logic_or$../rtl/hapi_bf16_add.sv:197$119_Y $eq$../rtl/hapi_bf16_add.sv:162$72_Y \b_inf \a_inf $auto$rtlil.cc:3259:ReduceOr$409 $auto$rtlil.cc:3259:ReduceOr$422 $auto$rtlil.cc:3259:ReduceOr$435 } = 8'00000000
      Size of SAT problem: 108 cells, 5894 variables, 16026 clauses
      According to the SAT solver this pair of cells can not be shared.
      Model from SAT solver: { $logic_and$../rtl/hapi_bf16_add.sv:203$120_Y $logic_or$../rtl/hapi_bf16_add.sv:197$119_Y $eq$../rtl/hapi_bf16_add.sv:162$72_Y \b_inf \a_inf $auto$rtlil.cc:3259:ReduceOr$398 $auto$rtlil.cc:3259:ReduceOr$409 $auto$rtlil.cc:3259:ReduceOr$422 $auto$rtlil.cc:3259:ReduceOr$435 } = 9'000000100
  Analyzing resource sharing options for $shr$../rtl/hapi_bf16_add.sv:93$46 ($shr):
    Found 5 activation_patterns using ctrl signal { $logic_and$../rtl/hapi_bf16_add.sv:203$120_Y $logic_or$../rtl/hapi_bf16_add.sv:197$119_Y $eq$../rtl/hapi_bf16_add.sv:162$72_Y \b_inf \a_inf $auto$rtlil.cc:3259:ReduceOr$398 $auto$rtlil.cc:3259:ReduceOr$409 $auto$rtlil.cc:3259:ReduceOr$422 $auto$rtlil.cc:3259:ReduceOr$435 }.
    Found 1 candidates: $shr$../rtl/hapi_bf16_add.sv:168$96
    Analyzing resource sharing with $shr$../rtl/hapi_bf16_add.sv:168$96 ($shr):
      Found 3 activation_patterns using ctrl signal { $logic_and$../rtl/hapi_bf16_add.sv:203$120_Y $logic_or$../rtl/hapi_bf16_add.sv:197$119_Y $eq$../rtl/hapi_bf16_add.sv:162$72_Y \b_inf \a_inf $auto$rtlil.cc:3259:ReduceOr$409 $auto$rtlil.cc:3259:ReduceOr$422 $auto$rtlil.cc:3259:ReduceOr$435 }.
      Forbidden control signals for this pair of cells: { $procmux$145_CMP $procmux$144_CMP $procmux$143_CMP $procmux$142_CMP $procmux$141_CMP $procmux$140_CMP $procmux$139_CMP $procmux$138_CMP $procmux$137_CMP $procmux$136_CMP $procmux$135_CMP $procmux$134_CMP $procmux$133_CMP $procmux$132_CMP $procmux$131_CMP $procmux$130_CMP $ge$../rtl/hapi_bf16_add.sv:187$113_Y $add$../rtl/hapi_bf16_add.sv:176$107_Y [8:7] $ge$../rtl/hapi_bf16_add.sv:164$84_Y $eq$../rtl/hapi_bf16_add.sv:162$72_Y \result_sub \summ [16] }
      Activation pattern for cell $shr$../rtl/hapi_bf16_add.sv:93$46: { $logic_and$../rtl/hapi_bf16_add.sv:203$120_Y $logic_or$../rtl/hapi_bf16_add.sv:197$119_Y \b_inf \a_inf $auto$rtlil.cc:3259:ReduceOr$398 $auto$rtlil.cc:3259:ReduceOr$422 } = 6'000000
      Activation pattern for cell $shr$../rtl/hapi_bf16_add.sv:93$46: { $logic_and$../rtl/hapi_bf16_add.sv:203$120_Y $logic_or$../rtl/hapi_bf16_add.sv:197$119_Y \b_inf \a_inf $auto$rtlil.cc:3259:ReduceOr$398 $auto$rtlil.cc:3259:ReduceOr$409 } = 6'000001
      Activation pattern for cell $shr$../rtl/hapi_bf16_add.sv:93$46: { $logic_and$../rtl/hapi_bf16_add.sv:203$120_Y $logic_or$../rtl/hapi_bf16_add.sv:197$119_Y \b_inf \a_inf $auto$rtlil.cc:3259:ReduceOr$398 } = 5'00000
      Activation pattern for cell $shr$../rtl/hapi_bf16_add.sv:93$46: { $logic_and$../rtl/hapi_bf16_add.sv:203$120_Y $logic_or$../rtl/hapi_bf16_add.sv:197$119_Y \b_inf \a_inf $auto$rtlil.cc:3259:ReduceOr$398 $auto$rtlil.cc:3259:ReduceOr$409 $auto$rtlil.cc:3259:ReduceOr$422 $auto$rtlil.cc:3259:ReduceOr$435 } = 8'00000000
      Activation pattern for cell $shr$../rtl/hapi_bf16_add.sv:168$96: { $logic_and$../rtl/hapi_bf16_add.sv:203$120_Y $logic_or$../rtl/hapi_bf16_add.sv:197$119_Y \b_inf \a_inf $auto$rtlil.cc:3259:ReduceOr$409 $auto$rtlil.cc:3259:ReduceOr$422 } = 6'000010
      Activation pattern for cell $shr$../rtl/hapi_bf16_add.sv:168$96: { $logic_and$../rtl/hapi_bf16_add.sv:203$120_Y $logic_or$../rtl/hapi_bf16_add.sv:197$119_Y \b_inf \a_inf $auto$rtlil.cc:3259:ReduceOr$422 } = 5'00000
      Activation pattern for cell $shr$../rtl/hapi_bf16_add.sv:168$96: { $logic_and$../rtl/hapi_bf16_add.sv:203$120_Y $logic_or$../rtl/hapi_bf16_add.sv:197$119_Y \b_inf \a_inf $auto$rtlil.cc:3259:ReduceOr$409 $auto$rtlil.cc:3259:ReduceOr$422 $auto$rtlil.cc:3259:ReduceOr$435 } = 7'0000000
      Size of SAT problem: 108 cells, 5893 variables, 16017 clauses
      According to the SAT solver this pair of cells can not be shared.
      Model from SAT solver: { $logic_and$../rtl/hapi_bf16_add.sv:203$120_Y $logic_or$../rtl/hapi_bf16_add.sv:197$119_Y \b_inf \a_inf $auto$rtlil.cc:3259:ReduceOr$398 $auto$rtlil.cc:3259:ReduceOr$409 $auto$rtlil.cc:3259:ReduceOr$422 $auto$rtlil.cc:3259:ReduceOr$435 } = 8'00000000
  Analyzing resource sharing options for $shl$../rtl/hapi_bf16_add.sv:133$52 ($shl):
    Found 3 activation_patterns using ctrl signal { $logic_and$../rtl/hapi_bf16_add.sv:203$120_Y $logic_or$../rtl/hapi_bf16_add.sv:197$119_Y $eq$../rtl/hapi_bf16_add.sv:162$72_Y \b_inf \a_inf $auto$rtlil.cc:3259:ReduceOr$409 $auto$rtlil.cc:3259:ReduceOr$422 $auto$rtlil.cc:3259:ReduceOr$435 }.
    No candidates found.
  Analyzing resource sharing options for $shr$../rtl/hapi_bf16_add.sv:168$96 ($shr):
    Found 3 activation_patterns using ctrl signal { $logic_and$../rtl/hapi_bf16_add.sv:203$120_Y $logic_or$../rtl/hapi_bf16_add.sv:197$119_Y $eq$../rtl/hapi_bf16_add.sv:162$72_Y \b_inf \a_inf $auto$rtlil.cc:3259:ReduceOr$409 $auto$rtlil.cc:3259:ReduceOr$422 $auto$rtlil.cc:3259:ReduceOr$435 }.
    No candidates found.
  Analyzing resource sharing options for $shl$../rtl/hapi_bf16_add.sv:172$97 ($shl):
    Found 3 activation_patterns using ctrl signal { $logic_and$../rtl/hapi_bf16_add.sv:203$120_Y $logic_or$../rtl/hapi_bf16_add.sv:197$119_Y $eq$../rtl/hapi_bf16_add.sv:162$72_Y \b_inf \a_inf $auto$rtlil.cc:3259:ReduceOr$409 $auto$rtlil.cc:3259:ReduceOr$422 $auto$rtlil.cc:3259:ReduceOr$435 }.
    No candidates found.

2.14. Executing OPT pass (performing simple optimizations).

2.14.1. Executing OPT_EXPR pass (perform const folding).
Optimizing module hapi_bf16_add.

2.14.2. Executing OPT_MERGE pass (detect identical cells).
Finding identical cells in module `\hapi_bf16_add'.
Computing hashes of 123 cells of `\hapi_bf16_add'.
Finding duplicate cells in `\hapi_bf16_add'.
Removed a total of 0 cells.

2.14.3. Executing OPT_MUXTREE pass (detect dead branches in mux trees).
Running muxtree optimizer on module \hapi_bf16_add..
  Creating internal representation of mux trees.
  Evaluating internal representation of mux trees.
  Analyzing evaluation results.
Removed 0 multiplexer ports.

2.14.4. Executing OPT_REDUCE pass (consolidate $*mux and $reduce_* inputs).
  Optimizing cells in module \hapi_bf16_add.
Performed a total of 0 changes.

2.14.5. Executing OPT_MERGE pass (detect identical cells).
Finding identical cells in module `\hapi_bf16_add'.
Computing hashes of 123 cells of `\hapi_bf16_add'.
Finding duplicate cells in `\hapi_bf16_add'.
Removed a total of 0 cells.

2.14.6. Executing OPT_DFF pass (perform DFF optimizations).

2.14.7. Executing OPT_CLEAN pass (remove unused cells and wires).
Finding unused cells or wires in module \hapi_bf16_add..
Removed 0 unused cells and 10 unused wires.

2.14.8. Executing OPT_EXPR pass (perform const folding).
Optimizing module hapi_bf16_add.

2.14.9. Rerunning OPT passes. (Maybe there is more to do..)

2.14.10. Executing OPT_MUXTREE pass (detect dead branches in mux trees).
Running muxtree optimizer on module \hapi_bf16_add..
  Creating internal representation of mux trees.
  Evaluating internal representation of mux trees.
  Analyzing evaluation results.
Removed 0 multiplexer ports.

2.14.11. Executing OPT_REDUCE pass (consolidate $*mux and $reduce_* inputs).
  Optimizing cells in module \hapi_bf16_add.
Performed a total of 0 changes.

2.14.12. Executing OPT_MERGE pass (detect identical cells).
Finding identical cells in module `\hapi_bf16_add'.
Computing hashes of 122 cells of `\hapi_bf16_add'.
Finding duplicate cells in `\hapi_bf16_add'.
Removed a total of 0 cells.

2.14.13. Executing OPT_DFF pass (perform DFF optimizations).

2.14.14. Executing OPT_CLEAN pass (remove unused cells and wires).
Finding unused cells or wires in module \hapi_bf16_add..

2.14.15. Executing OPT_EXPR pass (perform const folding).
Optimizing module hapi_bf16_add.

2.14.16. Finished fast OPT passes. (There is nothing left to do.)

2.15. Executing MEMORY pass.

2.15.1. Executing OPT_MEM pass (optimize memories).
Performed a total of 0 transformations.

2.15.2. Executing OPT_MEM_PRIORITY pass (removing unnecessary memory write priority relations).
Performed a total of 0 transformations.

2.15.3. Executing OPT_MEM_FEEDBACK pass (finding memory read-to-write feedback paths).

2.15.4. Executing MEMORY_BMUX2ROM pass (converting muxes to ROMs).

2.15.5. Executing MEMORY_DFF pass (merging $dff cells to $memrd).

2.15.6. Executing OPT_CLEAN pass (remove unused cells and wires).
Finding unused cells or wires in module \hapi_bf16_add..

2.15.7. Executing MEMORY_SHARE pass (consolidating $memrd/$memwr cells).

2.15.8. Executing OPT_MEM_WIDEN pass (optimize memories where all ports are wide).
Performed a total of 0 transformations.

2.15.9. Executing OPT_CLEAN pass (remove unused cells and wires).
Finding unused cells or wires in module \hapi_bf16_add..

2.15.10. Executing MEMORY_COLLECT pass (generating $mem cells).

2.16. Executing OPT_CLEAN pass (remove unused cells and wires).
Finding unused cells or wires in module \hapi_bf16_add..

2.17. Executing OPT pass (performing simple optimizations).

2.17.1. Executing OPT_EXPR pass (perform const folding).
Optimizing module hapi_bf16_add.

2.17.2. Executing OPT_MERGE pass (detect identical cells).
Finding identical cells in module `\hapi_bf16_add'.
Computing hashes of 123 cells of `\hapi_bf16_add'.
Finding duplicate cells in `\hapi_bf16_add'.
Removed a total of 0 cells.

2.17.3. Executing OPT_DFF pass (perform DFF optimizations).

2.17.4. Executing OPT_CLEAN pass (remove unused cells and wires).
Finding unused cells or wires in module \hapi_bf16_add..
Removed 0 unused cells and 10 unused wires.

2.17.5. Finished fast OPT passes.

2.18. Executing MEMORY_MAP pass (converting memories to logic and flip-flops).

2.19. Executing OPT pass (performing simple optimizations).

2.19.1. Executing OPT_EXPR pass (perform const folding).
Optimizing module hapi_bf16_add.

2.19.2. Executing OPT_MERGE pass (detect identical cells).
Finding identical cells in module `\hapi_bf16_add'.
Computing hashes of 123 cells of `\hapi_bf16_add'.
Finding duplicate cells in `\hapi_bf16_add'.
Removed a total of 0 cells.

2.19.3. Executing OPT_MUXTREE pass (detect dead branches in mux trees).
Running muxtree optimizer on module \hapi_bf16_add..
  Creating internal representation of mux trees.
  Evaluating internal representation of mux trees.
  Analyzing evaluation results.
Removed 0 multiplexer ports.

2.19.4. Executing OPT_REDUCE pass (consolidate $*mux and $reduce_* inputs).
  Optimizing cells in module \hapi_bf16_add.
    Consolidated identical input bits for $mux cell $procmux$203:
      Old ports: A={ 1'0 $add$../rtl/hapi_bf16_add.sv:176$107_Y [6:0] }, B={ 1'1 $add$../rtl/hapi_bf16_add.sv:176$107_Y [6:0] }, Y=$4\arith_bits[15:0] [7:0]
      New ports: A=1'0, B=1'1, Y=$4\arith_bits[15:0] [7]
      New connections: $4\arith_bits[15:0] [6:0] = $add$../rtl/hapi_bf16_add.sv:176$107_Y [6:0]
    Consolidated identical input bits for $mux cell $ternary$../rtl/hapi_bf16_add.sv:144$57:
      Old ports: A=12'000000000000, B={ $sub$../rtl/hapi_bf16_add.sv:144$56_Y [10] $sub$../rtl/hapi_bf16_add.sv:144$56_Y [10:1] $auto$rtlil.cc:3255:Not$472 }, Y=\rshift
      New ports: A=11'00000000000, B={ $sub$../rtl/hapi_bf16_add.sv:144$56_Y [10:1] $auto$rtlil.cc:3255:Not$472 }, Y=\rshift [10:0]
      New connections: \rshift [11] = \rshift [10]
    Consolidated identical input bits for $mux cell $ternary$../rtl/hapi_bf16_add.sv:68$34:
      Old ports: A={ 1'1 \msml }, B={ 1'0 \msml }, Y=\sig_sml
      New ports: A=1'1, B=1'0, Y=\sig_sml [7]
      New connections: \sig_sml [6:0] = \msml
    Consolidated identical input bits for $mux cell $ternary$../rtl/hapi_bf16_add.sv:67$33:
      Old ports: A={ 1'1 \mbig }, B={ 1'0 \mbig }, Y=\sig_big
      New ports: A=1'1, B=1'0, Y=\sig_big [7]
      New connections: \sig_big [6:0] = \mbig
  Optimizing cells in module \hapi_bf16_add.
Performed a total of 4 changes.

2.19.5. Executing OPT_MERGE pass (detect identical cells).
Finding identical cells in module `\hapi_bf16_add'.
Computing hashes of 123 cells of `\hapi_bf16_add'.
Finding duplicate cells in `\hapi_bf16_add'.
Removed a total of 0 cells.

2.19.6. Executing OPT_SHARE pass.

2.19.7. Executing OPT_DFF pass (perform DFF optimizations).

2.19.8. Executing OPT_CLEAN pass (remove unused cells and wires).
Finding unused cells or wires in module \hapi_bf16_add..

2.19.9. Executing OPT_EXPR pass (perform const folding).
Optimizing module hapi_bf16_add.

2.19.10. Rerunning OPT passes. (Maybe there is more to do..)

2.19.11. Executing OPT_MUXTREE pass (detect dead branches in mux trees).
Running muxtree optimizer on module \hapi_bf16_add..
  Creating internal representation of mux trees.
  Evaluating internal representation of mux trees.
  Analyzing evaluation results.
Removed 0 multiplexer ports.

2.19.12. Executing OPT_REDUCE pass (consolidate $*mux and $reduce_* inputs).
  Optimizing cells in module \hapi_bf16_add.
Performed a total of 0 changes.

2.19.13. Executing OPT_MERGE pass (detect identical cells).
Finding identical cells in module `\hapi_bf16_add'.
Computing hashes of 122 cells of `\hapi_bf16_add'.
Finding duplicate cells in `\hapi_bf16_add'.
Removed a total of 0 cells.

2.19.14. Executing OPT_SHARE pass.

2.19.15. Executing OPT_DFF pass (perform DFF optimizations).

2.19.16. Executing OPT_CLEAN pass (remove unused cells and wires).
Finding unused cells or wires in module \hapi_bf16_add..

2.19.17. Executing OPT_EXPR pass (perform const folding).
Optimizing module hapi_bf16_add.

2.19.18. Finished fast OPT passes. (There is nothing left to do.)

2.20. Executing TECHMAP pass (map to technology primitives).

2.20.1. Executing Verilog-2005 frontend: /home/lordegypt/miniconda3/envs/eda/bin/../share/yosys/techmap.v
Parsing Verilog input from `/home/lordegypt/miniconda3/envs/eda/bin/../share/yosys/techmap.v' to AST representation.
Generating RTLIL representation for module `\_90_simplemap_bool_ops'.
Generating RTLIL representation for module `\_90_simplemap_reduce_ops'.
Generating RTLIL representation for module `\_90_simplemap_logic_ops'.
Generating RTLIL representation for module `\_90_simplemap_compare_ops'.
Generating RTLIL representation for module `\_90_simplemap_various'.
Generating RTLIL representation for module `\_90_simplemap_registers'.
Generating RTLIL representation for module `\_90_shift_ops_shr_shl_sshl_sshr'.
Generating RTLIL representation for module `\_90_shift_shiftx'.
Generating RTLIL representation for module `\_90_fa'.
Generating RTLIL representation for module `\_90_lcu_brent_kung'.
Generating RTLIL representation for module `\_90_alu'.
Generating RTLIL representation for module `\_90_macc'.
Generating RTLIL representation for module `\_90_alumacc'.
Generating RTLIL representation for module `$__div_mod_u'.
Generating RTLIL representation for module `$__div_mod_trunc'.
Generating RTLIL representation for module `\_90_div'.
Generating RTLIL representation for module `\_90_mod'.
Generating RTLIL representation for module `$__div_mod_floor'.
Generating RTLIL representation for module `\_90_divfloor'.
Generating RTLIL representation for module `\_90_modfloor'.
Generating RTLIL representation for module `\_90_pow'.
Generating RTLIL representation for module `\_90_demux'.
Generating RTLIL representation for module `\_90_lut'.
Generating RTLIL representation for module `$connect'.
Generating RTLIL representation for module `$input_port'.
Successfully finished Verilog frontend.

2.20.2. Continuing TECHMAP pass.
Using extmapper simplemap for cells of type $not.
Using extmapper simplemap for cells of type $and.
Using template $paramod$4ccbe221165818e15f326ddee3d1183c7924e12f\_90_alu for cells of type $alu.
Using template $paramod$constmap:e811d20b01a770c91620b52b25af572cb07c324d$paramod$a3ad24d609b2243cba25e3eb24cb9f1a53e92e7d\_90_shift_ops_shr_shl_sshl_sshr for cells of type $shl.
Using template $paramod$b52bd7d9c9f7528eea96dbf9fa48ed18ac637bc8\_90_alu for cells of type $alu.
Using template $paramod$d66a711d7e97d14a7c7a9fd9e900c39b1fc36cfa\_90_alu for cells of type $alu.
Using template $paramod$78464f9f65d57061f7490f3fe5dd257e4a61e2b7\_90_alu for cells of type $alu.
Using template $paramod$ee96caa5ff6c189e32bbc182641c7922643956ce\_90_alu for cells of type $alu.
Using template $paramod$4cf780badb2a133d592416f5810032e7b676d9f1\_90_alu for cells of type $alu.
Using template $paramod$cde30776e8d46dd1a2e951f4089290559b4a5d03\_90_alu for cells of type $alu.
Using template $paramod$8f780356cb6cdb52f6a744190131b65634639c4e\_90_alu for cells of type $alu.
Using template $paramod$constmap:a41b8f4040b87ae5d920b3d7ca07fea41b6d39cd$paramod$3bf4391c2edcd7fdc564361d03ba2cf3a33c67d4\_90_shift_ops_shr_shl_sshl_sshr for cells of type $shl.
Using template $paramod$c04af8dbf0e5d1d69bbccb2c7bd8a93fc9ef54dc\_90_alu for cells of type $alu.
Using template $paramod$constmap:f2999f4ad9de1290f615e527d3715ba5c1ce6c7b$paramod$5ea53e3ed9d43fa22a7b842e2fdc338818692db0\_90_shift_ops_shr_shl_sshl_sshr for cells of type $shl.
Using template $paramod$constmap:bc794c2c53c3a5083ba442a2dc4fc8b40628d753$paramod$9dfc9d06bb137f498edf0da8dd6f84d7ba0840bb\_90_shift_ops_shr_shl_sshl_sshr for cells of type $shr.
Using template $paramod$a2af9b43308e3114c3b5dd3f4dc3329b2387395d\_90_alu for cells of type $alu.
Using template $paramod$754650b284649a026620fc6856e5b6886cbfe794\_90_alu for cells of type $alu.
Using extmapper simplemap for cells of type $reduce_or.
Using extmapper simplemap for cells of type $or.
Using extmapper simplemap for cells of type $reduce_and.
Using template $paramod$0bf21d6ba6357507623b189abbc1d6f284d75c81\_90_alu for cells of type $alu.
Using template $paramod$694f8aada8e1d2b9d9b778ffe851c169b50bc07c\_90_alu for cells of type $alu.
Using template $paramod$3fe4bdf8d597404bdd222c1fea42f692fdc77de4\_90_alu for cells of type $alu.
Using template $paramod$67e8f4b8dba01cd3d8fc718acd02276257d102de\_90_alu for cells of type $alu.
Using extmapper simplemap for cells of type $logic_not.
Using extmapper simplemap for cells of type $logic_and.
Using extmapper simplemap for cells of type $eq.
Using extmapper simplemap for cells of type $reduce_bool.
Using extmapper simplemap for cells of type $xor.
Using template $paramod$constmap:71f716117f8a0d9f1b3ce0fc12f144c924374219$paramod$d96bdf79c85182c1799efd2792608acd5dfb54d6\_90_shift_ops_shr_shl_sshl_sshr for cells of type $shr.
Using extmapper simplemap for cells of type $logic_or.
Using extmapper simplemap for cells of type $ne.
Using extmapper simplemap for cells of type $pmux.
Using extmapper simplemap for cells of type $pos.
Using template $paramod\_90_fa\WIDTH=32'00000000000000000000000000001001 for cells of type $fa.
Using template $paramod\_90_lcu_brent_kung\WIDTH=32'00000000000000000000000000001001 for cells of type $lcu.
Using template $paramod\_90_fa\WIDTH=32'00000000000000000000000000010001 for cells of type $fa.
Using template $paramod\_90_lcu_brent_kung\WIDTH=32'00000000000000000000000000010001 for cells of type $lcu.
Using template $paramod\_90_fa\WIDTH=32'00000000000000000000000000001010 for cells of type $fa.
Using template $paramod\_90_lcu_brent_kung\WIDTH=32'00000000000000000000000000001010 for cells of type $lcu.
Using template $paramod\_90_fa\WIDTH=32'00000000000000000000000000001100 for cells of type $fa.
Using template $paramod\_90_lcu_brent_kung\WIDTH=32'00000000000000000000000000001100 for cells of type $lcu.
Using template $paramod\_90_fa\WIDTH=32'00000000000000000000000000100000 for cells of type $fa.
Using template $paramod\_90_lcu_brent_kung\WIDTH=32'00000000000000000000000000100000 for cells of type $lcu.
Using template $paramod\_90_fa\WIDTH=32'00000000000000000000000000001111 for cells of type $fa.
Using template $paramod\_90_lcu_brent_kung\WIDTH=32'00000000000000000000000000001111 for cells of type $lcu.
No more expansions possible.

2.21. Executing OPT pass (performing simple optimizations).

2.21.1. Executing OPT_EXPR pass (perform const folding).
Optimizing module hapi_bf16_add.

2.21.2. Executing OPT_MERGE pass (detect identical cells).
Finding identical cells in module `\hapi_bf16_add'.
Computing hashes of 2009 cells of `\hapi_bf16_add'.
Finding duplicate cells in `\hapi_bf16_add'.
Computing hashes of 1890 cells of `\hapi_bf16_add'.
Finding duplicate cells in `\hapi_bf16_add'.
Computing hashes of 1866 cells of `\hapi_bf16_add'.
Finding duplicate cells in `\hapi_bf16_add'.
Computing hashes of 1862 cells of `\hapi_bf16_add'.
Finding duplicate cells in `\hapi_bf16_add'.
Computing hashes of 1861 cells of `\hapi_bf16_add'.
Finding duplicate cells in `\hapi_bf16_add'.
Removed a total of 148 cells.

2.21.3. Executing OPT_DFF pass (perform DFF optimizations).

2.21.4. Executing OPT_CLEAN pass (remove unused cells and wires).
Finding unused cells or wires in module \hapi_bf16_add..
Removed 267 unused cells and 1144 unused wires.

2.21.5. Finished fast OPT passes.

2.22. Executing ABC pass (technology mapping using ABC).

2.22.1. Extracting gate netlist of module `\hapi_bf16_add' to `<abc-temp-dir>/input.blif'..

2.22.1.1. Executed ABC.
Extracted 1594 gates and 1628 wires to a netlist network with 32 inputs and 16 outputs.
Running ABC script: <abc-temp-dir>/abc.script
ABC: UC Berkeley, ABC 1.01 (compiled May 12 2026 13:26:50)
ABC: abc 01> empty
ABC: abc 01> source <abc-temp-dir>/abc.script
ABC: + read_blif <abc-temp-dir>/input.blif 
ABC: + read_library <abc-temp-dir>/stdcells.genlib 
ABC: + strash 
ABC: + &get -n 
ABC: + &fraig -x 
ABC: + &put 
ABC: + scorr 
ABC: Warning: The network is combinational (run "fraig" or "fraig_sweep").
ABC: + dc2 
ABC: + dretime 
ABC: + strash 
ABC: + &get -n 
ABC: + &dch -f 
ABC: + &nf 
ABC: + &put 
ABC: + write_blif <abc-temp-dir>/output.blif 
ABC: 
ABC: YOSYS_ABC_DONE 

2.22.1.2. Re-integrating ABC results.
ABC RESULTS:               AND cells:      158
ABC RESULTS:            ANDNOT cells:       37
ABC RESULTS:               MUX cells:       97
ABC RESULTS:              NAND cells:      163
ABC RESULTS:               NOR cells:       28
ABC RESULTS:               NOT cells:       16
ABC RESULTS:                OR cells:       51
ABC RESULTS:             ORNOT cells:       58
ABC RESULTS:              XNOR cells:       21
ABC RESULTS:               XOR cells:       21
ABC RESULTS:        internal signals:     1580
ABC RESULTS:           input signals:       32
ABC RESULTS:          output signals:       16
Removing temp directory.
Removing global temp directory.

2.23. Executing OPT pass (performing simple optimizations).

2.23.1. Executing OPT_EXPR pass (perform const folding).
Optimizing module hapi_bf16_add.

2.23.2. Executing OPT_MERGE pass (detect identical cells).
Finding identical cells in module `\hapi_bf16_add'.
Computing hashes of 650 cells of `\hapi_bf16_add'.
Finding duplicate cells in `\hapi_bf16_add'.
Removed a total of 0 cells.

2.23.3. Executing OPT_DFF pass (perform DFF optimizations).

2.23.4. Executing OPT_CLEAN pass (remove unused cells and wires).
Finding unused cells or wires in module \hapi_bf16_add..
Removed 0 unused cells and 586 unused wires.

2.23.5. Finished fast OPT passes.

2.24. Executing HIERARCHY pass (managing design hierarchy).
Attribute `top' found on module `hapi_bf16_add'. Setting top module to hapi_bf16_add.

2.24.1. Analyzing design hierarchy..
Top module:  \hapi_bf16_add

2.24.2. Analyzing design hierarchy..
Top module:  \hapi_bf16_add
Removed 0 unused modules.

2.25. Printing statistics.

=== hapi_bf16_add ===

        +----------Local Count, excluding submodules.
        | 
      653 wires
      841 wire bits
       19 public wires
      207 public wire bits
        3 ports
       48 port bits
      650 cells
       37   $_ANDNOT_
      158   $_AND_
       97   $_MUX_
      163   $_NAND_
       28   $_NOR_
       16   $_NOT_
       58   $_ORNOT_
       51   $_OR_
       21   $_XNOR_
       21   $_XOR_

2.26. Executing CHECK pass (checking for obvious problems).
Checking module hapi_bf16_add...
Found and reported 0 problems.

3. Printing statistics.

=== hapi_bf16_add ===

        +----------Local Count, excluding submodules.
        | 
      653 wires
      841 wire bits
       19 public wires
      207 public wire bits
        3 ports
       48 port bits
      650 cells
       37   $_ANDNOT_
      158   $_AND_
       97   $_MUX_
      163   $_NAND_
       28   $_NOR_
       16   $_NOT_
       58   $_ORNOT_
       51   $_OR_
       21   $_XNOR_
       21   $_XOR_

End of script. Logfile hash: 781375de9d, time: 0.79s, user: 0.42s, system: 0.02s, MEM: 38.50 MB peak
Yosys 0.65 (git sha1 aec814bdf3071f7e0fd0fbe43f7f711e99d01e24, g++ 14.3.0-19 -fvisibility-inlines-hidden -fmessage-length=0 -march=nocona -mtune=haswell -ftree-vectorize -fPIC -fstack-protector-strong -fno-plt -O2 -ffunction-sections -fdebug-prefix-map=/home/conda/feedstock_root/build_artifacts/yosys_1778591527500/work=/usr/local/src/conda/yosys-0.65 -fdebug-prefix-map=/home/lordegypt/miniconda3/envs/eda=/usr/local/src/conda-prefix -fPIC -O3) [conda-forge/yosys-feedstock]
Time spent: 45% 1x abc (0 sec), 12% 38x opt_expr (0 sec), ...
