
 /----------------------------------------------------------------------------\
 |  yosys -- Yosys Open SYnthesis Suite                                       |
 |  Copyright (C) 2012 - 2026  Claire Xenia Wolf <claire@yosyshq.com>         |
 |  Distributed under an ISC-like license, type "license" to see terms        |
 \----------------------------------------------------------------------------/
 Yosys 0.65 (git sha1 aec814bdf3071f7e0fd0fbe43f7f711e99d01e24, g++ 14.3.0-19 -fvisibility-inlines-hidden -fmessage-length=0 -march=nocona -mtune=haswell -ftree-vectorize -fPIC -fstack-protector-strong -fno-plt -O2 -ffunction-sections -fdebug-prefix-map=/home/conda/feedstock_root/build_artifacts/yosys_1778591527500/work=/usr/local/src/conda/yosys-0.65 -fdebug-prefix-map=/home/lordegypt/miniconda3/envs/eda=/usr/local/src/conda-prefix -fPIC -O3) [conda-forge/yosys-feedstock]

-- Running command `
        read_verilog -sv ../rtl/hapi_fp32_mul.sv;
        synth -top hapi_fp32_mul;
        select -assert-none t:$_DLATCH_* t:$dlatch;
        tee -o reports/hapi_fp32_mul.stat stat
    ' --

1. Executing Verilog-2005 frontend: ../rtl/hapi_fp32_mul.sv
Parsing SystemVerilog input from `../rtl/hapi_fp32_mul.sv' to AST representation.
Generating RTLIL representation for module `\hapi_fp32_mul'.
Successfully finished Verilog frontend.

2. Executing SYNTH pass.

2.1. Executing HIERARCHY pass (managing design hierarchy).

2.1.1. Analyzing design hierarchy..
Top module:  \hapi_fp32_mul

2.1.2. Analyzing design hierarchy..
Top module:  \hapi_fp32_mul
Removed 0 unused modules.

2.2. Executing PROC pass (convert processes to netlists).

2.2.1. Executing PROC_CLEAN pass (remove empty switches from decision trees).
Cleaned up 0 empty switches.

2.2.2. Executing PROC_RMDEAD pass (remove dead branches from decision trees).
Marked 1 switch rules as full_case in process $proc$../rtl/hapi_fp32_mul.sv:112$81 in module hapi_fp32_mul.
Marked 3 switch rules as full_case in process $proc$../rtl/hapi_fp32_mul.sv:168$73 in module hapi_fp32_mul.
Marked 4 switch rules as full_case in process $proc$../rtl/hapi_fp32_mul.sv:126$41 in module hapi_fp32_mul.
Removed a total of 0 dead cases.

2.2.3. Executing PROC_PRUNE pass (remove redundant assignments in processes).
Removed 0 redundant assignments.
Promoted 18 assignments to connections.

2.2.4. Executing PROC_INIT pass (extract init attributes).

2.2.5. Executing PROC_ARST pass (detect async resets in processes).

2.2.6. Executing PROC_ROM pass (convert switches to ROMs).
Converted 0 switches.

2.2.7. Executing PROC_MUX pass (convert decision trees to multiplexers).
Creating decoders for process `\hapi_fp32_mul.$proc$../rtl/hapi_fp32_mul.sv:112$81'.
     1/1: $1\clz48$func$../rtl/hapi_fp32_mul.sv:112$3.n[5:0]$86
Creating decoders for process `\hapi_fp32_mul.$proc$../rtl/hapi_fp32_mul.sv:168$73'.
     1/3: $3\y[31:0]
     2/3: $2\y[31:0]
     3/3: $1\y[31:0]
Creating decoders for process `\hapi_fp32_mul.$proc$../rtl/hapi_fp32_mul.sv:126$41'.
     1/5: $3\result_bits[31:0]
     2/5: $2$unnamed_block$1.exp_final[9:0]$70
     3/5: $2\result_bits[31:0]
     4/5: $1\result_bits[31:0]
     5/5: $1$unnamed_block$1.exp_final[9:0]$67

2.2.8. Executing PROC_DLATCH pass (convert process syncs to latches).
No latch inferred for signal `\hapi_fp32_mul.\clz48$func$../rtl/hapi_fp32_mul.sv:112$2.$result' from process `\hapi_fp32_mul.$proc$../rtl/hapi_fp32_mul.sv:112$81'.
No latch inferred for signal `\hapi_fp32_mul.\clz48$func$../rtl/hapi_fp32_mul.sv:112$3.$result' from process `\hapi_fp32_mul.$proc$../rtl/hapi_fp32_mul.sv:112$81'.
No latch inferred for signal `\hapi_fp32_mul.\clz48$func$../rtl/hapi_fp32_mul.sv:112$3.x' from process `\hapi_fp32_mul.$proc$../rtl/hapi_fp32_mul.sv:112$81'.
No latch inferred for signal `\hapi_fp32_mul.\clz48$func$../rtl/hapi_fp32_mul.sv:112$3.n' from process `\hapi_fp32_mul.$proc$../rtl/hapi_fp32_mul.sv:112$81'.
No latch inferred for signal `\hapi_fp32_mul.\y' from process `\hapi_fp32_mul.$proc$../rtl/hapi_fp32_mul.sv:168$73'.
No latch inferred for signal `\hapi_fp32_mul.\result_bits' from process `\hapi_fp32_mul.$proc$../rtl/hapi_fp32_mul.sv:126$41'.
No latch inferred for signal `\hapi_fp32_mul.$unnamed_block$1.keep' from process `\hapi_fp32_mul.$proc$../rtl/hapi_fp32_mul.sv:126$41'.
No latch inferred for signal `\hapi_fp32_mul.$unnamed_block$1.guard' from process `\hapi_fp32_mul.$proc$../rtl/hapi_fp32_mul.sv:126$41'.
No latch inferred for signal `\hapi_fp32_mul.$unnamed_block$1.round_b' from process `\hapi_fp32_mul.$proc$../rtl/hapi_fp32_mul.sv:126$41'.
No latch inferred for signal `\hapi_fp32_mul.$unnamed_block$1.sticky' from process `\hapi_fp32_mul.$proc$../rtl/hapi_fp32_mul.sv:126$41'.
No latch inferred for signal `\hapi_fp32_mul.$unnamed_block$1.lsb' from process `\hapi_fp32_mul.$proc$../rtl/hapi_fp32_mul.sv:126$41'.
No latch inferred for signal `\hapi_fp32_mul.$unnamed_block$1.round_up' from process `\hapi_fp32_mul.$proc$../rtl/hapi_fp32_mul.sv:126$41'.
No latch inferred for signal `\hapi_fp32_mul.$unnamed_block$1.rounded' from process `\hapi_fp32_mul.$proc$../rtl/hapi_fp32_mul.sv:126$41'.
No latch inferred for signal `\hapi_fp32_mul.$unnamed_block$1.exp_final' from process `\hapi_fp32_mul.$proc$../rtl/hapi_fp32_mul.sv:126$41'.
No latch inferred for signal `\hapi_fp32_mul.$unnamed_block$1.ext' from process `\hapi_fp32_mul.$proc$../rtl/hapi_fp32_mul.sv:126$41'.
No latch inferred for signal `\hapi_fp32_mul.$unnamed_block$1.shifted' from process `\hapi_fp32_mul.$proc$../rtl/hapi_fp32_mul.sv:126$41'.
No latch inferred for signal `\hapi_fp32_mul.$unnamed_block$1.lost_mask' from process `\hapi_fp32_mul.$proc$../rtl/hapi_fp32_mul.sv:126$41'.
No latch inferred for signal `\hapi_fp32_mul.$unnamed_block$1.effshift' from process `\hapi_fp32_mul.$proc$../rtl/hapi_fp32_mul.sv:126$41'.

2.2.9. Executing PROC_DFF pass (convert process syncs to FFs).

2.2.10. Executing PROC_MEMWR pass (convert process memory writes to cells).

2.2.11. Executing PROC_CLEAN pass (remove empty switches from decision trees).
Found and cleaned up 1 empty switch in `\hapi_fp32_mul.$proc$../rtl/hapi_fp32_mul.sv:112$81'.
Removing empty process `hapi_fp32_mul.$proc$../rtl/hapi_fp32_mul.sv:112$81'.
Found and cleaned up 3 empty switches in `\hapi_fp32_mul.$proc$../rtl/hapi_fp32_mul.sv:168$73'.
Removing empty process `hapi_fp32_mul.$proc$../rtl/hapi_fp32_mul.sv:168$73'.
Found and cleaned up 4 empty switches in `\hapi_fp32_mul.$proc$../rtl/hapi_fp32_mul.sv:126$41'.
Removing empty process `hapi_fp32_mul.$proc$../rtl/hapi_fp32_mul.sv:126$41'.
Cleaned up 8 empty switches.

2.2.12. Executing OPT_EXPR pass (perform const folding).
Optimizing module hapi_fp32_mul.

2.3. Executing OPT_EXPR pass (perform const folding).
Optimizing module hapi_fp32_mul.

2.4. Executing OPT_CLEAN pass (remove unused cells and wires).
Finding unused cells or wires in module \hapi_fp32_mul..
Removed 1 unused cells and 77 unused wires.

2.5. Executing CHECK pass (checking for obvious problems).
Checking module hapi_fp32_mul...
Found and reported 0 problems.

2.6. Executing OPT pass (performing simple optimizations).

2.6.1. Executing OPT_EXPR pass (perform const folding).
Optimizing module hapi_fp32_mul.

2.6.2. Executing OPT_MERGE pass (detect identical cells).
Finding identical cells in module `\hapi_fp32_mul'.
Computing hashes of 120 cells of `\hapi_fp32_mul'.
Finding duplicate cells in `\hapi_fp32_mul'.
Computing hashes of 112 cells of `\hapi_fp32_mul'.
Finding duplicate cells in `\hapi_fp32_mul'.
Removed a total of 8 cells.

2.6.3. Executing OPT_MUXTREE pass (detect dead branches in mux trees).
Running muxtree optimizer on module \hapi_fp32_mul..
  Creating internal representation of mux trees.
  Evaluating internal representation of mux trees.
  Analyzing evaluation results.
    dead port 1/2 on $mux $procmux$144.
    dead port 1/2 on $mux $procmux$141.
    dead port 2/2 on $mux $procmux$171.
    dead port 1/2 on $mux $procmux$159.
    dead port 1/2 on $mux $procmux$150.
Removed 5 multiplexer ports.

2.6.4. Executing OPT_REDUCE pass (consolidate $*mux and $reduce_* inputs).
  Optimizing cells in module \hapi_fp32_mul.
Performed a total of 0 changes.

2.6.5. Executing OPT_MERGE pass (detect identical cells).
Finding identical cells in module `\hapi_fp32_mul'.
Computing hashes of 107 cells of `\hapi_fp32_mul'.
Finding duplicate cells in `\hapi_fp32_mul'.
Removed a total of 0 cells.

2.6.6. Executing OPT_DFF pass (perform DFF optimizations).

2.6.7. Executing OPT_CLEAN pass (remove unused cells and wires).
Finding unused cells or wires in module \hapi_fp32_mul..
Removed 0 unused cells and 13 unused wires.

2.6.8. Executing OPT_EXPR pass (perform const folding).
Optimizing module hapi_fp32_mul.

2.6.9. Rerunning OPT passes. (Maybe there is more to do..)

2.6.10. Executing OPT_MUXTREE pass (detect dead branches in mux trees).
Running muxtree optimizer on module \hapi_fp32_mul..
  Creating internal representation of mux trees.
  Evaluating internal representation of mux trees.
  Analyzing evaluation results.
Removed 0 multiplexer ports.

2.6.11. Executing OPT_REDUCE pass (consolidate $*mux and $reduce_* inputs).
  Optimizing cells in module \hapi_fp32_mul.
Performed a total of 0 changes.

2.6.12. Executing OPT_MERGE pass (detect identical cells).
Finding identical cells in module `\hapi_fp32_mul'.
Computing hashes of 107 cells of `\hapi_fp32_mul'.
Finding duplicate cells in `\hapi_fp32_mul'.
Removed a total of 0 cells.

2.6.13. Executing OPT_DFF pass (perform DFF optimizations).

2.6.14. Executing OPT_CLEAN pass (remove unused cells and wires).
Finding unused cells or wires in module \hapi_fp32_mul..

2.6.15. Executing OPT_EXPR pass (perform const folding).
Optimizing module hapi_fp32_mul.

2.6.16. Finished fast OPT passes. (There is nothing left to do.)

2.7. Executing FSM pass (extract and optimize FSM).

2.7.1. Executing FSM_DETECT pass (finding FSMs in design).

2.7.2. Executing FSM_EXTRACT pass (extracting FSM from design).

2.7.3. Executing FSM_OPT pass (simple optimizations of FSMs).

2.7.4. Executing OPT_CLEAN pass (remove unused cells and wires).
Finding unused cells or wires in module \hapi_fp32_mul..

2.7.5. Executing FSM_OPT pass (simple optimizations of FSMs).

2.7.6. Executing FSM_RECODE pass (re-assigning FSM state encoding).

2.7.7. Executing FSM_INFO pass (dumping all available information on FSM cells).

2.7.8. Executing FSM_MAP pass (mapping FSMs to basic logic).

2.8. Executing OPT pass (performing simple optimizations).

2.8.1. Executing OPT_EXPR pass (perform const folding).
Optimizing module hapi_fp32_mul.

2.8.2. Executing OPT_MERGE pass (detect identical cells).
Finding identical cells in module `\hapi_fp32_mul'.
Computing hashes of 107 cells of `\hapi_fp32_mul'.
Finding duplicate cells in `\hapi_fp32_mul'.
Removed a total of 0 cells.

2.8.3. Executing OPT_MUXTREE pass (detect dead branches in mux trees).
Running muxtree optimizer on module \hapi_fp32_mul..
  Creating internal representation of mux trees.
  Evaluating internal representation of mux trees.
  Analyzing evaluation results.
Removed 0 multiplexer ports.

2.8.4. Executing OPT_REDUCE pass (consolidate $*mux and $reduce_* inputs).
  Optimizing cells in module \hapi_fp32_mul.
Performed a total of 0 changes.

2.8.5. Executing OPT_MERGE pass (detect identical cells).
Finding identical cells in module `\hapi_fp32_mul'.
Computing hashes of 107 cells of `\hapi_fp32_mul'.
Finding duplicate cells in `\hapi_fp32_mul'.
Removed a total of 0 cells.

2.8.6. Executing OPT_DFF pass (perform DFF optimizations).

2.8.7. Executing OPT_CLEAN pass (remove unused cells and wires).
Finding unused cells or wires in module \hapi_fp32_mul..

2.8.8. Executing OPT_EXPR pass (perform const folding).
Optimizing module hapi_fp32_mul.

2.8.9. Finished fast OPT passes. (There is nothing left to do.)

2.9. Executing WREDUCE pass (reducing word size of cells).
Removed top 1 bits (of 9) from mux cell hapi_fp32_mul.$ternary$../rtl/hapi_fp32_mul.sv:44$31 ($mux).
Removed top 1 bits (of 9) from mux cell hapi_fp32_mul.$ternary$../rtl/hapi_fp32_mul.sv:45$32 ($mux).
Removed top 3 bits (of 12) from port A of cell hapi_fp32_mul.$add$../rtl/hapi_fp32_mul.sv:117$35 ($add).
Removed top 3 bits (of 12) from port B of cell hapi_fp32_mul.$add$../rtl/hapi_fp32_mul.sv:117$35 ($add).
Converting cell hapi_fp32_mul.$add$../rtl/hapi_fp32_mul.sv:117$35 ($add) from signed to unsigned.
Removed top 2 bits (of 12) from port Y of cell hapi_fp32_mul.$add$../rtl/hapi_fp32_mul.sv:117$35 ($add).
Removed top 1 bits (of 9) from port A of cell hapi_fp32_mul.$add$../rtl/hapi_fp32_mul.sv:117$35 ($add).
Removed top 1 bits (of 9) from port B of cell hapi_fp32_mul.$add$../rtl/hapi_fp32_mul.sv:117$35 ($add).
Removed top 1 bits (of 10) from port Y of cell hapi_fp32_mul.$add$../rtl/hapi_fp32_mul.sv:117$35 ($add).
Removed top 2 bits (of 12) from port A of cell hapi_fp32_mul.$sub$../rtl/hapi_fp32_mul.sv:117$36 ($sub).
Removed top 4 bits (of 12) from port B of cell hapi_fp32_mul.$sub$../rtl/hapi_fp32_mul.sv:117$36 ($sub).
Converting cell hapi_fp32_mul.$sub$../rtl/hapi_fp32_mul.sv:117$36 ($sub) from signed to unsigned.
Removed top 1 bits (of 12) from port Y of cell hapi_fp32_mul.$sub$../rtl/hapi_fp32_mul.sv:117$36 ($sub).
Removed top 1 bits (of 10) from port A of cell hapi_fp32_mul.$sub$../rtl/hapi_fp32_mul.sv:117$36 ($sub).
Removed top 1 bits (of 8) from port B of cell hapi_fp32_mul.$sub$../rtl/hapi_fp32_mul.sv:117$36 ($sub).
Removed top 1 bits (of 11) from port Y of cell hapi_fp32_mul.$sub$../rtl/hapi_fp32_mul.sv:117$36 ($sub).
Converting cell hapi_fp32_mul.$sub$../rtl/hapi_fp32_mul.sv:117$37 ($sub) from unsigned to signed.
Removed top 2 bits (of 12) from port A of cell hapi_fp32_mul.$sub$../rtl/hapi_fp32_mul.sv:117$37 ($sub).
Removed top 5 bits (of 12) from port B of cell hapi_fp32_mul.$sub$../rtl/hapi_fp32_mul.sv:117$37 ($sub).
Removed top 1 bits (of 12) from port Y of cell hapi_fp32_mul.$sub$../rtl/hapi_fp32_mul.sv:117$37 ($sub).
Removed top 1 bits (of 12) from port A of cell hapi_fp32_mul.$le$../rtl/hapi_fp32_mul.sv:122$38 ($le).
Removed top 11 bits (of 12) from port B of cell hapi_fp32_mul.$le$../rtl/hapi_fp32_mul.sv:122$38 ($le).
Converting cell hapi_fp32_mul.$sub$../rtl/hapi_fp32_mul.sv:123$39 ($sub) from unsigned to signed.
Removed top 10 bits (of 12) from port A of cell hapi_fp32_mul.$sub$../rtl/hapi_fp32_mul.sv:123$39 ($sub).
Removed top 1 bits (of 12) from port B of cell hapi_fp32_mul.$sub$../rtl/hapi_fp32_mul.sv:123$39 ($sub).
Removed top 5 bits (of 12) from port B of cell hapi_fp32_mul.$gt$../rtl/hapi_fp32_mul.sv:138$54 ($gt).
Removed top 48 bits (of 96) from port A of cell hapi_fp32_mul.$shr$../rtl/hapi_fp32_mul.sv:141$56 ($shr).
Removed top 48 bits (of 96) from port Y of cell hapi_fp32_mul.$shr$../rtl/hapi_fp32_mul.sv:141$56 ($shr).
Removed top 95 bits (of 96) from port A of cell hapi_fp32_mul.$shl$../rtl/hapi_fp32_mul.sv:145$57 ($shl).
Removed top 95 bits (of 96) from port B of cell hapi_fp32_mul.$sub$../rtl/hapi_fp32_mul.sv:145$58 ($sub).
Removed top 48 bits (of 96) from port A of cell hapi_fp32_mul.$and$../rtl/hapi_fp32_mul.sv:146$60 ($and).
Removed top 1 bits (of 25) from port A of cell hapi_fp32_mul.$add$../rtl/hapi_fp32_mul.sv:149$66 ($add).
Removed top 24 bits (of 25) from port B of cell hapi_fp32_mul.$add$../rtl/hapi_fp32_mul.sv:149$66 ($add).
Removed top 9 bits (of 10) from port B of cell hapi_fp32_mul.$add$../rtl/hapi_fp32_mul.sv:159$71 ($add).
Removed top 2 bits (of 10) from port B of cell hapi_fp32_mul.$ge$../rtl/hapi_fp32_mul.sv:160$72 ($ge).
Removed top 47 bits (of 48) from port B of cell hapi_fp32_mul.$procmux$89_CMP0 ($eq).
Removed top 46 bits (of 47) from port B of cell hapi_fp32_mul.$procmux$90_CMP0 ($eq).
Removed top 45 bits (of 46) from port B of cell hapi_fp32_mul.$procmux$91_CMP0 ($eq).
Removed top 44 bits (of 45) from port B of cell hapi_fp32_mul.$procmux$92_CMP0 ($eq).
Removed top 43 bits (of 44) from port B of cell hapi_fp32_mul.$procmux$93_CMP0 ($eq).
Removed top 42 bits (of 43) from port B of cell hapi_fp32_mul.$procmux$94_CMP0 ($eq).
Removed top 41 bits (of 42) from port B of cell hapi_fp32_mul.$procmux$95_CMP0 ($eq).
Removed top 40 bits (of 41) from port B of cell hapi_fp32_mul.$procmux$96_CMP0 ($eq).
Removed top 39 bits (of 40) from port B of cell hapi_fp32_mul.$procmux$97_CMP0 ($eq).
Removed top 38 bits (of 39) from port B of cell hapi_fp32_mul.$procmux$98_CMP0 ($eq).
Removed top 37 bits (of 38) from port B of cell hapi_fp32_mul.$procmux$99_CMP0 ($eq).
Removed top 36 bits (of 37) from port B of cell hapi_fp32_mul.$procmux$100_CMP0 ($eq).
Removed top 35 bits (of 36) from port B of cell hapi_fp32_mul.$procmux$101_CMP0 ($eq).
Removed top 34 bits (of 35) from port B of cell hapi_fp32_mul.$procmux$102_CMP0 ($eq).
Removed top 33 bits (of 34) from port B of cell hapi_fp32_mul.$procmux$103_CMP0 ($eq).
Removed top 32 bits (of 33) from port B of cell hapi_fp32_mul.$procmux$104_CMP0 ($eq).
Removed top 31 bits (of 32) from port B of cell hapi_fp32_mul.$procmux$105_CMP0 ($eq).
Removed top 30 bits (of 31) from port B of cell hapi_fp32_mul.$procmux$106_CMP0 ($eq).
Removed top 29 bits (of 30) from port B of cell hapi_fp32_mul.$procmux$107_CMP0 ($eq).
Removed top 28 bits (of 29) from port B of cell hapi_fp32_mul.$procmux$108_CMP0 ($eq).
Removed top 27 bits (of 28) from port B of cell hapi_fp32_mul.$procmux$109_CMP0 ($eq).
Removed top 26 bits (of 27) from port B of cell hapi_fp32_mul.$procmux$110_CMP0 ($eq).
Removed top 25 bits (of 26) from port B of cell hapi_fp32_mul.$procmux$111_CMP0 ($eq).
Removed top 24 bits (of 25) from port B of cell hapi_fp32_mul.$procmux$112_CMP0 ($eq).
Removed top 23 bits (of 24) from port B of cell hapi_fp32_mul.$procmux$113_CMP0 ($eq).
Removed top 22 bits (of 23) from port B of cell hapi_fp32_mul.$procmux$114_CMP0 ($eq).
Removed top 21 bits (of 22) from port B of cell hapi_fp32_mul.$procmux$115_CMP0 ($eq).
Removed top 20 bits (of 21) from port B of cell hapi_fp32_mul.$procmux$116_CMP0 ($eq).
Removed top 19 bits (of 20) from port B of cell hapi_fp32_mul.$procmux$117_CMP0 ($eq).
Removed top 18 bits (of 19) from port B of cell hapi_fp32_mul.$procmux$118_CMP0 ($eq).
Removed top 17 bits (of 18) from port B of cell hapi_fp32_mul.$procmux$119_CMP0 ($eq).
Removed top 16 bits (of 17) from port B of cell hapi_fp32_mul.$procmux$120_CMP0 ($eq).
Removed top 15 bits (of 16) from port B of cell hapi_fp32_mul.$procmux$121_CMP0 ($eq).
Removed top 14 bits (of 15) from port B of cell hapi_fp32_mul.$procmux$122_CMP0 ($eq).
Removed top 13 bits (of 14) from port B of cell hapi_fp32_mul.$procmux$123_CMP0 ($eq).
Removed top 12 bits (of 13) from port B of cell hapi_fp32_mul.$procmux$124_CMP0 ($eq).
Removed top 11 bits (of 12) from port B of cell hapi_fp32_mul.$procmux$125_CMP0 ($eq).
Removed top 10 bits (of 11) from port B of cell hapi_fp32_mul.$procmux$126_CMP0 ($eq).
Removed top 9 bits (of 10) from port B of cell hapi_fp32_mul.$procmux$127_CMP0 ($eq).
Removed top 8 bits (of 9) from port B of cell hapi_fp32_mul.$procmux$128_CMP0 ($eq).
Removed top 7 bits (of 8) from port B of cell hapi_fp32_mul.$procmux$129_CMP0 ($eq).
Removed top 6 bits (of 7) from port B of cell hapi_fp32_mul.$procmux$130_CMP0 ($eq).
Removed top 5 bits (of 6) from port B of cell hapi_fp32_mul.$procmux$131_CMP0 ($eq).
Removed top 4 bits (of 5) from port B of cell hapi_fp32_mul.$procmux$132_CMP0 ($eq).
Removed top 3 bits (of 4) from port B of cell hapi_fp32_mul.$procmux$133_CMP0 ($eq).
Removed top 2 bits (of 3) from port B of cell hapi_fp32_mul.$procmux$134_CMP0 ($eq).
Removed top 1 bits (of 2) from port B of cell hapi_fp32_mul.$procmux$135_CMP0 ($eq).
Removed top 1 bits (of 32) from mux cell hapi_fp32_mul.$procmux$156 ($mux).
Removed top 8 bits (of 32) from mux cell hapi_fp32_mul.$procmux$169 ($mux).
Removed top 1 bits (of 32) from mux cell hapi_fp32_mul.$procmux$174 ($mux).
Removed top 1 bits (of 32) from mux cell hapi_fp32_mul.$procmux$138 ($mux).
Removed top 1 bits (of 32) from mux cell hapi_fp32_mul.$procmux$147 ($mux).
Removed top 48 bits (of 96) from wire hapi_fp32_mul.$0$unnamed_block$1.shifted[95:0]$51.
Removed top 3 bits (of 12) from wire hapi_fp32_mul.$add$../rtl/hapi_fp32_mul.sv:117$35_Y.
Removed top 1 bits (of 9) from wire hapi_fp32_mul.expb.
Removed top 1 bits (of 9) from wire hapi_fp32_mul.expa.

2.10. Executing PEEPOPT pass (run peephole optimizers).

2.11. Executing OPT_CLEAN pass (remove unused cells and wires).
Finding unused cells or wires in module \hapi_fp32_mul..
Removed 0 unused cells and 4 unused wires.

2.12. Executing ALUMACC pass (create $alu and $macc cells).
Extracting $alu and $macc cells in module hapi_fp32_mul:
  creating $macc model for $add$../rtl/hapi_fp32_mul.sv:159$71 ($add).
  creating $macc model for $add$../rtl/hapi_fp32_mul.sv:149$66 ($add).
  creating $macc model for $sub$../rtl/hapi_fp32_mul.sv:145$58 ($sub).
  creating $macc model for $sub$../rtl/hapi_fp32_mul.sv:123$39 ($sub).
  creating $macc model for $sub$../rtl/hapi_fp32_mul.sv:117$37 ($sub).
  creating $macc model for $sub$../rtl/hapi_fp32_mul.sv:117$36 ($sub).
  creating $macc model for $add$../rtl/hapi_fp32_mul.sv:117$35 ($add).
  creating $macc model for $mul$../rtl/hapi_fp32_mul.sv:49$33 ($mul).
  merging $macc model for $add$../rtl/hapi_fp32_mul.sv:117$35 into $sub$../rtl/hapi_fp32_mul.sv:117$36.
  creating $alu model for $macc $sub$../rtl/hapi_fp32_mul.sv:117$37.
  creating $alu model for $macc $sub$../rtl/hapi_fp32_mul.sv:123$39.
  creating $alu model for $macc $sub$../rtl/hapi_fp32_mul.sv:145$58.
  creating $alu model for $macc $add$../rtl/hapi_fp32_mul.sv:149$66.
  creating $alu model for $macc $add$../rtl/hapi_fp32_mul.sv:159$71.
  creating $macc cell for $sub$../rtl/hapi_fp32_mul.sv:117$36: $auto$alumacc.cc:382:replace_macc$183
  creating $macc cell for $mul$../rtl/hapi_fp32_mul.sv:49$33: $auto$alumacc.cc:382:replace_macc$184
  creating $alu model for $ge$../rtl/hapi_fp32_mul.sv:160$72 ($ge): new $alu
  creating $alu model for $gt$../rtl/hapi_fp32_mul.sv:138$54 ($gt): new $alu
  creating $alu model for $le$../rtl/hapi_fp32_mul.sv:122$38 ($le): new $alu
  creating $alu cell for $le$../rtl/hapi_fp32_mul.sv:122$38: $auto$alumacc.cc:512:replace_alu$188
  creating $alu cell for $gt$../rtl/hapi_fp32_mul.sv:138$54: $auto$alumacc.cc:512:replace_alu$199
  creating $alu cell for $ge$../rtl/hapi_fp32_mul.sv:160$72: $auto$alumacc.cc:512:replace_alu$210
  creating $alu cell for $add$../rtl/hapi_fp32_mul.sv:159$71: $auto$alumacc.cc:512:replace_alu$223
  creating $alu cell for $add$../rtl/hapi_fp32_mul.sv:149$66: $auto$alumacc.cc:512:replace_alu$226
  creating $alu cell for $sub$../rtl/hapi_fp32_mul.sv:145$58: $auto$alumacc.cc:512:replace_alu$229
  creating $alu cell for $sub$../rtl/hapi_fp32_mul.sv:123$39: $auto$alumacc.cc:512:replace_alu$232
  creating $alu cell for $sub$../rtl/hapi_fp32_mul.sv:117$37: $auto$alumacc.cc:512:replace_alu$235
  created 8 $alu and 2 $macc cells.

2.13. Executing SHARE pass (SAT-based resource sharing).
Found 3 cells in module hapi_fp32_mul that may be considered for resource sharing.
  Analyzing resource sharing options for $shl$../rtl/hapi_fp32_mul.sv:113$34 ($shl):
    Found 3 activation_patterns using ctrl signal { $logic_or$../rtl/hapi_fp32_mul.sv:173$80_Y $logic_or$../rtl/hapi_fp32_mul.sv:171$79_Y $logic_or$../rtl/hapi_fp32_mul.sv:169$78_Y $auto$rtlil.cc:3259:ReduceOr$198 $auto$rtlil.cc:3259:ReduceOr$222 }.
    No candidates found.
  Analyzing resource sharing options for $shr$../rtl/hapi_fp32_mul.sv:141$56 ($shr):
    Found 3 activation_patterns using ctrl signal { $logic_or$../rtl/hapi_fp32_mul.sv:173$80_Y $logic_or$../rtl/hapi_fp32_mul.sv:171$79_Y $logic_or$../rtl/hapi_fp32_mul.sv:169$78_Y $auto$rtlil.cc:3259:ReduceOr$198 $auto$rtlil.cc:3259:ReduceOr$222 }.
    No candidates found.
  Analyzing resource sharing options for $shl$../rtl/hapi_fp32_mul.sv:145$57 ($shl):
    Found 3 activation_patterns using ctrl signal { $logic_or$../rtl/hapi_fp32_mul.sv:173$80_Y $logic_or$../rtl/hapi_fp32_mul.sv:171$79_Y $logic_or$../rtl/hapi_fp32_mul.sv:169$78_Y $auto$rtlil.cc:3259:ReduceOr$198 $auto$rtlil.cc:3259:ReduceOr$222 }.
    No candidates found.

2.14. Executing OPT pass (performing simple optimizations).

2.14.1. Executing OPT_EXPR pass (perform const folding).
Optimizing module hapi_fp32_mul.

2.14.2. Executing OPT_MERGE pass (detect identical cells).
Finding identical cells in module `\hapi_fp32_mul'.
Computing hashes of 119 cells of `\hapi_fp32_mul'.
Finding duplicate cells in `\hapi_fp32_mul'.
Removed a total of 0 cells.

2.14.3. Executing OPT_MUXTREE pass (detect dead branches in mux trees).
Running muxtree optimizer on module \hapi_fp32_mul..
  Creating internal representation of mux trees.
  Evaluating internal representation of mux trees.
  Analyzing evaluation results.
Removed 0 multiplexer ports.

2.14.4. Executing OPT_REDUCE pass (consolidate $*mux and $reduce_* inputs).
  Optimizing cells in module \hapi_fp32_mul.
Performed a total of 0 changes.

2.14.5. Executing OPT_MERGE pass (detect identical cells).
Finding identical cells in module `\hapi_fp32_mul'.
Computing hashes of 119 cells of `\hapi_fp32_mul'.
Finding duplicate cells in `\hapi_fp32_mul'.
Removed a total of 0 cells.

2.14.6. Executing OPT_DFF pass (perform DFF optimizations).

2.14.7. Executing OPT_CLEAN pass (remove unused cells and wires).
Finding unused cells or wires in module \hapi_fp32_mul..
Removed 2 unused cells and 10 unused wires.

2.14.8. Executing OPT_EXPR pass (perform const folding).
Optimizing module hapi_fp32_mul.

2.14.9. Rerunning OPT passes. (Maybe there is more to do..)

2.14.10. Executing OPT_MUXTREE pass (detect dead branches in mux trees).
Running muxtree optimizer on module \hapi_fp32_mul..
  Creating internal representation of mux trees.
  Evaluating internal representation of mux trees.
  Analyzing evaluation results.
Removed 0 multiplexer ports.

2.14.11. Executing OPT_REDUCE pass (consolidate $*mux and $reduce_* inputs).
  Optimizing cells in module \hapi_fp32_mul.
Performed a total of 0 changes.

2.14.12. Executing OPT_MERGE pass (detect identical cells).
Finding identical cells in module `\hapi_fp32_mul'.
Computing hashes of 116 cells of `\hapi_fp32_mul'.
Finding duplicate cells in `\hapi_fp32_mul'.
Removed a total of 0 cells.

2.14.13. Executing OPT_DFF pass (perform DFF optimizations).

2.14.14. Executing OPT_CLEAN pass (remove unused cells and wires).
Finding unused cells or wires in module \hapi_fp32_mul..

2.14.15. Executing OPT_EXPR pass (perform const folding).
Optimizing module hapi_fp32_mul.

2.14.16. Finished fast OPT passes. (There is nothing left to do.)

2.15. Executing MEMORY pass.

2.15.1. Executing OPT_MEM pass (optimize memories).
Performed a total of 0 transformations.

2.15.2. Executing OPT_MEM_PRIORITY pass (removing unnecessary memory write priority relations).
Performed a total of 0 transformations.

2.15.3. Executing OPT_MEM_FEEDBACK pass (finding memory read-to-write feedback paths).

2.15.4. Executing MEMORY_BMUX2ROM pass (converting muxes to ROMs).

2.15.5. Executing MEMORY_DFF pass (merging $dff cells to $memrd).

2.15.6. Executing OPT_CLEAN pass (remove unused cells and wires).
Finding unused cells or wires in module \hapi_fp32_mul..

2.15.7. Executing MEMORY_SHARE pass (consolidating $memrd/$memwr cells).

2.15.8. Executing OPT_MEM_WIDEN pass (optimize memories where all ports are wide).
Performed a total of 0 transformations.

2.15.9. Executing OPT_CLEAN pass (remove unused cells and wires).
Finding unused cells or wires in module \hapi_fp32_mul..

2.15.10. Executing MEMORY_COLLECT pass (generating $mem cells).

2.16. Executing OPT_CLEAN pass (remove unused cells and wires).
Finding unused cells or wires in module \hapi_fp32_mul..

2.17. Executing OPT pass (performing simple optimizations).

2.17.1. Executing OPT_EXPR pass (perform const folding).
Optimizing module hapi_fp32_mul.

2.17.2. Executing OPT_MERGE pass (detect identical cells).
Finding identical cells in module `\hapi_fp32_mul'.
Computing hashes of 116 cells of `\hapi_fp32_mul'.
Finding duplicate cells in `\hapi_fp32_mul'.
Removed a total of 0 cells.

2.17.3. Executing OPT_DFF pass (perform DFF optimizations).

2.17.4. Executing OPT_CLEAN pass (remove unused cells and wires).
Finding unused cells or wires in module \hapi_fp32_mul..
Removed 0 unused cells and 3 unused wires.

2.17.5. Finished fast OPT passes.

2.18. Executing MEMORY_MAP pass (converting memories to logic and flip-flops).

2.19. Executing OPT pass (performing simple optimizations).

2.19.1. Executing OPT_EXPR pass (perform const folding).
Optimizing module hapi_fp32_mul.

2.19.2. Executing OPT_MERGE pass (detect identical cells).
Finding identical cells in module `\hapi_fp32_mul'.
Computing hashes of 116 cells of `\hapi_fp32_mul'.
Finding duplicate cells in `\hapi_fp32_mul'.
Removed a total of 0 cells.

2.19.3. Executing OPT_MUXTREE pass (detect dead branches in mux trees).
Running muxtree optimizer on module \hapi_fp32_mul..
  Creating internal representation of mux trees.
  Evaluating internal representation of mux trees.
  Analyzing evaluation results.
Removed 0 multiplexer ports.

2.19.4. Executing OPT_REDUCE pass (consolidate $*mux and $reduce_* inputs).
  Optimizing cells in module \hapi_fp32_mul.
    Consolidated identical input bits for $mux cell $ternary$../rtl/hapi_fp32_mul.sv:43$30:
      Old ports: A={ 1'1 \b [22:0] }, B={ 1'0 \b [22:0] }, Y=\sigb
      New ports: A=1'1, B=1'0, Y=\sigb [23]
      New connections: \sigb [22:0] = \b [22:0]
    Consolidated identical input bits for $mux cell $ternary$../rtl/hapi_fp32_mul.sv:42$29:
      Old ports: A={ 1'1 \a [22:0] }, B={ 1'0 \a [22:0] }, Y=\siga
      New ports: A=1'1, B=1'0, Y=\siga [23]
      New connections: \siga [22:0] = \a [22:0]
    Consolidated identical input bits for $mux cell $procmux$169:
      Old ports: A={ 1'0 $0$unnamed_block$1.rounded[24:0]$48 [22:0] }, B={ 1'1 $0$unnamed_block$1.rounded[24:0]$48 [22:0] }, Y=$2\result_bits[31:0] [23:0]
      New ports: A=1'0, B=1'1, Y=$2\result_bits[31:0] [23]
      New connections: $2\result_bits[31:0] [22:0] = $0$unnamed_block$1.rounded[24:0]$48 [22:0]
  Optimizing cells in module \hapi_fp32_mul.
Performed a total of 3 changes.

2.19.5. Executing OPT_MERGE pass (detect identical cells).
Finding identical cells in module `\hapi_fp32_mul'.
Computing hashes of 116 cells of `\hapi_fp32_mul'.
Finding duplicate cells in `\hapi_fp32_mul'.
Removed a total of 0 cells.

2.19.6. Executing OPT_SHARE pass.

2.19.7. Executing OPT_DFF pass (perform DFF optimizations).

2.19.8. Executing OPT_CLEAN pass (remove unused cells and wires).
Finding unused cells or wires in module \hapi_fp32_mul..

2.19.9. Executing OPT_EXPR pass (perform const folding).
Optimizing module hapi_fp32_mul.

2.19.10. Rerunning OPT passes. (Maybe there is more to do..)

2.19.11. Executing OPT_MUXTREE pass (detect dead branches in mux trees).
Running muxtree optimizer on module \hapi_fp32_mul..
  Creating internal representation of mux trees.
  Evaluating internal representation of mux trees.
  Analyzing evaluation results.
Removed 0 multiplexer ports.

2.19.12. Executing OPT_REDUCE pass (consolidate $*mux and $reduce_* inputs).
  Optimizing cells in module \hapi_fp32_mul.
Performed a total of 0 changes.

2.19.13. Executing OPT_MERGE pass (detect identical cells).
Finding identical cells in module `\hapi_fp32_mul'.
Computing hashes of 115 cells of `\hapi_fp32_mul'.
Finding duplicate cells in `\hapi_fp32_mul'.
Removed a total of 0 cells.

2.19.14. Executing OPT_SHARE pass.

2.19.15. Executing OPT_DFF pass (perform DFF optimizations).

2.19.16. Executing OPT_CLEAN pass (remove unused cells and wires).
Finding unused cells or wires in module \hapi_fp32_mul..
Removed 0 unused cells and 1 unused wires.

2.19.17. Executing OPT_EXPR pass (perform const folding).
Optimizing module hapi_fp32_mul.

2.19.18. Rerunning OPT passes. (Maybe there is more to do..)

2.19.19. Executing OPT_MUXTREE pass (detect dead branches in mux trees).
Running muxtree optimizer on module \hapi_fp32_mul..
  Creating internal representation of mux trees.
  Evaluating internal representation of mux trees.
  Analyzing evaluation results.
Removed 0 multiplexer ports.

2.19.20. Executing OPT_REDUCE pass (consolidate $*mux and $reduce_* inputs).
  Optimizing cells in module \hapi_fp32_mul.
Performed a total of 0 changes.

2.19.21. Executing OPT_MERGE pass (detect identical cells).
Finding identical cells in module `\hapi_fp32_mul'.
Computing hashes of 115 cells of `\hapi_fp32_mul'.
Finding duplicate cells in `\hapi_fp32_mul'.
Removed a total of 0 cells.

2.19.22. Executing OPT_SHARE pass.

2.19.23. Executing OPT_DFF pass (perform DFF optimizations).

2.19.24. Executing OPT_CLEAN pass (remove unused cells and wires).
Finding unused cells or wires in module \hapi_fp32_mul..

2.19.25. Executing OPT_EXPR pass (perform const folding).
Optimizing module hapi_fp32_mul.

2.19.26. Finished fast OPT passes. (There is nothing left to do.)

2.20. Executing TECHMAP pass (map to technology primitives).

2.20.1. Executing Verilog-2005 frontend: /home/lordegypt/miniconda3/envs/eda/bin/../share/yosys/techmap.v
Parsing Verilog input from `/home/lordegypt/miniconda3/envs/eda/bin/../share/yosys/techmap.v' to AST representation.
Generating RTLIL representation for module `\_90_simplemap_bool_ops'.
Generating RTLIL representation for module `\_90_simplemap_reduce_ops'.
Generating RTLIL representation for module `\_90_simplemap_logic_ops'.
Generating RTLIL representation for module `\_90_simplemap_compare_ops'.
Generating RTLIL representation for module `\_90_simplemap_various'.
Generating RTLIL representation for module `\_90_simplemap_registers'.
Generating RTLIL representation for module `\_90_shift_ops_shr_shl_sshl_sshr'.
Generating RTLIL representation for module `\_90_shift_shiftx'.
Generating RTLIL representation for module `\_90_fa'.
Generating RTLIL representation for module `\_90_lcu_brent_kung'.
Generating RTLIL representation for module `\_90_alu'.
Generating RTLIL representation for module `\_90_macc'.
Generating RTLIL representation for module `\_90_alumacc'.
Generating RTLIL representation for module `$__div_mod_u'.
Generating RTLIL representation for module `$__div_mod_trunc'.
Generating RTLIL representation for module `\_90_div'.
Generating RTLIL representation for module `\_90_mod'.
Generating RTLIL representation for module `$__div_mod_floor'.
Generating RTLIL representation for module `\_90_divfloor'.
Generating RTLIL representation for module `\_90_modfloor'.
Generating RTLIL representation for module `\_90_pow'.
Generating RTLIL representation for module `\_90_demux'.
Generating RTLIL representation for module `\_90_lut'.
Generating RTLIL representation for module `$connect'.
Generating RTLIL representation for module `$input_port'.
Successfully finished Verilog frontend.

2.20.2. Continuing TECHMAP pass.
Using extmapper simplemap for cells of type $and.
Using extmapper simplemap for cells of type $not.
Using template $paramod$d68a7d17824aa4e5de797161958aab3a88ec4cc6\_90_alu for cells of type $alu.
Using template $paramod$d397c0c70d101de41e717eb2706cb4780269823b\_90_alu for cells of type $alu.
Using template $paramod$constmap:04ff28ce6181b97a77208d34a54ecfcb55b09258$paramod$53fefac6dbb163b8dacf664a7a0b7c7205f793e7\_90_shift_ops_shr_shl_sshl_sshr for cells of type $shl.
Using template $paramod$67c3d0d7a14ba7d93dc1ba35ef549aaa658214e5\_90_alu for cells of type $alu.
Using template $paramod$constmap:edd4026b56a5aed3548ecb3cd626ad0ef0f0fc02$paramod$ef93db546db936e9a4fb1b0389646c10af1adeba\_90_shift_ops_shr_shl_sshl_sshr for cells of type $shl.
Using template $paramod$constmap:b395ff1fab71648036e0cc891804ba737f3e83e7$paramod$83aee8119f34dfd24dd720ef08478f48c3396748\_90_shift_ops_shr_shl_sshl_sshr for cells of type $shr.
Using template $paramod$f137a8bfbd1456d75171dc760be33d0c1f0b83ab\_90_alu for cells of type $alu.
Using template $paramod$754650b284649a026620fc6856e5b6886cbfe794\_90_alu for cells of type $alu.
Using extmapper simplemap for cells of type $reduce_or.
Using extmapper simplemap for cells of type $or.
Using extmapper simplemap for cells of type $reduce_and.
Using template $paramod$0bf21d6ba6357507623b189abbc1d6f284d75c81\_90_alu for cells of type $alu.
Using template $paramod$fe4061330a3f6272d217d473f5639492135d6151\_90_alu for cells of type $alu.
Using extmapper maccmap for cells of type $macc_v2.
  add { \siga [23] \a [22:0] } * { \sigb [23] \b [22:0] } (24x24 bits, unsigned)
  add \expa (8 bits, unsigned)
  add \expb (8 bits, unsigned)
  add 10'1110000010 (10 bits, unsigned)
Using extmapper simplemap for cells of type $xor.
Using extmapper simplemap for cells of type $logic_and.
Using extmapper simplemap for cells of type $logic_not.
Using extmapper simplemap for cells of type $eq.
Using extmapper simplemap for cells of type $reduce_bool.
Using extmapper simplemap for cells of type $logic_or.
Using extmapper simplemap for cells of type $pmux.
Using template $paramod\_90_fa\WIDTH=32'00000000000000000000000000001010 for cells of type $fa.
Using template $paramod$484d51534650924b7ed4c69e46eed3a56904771f\_90_alu for cells of type $alu.
Using template $paramod\_90_fa\WIDTH=32'00000000000000000000000000110000 for cells of type $fa.
Using template $paramod\_90_fa\WIDTH=32'00000000000000000000000000101111 for cells of type $fa.
Using template $paramod$88aad6f8473fb7e4e5fbfb8335ddebad03429eaa\_90_alu for cells of type $alu.
Using template $paramod\_90_fa\WIDTH=32'00000000000000000000000000001011 for cells of type $fa.
Using template $paramod\_90_lcu_brent_kung\WIDTH=32'00000000000000000000000000001011 for cells of type $lcu.
Using extmapper simplemap for cells of type $pos.
Using template $paramod\_90_fa\WIDTH=32'00000000000000000000000001100000 for cells of type $fa.
Using template $paramod\_90_lcu_brent_kung\WIDTH=32'00000000000000000000000001100000 for cells of type $lcu.
Using template $paramod\_90_fa\WIDTH=32'00000000000000000000000000011001 for cells of type $fa.
Using template $paramod\_90_lcu_brent_kung\WIDTH=32'00000000000000000000000000011001 for cells of type $lcu.
Using template $paramod\_90_lcu_brent_kung\WIDTH=32'00000000000000000000000000001010 for cells of type $lcu.
Using template $paramod\_90_fa\WIDTH=32'00000000000000000000000000001100 for cells of type $fa.
Using template $paramod\_90_lcu_brent_kung\WIDTH=32'00000000000000000000000000001100 for cells of type $lcu.
Using template $paramod\_90_lcu_brent_kung\WIDTH=32'00000000000000000000000000110000 for cells of type $lcu.
No more expansions possible.

2.21. Executing OPT pass (performing simple optimizations).

2.21.1. Executing OPT_EXPR pass (perform const folding).
Optimizing module hapi_fp32_mul.

2.21.2. Executing OPT_MERGE pass (detect identical cells).
Finding identical cells in module `\hapi_fp32_mul'.
Computing hashes of 7424 cells of `\hapi_fp32_mul'.
Finding duplicate cells in `\hapi_fp32_mul'.
Computing hashes of 6833 cells of `\hapi_fp32_mul'.
Finding duplicate cells in `\hapi_fp32_mul'.
Computing hashes of 6595 cells of `\hapi_fp32_mul'.
Finding duplicate cells in `\hapi_fp32_mul'.
Computing hashes of 6516 cells of `\hapi_fp32_mul'.
Finding duplicate cells in `\hapi_fp32_mul'.
Computing hashes of 6503 cells of `\hapi_fp32_mul'.
Finding duplicate cells in `\hapi_fp32_mul'.
Computing hashes of 6501 cells of `\hapi_fp32_mul'.
Finding duplicate cells in `\hapi_fp32_mul'.
Removed a total of 923 cells.

2.21.3. Executing OPT_DFF pass (perform DFF optimizations).

2.21.4. Executing OPT_CLEAN pass (remove unused cells and wires).
Finding unused cells or wires in module \hapi_fp32_mul..
Removed 552 unused cells and 1560 unused wires.

2.21.5. Finished fast OPT passes.

2.22. Executing ABC pass (technology mapping using ABC).

2.22.1. Extracting gate netlist of module `\hapi_fp32_mul' to `<abc-temp-dir>/input.blif'..

2.22.1.1. Executed ABC.
Extracted 5949 gates and 6015 wires to a netlist network with 64 inputs and 32 outputs.
Running ABC script: <abc-temp-dir>/abc.script
ABC: UC Berkeley, ABC 1.01 (compiled May 12 2026 13:26:50)
ABC: abc 01> empty
ABC: abc 01> source <abc-temp-dir>/abc.script
ABC: + read_blif <abc-temp-dir>/input.blif 
ABC: + read_library <abc-temp-dir>/stdcells.genlib 
ABC: + strash 
ABC: + &get -n 
ABC: + &fraig -x 
ABC: + &put 
ABC: + scorr 
ABC: Warning: The network is combinational (run "fraig" or "fraig_sweep").
ABC: + dc2 
ABC: + dretime 
ABC: + strash 
ABC: + &get -n 
ABC: + &dch -f 
ABC: + &nf 
ABC: + &put 
ABC: + write_blif <abc-temp-dir>/output.blif 
ABC: 
ABC: YOSYS_ABC_DONE 

2.22.1.2. Re-integrating ABC results.
ABC RESULTS:               AND cells:     1282
ABC RESULTS:            ANDNOT cells:       96
ABC RESULTS:               MUX cells:      290
ABC RESULTS:              NAND cells:     1871
ABC RESULTS:               NOR cells:       53
ABC RESULTS:               NOT cells:       98
ABC RESULTS:                OR cells:       82
ABC RESULTS:             ORNOT cells:       74
ABC RESULTS:              XNOR cells:      119
ABC RESULTS:               XOR cells:     1081
ABC RESULTS:        internal signals:     5919
ABC RESULTS:           input signals:       64
ABC RESULTS:          output signals:       32
Removing temp directory.
Removing global temp directory.

2.23. Executing OPT pass (performing simple optimizations).

2.23.1. Executing OPT_EXPR pass (perform const folding).
Optimizing module hapi_fp32_mul.

2.23.2. Executing OPT_MERGE pass (detect identical cells).
Finding identical cells in module `\hapi_fp32_mul'.
Computing hashes of 5046 cells of `\hapi_fp32_mul'.
Finding duplicate cells in `\hapi_fp32_mul'.
Removed a total of 0 cells.

2.23.3. Executing OPT_DFF pass (perform DFF optimizations).

2.23.4. Executing OPT_CLEAN pass (remove unused cells and wires).
Finding unused cells or wires in module \hapi_fp32_mul..
Removed 0 unused cells and 1088 unused wires.

2.23.5. Finished fast OPT passes.

2.24. Executing HIERARCHY pass (managing design hierarchy).
Attribute `top' found on module `hapi_fp32_mul'. Setting top module to hapi_fp32_mul.

2.24.1. Analyzing design hierarchy..
Top module:  \hapi_fp32_mul

2.24.2. Analyzing design hierarchy..
Top module:  \hapi_fp32_mul
Removed 0 unused modules.

2.25. Printing statistics.

=== hapi_fp32_mul ===

        +----------Local Count, excluding submodules.
        | 
     5028 wires
     5288 wire bits
       14 public wires
      274 public wire bits
        3 ports
       96 port bits
     5046 cells
       96   $_ANDNOT_
     1282   $_AND_
      290   $_MUX_
     1871   $_NAND_
       53   $_NOR_
       98   $_NOT_
       74   $_ORNOT_
       82   $_OR_
      119   $_XNOR_
     1081   $_XOR_

2.26. Executing CHECK pass (checking for obvious problems).
Checking module hapi_fp32_mul...
Found and reported 0 problems.

3. Printing statistics.

=== hapi_fp32_mul ===

        +----------Local Count, excluding submodules.
        | 
     5028 wires
     5288 wire bits
       14 public wires
      274 public wire bits
        3 ports
       96 port bits
     5046 cells
       96   $_ANDNOT_
     1282   $_AND_
      290   $_MUX_
     1871   $_NAND_
       53   $_NOR_
       98   $_NOT_
       74   $_ORNOT_
       82   $_OR_
      119   $_XNOR_
     1081   $_XOR_

End of script. Logfile hash: ef64824627, time: 14.42s, user: 0.84s, system: 0.08s, MEM: 54.55 MB peak
Yosys 0.65 (git sha1 aec814bdf3071f7e0fd0fbe43f7f711e99d01e24, g++ 14.3.0-19 -fvisibility-inlines-hidden -fmessage-length=0 -march=nocona -mtune=haswell -ftree-vectorize -fPIC -fstack-protector-strong -fno-plt -O2 -ffunction-sections -fdebug-prefix-map=/home/conda/feedstock_root/build_artifacts/yosys_1778591527500/work=/usr/local/src/conda/yosys-0.65 -fdebug-prefix-map=/home/lordegypt/miniconda3/envs/eda=/usr/local/src/conda-prefix -fPIC -O3) [conda-forge/yosys-feedstock]
Time spent: 94% 1x abc (13 sec), 1% 35x opt_expr (0 sec), ...
