
 /----------------------------------------------------------------------------\
 |  yosys -- Yosys Open SYnthesis Suite                                       |
 |  Copyright (C) 2012 - 2026  Claire Xenia Wolf <claire@yosyshq.com>         |
 |  Distributed under an ISC-like license, type "license" to see terms        |
 \----------------------------------------------------------------------------/
 Yosys 0.65 (git sha1 aec814bdf3071f7e0fd0fbe43f7f711e99d01e24, g++ 14.3.0-19 -fvisibility-inlines-hidden -fmessage-length=0 -march=nocona -mtune=haswell -ftree-vectorize -fPIC -fstack-protector-strong -fno-plt -O2 -ffunction-sections -fdebug-prefix-map=/home/conda/feedstock_root/build_artifacts/yosys_1778591527500/work=/usr/local/src/conda/yosys-0.65 -fdebug-prefix-map=/home/lordegypt/miniconda3/envs/eda=/usr/local/src/conda-prefix -fPIC -O3) [conda-forge/yosys-feedstock]

-- Running command `
        read_verilog -sv ../rtl/hapi_fp32_add.sv;
        synth -top hapi_fp32_add;
        select -assert-none t:$_DLATCH_* t:$dlatch;
        tee -o reports/hapi_fp32_add.stat stat
    ' --

1. Executing Verilog-2005 frontend: ../rtl/hapi_fp32_add.sv
Parsing SystemVerilog input from `../rtl/hapi_fp32_add.sv' to AST representation.
Generating RTLIL representation for module `\hapi_fp32_add'.
Successfully finished Verilog frontend.

2. Executing SYNTH pass.

2.1. Executing HIERARCHY pass (managing design hierarchy).

2.1.1. Analyzing design hierarchy..
Top module:  \hapi_fp32_add

2.1.2. Analyzing design hierarchy..
Top module:  \hapi_fp32_add
Removed 0 unused modules.

2.2. Executing PROC pass (convert processes to netlists).

2.2.1. Executing PROC_CLEAN pass (remove empty switches from decision trees).
Cleaned up 0 empty switches.

2.2.2. Executing PROC_RMDEAD pass (remove dead branches from decision trees).
Marked 1 switch rules as full_case in process $proc$../rtl/hapi_fp32_add.sv:157$104 in module hapi_fp32_add.
Marked 4 switch rules as full_case in process $proc$../rtl/hapi_fp32_add.sv:216$96 in module hapi_fp32_add.
Marked 5 switch rules as full_case in process $proc$../rtl/hapi_fp32_add.sv:171$52 in module hapi_fp32_add.
Marked 1 switch rules as full_case in process $proc$../rtl/hapi_fp32_add.sv:78$33 in module hapi_fp32_add.
Marked 1 switch rules as full_case in process $proc$../rtl/hapi_fp32_add.sv:46$24 in module hapi_fp32_add.
Removed a total of 0 dead cases.

2.2.3. Executing PROC_PRUNE pass (remove redundant assignments in processes).
Removed 0 redundant assignments.
Promoted 28 assignments to connections.

2.2.4. Executing PROC_INIT pass (extract init attributes).

2.2.5. Executing PROC_ARST pass (detect async resets in processes).

2.2.6. Executing PROC_ROM pass (convert switches to ROMs).
Converted 0 switches.

2.2.7. Executing PROC_MUX pass (convert decision trees to multiplexers).
Creating decoders for process `\hapi_fp32_add.$proc$../rtl/hapi_fp32_add.sv:157$104'.
     1/1: $1\clz49$func$../rtl/hapi_fp32_add.sv:157$4.n[5:0]$109
Creating decoders for process `\hapi_fp32_add.$proc$../rtl/hapi_fp32_add.sv:216$96'.
     1/4: $4\y[31:0]
     2/4: $3\y[31:0]
     3/4: $2\y[31:0]
     4/4: $1\y[31:0]
Creating decoders for process `\hapi_fp32_add.$proc$../rtl/hapi_fp32_add.sv:171$52'.
     1/17: $4\arith_bits[31:0]
     2/17: $3$unnamed_block$2.exp_final[9:0]$93
     3/17: $3\arith_bits[31:0]
     4/17: $2\arith_bits[31:0]
     5/17: $2$unnamed_block$2.exp_final[9:0]$90
     6/17: $1\arith_bits[31:0]
     7/17: $1$unnamed_block$2.lost_mask[95:0]$77
     8/17: $1$unnamed_block$2.shifted[95:0]$76
     9/17: $1$unnamed_block$2.ext[95:0]$75
    10/17: $1$unnamed_block$2.exp_final[9:0]$74
    11/17: $1$unnamed_block$2.rounded[24:0]$73
    12/17: $1$unnamed_block$2.round_up[0:0]$72
    13/17: $1$unnamed_block$2.lsb[0:0]$71
    14/17: $1$unnamed_block$2.sticky[0:0]$70
    15/17: $1$unnamed_block$2.round_b[0:0]$69
    16/17: $1$unnamed_block$2.guard[0:0]$68
    17/17: $1$unnamed_block$2.keep[23:0]$67
Creating decoders for process `\hapi_fp32_add.$proc$../rtl/hapi_fp32_add.sv:78$33'.
     1/2: $1\align_sticky[0:0]
     2/2: $1\sml_aligned[48:0]
Creating decoders for process `\hapi_fp32_add.$proc$../rtl/hapi_fp32_add.sv:46$24'.
     1/6: $1\msml[22:0]
     2/6: $1\esml[7:0]
     3/6: $1\ssml[0:0]
     4/6: $1\mbig[22:0]
     5/6: $1\ebig[7:0]
     6/6: $1\sbig[0:0]

2.2.8. Executing PROC_DLATCH pass (convert process syncs to latches).
No latch inferred for signal `\hapi_fp32_add.\clz49$func$../rtl/hapi_fp32_add.sv:157$3.$result' from process `\hapi_fp32_add.$proc$../rtl/hapi_fp32_add.sv:157$104'.
No latch inferred for signal `\hapi_fp32_add.\clz49$func$../rtl/hapi_fp32_add.sv:157$4.$result' from process `\hapi_fp32_add.$proc$../rtl/hapi_fp32_add.sv:157$104'.
No latch inferred for signal `\hapi_fp32_add.\clz49$func$../rtl/hapi_fp32_add.sv:157$4.x' from process `\hapi_fp32_add.$proc$../rtl/hapi_fp32_add.sv:157$104'.
No latch inferred for signal `\hapi_fp32_add.\clz49$func$../rtl/hapi_fp32_add.sv:157$4.n' from process `\hapi_fp32_add.$proc$../rtl/hapi_fp32_add.sv:157$104'.
No latch inferred for signal `\hapi_fp32_add.\y' from process `\hapi_fp32_add.$proc$../rtl/hapi_fp32_add.sv:216$96'.
No latch inferred for signal `\hapi_fp32_add.\arith_bits' from process `\hapi_fp32_add.$proc$../rtl/hapi_fp32_add.sv:171$52'.
No latch inferred for signal `\hapi_fp32_add.$unnamed_block$2.keep' from process `\hapi_fp32_add.$proc$../rtl/hapi_fp32_add.sv:171$52'.
No latch inferred for signal `\hapi_fp32_add.$unnamed_block$2.guard' from process `\hapi_fp32_add.$proc$../rtl/hapi_fp32_add.sv:171$52'.
No latch inferred for signal `\hapi_fp32_add.$unnamed_block$2.round_b' from process `\hapi_fp32_add.$proc$../rtl/hapi_fp32_add.sv:171$52'.
No latch inferred for signal `\hapi_fp32_add.$unnamed_block$2.sticky' from process `\hapi_fp32_add.$proc$../rtl/hapi_fp32_add.sv:171$52'.
No latch inferred for signal `\hapi_fp32_add.$unnamed_block$2.lsb' from process `\hapi_fp32_add.$proc$../rtl/hapi_fp32_add.sv:171$52'.
No latch inferred for signal `\hapi_fp32_add.$unnamed_block$2.round_up' from process `\hapi_fp32_add.$proc$../rtl/hapi_fp32_add.sv:171$52'.
No latch inferred for signal `\hapi_fp32_add.$unnamed_block$2.rounded' from process `\hapi_fp32_add.$proc$../rtl/hapi_fp32_add.sv:171$52'.
No latch inferred for signal `\hapi_fp32_add.$unnamed_block$2.exp_final' from process `\hapi_fp32_add.$proc$../rtl/hapi_fp32_add.sv:171$52'.
No latch inferred for signal `\hapi_fp32_add.$unnamed_block$2.ext' from process `\hapi_fp32_add.$proc$../rtl/hapi_fp32_add.sv:171$52'.
No latch inferred for signal `\hapi_fp32_add.$unnamed_block$2.shifted' from process `\hapi_fp32_add.$proc$../rtl/hapi_fp32_add.sv:171$52'.
No latch inferred for signal `\hapi_fp32_add.$unnamed_block$2.lost_mask' from process `\hapi_fp32_add.$proc$../rtl/hapi_fp32_add.sv:171$52'.
No latch inferred for signal `\hapi_fp32_add.$unnamed_block$2.totalshift' from process `\hapi_fp32_add.$proc$../rtl/hapi_fp32_add.sv:171$52'.
No latch inferred for signal `\hapi_fp32_add.\sml_aligned' from process `\hapi_fp32_add.$proc$../rtl/hapi_fp32_add.sv:78$33'.
No latch inferred for signal `\hapi_fp32_add.\align_sticky' from process `\hapi_fp32_add.$proc$../rtl/hapi_fp32_add.sv:78$33'.
No latch inferred for signal `\hapi_fp32_add.$unnamed_block$1.sh' from process `\hapi_fp32_add.$proc$../rtl/hapi_fp32_add.sv:78$33'.
No latch inferred for signal `\hapi_fp32_add.$unnamed_block$1.lost_mask' from process `\hapi_fp32_add.$proc$../rtl/hapi_fp32_add.sv:78$33'.
No latch inferred for signal `\hapi_fp32_add.\sbig' from process `\hapi_fp32_add.$proc$../rtl/hapi_fp32_add.sv:46$24'.
No latch inferred for signal `\hapi_fp32_add.\ssml' from process `\hapi_fp32_add.$proc$../rtl/hapi_fp32_add.sv:46$24'.
No latch inferred for signal `\hapi_fp32_add.\ebig' from process `\hapi_fp32_add.$proc$../rtl/hapi_fp32_add.sv:46$24'.
No latch inferred for signal `\hapi_fp32_add.\esml' from process `\hapi_fp32_add.$proc$../rtl/hapi_fp32_add.sv:46$24'.
No latch inferred for signal `\hapi_fp32_add.\mbig' from process `\hapi_fp32_add.$proc$../rtl/hapi_fp32_add.sv:46$24'.
No latch inferred for signal `\hapi_fp32_add.\msml' from process `\hapi_fp32_add.$proc$../rtl/hapi_fp32_add.sv:46$24'.

2.2.9. Executing PROC_DFF pass (convert process syncs to FFs).

2.2.10. Executing PROC_MEMWR pass (convert process memory writes to cells).

2.2.11. Executing PROC_CLEAN pass (remove empty switches from decision trees).
Found and cleaned up 1 empty switch in `\hapi_fp32_add.$proc$../rtl/hapi_fp32_add.sv:157$104'.
Removing empty process `hapi_fp32_add.$proc$../rtl/hapi_fp32_add.sv:157$104'.
Found and cleaned up 4 empty switches in `\hapi_fp32_add.$proc$../rtl/hapi_fp32_add.sv:216$96'.
Removing empty process `hapi_fp32_add.$proc$../rtl/hapi_fp32_add.sv:216$96'.
Found and cleaned up 5 empty switches in `\hapi_fp32_add.$proc$../rtl/hapi_fp32_add.sv:171$52'.
Removing empty process `hapi_fp32_add.$proc$../rtl/hapi_fp32_add.sv:171$52'.
Found and cleaned up 1 empty switch in `\hapi_fp32_add.$proc$../rtl/hapi_fp32_add.sv:78$33'.
Removing empty process `hapi_fp32_add.$proc$../rtl/hapi_fp32_add.sv:78$33'.
Found and cleaned up 1 empty switch in `\hapi_fp32_add.$proc$../rtl/hapi_fp32_add.sv:46$24'.
Removing empty process `hapi_fp32_add.$proc$../rtl/hapi_fp32_add.sv:46$24'.
Cleaned up 12 empty switches.

2.2.12. Executing OPT_EXPR pass (perform const folding).
Optimizing module hapi_fp32_add.

2.3. Executing OPT_EXPR pass (perform const folding).
Optimizing module hapi_fp32_add.

2.4. Executing OPT_CLEAN pass (remove unused cells and wires).
Finding unused cells or wires in module \hapi_fp32_add..
Removed 14 unused cells and 165 unused wires.

2.5. Executing CHECK pass (checking for obvious problems).
Checking module hapi_fp32_add...
Found and reported 0 problems.

2.6. Executing OPT pass (performing simple optimizations).

2.6.1. Executing OPT_EXPR pass (perform const folding).
Optimizing module hapi_fp32_add.

2.6.2. Executing OPT_MERGE pass (detect identical cells).
Finding identical cells in module `\hapi_fp32_add'.
Computing hashes of 144 cells of `\hapi_fp32_add'.
Finding duplicate cells in `\hapi_fp32_add'.
Computing hashes of 140 cells of `\hapi_fp32_add'.
Finding duplicate cells in `\hapi_fp32_add'.
Removed a total of 4 cells.

2.6.3. Executing OPT_MUXTREE pass (detect dead branches in mux trees).
Running muxtree optimizer on module \hapi_fp32_add..
  Creating internal representation of mux trees.
  Evaluating internal representation of mux trees.
  Analyzing evaluation results.
    dead port 1/2 on $mux $procmux$222.
    dead port 1/2 on $mux $procmux$216.
    dead port 2/2 on $mux $procmux$213.
    dead port 1/2 on $mux $procmux$198.
    dead port 1/2 on $mux $procmux$195.
    dead port 1/2 on $mux $procmux$186.
    dead port 1/2 on $mux $procmux$180.
    dead port 1/2 on $mux $procmux$177.
    dead port 1/2 on $mux $procmux$171.
    dead port 1/2 on $mux $procmux$168.
    dead port 1/2 on $mux $procmux$165.
Removed 11 multiplexer ports.

2.6.4. Executing OPT_REDUCE pass (consolidate $*mux and $reduce_* inputs).
  Optimizing cells in module \hapi_fp32_add.
Performed a total of 0 changes.

2.6.5. Executing OPT_MERGE pass (detect identical cells).
Finding identical cells in module `\hapi_fp32_add'.
Computing hashes of 129 cells of `\hapi_fp32_add'.
Finding duplicate cells in `\hapi_fp32_add'.
Removed a total of 0 cells.

2.6.6. Executing OPT_DFF pass (perform DFF optimizations).

2.6.7. Executing OPT_CLEAN pass (remove unused cells and wires).
Finding unused cells or wires in module \hapi_fp32_add..
Removed 0 unused cells and 15 unused wires.

2.6.8. Executing OPT_EXPR pass (perform const folding).
Optimizing module hapi_fp32_add.

2.6.9. Rerunning OPT passes. (Maybe there is more to do..)

2.6.10. Executing OPT_MUXTREE pass (detect dead branches in mux trees).
Running muxtree optimizer on module \hapi_fp32_add..
  Creating internal representation of mux trees.
  Evaluating internal representation of mux trees.
  Analyzing evaluation results.
Removed 0 multiplexer ports.

2.6.11. Executing OPT_REDUCE pass (consolidate $*mux and $reduce_* inputs).
  Optimizing cells in module \hapi_fp32_add.
Performed a total of 0 changes.

2.6.12. Executing OPT_MERGE pass (detect identical cells).
Finding identical cells in module `\hapi_fp32_add'.
Computing hashes of 129 cells of `\hapi_fp32_add'.
Finding duplicate cells in `\hapi_fp32_add'.
Removed a total of 0 cells.

2.6.13. Executing OPT_DFF pass (perform DFF optimizations).

2.6.14. Executing OPT_CLEAN pass (remove unused cells and wires).
Finding unused cells or wires in module \hapi_fp32_add..

2.6.15. Executing OPT_EXPR pass (perform const folding).
Optimizing module hapi_fp32_add.

2.6.16. Finished fast OPT passes. (There is nothing left to do.)

2.7. Executing FSM pass (extract and optimize FSM).

2.7.1. Executing FSM_DETECT pass (finding FSMs in design).

2.7.2. Executing FSM_EXTRACT pass (extracting FSM from design).

2.7.3. Executing FSM_OPT pass (simple optimizations of FSMs).

2.7.4. Executing OPT_CLEAN pass (remove unused cells and wires).
Finding unused cells or wires in module \hapi_fp32_add..

2.7.5. Executing FSM_OPT pass (simple optimizations of FSMs).

2.7.6. Executing FSM_RECODE pass (re-assigning FSM state encoding).

2.7.7. Executing FSM_INFO pass (dumping all available information on FSM cells).

2.7.8. Executing FSM_MAP pass (mapping FSMs to basic logic).

2.8. Executing OPT pass (performing simple optimizations).

2.8.1. Executing OPT_EXPR pass (perform const folding).
Optimizing module hapi_fp32_add.

2.8.2. Executing OPT_MERGE pass (detect identical cells).
Finding identical cells in module `\hapi_fp32_add'.
Computing hashes of 129 cells of `\hapi_fp32_add'.
Finding duplicate cells in `\hapi_fp32_add'.
Removed a total of 0 cells.

2.8.3. Executing OPT_MUXTREE pass (detect dead branches in mux trees).
Running muxtree optimizer on module \hapi_fp32_add..
  Creating internal representation of mux trees.
  Evaluating internal representation of mux trees.
  Analyzing evaluation results.
Removed 0 multiplexer ports.

2.8.4. Executing OPT_REDUCE pass (consolidate $*mux and $reduce_* inputs).
  Optimizing cells in module \hapi_fp32_add.
Performed a total of 0 changes.

2.8.5. Executing OPT_MERGE pass (detect identical cells).
Finding identical cells in module `\hapi_fp32_add'.
Computing hashes of 129 cells of `\hapi_fp32_add'.
Finding duplicate cells in `\hapi_fp32_add'.
Removed a total of 0 cells.

2.8.6. Executing OPT_DFF pass (perform DFF optimizations).

2.8.7. Executing OPT_CLEAN pass (remove unused cells and wires).
Finding unused cells or wires in module \hapi_fp32_add..

2.8.8. Executing OPT_EXPR pass (perform const folding).
Optimizing module hapi_fp32_add.

2.8.9. Finished fast OPT passes. (There is nothing left to do.)

2.9. Executing WREDUCE pass (reducing word size of cells).
Removed top 1 bits (of 9) from mux cell hapi_fp32_add.$ternary$../rtl/hapi_fp32_add.sv:63$29 ($mux).
Removed top 1 bits (of 9) from mux cell hapi_fp32_add.$ternary$../rtl/hapi_fp32_add.sv:64$30 ($mux).
Removed top 1 bits (of 9) from port A of cell hapi_fp32_add.$sub$../rtl/hapi_fp32_add.sv:69$32 ($sub).
Removed top 1 bits (of 9) from port B of cell hapi_fp32_add.$sub$../rtl/hapi_fp32_add.sv:69$32 ($sub).
Removed top 48 bits (of 49) from port A of cell hapi_fp32_add.$shl$../rtl/hapi_fp32_add.sv:82$36 ($shl).
Removed top 48 bits (of 49) from port B of cell hapi_fp32_add.$sub$../rtl/hapi_fp32_add.sv:82$37 ($sub).
Removed top 3 bits (of 9) from port B of cell hapi_fp32_add.$ge$../rtl/hapi_fp32_add.sv:83$38 ($ge).
Removed top 1 bits (of 49) from port A of cell hapi_fp32_add.$shr$../rtl/hapi_fp32_add.sv:87$40 ($shr).
Removed top 1 bits (of 49) from port A of cell hapi_fp32_add.$and$../rtl/hapi_fp32_add.sv:88$41 ($and).
Removed top 1 bits (of 49) from port A of cell hapi_fp32_add.$sub$../rtl/hapi_fp32_add.sv:93$43 ($sub).
Removed top 1 bits (of 49) from port A of cell hapi_fp32_add.$add$../rtl/hapi_fp32_add.sv:93$44 ($add).
Removed top 3 bits (of 12) from port A of cell hapi_fp32_add.$sub$../rtl/hapi_fp32_add.sv:162$47 ($sub).
Removed top 5 bits (of 12) from port B of cell hapi_fp32_add.$sub$../rtl/hapi_fp32_add.sv:162$47 ($sub).
Converting cell hapi_fp32_add.$sub$../rtl/hapi_fp32_add.sv:162$47 ($sub) from signed to unsigned.
Removed top 2 bits (of 12) from port Y of cell hapi_fp32_add.$sub$../rtl/hapi_fp32_add.sv:162$47 ($sub).
Removed top 1 bits (of 9) from port A of cell hapi_fp32_add.$sub$../rtl/hapi_fp32_add.sv:162$47 ($sub).
Removed top 1 bits (of 7) from port B of cell hapi_fp32_add.$sub$../rtl/hapi_fp32_add.sv:162$47 ($sub).
Removed top 1 bits (of 10) from port Y of cell hapi_fp32_add.$sub$../rtl/hapi_fp32_add.sv:162$47 ($sub).
Converting cell hapi_fp32_add.$add$../rtl/hapi_fp32_add.sv:162$48 ($add) from unsigned to signed.
Removed top 3 bits (of 12) from port A of cell hapi_fp32_add.$add$../rtl/hapi_fp32_add.sv:162$48 ($add).
Removed top 10 bits (of 12) from port B of cell hapi_fp32_add.$add$../rtl/hapi_fp32_add.sv:162$48 ($add).
Removed top 2 bits (of 12) from port Y of cell hapi_fp32_add.$add$../rtl/hapi_fp32_add.sv:162$48 ($add).
Removed top 2 bits (of 12) from port A of cell hapi_fp32_add.$le$../rtl/hapi_fp32_add.sv:166$49 ($le).
Removed top 11 bits (of 12) from port B of cell hapi_fp32_add.$le$../rtl/hapi_fp32_add.sv:166$49 ($le).
Converting cell hapi_fp32_add.$sub$../rtl/hapi_fp32_add.sv:167$50 ($sub) from unsigned to signed.
Removed top 10 bits (of 12) from port A of cell hapi_fp32_add.$sub$../rtl/hapi_fp32_add.sv:167$50 ($sub).
Removed top 2 bits (of 12) from port B of cell hapi_fp32_add.$sub$../rtl/hapi_fp32_add.sv:167$50 ($sub).
Removed top 1 bits (of 12) from port Y of cell hapi_fp32_add.$sub$../rtl/hapi_fp32_add.sv:167$50 ($sub).
Removed top 11 bits (of 12) from port A of cell hapi_fp32_add.$add$../rtl/hapi_fp32_add.sv:182$65 ($add).
Removed top 5 bits (of 12) from port Y of cell hapi_fp32_add.$add$../rtl/hapi_fp32_add.sv:182$65 ($add).
Removed top 5 bits (of 12) from port B of cell hapi_fp32_add.$add$../rtl/hapi_fp32_add.sv:182$65 ($add).
Removed top 47 bits (of 96) from port A of cell hapi_fp32_add.$shr$../rtl/hapi_fp32_add.sv:188$78 ($shr).
Removed top 48 bits (of 96) from port Y of cell hapi_fp32_add.$shr$../rtl/hapi_fp32_add.sv:188$78 ($shr).
Removed top 95 bits (of 96) from port A of cell hapi_fp32_add.$shl$../rtl/hapi_fp32_add.sv:192$79 ($shl).
Removed top 95 bits (of 96) from port B of cell hapi_fp32_add.$sub$../rtl/hapi_fp32_add.sv:192$80 ($sub).
Removed top 47 bits (of 96) from port A of cell hapi_fp32_add.$and$../rtl/hapi_fp32_add.sv:193$82 ($and).
Removed top 1 bits (of 25) from port A of cell hapi_fp32_add.$add$../rtl/hapi_fp32_add.sv:196$89 ($add).
Removed top 24 bits (of 25) from port B of cell hapi_fp32_add.$add$../rtl/hapi_fp32_add.sv:196$89 ($add).
Removed top 9 bits (of 10) from port B of cell hapi_fp32_add.$add$../rtl/hapi_fp32_add.sv:206$94 ($add).
Removed top 2 bits (of 10) from port B of cell hapi_fp32_add.$ge$../rtl/hapi_fp32_add.sv:207$95 ($ge).
Removed top 48 bits (of 49) from port B of cell hapi_fp32_add.$procmux$112_CMP0 ($eq).
Removed top 47 bits (of 48) from port B of cell hapi_fp32_add.$procmux$113_CMP0 ($eq).
Removed top 46 bits (of 47) from port B of cell hapi_fp32_add.$procmux$114_CMP0 ($eq).
Removed top 45 bits (of 46) from port B of cell hapi_fp32_add.$procmux$115_CMP0 ($eq).
Removed top 44 bits (of 45) from port B of cell hapi_fp32_add.$procmux$116_CMP0 ($eq).
Removed top 43 bits (of 44) from port B of cell hapi_fp32_add.$procmux$117_CMP0 ($eq).
Removed top 42 bits (of 43) from port B of cell hapi_fp32_add.$procmux$118_CMP0 ($eq).
Removed top 41 bits (of 42) from port B of cell hapi_fp32_add.$procmux$119_CMP0 ($eq).
Removed top 40 bits (of 41) from port B of cell hapi_fp32_add.$procmux$120_CMP0 ($eq).
Removed top 39 bits (of 40) from port B of cell hapi_fp32_add.$procmux$121_CMP0 ($eq).
Removed top 38 bits (of 39) from port B of cell hapi_fp32_add.$procmux$122_CMP0 ($eq).
Removed top 37 bits (of 38) from port B of cell hapi_fp32_add.$procmux$123_CMP0 ($eq).
Removed top 36 bits (of 37) from port B of cell hapi_fp32_add.$procmux$124_CMP0 ($eq).
Removed top 35 bits (of 36) from port B of cell hapi_fp32_add.$procmux$125_CMP0 ($eq).
Removed top 34 bits (of 35) from port B of cell hapi_fp32_add.$procmux$126_CMP0 ($eq).
Removed top 33 bits (of 34) from port B of cell hapi_fp32_add.$procmux$127_CMP0 ($eq).
Removed top 32 bits (of 33) from port B of cell hapi_fp32_add.$procmux$128_CMP0 ($eq).
Removed top 31 bits (of 32) from port B of cell hapi_fp32_add.$procmux$129_CMP0 ($eq).
Removed top 30 bits (of 31) from port B of cell hapi_fp32_add.$procmux$130_CMP0 ($eq).
Removed top 29 bits (of 30) from port B of cell hapi_fp32_add.$procmux$131_CMP0 ($eq).
Removed top 28 bits (of 29) from port B of cell hapi_fp32_add.$procmux$132_CMP0 ($eq).
Removed top 27 bits (of 28) from port B of cell hapi_fp32_add.$procmux$133_CMP0 ($eq).
Removed top 26 bits (of 27) from port B of cell hapi_fp32_add.$procmux$134_CMP0 ($eq).
Removed top 25 bits (of 26) from port B of cell hapi_fp32_add.$procmux$135_CMP0 ($eq).
Removed top 24 bits (of 25) from port B of cell hapi_fp32_add.$procmux$136_CMP0 ($eq).
Removed top 23 bits (of 24) from port B of cell hapi_fp32_add.$procmux$137_CMP0 ($eq).
Removed top 22 bits (of 23) from port B of cell hapi_fp32_add.$procmux$138_CMP0 ($eq).
Removed top 21 bits (of 22) from port B of cell hapi_fp32_add.$procmux$139_CMP0 ($eq).
Removed top 20 bits (of 21) from port B of cell hapi_fp32_add.$procmux$140_CMP0 ($eq).
Removed top 19 bits (of 20) from port B of cell hapi_fp32_add.$procmux$141_CMP0 ($eq).
Removed top 18 bits (of 19) from port B of cell hapi_fp32_add.$procmux$142_CMP0 ($eq).
Removed top 17 bits (of 18) from port B of cell hapi_fp32_add.$procmux$143_CMP0 ($eq).
Removed top 16 bits (of 17) from port B of cell hapi_fp32_add.$procmux$144_CMP0 ($eq).
Removed top 15 bits (of 16) from port B of cell hapi_fp32_add.$procmux$145_CMP0 ($eq).
Removed top 14 bits (of 15) from port B of cell hapi_fp32_add.$procmux$146_CMP0 ($eq).
Removed top 13 bits (of 14) from port B of cell hapi_fp32_add.$procmux$147_CMP0 ($eq).
Removed top 12 bits (of 13) from port B of cell hapi_fp32_add.$procmux$148_CMP0 ($eq).
Removed top 11 bits (of 12) from port B of cell hapi_fp32_add.$procmux$149_CMP0 ($eq).
Removed top 10 bits (of 11) from port B of cell hapi_fp32_add.$procmux$150_CMP0 ($eq).
Removed top 9 bits (of 10) from port B of cell hapi_fp32_add.$procmux$151_CMP0 ($eq).
Removed top 8 bits (of 9) from port B of cell hapi_fp32_add.$procmux$152_CMP0 ($eq).
Removed top 7 bits (of 8) from port B of cell hapi_fp32_add.$procmux$153_CMP0 ($eq).
Removed top 6 bits (of 7) from port B of cell hapi_fp32_add.$procmux$154_CMP0 ($eq).
Removed top 5 bits (of 6) from port B of cell hapi_fp32_add.$procmux$155_CMP0 ($eq).
Removed top 4 bits (of 5) from port B of cell hapi_fp32_add.$procmux$156_CMP0 ($eq).
Removed top 3 bits (of 4) from port B of cell hapi_fp32_add.$procmux$157_CMP0 ($eq).
Removed top 2 bits (of 3) from port B of cell hapi_fp32_add.$procmux$158_CMP0 ($eq).
Removed top 1 bits (of 2) from port B of cell hapi_fp32_add.$procmux$159_CMP0 ($eq).
Removed top 1 bits (of 32) from mux cell hapi_fp32_add.$procmux$192 ($mux).
Removed top 8 bits (of 32) from mux cell hapi_fp32_add.$procmux$211 ($mux).
Removed top 1 bits (of 32) from mux cell hapi_fp32_add.$procmux$219 ($mux).
Removed top 5 bits (of 12) from mux cell hapi_fp32_add.$ternary$../rtl/hapi_fp32_add.sv:167$51 ($mux).
Removed top 4 bits (of 11) from port Y of cell hapi_fp32_add.$sub$../rtl/hapi_fp32_add.sv:167$50 ($sub).
Removed top 3 bits (of 10) from port B of cell hapi_fp32_add.$sub$../rtl/hapi_fp32_add.sv:167$50 ($sub).
Removed top 5 bits (of 12) from wire hapi_fp32_add.$0$unnamed_block$2.totalshift[11:0]$64.
Removed top 5 bits (of 12) from wire hapi_fp32_add.$sub$../rtl/hapi_fp32_add.sv:167$50_Y.
Removed top 48 bits (of 96) from wire hapi_fp32_add.$shr$../rtl/hapi_fp32_add.sv:188$78_Y.
Removed top 5 bits (of 12) from wire hapi_fp32_add.rshift.
Removed top 1 bits (of 49) from wire hapi_fp32_add.sml_full.
Removed top 1 bits (of 49) from wire hapi_fp32_add.big_f.
Removed top 1 bits (of 9) from wire hapi_fp32_add.exp_sml.
Removed top 1 bits (of 9) from wire hapi_fp32_add.exp_big.

2.10. Executing PEEPOPT pass (run peephole optimizers).

2.11. Executing OPT_CLEAN pass (remove unused cells and wires).
Finding unused cells or wires in module \hapi_fp32_add..
Removed 0 unused cells and 8 unused wires.

2.12. Executing ALUMACC pass (create $alu and $macc cells).
Extracting $alu and $macc cells in module hapi_fp32_add:
  creating $macc model for $add$../rtl/hapi_fp32_add.sv:206$94 ($add).
  creating $macc model for $add$../rtl/hapi_fp32_add.sv:196$89 ($add).
  creating $macc model for $sub$../rtl/hapi_fp32_add.sv:192$80 ($sub).
  creating $macc model for $add$../rtl/hapi_fp32_add.sv:182$65 ($add).
  creating $macc model for $sub$../rtl/hapi_fp32_add.sv:167$50 ($sub).
  creating $macc model for $add$../rtl/hapi_fp32_add.sv:162$48 ($add).
  creating $macc model for $sub$../rtl/hapi_fp32_add.sv:162$47 ($sub).
  creating $macc model for $add$../rtl/hapi_fp32_add.sv:93$44 ($add).
  creating $macc model for $sub$../rtl/hapi_fp32_add.sv:93$43 ($sub).
  creating $macc model for $sub$../rtl/hapi_fp32_add.sv:82$37 ($sub).
  creating $macc model for $sub$../rtl/hapi_fp32_add.sv:69$32 ($sub).
  creating $alu model for $macc $sub$../rtl/hapi_fp32_add.sv:69$32.
  creating $alu model for $macc $sub$../rtl/hapi_fp32_add.sv:82$37.
  creating $alu model for $macc $sub$../rtl/hapi_fp32_add.sv:93$43.
  creating $alu model for $macc $add$../rtl/hapi_fp32_add.sv:93$44.
  creating $alu model for $macc $sub$../rtl/hapi_fp32_add.sv:162$47.
  creating $alu model for $macc $add$../rtl/hapi_fp32_add.sv:162$48.
  creating $alu model for $macc $sub$../rtl/hapi_fp32_add.sv:167$50.
  creating $alu model for $macc $add$../rtl/hapi_fp32_add.sv:182$65.
  creating $alu model for $macc $sub$../rtl/hapi_fp32_add.sv:192$80.
  creating $alu model for $macc $add$../rtl/hapi_fp32_add.sv:196$89.
  creating $alu model for $macc $add$../rtl/hapi_fp32_add.sv:206$94.
  creating $alu model for $ge$../rtl/hapi_fp32_add.sv:207$95 ($ge): new $alu
  creating $alu model for $le$../rtl/hapi_fp32_add.sv:166$49 ($le): new $alu
  creating $alu model for $ge$../rtl/hapi_fp32_add.sv:83$38 ($ge): new $alu
  creating $alu model for $ge$../rtl/hapi_fp32_add.sv:41$23 ($ge): new $alu
  creating $alu cell for $ge$../rtl/hapi_fp32_add.sv:41$23: $auto$alumacc.cc:512:replace_alu$302
  creating $alu cell for $ge$../rtl/hapi_fp32_add.sv:83$38: $auto$alumacc.cc:512:replace_alu$315
  creating $alu cell for $le$../rtl/hapi_fp32_add.sv:166$49: $auto$alumacc.cc:512:replace_alu$328
  creating $alu cell for $ge$../rtl/hapi_fp32_add.sv:207$95: $auto$alumacc.cc:512:replace_alu$339
  creating $alu cell for $add$../rtl/hapi_fp32_add.sv:206$94: $auto$alumacc.cc:512:replace_alu$352
  creating $alu cell for $add$../rtl/hapi_fp32_add.sv:196$89: $auto$alumacc.cc:512:replace_alu$355
  creating $alu cell for $sub$../rtl/hapi_fp32_add.sv:192$80: $auto$alumacc.cc:512:replace_alu$358
  creating $alu cell for $add$../rtl/hapi_fp32_add.sv:182$65: $auto$alumacc.cc:512:replace_alu$361
  creating $alu cell for $sub$../rtl/hapi_fp32_add.sv:167$50: $auto$alumacc.cc:512:replace_alu$364
  creating $alu cell for $add$../rtl/hapi_fp32_add.sv:162$48: $auto$alumacc.cc:512:replace_alu$367
  creating $alu cell for $sub$../rtl/hapi_fp32_add.sv:162$47: $auto$alumacc.cc:512:replace_alu$370
  creating $alu cell for $add$../rtl/hapi_fp32_add.sv:93$44: $auto$alumacc.cc:512:replace_alu$373
  creating $alu cell for $sub$../rtl/hapi_fp32_add.sv:93$43: $auto$alumacc.cc:512:replace_alu$376
  creating $alu cell for $sub$../rtl/hapi_fp32_add.sv:82$37: $auto$alumacc.cc:512:replace_alu$379
  creating $alu cell for $sub$../rtl/hapi_fp32_add.sv:69$32: $auto$alumacc.cc:512:replace_alu$382
  created 15 $alu and 0 $macc cells.

2.13. Executing SHARE pass (SAT-based resource sharing).
Found 5 cells in module hapi_fp32_add that may be considered for resource sharing.
  Analyzing resource sharing options for $shl$../rtl/hapi_fp32_add.sv:82$36 ($shl):
    Found 3 activation_patterns using ctrl signal { $logic_and$../rtl/hapi_fp32_add.sv:223$102_Y $logic_or$../rtl/hapi_fp32_add.sv:217$101_Y $eq$../rtl/hapi_fp32_add.sv:184$66_Y \b_inf \a_inf $auto$rtlil.cc:3259:ReduceOr$327 $auto$rtlil.cc:3259:ReduceOr$338 $auto$rtlil.cc:3259:ReduceOr$351 }.
    Found 1 candidates: $shl$../rtl/hapi_fp32_add.sv:192$79
    Analyzing resource sharing with $shl$../rtl/hapi_fp32_add.sv:192$79 ($shl):
      Found 3 activation_patterns using ctrl signal { $logic_and$../rtl/hapi_fp32_add.sv:223$102_Y $logic_or$../rtl/hapi_fp32_add.sv:217$101_Y $eq$../rtl/hapi_fp32_add.sv:184$66_Y \b_inf \a_inf $auto$rtlil.cc:3259:ReduceOr$338 $auto$rtlil.cc:3259:ReduceOr$351 }.
      Forbidden control signals for this pair of cells: { $ge$../rtl/hapi_fp32_add.sv:207$95_Y $add$../rtl/hapi_fp32_add.sv:196$89_Y [24:23] }
      Activation pattern for cell $shl$../rtl/hapi_fp32_add.sv:82$36: { $logic_and$../rtl/hapi_fp32_add.sv:223$102_Y $logic_or$../rtl/hapi_fp32_add.sv:217$101_Y $eq$../rtl/hapi_fp32_add.sv:184$66_Y \b_inf \a_inf $auto$rtlil.cc:3259:ReduceOr$327 $auto$rtlil.cc:3259:ReduceOr$338 } = 7'0000001
      Activation pattern for cell $shl$../rtl/hapi_fp32_add.sv:82$36: { $logic_and$../rtl/hapi_fp32_add.sv:223$102_Y $logic_or$../rtl/hapi_fp32_add.sv:217$101_Y $eq$../rtl/hapi_fp32_add.sv:184$66_Y \b_inf \a_inf $auto$rtlil.cc:3259:ReduceOr$327 } = 6'000000
      Activation pattern for cell $shl$../rtl/hapi_fp32_add.sv:82$36: { $logic_and$../rtl/hapi_fp32_add.sv:223$102_Y $logic_or$../rtl/hapi_fp32_add.sv:217$101_Y $eq$../rtl/hapi_fp32_add.sv:184$66_Y \b_inf \a_inf $auto$rtlil.cc:3259:ReduceOr$327 $auto$rtlil.cc:3259:ReduceOr$338 $auto$rtlil.cc:3259:ReduceOr$351 } = 8'00000000
      Activation pattern for cell $shl$../rtl/hapi_fp32_add.sv:192$79: { $logic_and$../rtl/hapi_fp32_add.sv:223$102_Y $logic_or$../rtl/hapi_fp32_add.sv:217$101_Y $eq$../rtl/hapi_fp32_add.sv:184$66_Y \b_inf \a_inf $auto$rtlil.cc:3259:ReduceOr$338 } = 6'000001
      Activation pattern for cell $shl$../rtl/hapi_fp32_add.sv:192$79: { $logic_and$../rtl/hapi_fp32_add.sv:223$102_Y $logic_or$../rtl/hapi_fp32_add.sv:217$101_Y $eq$../rtl/hapi_fp32_add.sv:184$66_Y \b_inf \a_inf } = 5'00000
      Activation pattern for cell $shl$../rtl/hapi_fp32_add.sv:192$79: { $logic_and$../rtl/hapi_fp32_add.sv:223$102_Y $logic_or$../rtl/hapi_fp32_add.sv:217$101_Y $eq$../rtl/hapi_fp32_add.sv:184$66_Y \b_inf \a_inf $auto$rtlil.cc:3259:ReduceOr$338 $auto$rtlil.cc:3259:ReduceOr$351 } = 7'0000000
      Size of SAT problem: 130 cells, 11006 variables, 30642 clauses
      According to the SAT solver this pair of cells can not be shared.
      Model from SAT solver: { $logic_and$../rtl/hapi_fp32_add.sv:223$102_Y $logic_or$../rtl/hapi_fp32_add.sv:217$101_Y $eq$../rtl/hapi_fp32_add.sv:184$66_Y \b_inf \a_inf $auto$rtlil.cc:3259:ReduceOr$327 $auto$rtlil.cc:3259:ReduceOr$338 $auto$rtlil.cc:3259:ReduceOr$351 } = 8'00000000
  Analyzing resource sharing options for $shr$../rtl/hapi_fp32_add.sv:87$40 ($shr):
    Found 3 activation_patterns using ctrl signal { $logic_and$../rtl/hapi_fp32_add.sv:223$102_Y $logic_or$../rtl/hapi_fp32_add.sv:217$101_Y $eq$../rtl/hapi_fp32_add.sv:184$66_Y \b_inf \a_inf $auto$rtlil.cc:3259:ReduceOr$327 $auto$rtlil.cc:3259:ReduceOr$338 $auto$rtlil.cc:3259:ReduceOr$351 }.
    Found 1 candidates: $shr$../rtl/hapi_fp32_add.sv:188$78
    Analyzing resource sharing with $shr$../rtl/hapi_fp32_add.sv:188$78 ($shr):
      Found 3 activation_patterns using ctrl signal { $logic_and$../rtl/hapi_fp32_add.sv:223$102_Y $logic_or$../rtl/hapi_fp32_add.sv:217$101_Y $eq$../rtl/hapi_fp32_add.sv:184$66_Y \b_inf \a_inf $auto$rtlil.cc:3259:ReduceOr$338 $auto$rtlil.cc:3259:ReduceOr$351 }.
      Forbidden control signals for this pair of cells: { $procmux$159_CMP $procmux$158_CMP $procmux$157_CMP $procmux$156_CMP $procmux$155_CMP $procmux$154_CMP $procmux$153_CMP $procmux$152_CMP $procmux$151_CMP $procmux$150_CMP $procmux$149_CMP $procmux$148_CMP $procmux$147_CMP $procmux$146_CMP $procmux$145_CMP $procmux$144_CMP $procmux$143_CMP $procmux$142_CMP $procmux$141_CMP $procmux$140_CMP $procmux$139_CMP $procmux$138_CMP $procmux$137_CMP $procmux$136_CMP $procmux$135_CMP $procmux$134_CMP $procmux$133_CMP $procmux$132_CMP $procmux$131_CMP $procmux$130_CMP $procmux$129_CMP $procmux$128_CMP $procmux$127_CMP $procmux$126_CMP $procmux$125_CMP $procmux$124_CMP $procmux$123_CMP $procmux$122_CMP $procmux$121_CMP $procmux$120_CMP $procmux$119_CMP $procmux$118_CMP $procmux$117_CMP $procmux$116_CMP $procmux$115_CMP $procmux$114_CMP $procmux$113_CMP $procmux$112_CMP $ge$../rtl/hapi_fp32_add.sv:207$95_Y $add$../rtl/hapi_fp32_add.sv:196$89_Y [24:23] $eq$../rtl/hapi_fp32_add.sv:184$66_Y \result_sub \summ [48] }
      Activation pattern for cell $shr$../rtl/hapi_fp32_add.sv:87$40: { $logic_and$../rtl/hapi_fp32_add.sv:223$102_Y $logic_or$../rtl/hapi_fp32_add.sv:217$101_Y \b_inf \a_inf $auto$rtlil.cc:3259:ReduceOr$327 } = 5'00000
      Activation pattern for cell $shr$../rtl/hapi_fp32_add.sv:87$40: { $logic_and$../rtl/hapi_fp32_add.sv:223$102_Y $logic_or$../rtl/hapi_fp32_add.sv:217$101_Y \b_inf \a_inf $auto$rtlil.cc:3259:ReduceOr$327 $auto$rtlil.cc:3259:ReduceOr$338 $auto$rtlil.cc:3259:ReduceOr$351 } = 7'0000000
      Activation pattern for cell $shr$../rtl/hapi_fp32_add.sv:188$78: { $logic_and$../rtl/hapi_fp32_add.sv:223$102_Y $logic_or$../rtl/hapi_fp32_add.sv:217$101_Y \b_inf \a_inf $auto$rtlil.cc:3259:ReduceOr$338 } = 5'00001
      Activation pattern for cell $shr$../rtl/hapi_fp32_add.sv:188$78: { $logic_and$../rtl/hapi_fp32_add.sv:223$102_Y $logic_or$../rtl/hapi_fp32_add.sv:217$101_Y \b_inf \a_inf } = 4'0000
      Activation pattern for cell $shr$../rtl/hapi_fp32_add.sv:188$78: { $logic_and$../rtl/hapi_fp32_add.sv:223$102_Y $logic_or$../rtl/hapi_fp32_add.sv:217$101_Y \b_inf \a_inf $auto$rtlil.cc:3259:ReduceOr$338 $auto$rtlil.cc:3259:ReduceOr$351 } = 6'000000
      Size of SAT problem: 130 cells, 11000 variables, 30602 clauses
      According to the SAT solver this pair of cells can not be shared.
      Model from SAT solver: { $logic_and$../rtl/hapi_fp32_add.sv:223$102_Y $logic_or$../rtl/hapi_fp32_add.sv:217$101_Y \b_inf \a_inf $auto$rtlil.cc:3259:ReduceOr$327 $auto$rtlil.cc:3259:ReduceOr$338 $auto$rtlil.cc:3259:ReduceOr$351 } = 7'0000010
  Analyzing resource sharing options for $shl$../rtl/hapi_fp32_add.sv:158$46 ($shl):
    Found 3 activation_patterns using ctrl signal { $logic_and$../rtl/hapi_fp32_add.sv:223$102_Y $logic_or$../rtl/hapi_fp32_add.sv:217$101_Y $eq$../rtl/hapi_fp32_add.sv:184$66_Y \b_inf \a_inf $auto$rtlil.cc:3259:ReduceOr$338 $auto$rtlil.cc:3259:ReduceOr$351 }.
    No candidates found.
  Analyzing resource sharing options for $shr$../rtl/hapi_fp32_add.sv:188$78 ($shr):
    Found 3 activation_patterns using ctrl signal { $logic_and$../rtl/hapi_fp32_add.sv:223$102_Y $logic_or$../rtl/hapi_fp32_add.sv:217$101_Y $eq$../rtl/hapi_fp32_add.sv:184$66_Y \b_inf \a_inf $auto$rtlil.cc:3259:ReduceOr$338 $auto$rtlil.cc:3259:ReduceOr$351 }.
    No candidates found.
  Analyzing resource sharing options for $shl$../rtl/hapi_fp32_add.sv:192$79 ($shl):
    Found 3 activation_patterns using ctrl signal { $logic_and$../rtl/hapi_fp32_add.sv:223$102_Y $logic_or$../rtl/hapi_fp32_add.sv:217$101_Y $eq$../rtl/hapi_fp32_add.sv:184$66_Y \b_inf \a_inf $auto$rtlil.cc:3259:ReduceOr$338 $auto$rtlil.cc:3259:ReduceOr$351 }.
    No candidates found.

2.14. Executing OPT pass (performing simple optimizations).

2.14.1. Executing OPT_EXPR pass (perform const folding).
Optimizing module hapi_fp32_add.

2.14.2. Executing OPT_MERGE pass (detect identical cells).
Finding identical cells in module `\hapi_fp32_add'.
Computing hashes of 147 cells of `\hapi_fp32_add'.
Finding duplicate cells in `\hapi_fp32_add'.
Removed a total of 0 cells.

2.14.3. Executing OPT_MUXTREE pass (detect dead branches in mux trees).
Running muxtree optimizer on module \hapi_fp32_add..
  Creating internal representation of mux trees.
  Evaluating internal representation of mux trees.
  Analyzing evaluation results.
Removed 0 multiplexer ports.

2.14.4. Executing OPT_REDUCE pass (consolidate $*mux and $reduce_* inputs).
  Optimizing cells in module \hapi_fp32_add.
Performed a total of 0 changes.

2.14.5. Executing OPT_MERGE pass (detect identical cells).
Finding identical cells in module `\hapi_fp32_add'.
Computing hashes of 147 cells of `\hapi_fp32_add'.
Finding duplicate cells in `\hapi_fp32_add'.
Removed a total of 0 cells.

2.14.6. Executing OPT_DFF pass (perform DFF optimizations).

2.14.7. Executing OPT_CLEAN pass (remove unused cells and wires).
Finding unused cells or wires in module \hapi_fp32_add..
Removed 0 unused cells and 9 unused wires.

2.14.8. Executing OPT_EXPR pass (perform const folding).
Optimizing module hapi_fp32_add.

2.14.9. Rerunning OPT passes. (Maybe there is more to do..)

2.14.10. Executing OPT_MUXTREE pass (detect dead branches in mux trees).
Running muxtree optimizer on module \hapi_fp32_add..
  Creating internal representation of mux trees.
  Evaluating internal representation of mux trees.
  Analyzing evaluation results.
Removed 0 multiplexer ports.

2.14.11. Executing OPT_REDUCE pass (consolidate $*mux and $reduce_* inputs).
  Optimizing cells in module \hapi_fp32_add.
Performed a total of 0 changes.

2.14.12. Executing OPT_MERGE pass (detect identical cells).
Finding identical cells in module `\hapi_fp32_add'.
Computing hashes of 146 cells of `\hapi_fp32_add'.
Finding duplicate cells in `\hapi_fp32_add'.
Removed a total of 0 cells.

2.14.13. Executing OPT_DFF pass (perform DFF optimizations).

2.14.14. Executing OPT_CLEAN pass (remove unused cells and wires).
Finding unused cells or wires in module \hapi_fp32_add..

2.14.15. Executing OPT_EXPR pass (perform const folding).
Optimizing module hapi_fp32_add.

2.14.16. Finished fast OPT passes. (There is nothing left to do.)

2.15. Executing MEMORY pass.

2.15.1. Executing OPT_MEM pass (optimize memories).
Performed a total of 0 transformations.

2.15.2. Executing OPT_MEM_PRIORITY pass (removing unnecessary memory write priority relations).
Performed a total of 0 transformations.

2.15.3. Executing OPT_MEM_FEEDBACK pass (finding memory read-to-write feedback paths).

2.15.4. Executing MEMORY_BMUX2ROM pass (converting muxes to ROMs).

2.15.5. Executing MEMORY_DFF pass (merging $dff cells to $memrd).

2.15.6. Executing OPT_CLEAN pass (remove unused cells and wires).
Finding unused cells or wires in module \hapi_fp32_add..

2.15.7. Executing MEMORY_SHARE pass (consolidating $memrd/$memwr cells).

2.15.8. Executing OPT_MEM_WIDEN pass (optimize memories where all ports are wide).
Performed a total of 0 transformations.

2.15.9. Executing OPT_CLEAN pass (remove unused cells and wires).
Finding unused cells or wires in module \hapi_fp32_add..

2.15.10. Executing MEMORY_COLLECT pass (generating $mem cells).

2.16. Executing OPT_CLEAN pass (remove unused cells and wires).
Finding unused cells or wires in module \hapi_fp32_add..

2.17. Executing OPT pass (performing simple optimizations).

2.17.1. Executing OPT_EXPR pass (perform const folding).
Optimizing module hapi_fp32_add.

2.17.2. Executing OPT_MERGE pass (detect identical cells).
Finding identical cells in module `\hapi_fp32_add'.
Computing hashes of 145 cells of `\hapi_fp32_add'.
Finding duplicate cells in `\hapi_fp32_add'.
Removed a total of 0 cells.

2.17.3. Executing OPT_DFF pass (perform DFF optimizations).

2.17.4. Executing OPT_CLEAN pass (remove unused cells and wires).
Finding unused cells or wires in module \hapi_fp32_add..
Removed 0 unused cells and 6 unused wires.

2.17.5. Finished fast OPT passes.

2.18. Executing MEMORY_MAP pass (converting memories to logic and flip-flops).

2.19. Executing OPT pass (performing simple optimizations).

2.19.1. Executing OPT_EXPR pass (perform const folding).
Optimizing module hapi_fp32_add.

2.19.2. Executing OPT_MERGE pass (detect identical cells).
Finding identical cells in module `\hapi_fp32_add'.
Computing hashes of 145 cells of `\hapi_fp32_add'.
Finding duplicate cells in `\hapi_fp32_add'.
Removed a total of 0 cells.

2.19.3. Executing OPT_MUXTREE pass (detect dead branches in mux trees).
Running muxtree optimizer on module \hapi_fp32_add..
  Creating internal representation of mux trees.
  Evaluating internal representation of mux trees.
  Analyzing evaluation results.
Removed 0 multiplexer ports.

2.19.4. Executing OPT_REDUCE pass (consolidate $*mux and $reduce_* inputs).
  Optimizing cells in module \hapi_fp32_add.
    Consolidated identical input bits for $mux cell $procmux$211:
      Old ports: A={ 1'0 $add$../rtl/hapi_fp32_add.sv:196$89_Y [22:0] }, B={ 1'1 $add$../rtl/hapi_fp32_add.sv:196$89_Y [22:0] }, Y=$3\arith_bits[31:0] [23:0]
      New ports: A=1'0, B=1'1, Y=$3\arith_bits[31:0] [23]
      New connections: $3\arith_bits[31:0] [22:0] = $add$../rtl/hapi_fp32_add.sv:196$89_Y [22:0]
    Consolidated identical input bits for $mux cell $ternary$../rtl/hapi_fp32_add.sv:62$28:
      Old ports: A={ 1'1 \msml }, B={ 1'0 \msml }, Y=\sig_sml
      New ports: A=1'1, B=1'0, Y=\sig_sml [23]
      New connections: \sig_sml [22:0] = \msml
    Consolidated identical input bits for $mux cell $ternary$../rtl/hapi_fp32_add.sv:61$27:
      Old ports: A={ 1'1 \mbig }, B={ 1'0 \mbig }, Y=\sig_big
      New ports: A=1'1, B=1'0, Y=\sig_big [23]
      New connections: \sig_big [22:0] = \mbig
  Optimizing cells in module \hapi_fp32_add.
Performed a total of 3 changes.

2.19.5. Executing OPT_MERGE pass (detect identical cells).
Finding identical cells in module `\hapi_fp32_add'.
Computing hashes of 145 cells of `\hapi_fp32_add'.
Finding duplicate cells in `\hapi_fp32_add'.
Removed a total of 0 cells.

2.19.6. Executing OPT_SHARE pass.

2.19.7. Executing OPT_DFF pass (perform DFF optimizations).

2.19.8. Executing OPT_CLEAN pass (remove unused cells and wires).
Finding unused cells or wires in module \hapi_fp32_add..

2.19.9. Executing OPT_EXPR pass (perform const folding).
Optimizing module hapi_fp32_add.

2.19.10. Rerunning OPT passes. (Maybe there is more to do..)

2.19.11. Executing OPT_MUXTREE pass (detect dead branches in mux trees).
Running muxtree optimizer on module \hapi_fp32_add..
  Creating internal representation of mux trees.
  Evaluating internal representation of mux trees.
  Analyzing evaluation results.
Removed 0 multiplexer ports.

2.19.12. Executing OPT_REDUCE pass (consolidate $*mux and $reduce_* inputs).
  Optimizing cells in module \hapi_fp32_add.
Performed a total of 0 changes.

2.19.13. Executing OPT_MERGE pass (detect identical cells).
Finding identical cells in module `\hapi_fp32_add'.
Computing hashes of 144 cells of `\hapi_fp32_add'.
Finding duplicate cells in `\hapi_fp32_add'.
Removed a total of 0 cells.

2.19.14. Executing OPT_SHARE pass.

2.19.15. Executing OPT_DFF pass (perform DFF optimizations).

2.19.16. Executing OPT_CLEAN pass (remove unused cells and wires).
Finding unused cells or wires in module \hapi_fp32_add..

2.19.17. Executing OPT_EXPR pass (perform const folding).
Optimizing module hapi_fp32_add.

2.19.18. Finished fast OPT passes. (There is nothing left to do.)

2.20. Executing TECHMAP pass (map to technology primitives).

2.20.1. Executing Verilog-2005 frontend: /home/lordegypt/miniconda3/envs/eda/bin/../share/yosys/techmap.v
Parsing Verilog input from `/home/lordegypt/miniconda3/envs/eda/bin/../share/yosys/techmap.v' to AST representation.
Generating RTLIL representation for module `\_90_simplemap_bool_ops'.
Generating RTLIL representation for module `\_90_simplemap_reduce_ops'.
Generating RTLIL representation for module `\_90_simplemap_logic_ops'.
Generating RTLIL representation for module `\_90_simplemap_compare_ops'.
Generating RTLIL representation for module `\_90_simplemap_various'.
Generating RTLIL representation for module `\_90_simplemap_registers'.
Generating RTLIL representation for module `\_90_shift_ops_shr_shl_sshl_sshr'.
Generating RTLIL representation for module `\_90_shift_shiftx'.
Generating RTLIL representation for module `\_90_fa'.
Generating RTLIL representation for module `\_90_lcu_brent_kung'.
Generating RTLIL representation for module `\_90_alu'.
Generating RTLIL representation for module `\_90_macc'.
Generating RTLIL representation for module `\_90_alumacc'.
Generating RTLIL representation for module `$__div_mod_u'.
Generating RTLIL representation for module `$__div_mod_trunc'.
Generating RTLIL representation for module `\_90_div'.
Generating RTLIL representation for module `\_90_mod'.
Generating RTLIL representation for module `$__div_mod_floor'.
Generating RTLIL representation for module `\_90_divfloor'.
Generating RTLIL representation for module `\_90_modfloor'.
Generating RTLIL representation for module `\_90_pow'.
Generating RTLIL representation for module `\_90_demux'.
Generating RTLIL representation for module `\_90_lut'.
Generating RTLIL representation for module `$connect'.
Generating RTLIL representation for module `$input_port'.
Successfully finished Verilog frontend.

2.20.2. Continuing TECHMAP pass.
Using extmapper simplemap for cells of type $and.
Using extmapper simplemap for cells of type $not.
Using template $paramod$4ccbe221165818e15f326ddee3d1183c7924e12f\_90_alu for cells of type $alu.
Using template $paramod$constmap:7a7ad822da818f34e065e86a96d68fc56765f3d7$paramod$92b7a8b86165856748e4c1ee3b647c7065a21211\_90_shift_ops_shr_shl_sshl_sshr for cells of type $shl.
Using template $paramod$aafe872697394e3fa34516abd8efe9fcd929ccf5\_90_alu for cells of type $alu.
Using template $paramod$214d13a4e04a6a3f2cf55e8768b9af287a91473e\_90_alu for cells of type $alu.
Using template $paramod$65216b304e0e600b68271885889e654586c4a1b6\_90_alu for cells of type $alu.
Using template $paramod$78442a4931486f0e57f68961ac105d7345d17183\_90_alu for cells of type $alu.
Using template $paramod$4cf780badb2a133d592416f5810032e7b676d9f1\_90_alu for cells of type $alu.
Using template $paramod$6f78f06913b17543b88acaa0968bdd56337a4e9b\_90_alu for cells of type $alu.
Using template $paramod$103b4016182df467cceab67bcf3e18e6361ec0fd\_90_alu for cells of type $alu.
Using template $paramod$constmap:04ff28ce6181b97a77208d34a54ecfcb55b09258$paramod$53fefac6dbb163b8dacf664a7a0b7c7205f793e7\_90_shift_ops_shr_shl_sshl_sshr for cells of type $shl.
Using template $paramod$67c3d0d7a14ba7d93dc1ba35ef549aaa658214e5\_90_alu for cells of type $alu.
Using template $paramod$constmap:7a96dd490932ca516ed68a1a07bb54b2b722f550$paramod$4b6654d47640c0efad2844afd6389851b967e800\_90_shift_ops_shr_shl_sshl_sshr for cells of type $shl.
Using template $paramod$constmap:0a8244ead82cdf1d1da47b421a3cb8cd47c11d02$paramod$d3a83f57a6691ae50834357342ed55c152bc885b\_90_shift_ops_shr_shl_sshl_sshr for cells of type $shr.
Using template $paramod$f137a8bfbd1456d75171dc760be33d0c1f0b83ab\_90_alu for cells of type $alu.
Using template $paramod$754650b284649a026620fc6856e5b6886cbfe794\_90_alu for cells of type $alu.
Using extmapper simplemap for cells of type $reduce_or.
Using extmapper simplemap for cells of type $or.
Using extmapper simplemap for cells of type $reduce_and.
Using template $paramod$0bf21d6ba6357507623b189abbc1d6f284d75c81\_90_alu for cells of type $alu.
Using template $paramod$5d7bf89bead63599a0c4fbe7617ae2af1a7c16a5\_90_alu for cells of type $alu.
Using template $paramod$ebf89ea36a793f0f77858f212141d47c833068ad\_90_alu for cells of type $alu.
Using extmapper simplemap for cells of type $logic_not.
Using extmapper simplemap for cells of type $logic_and.
Using extmapper simplemap for cells of type $eq.
Using extmapper simplemap for cells of type $reduce_bool.
Using extmapper simplemap for cells of type $xor.
Using template $paramod$constmap:8f34f9454edb835086a359098dd8fa1921db47fe$paramod$616bbca148fa8929ec93c3bb2f0e22f248efe513\_90_shift_ops_shr_shl_sshl_sshr for cells of type $shr.
Using extmapper simplemap for cells of type $logic_or.
Using extmapper simplemap for cells of type $ne.
Using extmapper simplemap for cells of type $pmux.
Using extmapper simplemap for cells of type $pos.
Using template $paramod\_90_fa\WIDTH=32'00000000000000000000000000001001 for cells of type $fa.
Using template $paramod\_90_lcu_brent_kung\WIDTH=32'00000000000000000000000000001001 for cells of type $lcu.
Using template $paramod\_90_fa\WIDTH=32'00000000000000000000000000110001 for cells of type $fa.
Using template $paramod\_90_lcu_brent_kung\WIDTH=32'00000000000000000000000000110001 for cells of type $lcu.
Using template $paramod\_90_fa\WIDTH=32'00000000000000000000000000011001 for cells of type $fa.
Using template $paramod\_90_lcu_brent_kung\WIDTH=32'00000000000000000000000000011001 for cells of type $lcu.
Using template $paramod\_90_fa\WIDTH=32'00000000000000000000000000001010 for cells of type $fa.
Using template $paramod\_90_lcu_brent_kung\WIDTH=32'00000000000000000000000000001010 for cells of type $lcu.
Using template $paramod\_90_fa\WIDTH=32'00000000000000000000000000000110 for cells of type $fa.
Using template $paramod\_90_lcu_brent_kung\WIDTH=32'00000000000000000000000000000110 for cells of type $lcu.
Using template $paramod\_90_fa\WIDTH=32'00000000000000000000000000000111 for cells of type $fa.
Using template $paramod\_90_lcu_brent_kung\WIDTH=32'00000000000000000000000000000111 for cells of type $lcu.
Using template $paramod\_90_fa\WIDTH=32'00000000000000000000000001100000 for cells of type $fa.
Using template $paramod\_90_lcu_brent_kung\WIDTH=32'00000000000000000000000001100000 for cells of type $lcu.
Using template $paramod\_90_fa\WIDTH=32'00000000000000000000000000011111 for cells of type $fa.
Using template $paramod\_90_lcu_brent_kung\WIDTH=32'00000000000000000000000000011111 for cells of type $lcu.
No more expansions possible.

2.21. Executing OPT pass (performing simple optimizations).

2.21.1. Executing OPT_EXPR pass (perform const folding).
Optimizing module hapi_fp32_add.

2.21.2. Executing OPT_MERGE pass (detect identical cells).
Finding identical cells in module `\hapi_fp32_add'.
Computing hashes of 5618 cells of `\hapi_fp32_add'.
Finding duplicate cells in `\hapi_fp32_add'.
Computing hashes of 4959 cells of `\hapi_fp32_add'.
Finding duplicate cells in `\hapi_fp32_add'.
Computing hashes of 4703 cells of `\hapi_fp32_add'.
Finding duplicate cells in `\hapi_fp32_add'.
Computing hashes of 4617 cells of `\hapi_fp32_add'.
Finding duplicate cells in `\hapi_fp32_add'.
Computing hashes of 4602 cells of `\hapi_fp32_add'.
Finding duplicate cells in `\hapi_fp32_add'.
Computing hashes of 4599 cells of `\hapi_fp32_add'.
Finding duplicate cells in `\hapi_fp32_add'.
Removed a total of 1019 cells.

2.21.3. Executing OPT_DFF pass (perform DFF optimizations).

2.21.4. Executing OPT_CLEAN pass (remove unused cells and wires).
Finding unused cells or wires in module \hapi_fp32_add..
Removed 622 unused cells and 1728 unused wires.

2.21.5. Finished fast OPT passes.

2.22. Executing ABC pass (technology mapping using ABC).

2.22.1. Extracting gate netlist of module `\hapi_fp32_add' to `<abc-temp-dir>/input.blif'..

2.22.1.1. Executed ABC.
Extracted 3977 gates and 4043 wires to a netlist network with 64 inputs and 32 outputs.
Running ABC script: <abc-temp-dir>/abc.script
ABC: UC Berkeley, ABC 1.01 (compiled May 12 2026 13:26:50)
ABC: abc 01> empty
ABC: abc 01> source <abc-temp-dir>/abc.script
ABC: + read_blif <abc-temp-dir>/input.blif 
ABC: + read_library <abc-temp-dir>/stdcells.genlib 
ABC: + strash 
ABC: + &get -n 
ABC: + &fraig -x 
ABC: + &put 
ABC: + scorr 
ABC: Warning: The network is combinational (run "fraig" or "fraig_sweep").
ABC: + dc2 
ABC: + dretime 
ABC: + strash 
ABC: + &get -n 
ABC: + &dch -f 
ABC: + &nf 
ABC: + &put 
ABC: + write_blif <abc-temp-dir>/output.blif 
ABC: 
ABC: YOSYS_ABC_DONE 

2.22.1.2. Re-integrating ABC results.
ABC RESULTS:               AND cells:      486
ABC RESULTS:            ANDNOT cells:       97
ABC RESULTS:               MUX cells:      342
ABC RESULTS:              NAND cells:      415
ABC RESULTS:               NOR cells:       68
ABC RESULTS:               NOT cells:       43
ABC RESULTS:                OR cells:      114
ABC RESULTS:             ORNOT cells:      156
ABC RESULTS:              XNOR cells:       49
ABC RESULTS:               XOR cells:       22
ABC RESULTS:        internal signals:     3947
ABC RESULTS:           input signals:       64
ABC RESULTS:          output signals:       32
Removing temp directory.
Removing global temp directory.

2.23. Executing OPT pass (performing simple optimizations).

2.23.1. Executing OPT_EXPR pass (perform const folding).
Optimizing module hapi_fp32_add.

2.23.2. Executing OPT_MERGE pass (detect identical cells).
Finding identical cells in module `\hapi_fp32_add'.
Computing hashes of 1792 cells of `\hapi_fp32_add'.
Finding duplicate cells in `\hapi_fp32_add'.
Removed a total of 0 cells.

2.23.3. Executing OPT_DFF pass (perform DFF optimizations).

2.23.4. Executing OPT_CLEAN pass (remove unused cells and wires).
Finding unused cells or wires in module \hapi_fp32_add..
Removed 0 unused cells and 1248 unused wires.

2.23.5. Finished fast OPT passes.

2.24. Executing HIERARCHY pass (managing design hierarchy).
Attribute `top' found on module `hapi_fp32_add'. Setting top module to hapi_fp32_add.

2.24.1. Analyzing design hierarchy..
Top module:  \hapi_fp32_add

2.24.2. Analyzing design hierarchy..
Top module:  \hapi_fp32_add
Removed 0 unused modules.

2.25. Printing statistics.

=== hapi_fp32_add ===

        +----------Local Count, excluding submodules.
        | 
     1778 wires
     2228 wire bits
       18 public wires
      468 public wire bits
        3 ports
       96 port bits
     1792 cells
       97   $_ANDNOT_
      486   $_AND_
      342   $_MUX_
      415   $_NAND_
       68   $_NOR_
       43   $_NOT_
      156   $_ORNOT_
      114   $_OR_
       49   $_XNOR_
       22   $_XOR_

2.26. Executing CHECK pass (checking for obvious problems).
Checking module hapi_fp32_add...
Found and reported 0 problems.

3. Printing statistics.

=== hapi_fp32_add ===

        +----------Local Count, excluding submodules.
        | 
     1778 wires
     2228 wire bits
       18 public wires
      468 public wire bits
        3 ports
       96 port bits
     1792 cells
       97   $_ANDNOT_
      486   $_AND_
      342   $_MUX_
      415   $_NAND_
       68   $_NOR_
       43   $_NOT_
      156   $_ORNOT_
      114   $_OR_
       49   $_XNOR_
       22   $_XOR_

End of script. Logfile hash: df3d0af856, time: 1.73s, user: 0.87s, system: 0.06s, MEM: 54.38 MB peak
Yosys 0.65 (git sha1 aec814bdf3071f7e0fd0fbe43f7f711e99d01e24, g++ 14.3.0-19 -fvisibility-inlines-hidden -fmessage-length=0 -march=nocona -mtune=haswell -ftree-vectorize -fPIC -fstack-protector-strong -fno-plt -O2 -ffunction-sections -fdebug-prefix-map=/home/conda/feedstock_root/build_artifacts/yosys_1778591527500/work=/usr/local/src/conda/yosys-0.65 -fdebug-prefix-map=/home/lordegypt/miniconda3/envs/eda=/usr/local/src/conda-prefix -fPIC -O3) [conda-forge/yosys-feedstock]
Time spent: 49% 1x abc (0 sec), 11% 42x opt_expr (0 sec), ...
